Log file open, 01/30/18 15:35:43
LogInit:Display: Running engine for game: Team5
LogPlatformFile: Not using cached read wrapper
LogInit:Display: RandInit(289152899) SRandInit(289152899).
LogTaskGraph: Started task graph with 5 named threads and 20 total threads with 1 sets of task threads.
LogStats: Stats thread started at 0.341325
LogInit: Using libcurl 7.47.1
LogInit:  - built for x86_64-pc-win32
LogInit:  - supports SSL with OpenSSL/1.0.2g
LogInit:  - supports HTTP deflate (compression) using libz 1.2.8
LogInit:  - other features:
LogInit:      CURL_VERSION_SSL
LogInit:      CURL_VERSION_LIBZ
LogInit:      CURL_VERSION_IPV6
LogInit:      CURL_VERSION_ASYNCHDNS
LogInit:      CURL_VERSION_LARGEFILE
LogInit:      CURL_VERSION_IDN
LogInit:  CurlRequestOptions (configurable via config and command line):
LogInit:  - bVerifyPeer = false  - Libcurl will NOT verify peer certificate
LogInit:  - bUseHttpProxy = false  - Libcurl will NOT use HTTP proxy
LogInit:  - bDontReuseConnections = false  - Libcurl will reuse connections
LogInit:  - CertBundlePath = nullptr  - Libcurl will use whatever was configured at build time.
LogInit: Build: ++UE4+Release-4.16-CL-3561208
LogInit: Engine Version: 4.16.3-3561208+++UE4+Release-4.16
LogInit: Compatible Engine Version: 4.16.0-3452394+++UE4+Release-4.16
LogInit: Net CL: 3452394
LogDevObjectVersion: Number of dev versions registered: 16
LogDevObjectVersion:   Dev-Blueprints (B0D832E4-1F89-4F0D-ACCF-7EB736FD4AA2): 9
LogDevObjectVersion:   Dev-Build (E1C64328-A22C-4D53-A36C-8E866417BD8C): 0
LogDevObjectVersion:   Dev-Core (375EC13C-06E4-48FB-B500-84F0262A717E): 2
LogDevObjectVersion:   Dev-Editor (E4B068ED-F494-42E9-A231-DA0B2E46BB41): 17
LogDevObjectVersion:   Dev-Framework (CFFC743F-43B0-4480-9391-14DF171D2073): 23
LogDevObjectVersion:   Dev-Mobile (B02B49B5-BB20-44E9-A304-32B752E40360): 0
LogDevObjectVersion:   Dev-Networking (A4E4105C-59A1-49B5-A7C5-40C4547EDFEE): 0
LogDevObjectVersion:   Dev-Online (39C831C9-5AE6-47DC-9A44-9C173E1C8E7C): 0
LogDevObjectVersion:   Dev-Physics (78F01B33-EBEA-4F98-B9B4-84EACCB95AA2): 0
LogDevObjectVersion:   Dev-Platform (6631380F-2D4D-43E0-8009-CF276956A95A): 0
LogDevObjectVersion:   Dev-Rendering (12F88B9F-8875-4AFC-A67C-D90C383ABD29): 15
LogDevObjectVersion:   Dev-Sequencer (7B5AE74C-D270-4C10-A958-57980B212A5A): 4
LogDevObjectVersion:   Dev-VR (D7296918-1DD6-4BDD-9DE2-64A83CC13884): 0
LogDevObjectVersion:   Dev-LoadTimes (C2A15278-BFE7-4AFE-6C17-90FF531DF755): 1
LogDevObjectVersion:   Private-Geometry (6EACA3D4-40EC-4CC1-B786-8BED09428FC5): 1
LogDevObjectVersion:   Dev-AnimPhys (29E575DD-E0A3-4627-9D10-D276232CDCEA): 3
LogInit: Compiled (64-bit): Jul 28 2017 11:49:47
LogInit: Compiled with Visual C++: 19.00.24215.01
LogInit: Build Configuration: Development
LogInit: Branch Name: ++UE4+Release-4.16
LogInit: Command line:  
LogInit: Base directory: C:/Program Files/Epic Games/UE_4.16/Engine/Binaries/Win64/
LogInit: Installed Engine Build: 1
LogInit: Presizing for max 8388607 objects, including 0 objects not considered by GC, pre-allocating 0 bytes for permanent pool.
LogInit: Object subsystem initialized
[2018.01.30-15.35.45:226][  0]LogInit: Selected Device Profile: [Windows]
[2018.01.30-15.35.45:226][  0]LogInit: Applying CVar settings loaded from the selected device profile: [Windows]
[2018.01.30-15.35.45:316][  0]LogInit: Computer: TU69409
[2018.01.30-15.35.45:316][  0]LogInit: User: S6037694
[2018.01.30-15.35.45:316][  0]LogInit: CPU Page size=4096, Cores=16
[2018.01.30-15.35.45:316][  0]LogInit: High frequency timer resolution =1.948427 MHz
[2018.01.30-15.35.45:317][  0]LogMemory: Memory total: Physical=64.0GB (64GB approx)
[2018.01.30-15.35.45:317][  0]LogMemory: Platform Memory Stats for Windows
[2018.01.30-15.35.45:317][  0]LogMemory: Process Physical Memory: 277.27 MB used, 277.27 MB peak
[2018.01.30-15.35.45:317][  0]LogMemory: Process Virtual Memory: 271.28 MB used, 271.28 MB peak
[2018.01.30-15.35.45:317][  0]LogMemory: Physical Memory: 7997.83 MB used,  57495.85 MB free, 65493.68 MB total
[2018.01.30-15.35.45:317][  0]LogMemory: Virtual Memory: 647.82 MB used,  57495.85 MB free, 134217728.00 MB total
[2018.01.30-15.35.46:070][  0]LogInit: Using OS detected language (en-US).
[2018.01.30-15.35.46:070][  0]LogInit: Using OS detected locale (en-GB).
[2018.01.30-15.35.46:178][  0]LogTextLocalizationManager: No specific localization for 'en-US' exists, so the 'en' localization will be used.
[2018.01.30-15.35.51:063][  0]LogD3D11RHI: D3D11 adapters:
[2018.01.30-15.35.51:146][  0]LogD3D11RHI:    0. 'NVIDIA Quadro 4000' (Feature Level 11_0)
[2018.01.30-15.35.51:146][  0]LogD3D11RHI:       1999/0/32746 MB DedicatedVideo/DedicatedSystem/SharedSystem, Outputs:2, VendorId:0x10de
[2018.01.30-15.35.51:154][  0]LogD3D11RHI:    1. 'Microsoft Basic Render Driver' (Feature Level 11_0)
[2018.01.30-15.35.51:154][  0]LogD3D11RHI:       0/0/32746 MB DedicatedVideo/DedicatedSystem/SharedSystem, Outputs:0, VendorId:0x1414
[2018.01.30-15.35.51:154][  0]LogD3D11RHI: Chosen D3D11 Adapter: 0
[2018.01.30-15.35.51:172][  0]LogD3D11RHI: Creating new Direct3DDevice
[2018.01.30-15.35.51:174][  0]LogD3D11RHI:     GPU DeviceId: 0x6dd (for the marketing name, search the web for "GPU Device Id")
[2018.01.30-15.35.51:174][  0]LogWindows: EnumDisplayDevices:
[2018.01.30-15.35.51:174][  0]LogWindows:    0. 'NVIDIA Quadro 4000' (P:1 D:1)
[2018.01.30-15.35.51:175][  0]LogWindows:    1. 'NVIDIA Quadro 4000' (P:0 D:1)
[2018.01.30-15.35.51:175][  0]LogWindows: DebugString: FoundDriverCount:2 
[2018.01.30-15.35.51:175][  0]LogD3D11RHI:     Adapter Name: NVIDIA Quadro 4000
[2018.01.30-15.35.51:175][  0]LogD3D11RHI:   Driver Version: 369.26 (internal:21.21.13.6926, unified:369.26)
[2018.01.30-15.35.51:175][  0]LogD3D11RHI:      Driver Date: 8-30-2016
[2018.01.30-15.35.51:175][  0]LogRHI: Texture pool is 1361 MB (70% of 1945 MB)
[2018.01.30-15.35.51:214][  0]LogD3D11RHI:Display: Timestamp queries are currently disabled on this hardware due to instability. Realtime GPU stats will not be available. You can override this behaviour by setting r.NVIDIATimestampWorkaround to 0
[2018.01.30-15.35.51:214][  0]LogD3D11RHI: Async texture creation enabled
[2018.01.30-15.35.51:232][  0]LogD3D11RHI: GPU Timing Frequency: 1000.000000 (Debug: 2 1)
[2018.01.30-15.35.51:329][  0]LogShaderCompilers: Guid format shader working directory is 12 characters bigger than the processId version (U:/Year 2/Journeyman/JMan_Team5/Team5/Intermediate/Shaders/WorkingDirectory/8256/).
[2018.01.30-15.35.51:330][  0]LogShaderCompilers: Cleaned the shader compiler working directory 'C:/Users/S6037694/AppData/Local/Temp/UnrealShaderWorkingDir/FF3FAE0D437BCBD1B6F746B87ED4C391/'.
[2018.01.30-15.35.51:330][  0]LogShaderCompilers:Display: Using Local Shader Compiler.
[2018.01.30-15.35.56:050][  0]LogTemp:Display: Loaded TP AllDesktopTargetPlatform
[2018.01.30-15.35.56:305][  0]LogTemp:Display: Loaded TP MacClientTargetPlatform
[2018.01.30-15.35.56:554][  0]LogTemp:Display: Loaded TP MacNoEditorTargetPlatform
[2018.01.30-15.35.56:799][  0]LogTemp:Display: Loaded TP MacServerTargetPlatform
[2018.01.30-15.35.57:053][  0]LogTemp:Display: Loaded TP MacTargetPlatform
[2018.01.30-15.35.57:299][  0]LogTemp:Display: Loaded TP WindowsClientTargetPlatform
[2018.01.30-15.35.57:545][  0]LogTemp:Display: Loaded TP WindowsNoEditorTargetPlatform
[2018.01.30-15.35.57:789][  0]LogTemp:Display: Loaded TP WindowsServerTargetPlatform
[2018.01.30-15.35.58:019][  0]LogTemp:Display: Loaded TP WindowsTargetPlatform
[2018.01.30-15.35.58:267][  0]LogTemp:Display: Loaded TP AndroidTargetPlatform
[2018.01.30-15.35.58:504][  0]LogTemp:Display: Loaded TP Android_ASTCTargetPlatform
[2018.01.30-15.35.58:753][  0]LogTemp:Display: Loaded TP Android_ATCTargetPlatform
[2018.01.30-15.35.58:997][  0]LogTemp:Display: Loaded TP Android_DXTTargetPlatform
[2018.01.30-15.35.59:241][  0]LogTemp:Display: Loaded TP Android_ETC1TargetPlatform
[2018.01.30-15.35.59:519][  0]LogTemp:Display: Loaded TP Android_ETC2TargetPlatform
[2018.01.30-15.36.00:007][  0]LogTemp:Display: Loaded TP Android_MultiTargetPlatform
[2018.01.30-15.36.00:007][  0]LogTemp:Display: Loaded TP Android_PVRTCTargetPlatform
[2018.01.30-15.36.00:236][  0]LogTemp:Display: Loaded TP HTML5TargetPlatform
[2018.01.30-15.36.00:669][  0]LogTemp:Display: Loaded TP IOSTargetPlatform
[2018.01.30-15.36.00:831][  0]LogTemp:Display: Loaded TP TVOSTargetPlatform
[2018.01.30-15.36.01:076][  0]LogTemp:Display: Loaded TP LinuxClientTargetPlatform
[2018.01.30-15.36.01:318][  0]LogTemp:Display: Loaded TP LinuxNoEditorTargetPlatform
[2018.01.30-15.36.01:558][  0]LogTemp:Display: Loaded TP LinuxServerTargetPlatform
[2018.01.30-15.36.01:814][  0]LogTemp:Display: Loaded TP LinuxTargetPlatform
[2018.01.30-15.36.01:814][  0]LogTargetPlatformManager:Display: Building Assets For Windows
[2018.01.30-15.36.04:837][  0]LogDerivedDataCache:Display: Max Cache Size: 512 MB
[2018.01.30-15.36.04:837][  0]LogDerivedDataCache:Display: Starting with empty Boot cache
[2018.01.30-15.36.04:838][  0]LogDerivedDataCache: FDerivedDataBackendGraph:  Pak pak cache file U:/Year 2/Journeyman/JMan_Team5/Team5/DerivedDataCache/DDC.ddp not found, will not use a pak cache.
[2018.01.30-15.36.04:838][  0]LogDerivedDataCache: Unable to find inner node Pak for hierarchical cache Hierarchy.
[2018.01.30-15.36.04:839][  0]LogDerivedDataCache: FDerivedDataBackendGraph:  CompressedPak pak cache file U:/Year 2/Journeyman/JMan_Team5/Team5/DerivedDataCache/Compressed.ddp not found, will not use a pak cache.
[2018.01.30-15.36.04:839][  0]LogDerivedDataCache: Unable to find inner node CompressedPak for hierarchical cache Hierarchy.
[2018.01.30-15.36.04:879][  0]LogDerivedDataCache:Display: Pak cache opened for reading ../../../Engine/DerivedDataCache/Compressed.ddp.
[2018.01.30-15.36.04:893][  0]LogDerivedDataCache: Using Local data cache path C:/Users/S6037694/AppData/Local/UnrealEngine/Common/DerivedDataCache: Writable
[2018.01.30-15.36.04:923][  0]LogMaterial: Verifying Global Shaders for PCD3D_SM5
[2018.01.30-15.36.04:924][  0]LogSlate: Using Freetype 2.6.0
[2018.01.30-15.36.04:958][  0]LogSlate: SlateFontCache - WITH_FREETYPE: 1, WITH_HARFBUZZ: 1
[2018.01.30-15.36.04:958][  0]LogSlate: SlateFontCache - WITH_FREETYPE: 1, WITH_HARFBUZZ: 1
[2018.01.30-15.36.06:114][  0]LogInit: Selected Device Profile: [Windows]
[2018.01.30-15.36.06:495][  0]LogContentStreaming: Texture pool size is 0.00 MB
[2018.01.30-15.36.07:156][  0]LogMeshUtilities: Using QuadricMeshReduction for automatic static mesh reduction
[2018.01.30-15.36.07:404][  0]LogSimplygon: Simplygon DLL not present - disabling.
[2018.01.30-15.36.07:646][  0]LogMeshUtilities: Using SimplygonSwarm for distributed automatic mesh merging
[2018.01.30-15.36.07:646][  0]LogMeshUtilities: No automatic skeletal mesh reduction module available
[2018.01.30-15.36.07:646][  0]LogMeshUtilities: No automatic mesh merging module available
[2018.01.30-15.36.10:907][  0]LogNetVersion: Team5 , NetCL: 3452394, EngineNetVer: 2, GameNetVer: 0 (Checksum: 224845630)
[2018.01.30-15.36.11:161][  0]LogAssetRegistry: FAssetRegistry took 0.0418 seconds to start up
[2018.01.30-15.36.11:808][  0]LogPackageLocalizationCache: Processed 4 localized package path(s) for 2 prioritized culture(s) in 0.489345 seconds
[2018.01.30-15.36.11:816][  0]LogUObjectArray: 34194 objects as part of root set at end of initial load.
[2018.01.30-15.36.11:816][  0]LogUObjectAllocator: 7260424 out of 0 bytes used by permanent object pool.
[2018.01.30-15.36.11:816][  0]LogUObjectArray: CloseDisregardForGC: 0/0 objects in disregard for GC pool
[2018.01.30-15.36.12:242][  0]LogInit: WinSock: version 1.1 (2.2), MaxSocks=32767, MaxUdp=65467
[2018.01.30-15.36.24:502][  0]LogTcpMessaging: Initializing TcpMessaging bridge
[2018.01.30-15.36.24:685][  0]LogUdpMessaging: Initializing bridge on interface 0.0.0.0:0 to multicast group 230.0.0.1:6666.
[2018.01.30-15.36.24:687][  0]LogDirectoryWatcher: A directory notification failed for 'U:/Year 2/Journeyman/JMan_Team5/Team5/Content/' because it was empty or there was a buffer overflow. Attemping another request...
[2018.01.30-15.36.27:176][  0]LogMaterial: Uniform references updated for custom material expression Custom.
[2018.01.30-15.36.29:057][  0]SourceControl: Info Source control is disabled
[2018.01.30-15.36.43:655][  0]LogAndroidPermission: UAndroidPermissionCallbackProxy::GetInstance
[2018.01.30-15.36.46:552][  0]LogEngine: Initializing Engine...
[2018.01.30-15.36.46:557][  0]LogHMD: Failed to initialize OpenVR with code 110
[2018.01.30-15.36.47:118][  0]LogStats: UGameplayTagsManager::ConstructGameplayTagTree: Construct from data asset -  0.000 s
[2018.01.30-15.36.47:118][  0]LogStats: UGameplayTagsManager::ConstructGameplayTagTree: GameplayTagTreeChangedEvent.Broadcast -  0.000 s
[2018.01.30-15.36.47:822][  0]LogAIModule: Creating AISystem for world Untitled
[2018.01.30-15.36.47:844][  0]LogInit: XAudio2 using 'Speakers (High Definition Audio Device)' : 2 channels at 44.1 kHz using 16 bits per sample (channel mask 0x3)
[2018.01.30-15.36.47:863][  0]LogInit: FAudioDevice initialized.
[2018.01.30-15.36.47:924][  0]LogDerivedDataCache: Saved boot cache 0.06s 90MB C:/Users/S6037694/AppData/Local/UnrealEngine/4.16/DerivedDataCache/Boot.ddc.
[2018.01.30-15.36.47:950][  0]LogInit: Texture streaming: Enabled
[2018.01.30-15.36.48:563][  0]LogEngineSessionManager: EngineSessionManager initialized
[2018.01.30-15.36.50:033][  0]LogInit: Transaction tracking system initialized
[2018.01.30-15.36.51:882][  0]BlueprintLog: New page: Editor Load
[2018.01.30-15.36.58:613][  0]LocalizationService: Info Localization service is disabled
[2018.01.30-15.37.02:585][  0]LogConsoleResponse:Display: 
[2018.01.30-15.37.02:979][  0]LogCook:Display: Max memory allowance for cook 16384mb min free memory 0mb
[2018.01.30-15.37.02:979][  0]LogCook:Display: Mobile HDR setting 1
[2018.01.30-15.37.04:193][  0]LogFileCache: Scanning file cache for directory 'U:/Year 2/Journeyman/JMan_Team5/Team5/Content/' took 0.16s
[2018.01.30-15.37.11:062][  0]Cmd: MAP LOAD FILE="U:/Year 2/Journeyman/JMan_Team5/Team5/Content/CORE_ASSETS/ThirdPersonBP/Maps/TestMap.umap" TEMPLATE=0 SHOWPROGRESS=1 FEATURELEVEL=3
[2018.01.30-15.37.11:092][  0]LightingResults: New page: Lighting Build
[2018.01.30-15.37.11:334][  0]MapCheck: New page: Map Check
[2018.01.30-15.37.11:334][  0]LightingResults: New page: Lighting Build
[2018.01.30-15.37.12:688][  0]LogTexture:Display: Building textures: HQ_Lightmap0_1 (AutoDXT, 1024X1024)
[2018.01.30-15.37.12:798][  0]LogTexture:Display: Building textures: HQ_Lightmap0_10 (AutoDXT, 256X256)
[2018.01.30-15.37.12:804][  0]LogTexture:Display: Building textures: HQ_Lightmap0_11 (AutoDXT, 256X256)
[2018.01.30-15.37.12:809][  0]LogTexture:Display: Building textures: HQ_Lightmap0_12 (AutoDXT, 256X256)
[2018.01.30-15.37.12:823][  0]LogTexture:Display: Building textures: HQ_Lightmap0_13 (AutoDXT, 256X256)
[2018.01.30-15.37.12:829][  0]LogTexture:Display: Building textures: HQ_Lightmap0_14 (AutoDXT, 256X256)
[2018.01.30-15.37.12:835][  0]LogTexture:Display: Building textures: HQ_Lightmap0_15 (AutoDXT, 256X256)
[2018.01.30-15.37.12:840][  0]LogTexture:Display: Building textures: HQ_Lightmap0_16 (AutoDXT, 256X256)
[2018.01.30-15.37.12:846][  0]LogTexture:Display: Building textures: HQ_Lightmap0_17 (AutoDXT, 256X256)
[2018.01.30-15.37.12:850][  0]LogTexture:Display: Building textures: HQ_Lightmap0_18 (AutoDXT, 128X128)
[2018.01.30-15.37.12:853][  0]LogTexture:Display: Building textures: HQ_Lightmap0_19 (AutoDXT, 128X128)
[2018.01.30-15.37.12:855][  0]LogTexture:Display: Building textures: HQ_Lightmap0_2 (AutoDXT, 256X256)
[2018.01.30-15.37.12:861][  0]LogTexture:Display: Building textures: HQ_Lightmap0_20 (AutoDXT, 128X128)
[2018.01.30-15.37.12:862][  0]LogTexture:Display: Building textures: HQ_Lightmap0_21 (AutoDXT, 64X64)
[2018.01.30-15.37.12:864][  0]LogTexture:Display: Building textures: HQ_Lightmap0_3 (AutoDXT, 256X256)
[2018.01.30-15.37.12:889][  0]LogTexture:Display: Building textures: HQ_Lightmap0_4 (AutoDXT, 256X256)
[2018.01.30-15.37.12:895][  0]LogTexture:Display: Building textures: HQ_Lightmap0_5 (AutoDXT, 256X256)
[2018.01.30-15.37.13:011][  0]LogTexture:Display: Building textures: HQ_Lightmap0_6 (AutoDXT, 128X128)
[2018.01.30-15.37.13:047][  0]LogTexture:Display: Building textures: HQ_Lightmap0_7 (AutoDXT, 256X256)
[2018.01.30-15.37.13:075][  0]LogTexture:Display: Building textures: HQ_Lightmap0_8 (AutoDXT, 256X256)
[2018.01.30-15.37.13:081][  0]LogTexture:Display: Building textures: HQ_Lightmap0_9 (AutoDXT, 256X256)
[2018.01.30-15.37.13:102][  0]LogTexture:Display: Building textures: LQ_Lightmap_0_1 (DXT1, 1024X1024)
[2018.01.30-15.37.13:191][  0]LogTexture:Display: Building textures: LQ_Lightmap_0_10 (DXT1, 256X256)
[2018.01.30-15.37.13:217][  0]LogTexture:Display: Building textures: LQ_Lightmap_0_11 (DXT1, 256X256)
[2018.01.30-15.37.13:243][  0]LogTexture:Display: Building textures: LQ_Lightmap_0_12 (DXT1, 256X256)
[2018.01.30-15.37.13:260][  0]LogTexture:Display: Building textures: LQ_Lightmap_0_13 (DXT1, 256X256)
[2018.01.30-15.37.13:280][  0]LogTexture:Display: Building textures: LQ_Lightmap_0_14 (DXT1, 256X256)
[2018.01.30-15.37.13:305][  0]LogTexture:Display: Building textures: LQ_Lightmap_0_15 (DXT1, 256X256)
[2018.01.30-15.37.13:331][  0]LogTexture:Display: Building textures: LQ_Lightmap_0_16 (DXT1, 256X256)
[2018.01.30-15.37.13:351][  0]LogTexture:Display: Building textures: LQ_Lightmap_0_17 (DXT1, 256X256)
[2018.01.30-15.37.13:376][  0]LogTexture:Display: Building textures: LQ_Lightmap_0_18 (DXT1, 128X128)
[2018.01.30-15.37.13:393][  0]LogTexture:Display: Building textures: LQ_Lightmap_0_19 (DXT1, 128X128)
[2018.01.30-15.37.13:404][  0]LogTexture:Display: Building textures: LQ_Lightmap_0_2 (DXT1, 256X256)
[2018.01.30-15.37.13:423][  0]LogTexture:Display: Building textures: LQ_Lightmap_0_20 (DXT1, 128X128)
[2018.01.30-15.37.13:441][  0]LogTexture:Display: Building textures: LQ_Lightmap_0_21 (DXT1, 64X64)
[2018.01.30-15.37.13:521][  0]LogTexture:Display: Building textures: LQ_Lightmap_0_3 (DXT1, 256X256)
[2018.01.30-15.37.13:543][  0]LogTexture:Display: Building textures: LQ_Lightmap_0_4 (DXT1, 256X256)
[2018.01.30-15.37.13:564][  0]LogTexture:Display: Building textures: LQ_Lightmap_0_5 (DXT1, 256X256)
[2018.01.30-15.37.13:588][  0]LogTexture:Display: Building textures: LQ_Lightmap_0_6 (DXT1, 128X128)
[2018.01.30-15.37.13:626][  0]LogTexture:Display: Building textures: LQ_Lightmap_0_7 (DXT1, 256X256)
[2018.01.30-15.37.13:651][  0]LogTexture:Display: Building textures: LQ_Lightmap_0_8 (DXT1, 256X256)
[2018.01.30-15.37.13:676][  0]LogTexture:Display: Building textures: LQ_Lightmap_0_9 (DXT1, 256X256)
[2018.01.30-15.37.13:703][  0]LogTexture:Display: Building textures: SkyOcclusion0_1 (AutoDXT, 1024X512)
[2018.01.30-15.37.13:760][  0]LogTexture:Display: Building textures: SkyOcclusion0_10 (AutoDXT, 256X128)
[2018.01.30-15.37.13:763][  0]LogTexture:Display: Building textures: SkyOcclusion0_11 (AutoDXT, 256X128)
[2018.01.30-15.37.13:766][  0]LogTexture:Display: Building textures: SkyOcclusion0_12 (AutoDXT, 256X128)
[2018.01.30-15.37.13:778][  0]LogTexture:Display: Building textures: SkyOcclusion0_13 (AutoDXT, 256X128)
[2018.01.30-15.37.13:781][  0]LogTexture:Display: Building textures: SkyOcclusion0_14 (AutoDXT, 256X128)
[2018.01.30-15.37.13:783][  0]LogTexture:Display: Building textures: SkyOcclusion0_15 (AutoDXT, 256X128)
[2018.01.30-15.37.13:786][  0]LogTexture:Display: Building textures: SkyOcclusion0_16 (AutoDXT, 256X128)
[2018.01.30-15.37.13:789][  0]LogTexture:Display: Building textures: SkyOcclusion0_17 (AutoDXT, 256X128)
[2018.01.30-15.37.13:791][  0]LogTexture:Display: Building textures: SkyOcclusion0_18 (AutoDXT, 128X64)
[2018.01.30-15.37.13:792][  0]LogTexture:Display: Building textures: SkyOcclusion0_19 (AutoDXT, 128X64)
[2018.01.30-15.37.13:793][  0]LogTexture:Display: Building textures: SkyOcclusion0_2 (AutoDXT, 256X128)
[2018.01.30-15.37.13:796][  0]LogTexture:Display: Building textures: SkyOcclusion0_20 (AutoDXT, 128X64)
[2018.01.30-15.37.13:797][  0]LogTexture:Display: Building textures: SkyOcclusion0_21 (AutoDXT, 64X32)
[2018.01.30-15.37.13:802][  0]LogTexture:Display: Building textures: SkyOcclusion0_3 (AutoDXT, 256X128)
[2018.01.30-15.37.13:823][  0]LogTexture:Display: Building textures: SkyOcclusion0_4 (AutoDXT, 256X128)
[2018.01.30-15.37.13:825][  0]LogTexture:Display: Building textures: SkyOcclusion0_5 (AutoDXT, 256X128)
[2018.01.30-15.37.13:837][  0]LogTexture:Display: Building textures: SkyOcclusion0_6 (AutoDXT, 128X64)
[2018.01.30-15.37.13:861][  0]LogTexture:Display: Building textures: SkyOcclusion0_7 (AutoDXT, 256X128)
[2018.01.30-15.37.13:886][  0]LogTexture:Display: Building textures: SkyOcclusion0_8 (AutoDXT, 256X128)
[2018.01.30-15.37.13:888][  0]LogTexture:Display: Building textures: SkyOcclusion0_9 (AutoDXT, 256X128)
[2018.01.30-15.37.13:891][  0]LogTexture:Display: Building textures: ShadowMapTexture2D_23 (G8, 1024X256)
[2018.01.30-15.37.13:904][  0]LogTexture:Display: Building textures: ShadowMapTexture2D_24 (G8, 256X64)
[2018.01.30-15.37.13:905][  0]LogTexture:Display: Building textures: ShadowMapTexture2D_25 (G8, 256X64)
[2018.01.30-15.37.13:907][  0]LogTexture:Display: Building textures: ShadowMapTexture2D_26 (G8, 256X64)
[2018.01.30-15.37.13:908][  0]LogTexture:Display: Building textures: ShadowMapTexture2D_27 (G8, 256X64)
[2018.01.30-15.37.13:909][  0]LogTexture:Display: Building textures: ShadowMapTexture2D_28 (G8, 128X64)
[2018.01.30-15.37.13:910][  0]LogTexture:Display: Building textures: ShadowMapTexture2D_29 (G8, 256X64)
[2018.01.30-15.37.13:911][  0]LogTexture:Display: Building textures: ShadowMapTexture2D_30 (G8, 256X64)
[2018.01.30-15.37.13:913][  0]LogTexture:Display: Building textures: ShadowMapTexture2D_31 (G8, 256X64)
[2018.01.30-15.37.13:914][  0]LogTexture:Display: Building textures: ShadowMapTexture2D_32 (G8, 256X64)
[2018.01.30-15.37.13:915][  0]LogTexture:Display: Building textures: ShadowMapTexture2D_33 (G8, 256X64)
[2018.01.30-15.37.13:917][  0]LogTexture:Display: Building textures: ShadowMapTexture2D_34 (G8, 256X64)
[2018.01.30-15.37.13:918][  0]LogTexture:Display: Building textures: ShadowMapTexture2D_35 (G8, 256X64)
[2018.01.30-15.37.13:921][  0]LogTexture:Display: Building textures: ShadowMapTexture2D_36 (G8, 256X64)
[2018.01.30-15.37.13:922][  0]LogTexture:Display: Building textures: ShadowMapTexture2D_37 (G8, 256X64)
[2018.01.30-15.37.13:924][  0]LogTexture:Display: Building textures: ShadowMapTexture2D_38 (G8, 256X64)
[2018.01.30-15.37.13:925][  0]LogTexture:Display: Building textures: ShadowMapTexture2D_39 (G8, 256X64)
[2018.01.30-15.37.13:926][  0]LogTexture:Display: Building textures: ShadowMapTexture2D_40 (G8, 128X64)
[2018.01.30-15.37.13:927][  0]LogTexture:Display: Building textures: ShadowMapTexture2D_41 (G8, 64X64)
[2018.01.30-15.37.13:928][  0]LogTexture:Display: Building textures: ShadowMapTexture2D_42 (G8, 128X64)
[2018.01.30-15.37.13:928][  0]LogTexture:Display: Building textures: ShadowMapTexture2D_43 (G8, 32X32)
[2018.01.30-15.37.14:805][  0]LogTexture:Display: Building textures: ContainerLP_Material__25_OcclusionRoughnessMetallic1 (AutoDXT, 2048X2048)
[2018.01.30-15.37.16:246][  0]LogTexture:Display: Building textures: ContainerLP_Material__25_BaseColor1 (AutoDXT, 2048X2048)
[2018.01.30-15.37.17:373][  0]LogTexture:Display: Building textures: ContainerLP_Material__25_Normal__1_ (BC5, 2048X2048)
[2018.01.30-15.37.17:787][  0]LogMaterial: Missing cached shader map for material M_Container, compiling. 
[2018.01.30-15.37.17:874][  0]LogMaterial: Missing cached shader map for material M_PostProcess2_base, compiling. 
[2018.01.30-15.37.17:969][  0]LogMaterial: Missing cached shader map for material Material__25, compiling. 
[2018.01.30-15.37.17:991][  0]LogStaticMesh: Building static mesh ContainerLP...
[2018.01.30-15.37.18:011][  0]LogStaticMesh: Built static mesh [0.02s] /Game/RICHARD_LANE/Container/ContainerLP.ContainerLP
[2018.01.30-15.37.19:247][  0]LogMaterial: Missing cached shader map for material WorldGridMaterial, compiling. Is special engine material.
[2018.01.30-15.37.24:228][  0]LogTexture:Display: Building textures: Texture2D_0 (BGRA8, 512X512)
[2018.01.30-15.37.24:267][  0]LogAIModule: Creating AISystem for world TestMap
[2018.01.30-15.37.24:422][  0]LogEditorServer: Finished looking for orphan Actors (0.000 secs)
[2018.01.30-15.37.24:470][  0]Cmd: MAP CHECKDEP NOCLEARLOG
[2018.01.30-15.37.24:641][  0]MapCheck: Info Map check complete: 0 Error(s), 0 Warning(s), took 170.397ms to complete.
[2018.01.30-15.37.24:641][  0]LogFileHelpers: Loading map 'TestMap' took 13.578
[2018.01.30-15.37.25:036][  0]LogCollectionManager: Loaded 0 collections in 0.004766 seconds
[2018.01.30-15.37.25:406][  0]LogFileCache: Scanning file cache for directory 'U:/Year 2/Journeyman/JMan_Team5/Team5/Saved/Collections/' took 0.01s
[2018.01.30-15.37.25:406][  0]LogFileCache: Scanning file cache for directory 'U:/Year 2/Journeyman/JMan_Team5/Team5/Content/Developers/S6037694/Collections/' took 0.01s
[2018.01.30-15.37.25:406][  0]LogFileCache: Scanning file cache for directory 'U:/Year 2/Journeyman/JMan_Team5/Team5/Content/Collections/' took 0.01s
[2018.01.30-15.37.25:406][  0]LogCollectionManager: Rebuilt the GUID cache for 0 collections in 0.000006 seconds
[2018.01.30-15.37.25:425][  0]LogContentBrowser: Native class hierarchy populated in 0.0191 seconds. Added 2329 classes and 491 folders.
[2018.01.30-15.37.25:874][  0]LogContentBrowser: Native class hierarchy updated for 'WidgetCarousel' in 0.0011 seconds. Added 0 classes and 0 folders.
[2018.01.30-15.37.26:427][  0]LogContentBrowser: Native class hierarchy updated for 'AddContentDialog' in 0.0012 seconds. Added 0 classes and 0 folders.
[2018.01.30-15.37.26:697][  0]LogContentBrowser: Native class hierarchy updated for 'SceneOutliner' in 0.0011 seconds. Added 1 classes and 2 folders.
[2018.01.30-15.37.26:975][  0]LogCrashTracker: Crashtracker disabled due to settings.
[2018.01.30-15.37.27:000][  0]LogSlate: Took 0.010950 seconds to synchronously load lazily loaded font '../../../Engine/Content/Slate/Fonts/Roboto-Regular.ttf' (155K)
[2018.01.30-15.37.27:014][  0]LogSlate: Took 0.010441 seconds to synchronously load lazily loaded font '../../../Engine/Content/Slate/Fonts/Roboto-Bold.ttf' (160K)
[2018.01.30-15.37.27:035][  0]LogSlate: Took 0.011206 seconds to synchronously load lazily loaded font '../../../Engine/Content/Editor/Slate/Fonts/FontAwesome.ttf' (139K)
[2018.01.30-15.37.27:283][  0]LogRenderer: Reallocating scene render targets to support 1208x576 NumSamples 1 (Frame:1).
[2018.01.30-15.37.27:929][  0]LogContentBrowser: Native class hierarchy updated for 'HierarchicalLODOutliner' in 0.0011 seconds. Added 1 classes and 2 folders.
[2018.01.30-15.37.27:929][  0]LogLoad: (Engine Initialization) Total time: 110.81 seconds
[2018.01.30-15.37.27:929][  0]LogLoad: (Engine Initialization) Total Blueprint compile time: 0.41 seconds
[2018.01.30-15.37.27:929][  0]LogExternalProfiler: No external profilers were discovered.  External profiling features will not be available.
[2018.01.30-15.37.28:270][  0]LogOcInput: OculusInput pre-init called
[2018.01.30-15.37.28:270][  0]LogHMD: Starting GearVRController plugin
[2018.01.30-15.37.28:288][  0]LogDirectoryWatcher: A directory notification failed for 'U:/Year 2/Journeyman/JMan_Team5/Team5/Content/' because it was empty or there was a buffer overflow. Attemping another request...
[2018.01.30-15.37.28:292][  0]LogDirectoryWatcher: A directory notification failed for 'U:/Year 2/Journeyman/JMan_Team5/Team5/Content/', and we were unable to create a new request.
[2018.01.30-15.37.28:292][  0]LogDirectoryWatcher: A directory notification failed for 'U:/Year 2/Journeyman/JMan_Team5/Team5/Saved/Collections/' because it was empty or there was a buffer overflow. Attemping another request...
[2018.01.30-15.37.28:292][  0]LogDirectoryWatcher: A directory notification failed for 'U:/Year 2/Journeyman/JMan_Team5/Team5/Content/Developers/S6037694/Collections/' because it was empty or there was a buffer overflow. Attemping another request...
[2018.01.30-15.37.28:292][  0]LogDirectoryWatcher: A directory notification failed for 'U:/Year 2/Journeyman/JMan_Team5/Team5/Content/Collections/' because it was empty or there was a buffer overflow. Attemping another request...
[2018.01.30-15.37.28:301][  0]LogContentStreaming: Texture pool size now 1000 MB
[2018.01.30-15.37.28:429][  0]LogSlate: Took 0.011063 seconds to synchronously load lazily loaded font '../../../Engine/Content/Slate/Fonts/Roboto-Light.ttf' (159K)
[2018.01.30-15.37.28:806][  1]LogDirectoryWatcher: A directory notification failed for 'U:/Year 2/Journeyman/JMan_Team5/Team5/Saved/Collections/' because it was empty or there was a buffer overflow. Attemping another request...
[2018.01.30-15.37.28:851][  1]LogDirectoryWatcher: A directory notification failed for 'U:/Year 2/Journeyman/JMan_Team5/Team5/Saved/Collections/', and we were unable to create a new request.
[2018.01.30-15.37.28:851][  1]LogDirectoryWatcher: A directory notification failed for 'U:/Year 2/Journeyman/JMan_Team5/Team5/Content/Developers/S6037694/Collections/' because it was empty or there was a buffer overflow. Attemping another request...
[2018.01.30-15.37.28:852][  1]LogDirectoryWatcher: A directory notification failed for 'U:/Year 2/Journeyman/JMan_Team5/Team5/Content/Developers/S6037694/Collections/', and we were unable to create a new request.
[2018.01.30-15.37.28:852][  1]LogDirectoryWatcher: A directory notification failed for 'U:/Year 2/Journeyman/JMan_Team5/Team5/Content/Collections/' because it was empty or there was a buffer overflow. Attemping another request...
[2018.01.30-15.37.28:852][  1]LogDirectoryWatcher: A directory notification failed for 'U:/Year 2/Journeyman/JMan_Team5/Team5/Content/Collections/', and we were unable to create a new request.
[2018.01.30-15.37.29:137][  2]LogAssetRegistry: Asset discovery search completed in 77.9947 seconds
[2018.01.30-15.37.29:140][  2]LogCollectionManager: Rebuilt the object cache for 0 collections in 0.000002 seconds (found 0 objects)
[2018.01.30-15.37.29:140][  2]LogCollectionManager: Fixed up redirectors for 0 collections in 0.000059 seconds (updated 0 objects)
[2018.01.30-15.37.32:839][ 13]SourceControl: Info On branch Will's-Branch
[2018.01.30-15.37.32:839][ 13]SourceControl: Info Changes not staged for commit:
[2018.01.30-15.37.32:839][ 13]SourceControl: Info   (use "git add/rm <file>..." to update what will be committed)
[2018.01.30-15.37.32:839][ 13]SourceControl: Info   (use "git checkout -- <file>..." to discard changes in working directory)
[2018.01.30-15.37.32:839][ 13]SourceControl: Info 	modified:   Team5/Saved/Config/Windows/EditorPerProjectUserSettings.ini
[2018.01.30-15.37.32:839][ 13]SourceControl: Info 	modified:   Team5/Saved/Config/Windows/Engine.ini
[2018.01.30-15.37.32:839][ 13]SourceControl: Info 	deleted:    Team5/Saved/HardwareSurvey/dxdiag.txt
[2018.01.30-15.37.32:839][ 13]SourceControl: Info 	deleted:    Team5/Saved/Logs/Team5-backup-2018.01.29-16.23.08.log
[2018.01.30-15.37.32:839][ 13]SourceControl: Info 	modified:   Team5/Saved/Logs/Team5.log
[2018.01.30-15.37.32:839][ 13]SourceControl: Info Untracked files:
[2018.01.30-15.37.32:840][ 13]SourceControl: Info   (use "git add <file>..." to include in what will be committed)
[2018.01.30-15.37.32:840][ 13]SourceControl: Info 	Team5/Saved/Config/CrashReportClient/UE4CC-Windows-CA2154A44E68F55F5CC4BA9CFF422B18/
[2018.01.30-15.37.32:840][ 13]SourceControl: Info 	Team5/Saved/Logs/Team5-backup-2018.01.30-15.35.43.log
[2018.01.30-15.37.32:840][ 13]SourceControl: Info no changes added to commit (use "git add" and/or "git commit -a")
[2018.01.30-15.37.44:640][338]LogTemp: Repeting last play command: Selected Viewport
[2018.01.30-15.37.50:529][338]LogBlueprintUserMessages: Early PlayInEditor Detection: Level '/Game/CORE_ASSETS/ThirdPersonBP/Maps/TestMap.TestMap:PersistentLevel' has LevelScriptBlueprint '/Game/CORE_ASSETS/ThirdPersonBP/Maps/TestMap.TestMap:PersistentLevel.TestMap' with GeneratedClass '/Game/CORE_ASSETS/ThirdPersonBP/Maps/TestMap.TestMap_C' with ClassGeneratedBy '/Game/CORE_ASSETS/ThirdPersonBP/Maps/TestMap.TestMap:PersistentLevel.TestMap'
[2018.01.30-15.37.50:529][338]LogPlayLevel: PlayLevel: No blueprints needed recompiling
[2018.01.30-15.37.50:564][338]PIE: New page: PIE session: TestMap (30 Jan 2018 15:37:50)
[2018.01.30-15.37.50:565][338]LogPlayLevel: Creating play world package: /Game/CORE_ASSETS/ThirdPersonBP/Maps/UEDPIE_0_TestMap
[2018.01.30-15.37.50:661][338]LogPlayLevel: PIE: StaticDuplicateObject took: (0.095925s)
[2018.01.30-15.37.50:662][338]LogAIModule: Creating AISystem for world TestMap
[2018.01.30-15.37.50:662][338]LogPlayLevel: PIE: World Init took: (0.001520s)
[2018.01.30-15.37.50:662][338]LogPlayLevel: PIE: Created PIE world by copying editor world from /Game/CORE_ASSETS/ThirdPersonBP/Maps/TestMap.TestMap to /Game/CORE_ASSETS/ThirdPersonBP/Maps/UEDPIE_0_TestMap.TestMap (0.097846s)
[2018.01.30-15.37.50:750][338]LogInit: XAudio2 using 'Speakers (High Definition Audio Device)' : 2 channels at 44.1 kHz using 16 bits per sample (channel mask 0x3)
[2018.01.30-15.37.50:761][338]LogInit: FAudioDevice initialized.
[2018.01.30-15.37.52:767][338]LogTexture:Display: Building textures: T_ML_Aluminum01_N (BC5, 512X512)
[2018.01.30-15.37.52:820][338]LogTexture:Display: Building textures: T_ML_Aluminum01 (DXT1, 512X512)
[2018.01.30-15.37.52:931][338]LogAnimationCompression: Building Anim DDC data for AnimSequence /Game/CORE_ASSETS/AnimStarterPack/Jog_Rt_Rifle.Jog_Rt_Rifle
[2018.01.30-15.37.52:935][338]LogAnimationCompression: Building Anim DDC data for AnimSequence /Game/CORE_ASSETS/AnimStarterPack/Jog_Lt_Rifle.Jog_Lt_Rifle
[2018.01.30-15.37.52:938][338]LogAnimationCompression: Building Anim DDC data for AnimSequence /Game/CORE_ASSETS/AnimStarterPack/Jog_Fwd_Rifle.Jog_Fwd_Rifle
[2018.01.30-15.37.52:941][338]LogAnimationCompression: Building Anim DDC data for AnimSequence /Game/CORE_ASSETS/AnimStarterPack/Jog_Bwd_Rifle.Jog_Bwd_Rifle
[2018.01.30-15.37.52:944][338]LogAnimationCompression: Building Anim DDC data for AnimSequence /Game/CORE_ASSETS/AnimStarterPack/Crouch_Walk_Rt_Rifle_Hip.Crouch_Walk_Rt_Rifle_Hip
[2018.01.30-15.37.52:948][338]LogAnimationCompression: Building Anim DDC data for AnimSequence /Game/CORE_ASSETS/AnimStarterPack/Crouch_Walk_Lt_Rifle_Hip.Crouch_Walk_Lt_Rifle_Hip
[2018.01.30-15.37.52:952][338]LogAnimationCompression: Building Anim DDC data for AnimSequence /Game/CORE_ASSETS/AnimStarterPack/Crouch_Walk_Fwd_Rifle_Hip.Crouch_Walk_Fwd_Rifle_Hip
[2018.01.30-15.37.52:957][338]LogAnimationCompression: Building Anim DDC data for AnimSequence /Game/CORE_ASSETS/AnimStarterPack/Crouch_Walk_Bwd_Rifle_Hip.Crouch_Walk_Bwd_Rifle_Hip
[2018.01.30-15.37.52:961][338]LogAnimationCompression: Building Anim DDC data for AnimSequence /Game/CORE_ASSETS/AnimStarterPack/Jump_From_Stand.Jump_From_Stand
[2018.01.30-15.37.52:964][338]LogAnimationCompression: Building Anim DDC data for AnimSequence /Game/CORE_ASSETS/AnimStarterPack/Jump_From_Jog.Jump_From_Jog
[2018.01.30-15.37.52:966][338]LogAnimationCompression: Building Anim DDC data for AnimSequence /Game/CORE_ASSETS/AnimStarterPack/Idle_Rifle_Hip.Idle_Rifle_Hip
[2018.01.30-15.37.52:991][338]LogTexture:Display: Building textures: T_ML_Rubber_Blue_01_D (DXT1, 512X512)
[2018.01.30-15.37.53:129][338]LogTexture:Display: Building textures: T_ML_Rubber_Blue_01_N (BC5, 512X512)
[2018.01.30-15.37.53:186][338]LogTexture:Display: Building textures: UE4_Mannequin_MAT_MASKA (AutoDXT, 1024X1024)
[2018.01.30-15.37.53:940][338]LogTexture:Display: Building textures: UE4_Mannequin__normals (BC5, 2048X2048)
[2018.01.30-15.37.54:365][338]LogTexture:Display: Building textures: UE4_Mannequin_occlusion_Mobile (DXT1, 512X512)
[2018.01.30-15.37.54:473][338]LogMaterial: Missing cached shader map for material M_UE4Man_Body, compiling. 
[2018.01.30-15.37.54:612][338]LogTexture:Display: Building textures: UE4Man_Logo_N (BC5, 512X512)
[2018.01.30-15.37.54:653][338]LogMaterial: Missing cached shader map for material M_UE4Man_Body, compiling. 
[2018.01.30-15.37.54:904][338]LogAnimationCompression: Building Anim DDC data for AnimSequence /Game/CORE_ASSETS/AnimStarterPack/Crouch_Idle_Rifle_Hip.Crouch_Idle_Rifle_Hip
[2018.01.30-15.37.54:920][338]LogMaterial: Missing cached shader map for material M_Baselaser, compiling. 
[2018.01.30-15.37.54:955][338]LogLoad: Game class is 'ThirdPersonGameMode_C'
[2018.01.30-15.37.54:965][338]LogWorld: Bringing World /Game/CORE_ASSETS/ThirdPersonBP/Maps/UEDPIE_0_TestMap.TestMap up for play (max tick rate 0) at 2018.01.30-15.37.54
[2018.01.30-15.37.54:966][338]LogWorld: Bringing up level for play took: 0.006611
[2018.01.30-15.37.55:659][338]LogContentBrowser: Native class hierarchy updated for 'MovieSceneCapture' in 0.0019 seconds. Added 11 classes and 0 folders.
[2018.01.30-15.37.56:093][338]PIE: Info Play in editor start time for /Game/CORE_ASSETS/ThirdPersonBP/Maps/UEDPIE_0_TestMap 6.231
[2018.01.30-15.37.56:093][338]LogBlueprintUserMessages: Late PlayInEditor Detection: Level '/Game/CORE_ASSETS/ThirdPersonBP/Maps/TestMap.TestMap:PersistentLevel' has LevelScriptBlueprint '/Game/CORE_ASSETS/ThirdPersonBP/Maps/TestMap.TestMap:PersistentLevel.TestMap' with GeneratedClass '/Game/CORE_ASSETS/ThirdPersonBP/Maps/TestMap.TestMap_C' with ClassGeneratedBy '/Game/CORE_ASSETS/ThirdPersonBP/Maps/TestMap.TestMap:PersistentLevel.TestMap'
[2018.01.30-15.37.56:540][339]LogSynthBenchmark:Display: FSynthBenchmark (V0.95):  requested WorkScale=5.00
[2018.01.30-15.37.56:540][339]LogSynthBenchmark:Display: ===============
[2018.01.30-15.37.56:540][339]LogSynthBenchmark:Display: Main Processor:
[2018.01.30-15.37.56:900][339]LogSynthBenchmark:Display:          ... 0.034510 s/Run 'RayIntersect'
[2018.01.30-15.37.56:900][339]LogSynthBenchmark:Display:          ... 0.037530 s/Run 'Fractal'
[2018.01.30-15.37.56:901][339]LogSynthBenchmark:Display: 
[2018.01.30-15.37.56:901][339]LogSynthBenchmark:Display:   CompiledTarget_x_Bits: 64
[2018.01.30-15.37.56:901][339]LogSynthBenchmark:Display:   UE_BUILD_SHIPPING: 0
[2018.01.30-15.37.56:901][339]LogSynthBenchmark:Display:   UE_BUILD_TEST: 0
[2018.01.30-15.37.56:901][339]LogSynthBenchmark:Display:   UE_BUILD_DEBUG: 0
[2018.01.30-15.37.56:901][339]LogSynthBenchmark:Display:   TotalPhysicalGBRam: 64
[2018.01.30-15.37.56:901][339]LogSynthBenchmark:Display:   NumberOfCores (physical): 16
[2018.01.30-15.37.56:901][339]LogSynthBenchmark:Display:   NumberOfCores (logical): 32
[2018.01.30-15.37.56:901][339]LogSynthBenchmark:Display:   CPU Perf Index 0: 74.2 (weight 1.00)
[2018.01.30-15.37.56:901][339]LogSynthBenchmark:Display:   CPU Perf Index 1: 76.2 (weight 1.50)
[2018.01.30-15.37.56:901][339]LogSynthBenchmark:Display:  
[2018.01.30-15.37.56:901][339]LogSynthBenchmark:Display: Graphics:
[2018.01.30-15.37.56:901][339]LogSynthBenchmark:Display:   Adapter Name: 'NVIDIA Quadro 4000'
[2018.01.30-15.37.56:901][339]LogSynthBenchmark:Display:   (On Optimus the name might be wrong, memory should be ok)
[2018.01.30-15.37.56:901][339]LogSynthBenchmark:Display:   Vendor Id: 0x10DE
[2018.01.30-15.37.56:901][339]LogSynthBenchmark:Display:   Device Id: 0x6DD
[2018.01.30-15.37.56:901][339]LogSynthBenchmark:Display:   Device Revision: 0xA1
[2018.01.30-15.37.56:901][339]LogSynthBenchmark:Display:   GPU Memory: 2000/0/32747 MB
[2018.01.30-15.37.57:101][339]LogSynthBenchmark:Display:   GPU first test: 0.08s
[2018.01.30-15.37.57:102][339]LogSynthBenchmark:Display:          ... 1.012 s/GigaPix, Confidence=100% 'ALUHeavyNoise' (likely to be very inaccurate)
[2018.01.30-15.37.57:102][339]LogSynthBenchmark:Display:          ... 0.811 s/GigaPix, Confidence=100% 'TexHeavy' (likely to be very inaccurate)
[2018.01.30-15.37.57:102][339]LogSynthBenchmark:Display:          ... 0.809 s/GigaPix, Confidence=100% 'DepTexHeavy' (likely to be very inaccurate)
[2018.01.30-15.37.57:102][339]LogSynthBenchmark:Display:          ... 5.171 s/GigaPix, Confidence=100% 'FillOnly' (likely to be very inaccurate)
[2018.01.30-15.37.57:102][339]LogSynthBenchmark:Display:          ... 0.154 s/GigaPix, Confidence=100% 'Bandwidth' (likely to be very inaccurate)
[2018.01.30-15.37.57:102][339]LogSynthBenchmark:Display:          ... 0.462 s/GigaVert, Confidence=100% 'VertThroughPut1' (likely to be very inaccurate)
[2018.01.30-15.37.57:102][339]LogSynthBenchmark:Display:          ... 1.394 s/GigaVert, Confidence=100% 'VertThroughPut2' (likely to be very inaccurate)
[2018.01.30-15.37.57:940][339]LogSynthBenchmark:Display:   GPU second test: 0.67s
[2018.01.30-15.37.57:940][339]LogSynthBenchmark:Display:          ... 1.107 s/GigaPix, Confidence=100% 'ALUHeavyNoise' (likely to be inaccurate)
[2018.01.30-15.37.57:940][339]LogSynthBenchmark:Display:          ... 0.924 s/GigaPix, Confidence=100% 'TexHeavy' (likely to be inaccurate)
[2018.01.30-15.37.57:940][339]LogSynthBenchmark:Display:          ... 0.920 s/GigaPix, Confidence=100% 'DepTexHeavy' (likely to be inaccurate)
[2018.01.30-15.37.57:940][339]LogSynthBenchmark:Display:          ... 9.157 s/GigaPix, Confidence=89% 'FillOnly' (likely to be inaccurate)
[2018.01.30-15.37.57:940][339]LogSynthBenchmark:Display:          ... 0.162 s/GigaPix, Confidence=100% 'Bandwidth' (likely to be inaccurate)
[2018.01.30-15.37.57:940][339]LogSynthBenchmark:Display:          ... 0.430 s/GigaVert, Confidence=100% 'VertThroughPut1' (likely to be inaccurate)
[2018.01.30-15.37.57:940][339]LogSynthBenchmark:Display:          ... 1.343 s/GigaVert, Confidence=100% 'VertThroughPut2' (likely to be inaccurate)
[2018.01.30-15.37.57:940][339]LogSynthBenchmark:Display:   GPU Final Results:
[2018.01.30-15.37.57:940][339]LogSynthBenchmark:Display:          ... 1.107 s/GigaPix, Confidence=100% 'ALUHeavyNoise'
[2018.01.30-15.37.57:940][339]LogSynthBenchmark:Display:          ... 0.924 s/GigaPix, Confidence=100% 'TexHeavy'
[2018.01.30-15.37.57:940][339]LogSynthBenchmark:Display:          ... 0.920 s/GigaPix, Confidence=100% 'DepTexHeavy'
[2018.01.30-15.37.57:940][339]LogSynthBenchmark:Display:          ... 9.157 s/GigaPix, Confidence=89% 'FillOnly'
[2018.01.30-15.37.57:940][339]LogSynthBenchmark:Display:          ... 0.162 s/GigaPix, Confidence=100% 'Bandwidth'
[2018.01.30-15.37.57:940][339]LogSynthBenchmark:Display:          ... 0.430 s/GigaVert, Confidence=100% 'VertThroughPut1'
[2018.01.30-15.37.57:940][339]LogSynthBenchmark:Display:          ... 1.343 s/GigaVert, Confidence=100% 'VertThroughPut2'
[2018.01.30-15.37.57:940][339]LogSynthBenchmark:Display: 
[2018.01.30-15.37.57:940][339]LogSynthBenchmark:Display:   GPU Perf Index 0: 24.1 (weight 1.00)
[2018.01.30-15.37.57:940][339]LogSynthBenchmark:Display:   GPU Perf Index 1: 12.4 (weight 0.10)
[2018.01.30-15.37.57:940][339]LogSynthBenchmark:Display:   GPU Perf Index 2: 23.9 (weight 0.10)
[2018.01.30-15.37.57:940][339]LogSynthBenchmark:Display:   GPU Perf Index 3: 36.0 (weight 3.00)
[2018.01.30-15.37.57:940][339]LogSynthBenchmark:Display:   GPU Perf Index 4: 15.1 (weight 1.00)
[2018.01.30-15.37.57:940][339]LogSynthBenchmark:Display:   GPU Perf Index 5: 28.0 (weight 0.00)
[2018.01.30-15.37.57:940][339]LogSynthBenchmark:Display:   GPU Perf Index 6: 76.0 (weight 0.00)
[2018.01.30-15.37.57:940][339]LogSynthBenchmark:Display:   CPUIndex: 75.4
[2018.01.30-15.37.57:941][339]LogSynthBenchmark:Display:   GPUIndex: 29.0
[2018.01.30-15.37.57:941][339]LogSynthBenchmark:Display: 
[2018.01.30-15.37.57:941][339]LogSynthBenchmark:Display:          ... Total Time: 1.400556 sec
[2018.01.30-15.37.57:954][339]LogWindows: FWindowsPlatformSurvey::TickSurveyHardware() WinSAT assessment unavailable. Unable to examine some hardware metrics. Run the Windows Experience Index Assessment.
[2018.01.30-15.38.41:827][375]LogBlueprintUserMessages: Early EndPlayMap Detection: Level '/Game/CORE_ASSETS/ThirdPersonBP/Maps/TestMap.TestMap:PersistentLevel' has LevelScriptBlueprint '/Game/CORE_ASSETS/ThirdPersonBP/Maps/TestMap.TestMap:PersistentLevel.TestMap' with GeneratedClass '/Game/CORE_ASSETS/ThirdPersonBP/Maps/TestMap.TestMap_C' with ClassGeneratedBy '/Game/CORE_ASSETS/ThirdPersonBP/Maps/TestMap.TestMap:PersistentLevel.TestMap'
[2018.01.30-15.38.41:891][375]LogBlueprintUserMessages: Late EndPlayMap Detection: Level '/Game/CORE_ASSETS/ThirdPersonBP/Maps/TestMap.TestMap:PersistentLevel' has LevelScriptBlueprint '/Game/CORE_ASSETS/ThirdPersonBP/Maps/TestMap.TestMap:PersistentLevel.TestMap' with GeneratedClass '/Game/CORE_ASSETS/ThirdPersonBP/Maps/TestMap.TestMap_C' with ClassGeneratedBy '/Game/CORE_ASSETS/ThirdPersonBP/Maps/TestMap.TestMap:PersistentLevel.TestMap'
[2018.01.30-15.39.28:999][147]LogSlate: Took 0.000648 seconds to synchronously load lazily loaded font '../../../Engine/Content/Slate/Fonts/Roboto-Light.ttf' (159K)
[2018.01.30-15.39.35:329][147]LogSlate: Took 0.000387 seconds to synchronously load lazily loaded font '../../../Engine/Content/Slate/Fonts/Roboto-Regular.ttf' (155K)
[2018.01.30-15.39.41:980][147]LogSavePackage: Save=9472.05ms
[2018.01.30-15.39.41:980][147]LogSavePackage: Moving 'U:/Year 2/Journeyman/JMan_Team5/Team5/Saved/TestMap5005C5414C924A53EC2926A0019D2D35.tmp' to 'U:/Year 2/Journeyman/JMan_Team5/Team5/Content/CORE_ASSETS/ThirdPersonBP/Maps/TestMap.umap'
[2018.01.30-15.39.43:136][147]LogSavePackage:Display: Finished SavePackage U:/Year 2/Journeyman/JMan_Team5/Team5/Content/CORE_ASSETS/ThirdPersonBP/Maps/TestMap.umap
[2018.01.30-15.39.46:533][147]LogSavePackage: Save=2174.78ms
[2018.01.30-15.39.46:533][147]LogSavePackage: Moving 'U:/Year 2/Journeyman/JMan_Team5/Team5/Saved/TestMap_BuiltData65D87C714CBE96B383C622A4C2C8BE9D.tmp' to 'U:/Year 2/Journeyman/JMan_Team5/Team5/Content/CORE_ASSETS/ThirdPersonBP/Maps/TestMap_BuiltData.uasset'
[2018.01.30-15.39.46:591][147]LogSavePackage:Display: Finished SavePackage U:/Year 2/Journeyman/JMan_Team5/Team5/Content/CORE_ASSETS/ThirdPersonBP/Maps/TestMap_BuiltData.uasset
[2018.01.30-15.39.53:969][476]LogWindowsTextInputMethodSystem:Display: IME system now deactivated.
[2018.01.30-15.39.53:970][476]LogWindowsTextInputMethodSystem:Display: IME system now deactivated.
[2018.01.30-15.39.54:262][477]Cmd: QUIT_EDITOR
[2018.01.30-15.39.54:327][477]LogExit: Preparing to exit.
[2018.01.30-15.39.54:956][477]LogExit: Editor shut down
[2018.01.30-15.39.54:963][477]LogExit: Transaction tracking system shut down
[2018.01.30-15.39.55:064][477]LogObj: Freed 0b from 0 cluster array pools.
[2018.01.30-15.39.55:065][477]LogExit: Object subsystem successfully closed.
[2018.01.30-15.39.55:112][477]LogD3D11RHI: Shutdown
[2018.01.30-15.39.55:112][477]LogD3D11RHI: CleanupD3DDevice
[2018.01.30-15.39.55:341][477]LogD3D11RHI: ~FD3D11DynamicRHI
[2018.01.30-15.39.55:380][477]LogModuleManager: Shutting down and abandoning module SynthBenchmark (528)
[2018.01.30-15.39.55:380][477]LogModuleManager: Shutting down and abandoning module MovieSceneCapture (526)
[2018.01.30-15.39.55:380][477]LogModuleManager: Shutting down and abandoning module HierarchicalLODOutliner (524)
[2018.01.30-15.39.55:380][477]LogModuleManager: Shutting down and abandoning module CrashTracker (522)
[2018.01.30-15.39.55:380][477]LogModuleManager: Shutting down and abandoning module SceneOutliner (520)
[2018.01.30-15.39.55:380][477]LogModuleManager: Shutting down and abandoning module AddContentDialog (518)
[2018.01.30-15.39.55:380][477]LogDirectoryWatcher: A directory notification for 'C:/Program Files/Epic Games/UE_4.16/FeaturePacks/' was aborted.
[2018.01.30-15.39.55:382][477]LogModuleManager: Shutting down and abandoning module WidgetCarousel (517)
[2018.01.30-15.39.55:382][477]LogModuleManager: Shutting down and abandoning module EditorWidgets (514)
[2018.01.30-15.39.55:382][477]LogModuleManager: Shutting down and abandoning module CollectionManager (512)
[2018.01.30-15.39.55:382][477]LogModuleManager: Shutting down and abandoning module StatsViewer (510)
[2018.01.30-15.39.55:382][477]LogModuleManager: Shutting down and abandoning module FoliageEdit (508)
[2018.01.30-15.39.55:382][477]LogModuleManager: Shutting down and abandoning module LandscapeEditor (506)
[2018.01.30-15.39.55:382][477]LogModuleManager: Shutting down and abandoning module MeshPaintMode (504)
[2018.01.30-15.39.55:382][477]LogModuleManager: Shutting down and abandoning module SceneDepthPickerMode (502)
[2018.01.30-15.39.55:382][477]LogModuleManager: Shutting down and abandoning module ActorPickerMode (500)
[2018.01.30-15.39.55:382][477]LogModuleManager: Shutting down and abandoning module GeometryMode (498)
[2018.01.30-15.39.55:382][477]LogModuleManager: Shutting down and abandoning module TextureAlignMode (496)
[2018.01.30-15.39.55:382][477]LogModuleManager: Shutting down and abandoning module BspMode (494)
[2018.01.30-15.39.55:382][477]LogModuleManager: Shutting down and abandoning module HardwareSurvey (492)
[2018.01.30-15.39.55:382][477]LogModuleManager: Shutting down and abandoning module SequenceRecorderSections (490)
[2018.01.30-15.39.55:382][477]LogModuleManager: Shutting down and abandoning module AutomationWorker (488)
[2018.01.30-15.39.55:382][477]LogModuleManager: Shutting down and abandoning module MatineeToLevelSequence (486)
[2018.01.30-15.39.55:382][477]LogModuleManager: Shutting down and abandoning module LevelSequenceEditor (484)
[2018.01.30-15.39.55:383][477]LogModuleManager: Shutting down and abandoning module PlacementMode (483)
[2018.01.30-15.39.55:383][477]LogModuleManager: Shutting down and abandoning module WmfMediaFactory (480)
[2018.01.30-15.39.55:383][477]LogModuleManager: Shutting down and abandoning module WmfMediaEditor (478)
[2018.01.30-15.39.55:383][477]LogModuleManager: Shutting down and abandoning module AvfMediaFactory (476)
[2018.01.30-15.39.55:383][477]LogModuleManager: Shutting down and abandoning module AvfMediaEditor (474)
[2018.01.30-15.39.55:383][477]LogModuleManager: Shutting down and abandoning module AndroidMediaFactory (472)
[2018.01.30-15.39.55:383][477]LogModuleManager: Shutting down and abandoning module Media (471)
[2018.01.30-15.39.55:383][477]LogModuleManager: Shutting down and abandoning module AndroidMediaEditor (468)
[2018.01.30-15.39.55:383][477]LogModuleManager: Shutting down and abandoning module CharacterAI (466)
[2018.01.30-15.39.55:383][477]LogModuleManager: Shutting down and abandoning module AudioCapture (464)
[2018.01.30-15.39.55:383][477]LogModuleManager: Shutting down and abandoning module SequenceRecorder (463)
[2018.01.30-15.39.55:383][477]LogModuleManager: Shutting down and abandoning module SmartSnapping (460)
[2018.01.30-15.39.55:383][477]LogModuleManager: Shutting down and abandoning module SessionServices (458)
[2018.01.30-15.39.55:383][477]LogModuleManager: Shutting down and abandoning module ViewportSnapping (456)
[2018.01.30-15.39.55:383][477]LogModuleManager: Shutting down and abandoning module ViewportInteraction (454)
[2018.01.30-15.39.55:383][477]LogModuleManager: Shutting down and abandoning module ClothPainter (452)
[2018.01.30-15.39.55:383][477]LogModuleManager: Shutting down and abandoning module LogVisualizer (450)
[2018.01.30-15.39.55:383][477]LogModuleManager: Shutting down and abandoning module IntroTutorials (448)
[2018.01.30-15.39.55:383][477]LogModuleManager: Shutting down and abandoning module GameProjectGeneration (447)
[2018.01.30-15.39.55:383][477]LogModuleManager: Shutting down and abandoning module EditorLiveStreaming (444)
[2018.01.30-15.39.55:383][477]LogModuleManager: Shutting down and abandoning module IOSPlatformEditor (442)
[2018.01.30-15.39.55:383][477]LogModuleManager: Shutting down and abandoning module HTML5PlatformEditor (440)
[2018.01.30-15.39.55:383][477]LogModuleManager: Shutting down and abandoning module AndroidPlatformEditor (438)
[2018.01.30-15.39.55:383][477]LogModuleManager: Shutting down and abandoning module AndroidDeviceDetection (437)
[2018.01.30-15.39.55:757][477]LogModuleManager: Shutting down and abandoning module IOSRuntimeSettings (434)
[2018.01.30-15.39.55:758][477]LogModuleManager: Shutting down and abandoning module AndroidRuntimeSettings (432)
[2018.01.30-15.39.55:758][477]LogModuleManager: Shutting down and abandoning module InputBindingEditor (430)
[2018.01.30-15.39.55:758][477]LogModuleManager: Shutting down and abandoning module MergeActors (428)
[2018.01.30-15.39.55:758][477]LogModuleManager: Shutting down and abandoning module SizeMap (426)
[2018.01.30-15.39.55:758][477]LogModuleManager: Shutting down and abandoning module TreeMap (424)
[2018.01.30-15.39.55:758][477]LogModuleManager: Shutting down and abandoning module ReferenceViewer (422)
[2018.01.30-15.39.55:758][477]LogModuleManager: Shutting down and abandoning module LocalizationDashboard (420)
[2018.01.30-15.39.55:758][477]LogModuleManager: Shutting down and abandoning module LocalizationService (419)
[2018.01.30-15.39.55:758][477]LogModuleManager: Shutting down and abandoning module HardwareTargeting (416)
[2018.01.30-15.39.55:758][477]LogModuleManager: Shutting down and abandoning module DeviceProfileEditor (414)
[2018.01.30-15.39.55:758][477]LogModuleManager: Shutting down and abandoning module UndoHistory (412)
[2018.01.30-15.39.55:758][477]LogModuleManager: Shutting down and abandoning module UserFeedback (410)
[2018.01.30-15.39.55:758][477]LogModuleManager: Shutting down and abandoning module XmlParser (408)
[2018.01.30-15.39.55:758][477]LogModuleManager: Shutting down and abandoning module Blutility (406)
[2018.01.30-15.39.55:758][477]LogModuleManager: Shutting down and abandoning module ProjectSettingsViewer (404)
[2018.01.30-15.39.55:758][477]LogModuleManager: Shutting down and abandoning module ProjectTargetPlatformEditor (403)
[2018.01.30-15.39.55:758][477]LogModuleManager: Shutting down and abandoning module EditorSettingsViewer (400)
[2018.01.30-15.39.55:758][477]LogModuleManager: Shutting down and abandoning module SettingsEditor (398)
[2018.01.30-15.39.55:758][477]LogModuleManager: Shutting down and abandoning module ProjectLauncher (396)
[2018.01.30-15.39.55:758][477]LogModuleManager: Shutting down and abandoning module SessionFrontend (394)
[2018.01.30-15.39.55:758][477]LogModuleManager: Shutting down and abandoning module ProfilerClient (392)
[2018.01.30-15.39.55:758][477]LogModuleManager: Shutting down and abandoning module DeviceManager (390)
[2018.01.30-15.39.55:758][477]LogModuleManager: Shutting down and abandoning module TargetDeviceServices (389)
[2018.01.30-15.39.55:822][477]LogModuleManager: Shutting down and abandoning module AutomationController (386)
[2018.01.30-15.39.55:822][477]LogModuleManager: Shutting down and abandoning module AutomationWindow (384)
[2018.01.30-15.39.55:822][477]LogModuleManager: Shutting down and abandoning module Layers (382)
[2018.01.30-15.39.55:822][477]LogModuleManager: Shutting down and abandoning module ComponentVisualizers (380)
[2018.01.30-15.39.55:822][477]LogModuleManager: Shutting down and abandoning module DetailCustomizations (378)
[2018.01.30-15.39.55:822][477]LogModuleManager: Shutting down and abandoning module PackagesDialog (376)
[2018.01.30-15.39.55:823][477]LogModuleManager: Shutting down and abandoning module Persona (374)
[2018.01.30-15.39.55:823][477]LogModuleManager: Shutting down and abandoning module AdvancedPreviewScene (373)
[2018.01.30-15.39.55:823][477]LogModuleManager: Shutting down and abandoning module AnimGraph (371)
[2018.01.30-15.39.55:823][477]LogModuleManager: Shutting down and abandoning module Kismet (368)
[2018.01.30-15.39.55:824][477]LogModuleManager: Shutting down and abandoning module ClassViewer (366)
[2018.01.30-15.39.55:824][477]LogModuleManager: Shutting down and abandoning module Toolbox (364)
[2018.01.30-15.39.55:824][477]LogModuleManager: Shutting down and abandoning module ModuleUI (362)
[2018.01.30-15.39.55:824][477]LogModuleManager: Shutting down and abandoning module MovieSceneTools (360)
[2018.01.30-15.39.55:824][477]LogModuleManager: Shutting down and abandoning module OutputLog (358)
[2018.01.30-15.39.55:824][477]LogModuleManager: Shutting down and abandoning module GammaUI (356)
[2018.01.30-15.39.55:824][477]LogModuleManager: Shutting down and abandoning module Documentation (354)
[2018.01.30-15.39.55:824][477]LogModuleManager: Shutting down and abandoning module MovieSceneTracks (352)
[2018.01.30-15.39.55:824][477]LogModuleManager: Shutting down and abandoning module MovieScene (350)
[2018.01.30-15.39.55:824][477]LogModuleManager: Shutting down and abandoning module Niagara (348)
[2018.01.30-15.39.55:824][477]LogModuleManager: Shutting down and abandoning module NiagaraEditor (347)
[2018.01.30-15.39.55:824][477]LogModuleManager: Shutting down and abandoning module StreamingPauseRendering (344)
[2018.01.30-15.39.55:824][477]LogModuleManager: Shutting down and abandoning module AnalyticsET (342)
[2018.01.30-15.39.55:824][477]LogModuleManager: Shutting down and abandoning module PortalServices (340)
[2018.01.30-15.39.55:824][477]LogModuleManager: Shutting down and abandoning module PortalRpc (338)
[2018.01.30-15.39.55:824][477]LogModuleManager: Shutting down and abandoning module MessagingRpc (336)
[2018.01.30-15.39.55:824][477]LogModuleManager: Shutting down and abandoning module AIModule (334)
[2018.01.30-15.39.55:825][477]LogModuleManager: Shutting down and abandoning module GameplayDebugger (333)
[2018.01.30-15.39.55:825][477]LogModuleManager: Shutting down and abandoning module AITestSuite (331)
[2018.01.30-15.39.55:825][477]LogModuleManager: Shutting down and abandoning module ProfilerService (328)
[2018.01.30-15.39.56:026][477]LogModuleManager: Shutting down and abandoning module TaskGraph (326)
[2018.01.30-15.39.56:027][477]LogModuleManager: Shutting down and abandoning module SteamVRController (324)
[2018.01.30-15.39.56:027][477]LogModuleManager: Shutting down and abandoning module SteamVR (322)
[2018.01.30-15.39.56:027][477]LogModuleManager: Shutting down and abandoning module ProceduralMeshComponentEditor (320)
[2018.01.30-15.39.56:027][477]LogModuleManager: Shutting down and abandoning module ProceduralMeshComponent (318)
[2018.01.30-15.39.56:027][477]LogModuleManager: Shutting down and abandoning module OculusLibrary (316)
[2018.01.30-15.39.56:027][477]LogModuleManager: Shutting down and abandoning module OculusInput (314)
[2018.01.30-15.39.56:027][477]LogModuleManager: Shutting down and abandoning module MobilePatchingUtils (312)
[2018.01.30-15.39.56:027][477]LogModuleManager: Shutting down and abandoning module CustomMeshComponent (310)
[2018.01.30-15.39.56:027][477]LogModuleManager: Shutting down and abandoning module CableComponent (308)
[2018.01.30-15.39.56:027][477]LogModuleManager: Shutting down and abandoning module ArchVisCharacter (306)
[2018.01.30-15.39.56:027][477]LogModuleManager: Shutting down and abandoning module AndroidPermission (304)
[2018.01.30-15.39.56:027][477]LogModuleManager: Shutting down and abandoning module MediaPlayerEditor (300)
[2018.01.30-15.39.56:027][477]LogModuleManager: Shutting down and abandoning module HTML5Networking (298)
[2018.01.30-15.39.56:027][477]LogModuleManager: Shutting down and abandoning module AlembicImporter (296)
[2018.01.30-15.39.56:027][477]LogModuleManager: Shutting down and abandoning module AlembicLibrary (295)
[2018.01.30-15.39.56:027][477]LogModuleManager: Shutting down and abandoning module GeometryCache (294)
[2018.01.30-15.39.56:027][477]LogModuleManager: Shutting down and abandoning module GeometryCacheEd (293)
[2018.01.30-15.39.56:027][477]LogModuleManager: Shutting down and abandoning module SuperSearchEditor (288)
[2018.01.30-15.39.56:027][477]LogModuleManager: Shutting down and abandoning module SuperSearch (287)
[2018.01.30-15.39.56:027][477]LogModuleManager: Shutting down and abandoning module SpeedTreeImporter (284)
[2018.01.30-15.39.56:027][477]LogModuleManager: Shutting down and abandoning module PluginBrowser (282)
[2018.01.30-15.39.56:027][477]LogModuleManager: Shutting down and abandoning module MobileLauncherProfileWizard (280)
[2018.01.30-15.39.56:027][477]LogModuleManager: Shutting down and abandoning module VisualStudioSourceCodeAccess (278)
[2018.01.30-15.39.56:027][477]LogModuleManager: Shutting down and abandoning module DesktopPlatform (277)
[2018.01.30-15.39.56:027][477]LogModuleManager: Shutting down and abandoning module UObjectPlugin (274)
[2018.01.30-15.39.56:027][477]LogModuleManager: Shutting down and abandoning module SubversionSourceControl (272)
[2018.01.30-15.39.56:027][477]LogModuleManager: Shutting down and abandoning module PerforceSourceControl (270)
[2018.01.30-15.39.56:027][477]LogModuleManager: Shutting down and abandoning module GitSourceControl (268)
[2018.01.30-15.39.56:027][477]LogModuleManager: Shutting down and abandoning module SourceControl (267)
[2018.01.30-15.39.56:027][477]LogModuleManager: Shutting down and abandoning module LightPropagationVolumeEditor (264)
[2018.01.30-15.39.56:027][477]LogModuleManager: Shutting down and abandoning module PaperTiledImporter (262)
[2018.01.30-15.39.56:028][477]LogModuleManager: Shutting down and abandoning module PaperSpriteSheetImporter (260)
[2018.01.30-15.39.56:028][477]LogModuleManager: Shutting down and abandoning module Paper2DEditor (258)
[2018.01.30-15.39.56:028][477]LogModuleManager: Shutting down and abandoning module MeshPaint (257)
[2018.01.30-15.39.56:028][477]LogModuleManager: Shutting down and abandoning module LevelEditor (255)
[2018.01.30-15.39.56:029][477]LogModuleManager: Shutting down and abandoning module PixelInspectorModule (254)
[2018.01.30-15.39.56:029][477]LogModuleManager: Shutting down and abandoning module MainFrame (252)
[2018.01.30-15.39.56:029][477]LogModuleManager: Shutting down and abandoning module HotReload (251)
[2018.01.30-15.39.56:030][477]LogModuleManager: Shutting down and abandoning module PhysXVehiclesEditor (246)
[2018.01.30-15.39.56:030][477]LogModuleManager: Shutting down and abandoning module PhysXVehicles (244)
[2018.01.30-15.39.56:030][477]LogModuleManager: Shutting down and abandoning module LocationServicesBPLibrary (242)
[2018.01.30-15.39.56:030][477]LogModuleManager: Shutting down and abandoning module ImmediatePhysicsEditor (240)
[2018.01.30-15.39.56:030][477]LogModuleManager: Shutting down and abandoning module ImmediatePhysics (238)
[2018.01.30-15.39.56:030][477]LogModuleManager: Shutting down and abandoning module UdpMessaging (236)
[2018.01.30-15.39.56:130][477]LogModuleManager: Shutting down and abandoning module TcpMessaging (234)
[2018.01.30-15.39.56:231][477]LogModuleManager: Shutting down and abandoning module GameplayTagsEditor (232)
[2018.01.30-15.39.56:231][477]LogModuleManager: Shutting down and abandoning module FacialAnimationEditor (230)
[2018.01.30-15.39.56:231][477]LogModuleManager: Shutting down and abandoning module FacialAnimation (228)
[2018.01.30-15.39.56:231][477]LogModuleManager: Shutting down and abandoning module AssetManagerEditor (226)
[2018.01.30-15.39.56:231][477]LogModuleManager: Shutting down and abandoning module GraphEditor (225)
[2018.01.30-15.39.56:231][477]LogModuleManager: Shutting down and abandoning module ContentBrowser (223)
[2018.01.30-15.39.56:232][477]LogModuleManager: Shutting down and abandoning module LightPropagationVolumeRuntime (220)
[2018.01.30-15.39.56:232][477]LogModuleManager: Shutting down and abandoning module Paper2D (218)
[2018.01.30-15.39.56:232][477]LogModuleManager: Shutting down and abandoning module WindowsMoviePlayer (216)
[2018.01.30-15.39.56:232][477]LogModuleManager: Shutting down and abandoning module WmfMedia (214)
[2018.01.30-15.39.56:233][477]LogModuleManager: Shutting down and abandoning module ClothingSystemEditor (212)
[2018.01.30-15.39.56:233][477]LogModuleManager: Shutting down and abandoning module ClothingSystemRuntime (210)
[2018.01.30-15.39.56:233][477]LogModuleManager: Shutting down and abandoning module MediaAssets (208)
[2018.01.30-15.39.56:233][477]LogModuleManager: Shutting down and abandoning module GameLiveStreaming (206)
[2018.01.30-15.39.56:233][477]LogModuleManager: Shutting down and abandoning module VREditor (204)
[2018.01.30-15.39.56:233][477]LogModuleManager: Shutting down and abandoning module StringTableEditor (202)
[2018.01.30-15.39.56:233][477]LogModuleManager: Shutting down and abandoning module GameplayTasksEditor (200)
[2018.01.30-15.39.56:233][477]LogModuleManager: Shutting down and abandoning module BehaviorTreeEditor (198)
[2018.01.30-15.39.56:233][477]LogModuleManager: Shutting down and abandoning module FunctionalTesting (196)
[2018.01.30-15.39.56:233][477]LogModuleManager: Shutting down and abandoning module CollisionAnalyzer (194)
[2018.01.30-15.39.56:233][477]LogModuleManager: Shutting down and abandoning module UMG (192)
[2018.01.30-15.39.56:233][477]LogModuleManager: Shutting down and abandoning module UMGEditor (191)
[2018.01.30-15.39.56:234][477]LogModuleManager: Shutting down and abandoning module Sequencer (190)
[2018.01.30-15.39.56:234][477]LogModuleManager: Shutting down and abandoning module AssetTools (188)
[2018.01.30-15.39.56:234][477]LogModuleManager: Shutting down and abandoning module MessageLog (187)
[2018.01.30-15.39.56:234][477]LogModuleManager: Shutting down and abandoning module WorkspaceMenuStructure (186)
[2018.01.30-15.39.56:234][477]LogModuleManager: Shutting down and abandoning module SlateReflector (180)
[2018.01.30-15.39.56:234][477]LogModuleManager: Shutting down and abandoning module Slate (178)
[2018.01.30-15.39.56:234][477]LogModuleManager: Shutting down and abandoning module EditorStyle (176)
[2018.01.30-15.39.56:238][477]LogModuleManager: Shutting down and abandoning module SourceCodeAccess (174)
[2018.01.30-15.39.56:239][477]LogModuleManager: Shutting down and abandoning module HeadMountedDisplay (172)
[2018.01.30-15.39.56:239][477]LogModuleManager: Shutting down and abandoning module XAudio2 (170)
[2018.01.30-15.39.56:239][477]LogModuleManager: Shutting down and abandoning module Networking (168)
[2018.01.30-15.39.56:239][477]LogModuleManager: Shutting down and abandoning module Core (164)
[2018.01.30-15.39.56:239][477]LogModuleManager: Shutting down and abandoning module AssetRegistry (162)
[2018.01.30-15.39.57:069][477]LogDirectoryWatcher: A directory notification for '../../../Engine/Content/' was aborted.
[2018.01.30-15.39.57:069][477]LogDirectoryWatcher: A directory notification for '../../../Engine/Plugins/2D/Paper2D/Content/' was aborted.
[2018.01.30-15.39.57:069][477]LogDirectoryWatcher: A directory notification for '../../../Engine/Plugins/Runtime/GearVR/Content/' was aborted.
[2018.01.30-15.39.57:073][477]LogModuleManager: Shutting down and abandoning module DirectoryWatcher (161)
[2018.01.30-15.39.57:074][477]LogModuleManager: Shutting down and abandoning module KismetCompiler (158)
[2018.01.30-15.39.57:074][477]LogModuleManager: Shutting down and abandoning module LevelSequence (156)
[2018.01.30-15.39.57:074][477]LogModuleManager: Shutting down and abandoning module PhysXFormats (154)
[2018.01.30-15.39.57:074][477]LogModuleManager: Shutting down and abandoning module MeshUtilities (152)
[2018.01.30-15.39.57:074][477]LogModuleManager: Shutting down and abandoning module SimplygonSwarm (151)
[2018.01.30-15.39.57:074][477]LogModuleManager: Shutting down and abandoning module SimplygonMeshReduction (149)
[2018.01.30-15.39.57:074][477]LogModuleManager: Shutting down and abandoning module QuadricMeshReduction (147)
[2018.01.30-15.39.57:074][477]LogModuleManager: Shutting down and abandoning module DerivedDataCache (144)
[2018.01.30-15.39.57:106][477]LogDerivedDataCache: Shutdown
[2018.01.30-15.39.57:106][477]LogModuleManager: Shutting down and abandoning module TargetPlatform (142)
[2018.01.30-15.39.57:106][477]LogModuleManager: Shutting down and abandoning module VulkanShaderFormat (141)
[2018.01.30-15.39.57:106][477]LogModuleManager: Shutting down and abandoning module ShaderFormatVectorVM (139)
[2018.01.30-15.39.57:106][477]LogModuleManager: Shutting down and abandoning module ShaderFormatOpenGL (137)
[2018.01.30-15.39.57:106][477]LogModuleManager: Shutting down and abandoning module ShaderFormatD3D (135)
[2018.01.30-15.39.57:107][477]LogModuleManager: Shutting down and abandoning module MetalShaderFormat (133)
[2018.01.30-15.39.57:107][477]LogModuleManager: Shutting down and abandoning module TextureFormatUncompressed (131)
[2018.01.30-15.39.57:107][477]LogModuleManager: Shutting down and abandoning module TextureFormatPVR (129)
[2018.01.30-15.39.57:107][477]LogModuleManager: Shutting down and abandoning module TextureFormatDXT (127)
[2018.01.30-15.39.57:107][477]LogModuleManager: Shutting down and abandoning module TextureFormatIntelISPCTexComp (125)
[2018.01.30-15.39.57:107][477]LogModuleManager: Shutting down and abandoning module TextureFormatASTC (123)
[2018.01.30-15.39.57:107][477]LogModuleManager: Shutting down and abandoning module ImageWrapper (122)
[2018.01.30-15.39.57:107][477]LogModuleManager: Shutting down and abandoning module TextureFormatAndroid (119)
[2018.01.30-15.39.57:107][477]LogModuleManager: Shutting down and abandoning module AudioFormatOpus (117)
[2018.01.30-15.39.57:107][477]LogModuleManager: Shutting down and abandoning module AudioFormatOgg (115)
[2018.01.30-15.39.57:107][477]LogModuleManager: Shutting down and abandoning module AudioFormatADPCM (113)
[2018.01.30-15.39.57:107][477]LogModuleManager: Shutting down and abandoning module LinuxTargetPlatform (111)
[2018.01.30-15.39.57:107][477]LogModuleManager: Shutting down and abandoning module LinuxServerTargetPlatform (109)
[2018.01.30-15.39.57:107][477]LogModuleManager: Shutting down and abandoning module LinuxNoEditorTargetPlatform (107)
[2018.01.30-15.39.57:107][477]LogModuleManager: Shutting down and abandoning module LinuxClientTargetPlatform (105)
[2018.01.30-15.39.57:107][477]LogModuleManager: Shutting down and abandoning module TVOSTargetPlatform (103)
[2018.01.30-15.39.57:107][477]LogModuleManager: Shutting down and abandoning module Messaging (101)
[2018.01.30-15.39.57:107][477]LogModuleManager: Shutting down and abandoning module IOSTargetPlatform (99)
[2018.01.30-15.39.57:107][477]LogModuleManager: Shutting down and abandoning module HTML5TargetPlatform (97)
[2018.01.30-15.39.57:107][477]LogModuleManager: Shutting down and abandoning module Android_PVRTCTargetPlatform (95)
[2018.01.30-15.39.57:107][477]LogModuleManager: Shutting down and abandoning module Android_MultiTargetPlatform (93)
[2018.01.30-15.39.57:107][477]LogModuleManager: Shutting down and abandoning module Android_ETC2TargetPlatform (91)
[2018.01.30-15.39.57:107][477]LogModuleManager: Shutting down and abandoning module Android_ETC1TargetPlatform (89)
[2018.01.30-15.39.57:107][477]LogModuleManager: Shutting down and abandoning module Android_DXTTargetPlatform (87)
[2018.01.30-15.39.57:107][477]LogModuleManager: Shutting down and abandoning module Android_ATCTargetPlatform (85)
[2018.01.30-15.39.57:107][477]LogModuleManager: Shutting down and abandoning module Android_ASTCTargetPlatform (83)
[2018.01.30-15.39.57:107][477]LogModuleManager: Shutting down and abandoning module AndroidTargetPlatform (81)
[2018.01.30-15.39.57:107][477]LogModuleManager: Shutting down and abandoning module WindowsTargetPlatform (79)
[2018.01.30-15.39.57:107][477]LogModuleManager: Shutting down and abandoning module WindowsServerTargetPlatform (77)
[2018.01.30-15.39.57:107][477]LogModuleManager: Shutting down and abandoning module WindowsNoEditorTargetPlatform (75)
[2018.01.30-15.39.57:107][477]LogModuleManager: Shutting down and abandoning module WindowsClientTargetPlatform (73)
[2018.01.30-15.39.57:107][477]LogModuleManager: Shutting down and abandoning module MacTargetPlatform (71)
[2018.01.30-15.39.57:107][477]LogModuleManager: Shutting down and abandoning module MacServerTargetPlatform (69)
[2018.01.30-15.39.57:107][477]LogModuleManager: Shutting down and abandoning module MacNoEditorTargetPlatform (67)
[2018.01.30-15.39.57:107][477]LogModuleManager: Shutting down and abandoning module MacClientTargetPlatform (65)
[2018.01.30-15.39.57:107][477]LogModuleManager: Shutting down and abandoning module AllDesktopTargetPlatform (63)
[2018.01.30-15.39.57:107][477]LogModuleManager: Shutting down and abandoning module InputCore (60)
[2018.01.30-15.39.57:107][477]LogModuleManager: Shutting down and abandoning module Settings (58)
[2018.01.30-15.39.57:107][477]LogModuleManager: Shutting down and abandoning module OculusRift (56)
[2018.01.30-15.39.57:107][477]LogModuleManager: Shutting down and abandoning module GearVRController (54)
[2018.01.30-15.39.57:107][477]LogModuleManager: Shutting down and abandoning module GearVR (52)
[2018.01.30-15.39.57:107][477]LogModuleManager: Shutting down and abandoning module ExampleDeviceProfileSelector (50)
[2018.01.30-15.39.57:107][477]LogModuleManager: Shutting down and abandoning module OnlineBlueprintSupport (48)
[2018.01.30-15.39.57:107][477]LogModuleManager: Shutting down and abandoning module OnlineSubsystem (44)
[2018.01.30-15.39.57:107][477]LogOnline:Display: Unloading online subsystem: NULL
[2018.01.30-15.39.57:107][477]LogModuleManager: Shutting down and abandoning module XMPP (43)
[2018.01.30-15.39.57:108][477]LogModuleManager: Shutting down and abandoning module HTTP (41)
[2018.01.30-15.39.57:108][477]LogHttp:Display: Http module shutting down, but needs to wait on 1 outstanding Http requests:
[2018.01.30-15.39.57:108][477]LogHttp:Display: 	verb=[POST] url=[https://datarouter.ol.epicgames.com/datarouter/api/v1/public/data?SessionID=%7BE32794E4-44B6-CD65-CA8D-638FE4A3DC5E%7D&AppID=UEEditor.Rocket.Release&AppVersion=4.16.3-3561208%2B%2B%2BUE4%2BRelease-4.16&UserID=73cb78a34d06b7117eabebbac46e1d60%7C%7Cb563a958-e46a-4425-8113-2c3431038931&AppEnvironment=datacollector-binary&UploadType=eteventstream] status=Processing
[2018.01.30-15.39.57:121][477]LogModuleManager: Shutting down and abandoning module SSL (40)
[2018.01.30-15.39.57:123][477]LogModuleManager: Shutting down and abandoning module HTTPChunkInstaller (36)
[2018.01.30-15.39.57:123][477]LogModuleManager: Shutting down and abandoning module AnimationModifiers (34)
[2018.01.30-15.39.57:123][477]LogModuleManager: Shutting down and abandoning module PropertyEditor (33)
[2018.01.30-15.39.57:123][477]LogModuleManager: Shutting down and abandoning module AudioEditor (30)
[2018.01.30-15.39.57:123][477]LogModuleManager: Shutting down and abandoning module TextureCompressor (28)
[2018.01.30-15.39.57:123][477]LogModuleManager: Shutting down and abandoning module ShaderCore (26)
[2018.01.30-15.39.57:123][477]LogModuleManager: Shutting down and abandoning module Landscape (24)
[2018.01.30-15.39.57:123][477]LogModuleManager: Shutting down and abandoning module SlateRHIRenderer (22)
[2018.01.30-15.39.57:124][477]LogModuleManager: Shutting down and abandoning module OpenGLDrv (20)
[2018.01.30-15.39.57:124][477]LogModuleManager: Shutting down and abandoning module D3D11RHI (18)
[2018.01.30-15.39.57:124][477]LogModuleManager: Shutting down and abandoning module AnimGraphRuntime (16)
[2018.01.30-15.39.57:124][477]LogModuleManager: Shutting down and abandoning module Renderer (14)
[2018.01.30-15.39.57:124][477]LogModuleManager: Shutting down and abandoning module Engine (12)
[2018.01.30-15.39.57:124][477]LogModuleManager: Shutting down and abandoning module CoreUObject (10)
[2018.01.30-15.39.57:124][477]LogModuleManager: Shutting down and abandoning module NetworkFile (8)
[2018.01.30-15.39.57:124][477]LogModuleManager: Shutting down and abandoning module StreamingFile (6)
[2018.01.30-15.39.57:124][477]LogModuleManager: Shutting down and abandoning module SandboxFile (4)
[2018.01.30-15.39.57:124][477]LogModuleManager: Shutting down and abandoning module PakFile (2)
[2018.01.30-15.39.57:131][477]LogExit: Exiting.
[2018.01.30-15.39.59:317][477]Log file closed, 01/30/18 15:39:59
