Log file open, 01/25/18 20:36:25
LogInit:Display: Running engine for game: Team5
LogPlatformFile: Not using cached read wrapper
LogInit:Display: RandInit(-1617660576) SRandInit(-1617660576).
LogTaskGraph: Started task graph with 5 named threads and 8 total threads with 1 sets of task threads.
LogStats: Stats thread started at 0.389156
LogInit: Using libcurl 7.47.1
LogInit:  - built for x86_64-pc-win32
LogInit:  - supports SSL with OpenSSL/1.0.2g
LogInit:  - supports HTTP deflate (compression) using libz 1.2.8
LogInit:  - other features:
LogInit:      CURL_VERSION_SSL
LogInit:      CURL_VERSION_LIBZ
LogInit:      CURL_VERSION_IPV6
LogInit:      CURL_VERSION_ASYNCHDNS
LogInit:      CURL_VERSION_LARGEFILE
LogInit:      CURL_VERSION_IDN
LogInit:  CurlRequestOptions (configurable via config and command line):
LogInit:  - bVerifyPeer = false  - Libcurl will NOT verify peer certificate
LogInit:  - bUseHttpProxy = false  - Libcurl will NOT use HTTP proxy
LogInit:  - bDontReuseConnections = false  - Libcurl will reuse connections
LogInit:  - CertBundlePath = nullptr  - Libcurl will use whatever was configured at build time.
LogInit: Build: ++UE4+Release-4.16-CL-3561208
LogInit: Engine Version: 4.16.3-3561208+++UE4+Release-4.16
LogInit: Compatible Engine Version: 4.16.0-3452394+++UE4+Release-4.16
LogInit: Net CL: 3452394
LogDevObjectVersion: Number of dev versions registered: 16
LogDevObjectVersion:   Dev-Blueprints (B0D832E4-1F89-4F0D-ACCF-7EB736FD4AA2): 9
LogDevObjectVersion:   Dev-Build (E1C64328-A22C-4D53-A36C-8E866417BD8C): 0
LogDevObjectVersion:   Dev-Core (375EC13C-06E4-48FB-B500-84F0262A717E): 2
LogDevObjectVersion:   Dev-Editor (E4B068ED-F494-42E9-A231-DA0B2E46BB41): 17
LogDevObjectVersion:   Dev-Framework (CFFC743F-43B0-4480-9391-14DF171D2073): 23
LogDevObjectVersion:   Dev-Mobile (B02B49B5-BB20-44E9-A304-32B752E40360): 0
LogDevObjectVersion:   Dev-Networking (A4E4105C-59A1-49B5-A7C5-40C4547EDFEE): 0
LogDevObjectVersion:   Dev-Online (39C831C9-5AE6-47DC-9A44-9C173E1C8E7C): 0
LogDevObjectVersion:   Dev-Physics (78F01B33-EBEA-4F98-B9B4-84EACCB95AA2): 0
LogDevObjectVersion:   Dev-Platform (6631380F-2D4D-43E0-8009-CF276956A95A): 0
LogDevObjectVersion:   Dev-Rendering (12F88B9F-8875-4AFC-A67C-D90C383ABD29): 15
LogDevObjectVersion:   Dev-Sequencer (7B5AE74C-D270-4C10-A958-57980B212A5A): 4
LogDevObjectVersion:   Dev-VR (D7296918-1DD6-4BDD-9DE2-64A83CC13884): 0
LogDevObjectVersion:   Dev-LoadTimes (C2A15278-BFE7-4AFE-6C17-90FF531DF755): 1
LogDevObjectVersion:   Private-Geometry (6EACA3D4-40EC-4CC1-B786-8BED09428FC5): 1
LogDevObjectVersion:   Dev-AnimPhys (29E575DD-E0A3-4627-9D10-D276232CDCEA): 3
LogInit: Compiled (64-bit): Jul 28 2017 11:49:47
LogInit: Compiled with Visual C++: 19.00.24215.01
LogInit: Build Configuration: Development
LogInit: Branch Name: ++UE4+Release-4.16
LogInit: Command line:  
LogInit: Base directory: C:/Program Files/Epic Games/UE_4.16/Engine/Binaries/Win64/
LogInit: Installed Engine Build: 1
LogInit: Presizing for max 8388607 objects, including 0 objects not considered by GC, pre-allocating 0 bytes for permanent pool.
LogInit: Object subsystem initialized
[2018.01.25-20.36.26:017][  0]LogInit: Selected Device Profile: [Windows]
[2018.01.25-20.36.26:017][  0]LogInit: Applying CVar settings loaded from the selected device profile: [Windows]
[2018.01.25-20.36.26:039][  0]LogInit: Computer: DESKTOP-M7J346A
[2018.01.25-20.36.26:039][  0]LogInit: User: Harry
[2018.01.25-20.36.26:039][  0]LogInit: CPU Page size=4096, Cores=4
[2018.01.25-20.36.26:039][  0]LogInit: High frequency timer resolution =3.914061 MHz
[2018.01.25-20.36.26:039][  0]LogMemory: Memory total: Physical=15.9GB (16GB approx)
[2018.01.25-20.36.26:039][  0]LogMemory: Platform Memory Stats for Windows
[2018.01.25-20.36.26:039][  0]LogMemory: Process Physical Memory: 273.46 MB used, 273.46 MB peak
[2018.01.25-20.36.26:039][  0]LogMemory: Process Virtual Memory: 260.77 MB used, 260.77 MB peak
[2018.01.25-20.36.26:039][  0]LogMemory: Physical Memory: 5455.65 MB used,  10846.48 MB free, 16302.13 MB total
[2018.01.25-20.36.26:039][  0]LogMemory: Virtual Memory: 671.81 MB used,  10846.48 MB free, 134217728.00 MB total
[2018.01.25-20.36.26:229][  0]LogInit: Using OS detected language (en-GB).
[2018.01.25-20.36.26:229][  0]LogInit: Using OS detected locale (en-GB).
[2018.01.25-20.36.26:273][  0]LogTextLocalizationManager: No specific localization for 'en-GB' exists, so the 'en' localization will be used.
[2018.01.25-20.36.28:598][  0]LogD3D11RHI: D3D11 adapters:
[2018.01.25-20.36.28:633][  0]LogD3D11RHI:    0. 'NVIDIA GeForce GTX 1070' (Feature Level 11_0)
[2018.01.25-20.36.28:634][  0]LogD3D11RHI:       8088/0/8151 MB DedicatedVideo/DedicatedSystem/SharedSystem, Outputs:1, VendorId:0x10de
[2018.01.25-20.36.28:635][  0]LogD3D11RHI:    1. 'Microsoft Basic Render Driver' (Feature Level 11_0)
[2018.01.25-20.36.28:635][  0]LogD3D11RHI:       0/0/8151 MB DedicatedVideo/DedicatedSystem/SharedSystem, Outputs:0, VendorId:0x1414
[2018.01.25-20.36.28:635][  0]LogD3D11RHI: Chosen D3D11 Adapter: 0
[2018.01.25-20.36.28:641][  0]LogD3D11RHI: Creating new Direct3DDevice
[2018.01.25-20.36.28:641][  0]LogD3D11RHI:     GPU DeviceId: 0x1b81 (for the marketing name, search the web for "GPU Device Id")
[2018.01.25-20.36.28:641][  0]LogWindows: EnumDisplayDevices:
[2018.01.25-20.36.28:641][  0]LogWindows:    0. 'NVIDIA GeForce GTX 1070' (P:1 D:1)
[2018.01.25-20.36.28:642][  0]LogWindows:    1. 'NVIDIA GeForce GTX 1070' (P:0 D:0)
[2018.01.25-20.36.28:642][  0]LogWindows:    2. 'NVIDIA GeForce GTX 1070' (P:0 D:0)
[2018.01.25-20.36.28:642][  0]LogWindows:    3. 'NVIDIA GeForce GTX 1070' (P:0 D:0)
[2018.01.25-20.36.28:642][  0]LogWindows: DebugString: GetVideoDriverDetailsInvalid PrimaryIsNotTheChoosenAdapter GetVideoDriverDetailsInvalid PrimaryIsNotTheChoosenAdapter GetVideoDriverDetailsInvalid PrimaryIsNotTheChoosenAdapter GetVideoDriverDetailsInvalid PrimaryIsNotTheChoosenAdapter FoundDriverCount:0 
[2018.01.25-20.36.28:642][  0]LogD3D11RHI:     Adapter Name: NVIDIA GeForce GTX 1070
[2018.01.25-20.36.28:642][  0]LogD3D11RHI:   Driver Version: Unknown (internal:Unknown, unified:Unknown)
[2018.01.25-20.36.28:642][  0]LogD3D11RHI:      Driver Date: Unknown
[2018.01.25-20.36.28:642][  0]LogRHI: Texture pool is 1361 MB (70% of 1945 MB)
[2018.01.25-20.36.28:661][  0]LogD3D11RHI: Async texture creation enabled
[2018.01.25-20.36.28:685][  0]LogD3D11RHI: GPU Timing Frequency: 1000.000000 (Debug: 2 2)
[2018.01.25-20.36.28:730][  0]LogShaderCompilers: Guid format shader working directory is 7 characters bigger than the processId version (F:/Uni Work/Journeyman/JMan_Team5/Team5/Intermediate/Shaders/WorkingDirectory/4704/).
[2018.01.25-20.36.28:730][  0]LogShaderCompilers: Cleaned the shader compiler working directory 'C:/Users/Harry/AppData/Local/Temp/UnrealShaderWorkingDir/AD871DA2419EBD09B172DD8C7527B16D/'.
[2018.01.25-20.36.28:730][  0]LogShaderCompilers:Display: Using Local Shader Compiler.
[2018.01.25-20.36.30:427][  0]LogTemp:Display: Loaded TP AllDesktopTargetPlatform
[2018.01.25-20.36.30:465][  0]LogTemp:Display: Loaded TP MacClientTargetPlatform
[2018.01.25-20.36.30:503][  0]LogTemp:Display: Loaded TP MacNoEditorTargetPlatform
[2018.01.25-20.36.30:542][  0]LogTemp:Display: Loaded TP MacServerTargetPlatform
[2018.01.25-20.36.30:587][  0]LogTemp:Display: Loaded TP MacTargetPlatform
[2018.01.25-20.36.30:625][  0]LogTemp:Display: Loaded TP WindowsClientTargetPlatform
[2018.01.25-20.36.30:664][  0]LogTemp:Display: Loaded TP WindowsNoEditorTargetPlatform
[2018.01.25-20.36.30:702][  0]LogTemp:Display: Loaded TP WindowsServerTargetPlatform
[2018.01.25-20.36.30:736][  0]LogTemp:Display: Loaded TP WindowsTargetPlatform
[2018.01.25-20.36.30:777][  0]LogTemp:Display: Loaded TP AndroidTargetPlatform
[2018.01.25-20.36.30:815][  0]LogTemp:Display: Loaded TP Android_ASTCTargetPlatform
[2018.01.25-20.36.30:855][  0]LogTemp:Display: Loaded TP Android_ATCTargetPlatform
[2018.01.25-20.36.30:892][  0]LogTemp:Display: Loaded TP Android_DXTTargetPlatform
[2018.01.25-20.36.30:932][  0]LogTemp:Display: Loaded TP Android_ETC1TargetPlatform
[2018.01.25-20.36.30:970][  0]LogTemp:Display: Loaded TP Android_ETC2TargetPlatform
[2018.01.25-20.36.31:046][  0]LogTemp:Display: Loaded TP Android_MultiTargetPlatform
[2018.01.25-20.36.31:046][  0]LogTemp:Display: Loaded TP Android_PVRTCTargetPlatform
[2018.01.25-20.36.31:077][  0]LogTemp:Display: Loaded TP HTML5TargetPlatform
[2018.01.25-20.36.31:159][  0]LogTemp:Display: Loaded TP IOSTargetPlatform
[2018.01.25-20.36.31:180][  0]LogTemp:Display: Loaded TP TVOSTargetPlatform
[2018.01.25-20.36.31:218][  0]LogTemp:Display: Loaded TP LinuxClientTargetPlatform
[2018.01.25-20.36.31:256][  0]LogTemp:Display: Loaded TP LinuxNoEditorTargetPlatform
[2018.01.25-20.36.31:294][  0]LogTemp:Display: Loaded TP LinuxServerTargetPlatform
[2018.01.25-20.36.31:336][  0]LogTemp:Display: Loaded TP LinuxTargetPlatform
[2018.01.25-20.36.31:336][  0]LogTargetPlatformManager:Display: Building Assets For Windows
[2018.01.25-20.36.31:751][  0]LogDerivedDataCache:Display: Max Cache Size: 512 MB
[2018.01.25-20.36.31:930][  0]LogDerivedDataCache: Loaded boot cache 0.18s 90MB C:/Users/Harry/AppData/Local/UnrealEngine/4.16/DerivedDataCache/Boot.ddc.
[2018.01.25-20.36.31:930][  0]LogDerivedDataCache:Display: Loaded Boot cache: C:/Users/Harry/AppData/Local/UnrealEngine/4.16/DerivedDataCache/Boot.ddc
[2018.01.25-20.36.31:930][  0]LogDerivedDataCache: FDerivedDataBackendGraph:  Pak pak cache file F:/Uni Work/Journeyman/JMan_Team5/Team5/DerivedDataCache/DDC.ddp not found, will not use a pak cache.
[2018.01.25-20.36.31:930][  0]LogDerivedDataCache: Unable to find inner node Pak for hierarchical cache Hierarchy.
[2018.01.25-20.36.31:930][  0]LogDerivedDataCache: FDerivedDataBackendGraph:  CompressedPak pak cache file F:/Uni Work/Journeyman/JMan_Team5/Team5/DerivedDataCache/Compressed.ddp not found, will not use a pak cache.
[2018.01.25-20.36.31:930][  0]LogDerivedDataCache: Unable to find inner node CompressedPak for hierarchical cache Hierarchy.
[2018.01.25-20.36.31:947][  0]LogDerivedDataCache:Display: Pak cache opened for reading ../../../Engine/DerivedDataCache/Compressed.ddp.
[2018.01.25-20.36.31:960][  0]LogDerivedDataCache: Using Local data cache path C:/Users/Harry/AppData/Local/UnrealEngine/Common/DerivedDataCache: Writable
[2018.01.25-20.36.31:968][  0]LogMaterial: Verifying Global Shaders for PCD3D_SM5
[2018.01.25-20.36.31:971][  0]LogSlate: Using Freetype 2.6.0
[2018.01.25-20.36.31:980][  0]LogSlate: SlateFontCache - WITH_FREETYPE: 1, WITH_HARFBUZZ: 1
[2018.01.25-20.36.31:980][  0]LogSlate: SlateFontCache - WITH_FREETYPE: 1, WITH_HARFBUZZ: 1
[2018.01.25-20.36.32:550][  0]LogInit: Selected Device Profile: [Windows]
[2018.01.25-20.36.32:677][  0]LogContentStreaming: Texture pool size is 0.00 MB
[2018.01.25-20.36.32:836][  0]LogMeshUtilities: Using QuadricMeshReduction for automatic static mesh reduction
[2018.01.25-20.36.32:876][  0]LogSimplygon: Simplygon DLL not present - disabling.
[2018.01.25-20.36.32:914][  0]LogMeshUtilities: Using SimplygonSwarm for distributed automatic mesh merging
[2018.01.25-20.36.32:914][  0]LogMeshUtilities: No automatic skeletal mesh reduction module available
[2018.01.25-20.36.32:914][  0]LogMeshUtilities: No automatic mesh merging module available
[2018.01.25-20.36.33:890][  0]LogNetVersion: Team5 , NetCL: 3452394, EngineNetVer: 2, GameNetVer: 0 (Checksum: 224845630)
[2018.01.25-20.36.33:971][  0]LogAssetRegistry: FAssetRegistry took 0.0303 seconds to start up
[2018.01.25-20.36.34:031][  0]LogPackageLocalizationCache: Processed 4 localized package path(s) for 2 prioritized culture(s) in 0.042767 seconds
[2018.01.25-20.36.34:035][  0]LogUObjectArray: 34194 objects as part of root set at end of initial load.
[2018.01.25-20.36.34:035][  0]LogUObjectAllocator: 7260416 out of 0 bytes used by permanent object pool.
[2018.01.25-20.36.34:035][  0]LogUObjectArray: CloseDisregardForGC: 0/0 objects in disregard for GC pool
[2018.01.25-20.36.34:086][  0]LogInit: WinSock: version 1.1 (2.2), MaxSocks=32767, MaxUdp=65467
[2018.01.25-20.36.37:768][  0]LogTcpMessaging: Initializing TcpMessaging bridge
[2018.01.25-20.36.37:803][  0]LogUdpMessaging: Initializing bridge on interface 0.0.0.0:0 to multicast group 230.0.0.1:6666.
[2018.01.25-20.36.38:288][  0]LogMaterial: Uniform references updated for custom material expression Custom.
[2018.01.25-20.36.38:629][  0]SourceControl: Info Source control is disabled
[2018.01.25-20.36.38:695][  0]SourceControl: Info Source control is disabled
[2018.01.25-20.36.38:738][  0]SourceControl: Info Source control is disabled
[2018.01.25-20.36.38:778][  0]SourceControl: Info Source control is disabled
[2018.01.25-20.36.39:348][  0]LogAndroidPermission: UAndroidPermissionCallbackProxy::GetInstance
[2018.01.25-20.36.39:824][  0]LogEngine: Initializing Engine...
[2018.01.25-20.36.39:825][  0]LogHMD: Failed to initialize OpenVR with code 110
[2018.01.25-20.36.39:969][  0]LogStats: UGameplayTagsManager::ConstructGameplayTagTree: Construct from data asset -  0.000 s
[2018.01.25-20.36.39:969][  0]LogStats: UGameplayTagsManager::ConstructGameplayTagTree: GameplayTagTreeChangedEvent.Broadcast -  0.000 s
[2018.01.25-20.36.40:087][  0]LogAIModule: Creating AISystem for world Untitled
[2018.01.25-20.36.40:113][  0]LogInit: XAudio2 using 'Speakers (CA DacMagic Plus)' : 2 channels at 48 kHz using 16 bits per sample (channel mask 0x3)
[2018.01.25-20.36.40:274][  0]LogInit: FAudioDevice initialized.
[2018.01.25-20.36.40:305][  0]LogDerivedDataCache: Saved boot cache 0.03s 90MB C:/Users/Harry/AppData/Local/UnrealEngine/4.16/DerivedDataCache/Boot.ddc.
[2018.01.25-20.36.40:314][  0]LogInit: Texture streaming: Enabled
[2018.01.25-20.36.40:387][  0]LogEngineSessionManager: EngineSessionManager initialized
[2018.01.25-20.36.40:608][  0]LogInit: Transaction tracking system initialized
[2018.01.25-20.36.40:881][  0]BlueprintLog: New page: Editor Load
[2018.01.25-20.36.41:708][  0]LocalizationService: Info Localization service is disabled
[2018.01.25-20.36.42:316][  0]LogConsoleResponse:Display: 
[2018.01.25-20.36.42:468][  0]LogCook:Display: Max memory allowance for cook 16384mb min free memory 0mb
[2018.01.25-20.36.42:468][  0]LogCook:Display: Mobile HDR setting 1
[2018.01.25-20.36.42:901][  0]LogFileCache: Scanning file cache for directory 'F:/Uni Work/Journeyman/JMan_Team5/Team5/Content/' took 0.01s
[2018.01.25-20.36.43:361][  0]SourceControl: Info Source control is disabled
[2018.01.25-20.36.43:362][  0]Cmd: MAP LOAD FILE="F:/Uni Work/Journeyman/JMan_Team5/Team5/Content/CORE_ASSETS/ThirdPersonBP/Maps/TestMap.umap" TEMPLATE=0 SHOWPROGRESS=1 FEATURELEVEL=3
[2018.01.25-20.36.43:362][  0]LightingResults: New page: Lighting Build
[2018.01.25-20.36.43:398][  0]MapCheck: New page: Map Check
[2018.01.25-20.36.43:398][  0]LightingResults: New page: Lighting Build
[2018.01.25-20.36.43:689][  0]LogAIModule: Creating AISystem for world TestMap
[2018.01.25-20.36.44:382][  0]LogEditorServer: Finished looking for orphan Actors (0.000 secs)
[2018.01.25-20.36.44:395][  0]Cmd: MAP CHECKDEP NOCLEARLOG
[2018.01.25-20.36.44:431][  0]MapCheck: Info Map check complete: 0 Error(s), 0 Warning(s), took 36.05ms to complete.
[2018.01.25-20.36.44:431][  0]LogFileHelpers: Loading map 'TestMap' took 1.070
[2018.01.25-20.36.44:605][  0]LogCollectionManager: Loaded 0 collections in 0.001061 seconds
[2018.01.25-20.36.44:689][  0]LogFileCache: Scanning file cache for directory 'F:/Uni Work/Journeyman/JMan_Team5/Team5/Saved/Collections/' took 0.01s
[2018.01.25-20.36.44:689][  0]LogFileCache: Scanning file cache for directory 'F:/Uni Work/Journeyman/JMan_Team5/Team5/Content/Developers/Harry/Collections/' took 0.01s
[2018.01.25-20.36.44:689][  0]LogFileCache: Scanning file cache for directory 'F:/Uni Work/Journeyman/JMan_Team5/Team5/Content/Collections/' took 0.01s
[2018.01.25-20.36.44:689][  0]LogCollectionManager: Rebuilt the GUID cache for 0 collections in 0.000002 seconds
[2018.01.25-20.36.44:698][  0]LogContentBrowser: Native class hierarchy populated in 0.0081 seconds. Added 2329 classes and 491 folders.
[2018.01.25-20.36.44:754][  0]LogContentBrowser: Native class hierarchy updated for 'WidgetCarousel' in 0.0004 seconds. Added 0 classes and 0 folders.
[2018.01.25-20.36.45:049][  0]LogContentBrowser: Native class hierarchy updated for 'AddContentDialog' in 0.0006 seconds. Added 0 classes and 0 folders.
[2018.01.25-20.36.45:087][  0]LogContentBrowser: Native class hierarchy updated for 'SceneOutliner' in 0.0005 seconds. Added 1 classes and 2 folders.
[2018.01.25-20.36.45:245][  0]LogCrashTracker: Crashtracker disabled due to settings.
[2018.01.25-20.36.45:256][  0]LogSlate: Took 0.003819 seconds to synchronously load lazily loaded font '../../../Engine/Content/Slate/Fonts/Roboto-Regular.ttf' (155K)
[2018.01.25-20.36.45:261][  0]LogSlate: Took 0.004121 seconds to synchronously load lazily loaded font '../../../Engine/Content/Slate/Fonts/Roboto-Bold.ttf' (160K)
[2018.01.25-20.36.45:270][  0]LogSlate: Took 0.004389 seconds to synchronously load lazily loaded font '../../../Engine/Content/Editor/Slate/Fonts/FontAwesome.ttf' (139K)
[2018.01.25-20.36.45:371][  0]LogRenderer: Reallocating scene render targets to support 1616x840 NumSamples 1 (Frame:1).
[2018.01.25-20.36.45:459][  0]LogUObjectGlobals:Warning: Failed to find object 'Class None.'
[2018.01.25-20.36.45:524][  0]LogContentBrowser: Native class hierarchy updated for 'HierarchicalLODOutliner' in 0.0006 seconds. Added 1 classes and 2 folders.
[2018.01.25-20.36.45:524][  0]LogLoad: (Engine Initialization) Total time: 21.76 seconds
[2018.01.25-20.36.45:524][  0]LogLoad: (Engine Initialization) Total Blueprint compile time: 0.10 seconds
[2018.01.25-20.36.45:524][  0]LogExternalProfiler: Found external profiler: VSPerf
[2018.01.25-20.36.45:524][  0]LogExternalProfiler: Using external profiler: VSPerf
[2018.01.25-20.36.45:534][  0]LogOcInput: OculusInput pre-init called
[2018.01.25-20.36.45:534][  0]LogHMD: Starting GearVRController plugin
[2018.01.25-20.36.45:549][  0]LogAssetRegistry: Asset discovery search completed in 11.5997 seconds
[2018.01.25-20.36.45:550][  0]LogCollectionManager: Rebuilt the object cache for 0 collections in 0.000000 seconds (found 0 objects)
[2018.01.25-20.36.45:550][  0]LogCollectionManager: Fixed up redirectors for 0 collections in 0.000021 seconds (updated 0 objects)
[2018.01.25-20.36.45:550][  0]LogContentStreaming: Texture pool size now 1000 MB
[2018.01.25-20.37.02:615][997]SourceControl: Info On branch HarryG-Branch
[2018.01.25-20.37.02:615][997]SourceControl: Info Your branch is up to date with 'origin/HarryG-Branch'.
[2018.01.25-20.37.02:615][997]SourceControl: Info Changes not staged for commit:
[2018.01.25-20.37.02:615][997]SourceControl: Info   (use "git add/rm <file>..." to update what will be committed)
[2018.01.25-20.37.02:616][997]SourceControl: Info   (use "git checkout -- <file>..." to discard changes in working directory)
[2018.01.25-20.37.02:616][997]SourceControl: Info 	modified:   Team5/Saved/Config/Windows/Editor.ini
[2018.01.25-20.37.02:616][997]SourceControl: Info 	modified:   Team5/Saved/Config/Windows/Engine.ini
[2018.01.25-20.37.02:616][997]SourceControl: Info 	deleted:    Team5/Saved/Logs/Team5-backup-2018.01.25-10.26.28.log
[2018.01.25-20.37.02:616][997]SourceControl: Info 	modified:   Team5/Saved/Logs/Team5.log
[2018.01.25-20.37.02:616][997]SourceControl: Info Untracked files:
[2018.01.25-20.37.02:616][997]SourceControl: Info   (use "git add <file>..." to include in what will be committed)
[2018.01.25-20.37.02:616][997]SourceControl: Info 	Team5/Saved/Config/CrashReportClient/UE4CC-Windows-85BF89014FABE18E682564A735B20877/
[2018.01.25-20.37.02:616][997]SourceControl: Info 	Team5/Saved/Logs/Team5-backup-2018.01.25-20.36.25.log
[2018.01.25-20.37.02:616][997]SourceControl: Info no changes added to commit (use "git add" and/or "git commit -a")
[2018.01.25-20.37.32:063][602]LogSlate: Only BGRA pngs, bmps or icos are supported in by External Image Picker
[2018.01.25-20.37.32:107][604]LogTemp: Executing iPhonePackager certificates Engine -bundlename com.YourCompany.Team5
[2018.01.25-20.37.32:107][604]LogTemp: CWD: C:\Program Files\Epic Games\UE_4.16\Engine\Binaries\DotNET\IOS
[2018.01.25-20.37.32:107][604]LogTemp: Initial Dir: C:\Program Files\Epic Games\UE_4.16
[2018.01.25-20.37.32:107][604]LogTemp: Env CWD: C:\Program Files\Epic Games\UE_4.16\Engine\Binaries\DotNET\IOS
[2018.01.25-20.37.32:109][604]LogTemp: BranchPath = DESKTOP-M7J346A/C/Program Files/Epic Games/UE_4.16/Engine/Binaries --- GameBranchPath = DESKTOP-M7J346A/C/Program Files/Epic Games/UE_4.16/Engine/Binaries
[2018.01.25-20.37.32:142][608]LogTemp: IPP ERROR: Could not find provision directory 'C:\Users\Harry\AppData\Local/Apple Computer/MobileDevice/Provisioning Profiles/'.
[2018.01.25-20.38.32:092][421]SourceControl: Info fatal: C:/Program Files/Epic Games/UE_4.16/Engine/Content/: 'C:/Program Files/Epic Games/UE_4.16/Engine/Content/' is outside repository
[2018.01.25-20.38.32:151][421]EditorErrors:Warning: Warning No assets to check in!
[2018.01.25-20.38.44:028][814]LogSlate: Took 0.003092 seconds to synchronously load lazily loaded font '../../../Engine/Content/Slate/Fonts/Roboto-Light.ttf' (159K)
[2018.01.25-20.38.44:043][814]Cmd: OBJ SAVEPACKAGE PACKAGE="/Game/HARRY_GIBSON/P_Sparks1" FILE="F:/Uni Work/Journeyman/JMan_Team5/Team5/Content/HARRY_GIBSON/P_Sparks1.uasset" SILENT=true
[2018.01.25-20.38.44:057][814]LogSavePackage: Save=10.57ms
[2018.01.25-20.38.44:057][814]LogSavePackage: Moving 'F:/Uni Work/Journeyman/JMan_Team5/Team5/Saved/P_Sparks1AAD8AF1B48D8C9D05814AA820EB1EE3B.tmp' to 'F:/Uni Work/Journeyman/JMan_Team5/Team5/Content/HARRY_GIBSON/P_Sparks1.uasset'
[2018.01.25-20.38.44:062][814]LogSavePackage:Display: Finished SavePackage F:/Uni Work/Journeyman/JMan_Team5/Team5/Content/HARRY_GIBSON/P_Sparks1.uasset
[2018.01.25-20.38.48:281][274]SourceControl: Info fatal: C:/Program Files/Epic Games/UE_4.16/Engine/Content/: 'C:/Program Files/Epic Games/UE_4.16/Engine/Content/' is outside repository
[2018.01.25-20.39.04:320][274]LogSourceControl: FGitCheckInWorker: commit successful
[2018.01.25-20.39.04:395][274]SourceControl: Info [HarryG-Branch 1df8430] TestingSource
[2018.01.25-20.39.04:395][274]SourceControl: Info  1 file changed, 0 insertions(+), 0 deletions(-)
[2018.01.25-20.39.04:395][274]SourceControl: Info  create mode 100644 Team5/Content/HARRY_GIBSON/P_Sparks1.uasset
[2018.01.25-20.39.04:402][274]SourceControl: Info Commited [HarryG-Branch 1df8430] TestingSource.
[2018.01.25-20.39.04:402][274]SourceControl:Error: Error Operation 'CheckOut' not supported by source control provider 'Git'
[2018.01.25-20.39.15:239][322]SourceControl: Info fatal: C:/Program Files/Epic Games/UE_4.16/Engine/Content/: 'C:/Program Files/Epic Games/UE_4.16/Engine/Content/' is outside repository
[2018.01.25-20.39.15:293][322]EditorErrors:Warning: Warning No assets to check in!
[2018.01.25-20.39.17:448][574]LogContentBrowser: Native class hierarchy updated for 'Cascade' in 0.0005 seconds. Added 2 classes and 2 folders.
[2018.01.25-20.39.18:863][711]LogCascade: Quitting Cascade. FXSystem=0x000002B1F818D4E0
