Log file open, 01/22/18 14:30:09
LogInit:Display: Running engine for game: Team5
LogPlatformFile: Not using cached read wrapper
LogInit:Display: RandInit(909239119) SRandInit(909239119).
LogTaskGraph: Started task graph with 5 named threads and 8 total threads with 1 sets of task threads.
LogStats: Stats thread started at 0.083507
LogInit: Using libcurl 7.47.1
LogInit:  - built for x86_64-pc-win32
LogInit:  - supports SSL with OpenSSL/1.0.2g
LogInit:  - supports HTTP deflate (compression) using libz 1.2.8
LogInit:  - other features:
LogInit:      CURL_VERSION_SSL
LogInit:      CURL_VERSION_LIBZ
LogInit:      CURL_VERSION_IPV6
LogInit:      CURL_VERSION_ASYNCHDNS
LogInit:      CURL_VERSION_LARGEFILE
LogInit:      CURL_VERSION_IDN
LogInit:  CurlRequestOptions (configurable via config and command line):
LogInit:  - bVerifyPeer = false  - Libcurl will NOT verify peer certificate
LogInit:  - bUseHttpProxy = false  - Libcurl will NOT use HTTP proxy
LogInit:  - bDontReuseConnections = false  - Libcurl will reuse connections
LogInit:  - CertBundlePath = nullptr  - Libcurl will use whatever was configured at build time.
LogInit: Build: ++UE4+Release-4.16-CL-3561208
LogInit: Engine Version: 4.16.3-3561208+++UE4+Release-4.16
LogInit: Compatible Engine Version: 4.16.0-3452394+++UE4+Release-4.16
LogInit: Net CL: 3452394
LogDevObjectVersion: Number of dev versions registered: 16
LogDevObjectVersion:   Dev-Blueprints (B0D832E4-1F89-4F0D-ACCF-7EB736FD4AA2): 9
LogDevObjectVersion:   Dev-Build (E1C64328-A22C-4D53-A36C-8E866417BD8C): 0
LogDevObjectVersion:   Dev-Core (375EC13C-06E4-48FB-B500-84F0262A717E): 2
LogDevObjectVersion:   Dev-Editor (E4B068ED-F494-42E9-A231-DA0B2E46BB41): 17
LogDevObjectVersion:   Dev-Framework (CFFC743F-43B0-4480-9391-14DF171D2073): 23
LogDevObjectVersion:   Dev-Mobile (B02B49B5-BB20-44E9-A304-32B752E40360): 0
LogDevObjectVersion:   Dev-Networking (A4E4105C-59A1-49B5-A7C5-40C4547EDFEE): 0
LogDevObjectVersion:   Dev-Online (39C831C9-5AE6-47DC-9A44-9C173E1C8E7C): 0
LogDevObjectVersion:   Dev-Physics (78F01B33-EBEA-4F98-B9B4-84EACCB95AA2): 0
LogDevObjectVersion:   Dev-Platform (6631380F-2D4D-43E0-8009-CF276956A95A): 0
LogDevObjectVersion:   Dev-Rendering (12F88B9F-8875-4AFC-A67C-D90C383ABD29): 15
LogDevObjectVersion:   Dev-Sequencer (7B5AE74C-D270-4C10-A958-57980B212A5A): 4
LogDevObjectVersion:   Dev-VR (D7296918-1DD6-4BDD-9DE2-64A83CC13884): 0
LogDevObjectVersion:   Dev-LoadTimes (C2A15278-BFE7-4AFE-6C17-90FF531DF755): 1
LogDevObjectVersion:   Private-Geometry (6EACA3D4-40EC-4CC1-B786-8BED09428FC5): 1
LogDevObjectVersion:   Dev-AnimPhys (29E575DD-E0A3-4627-9D10-D276232CDCEA): 3
LogInit: Compiled (64-bit): Jul 28 2017 11:49:47
LogInit: Compiled with Visual C++: 19.00.24215.01
LogInit: Build Configuration: Development
LogInit: Branch Name: ++UE4+Release-4.16
LogInit: Command line: -EpicPortal 
LogInit: Base directory: C:/Program Files/Epic Games/UE_4.16/Engine/Binaries/Win64/
LogInit: Installed Engine Build: 1
LogInit: Presizing for max 8388607 objects, including 0 objects not considered by GC, pre-allocating 0 bytes for permanent pool.
LogInit: Object subsystem initialized
[2018.01.22-14.30.10:208][  0]LogInit: Selected Device Profile: [Windows]
[2018.01.22-14.30.10:208][  0]LogInit: Applying CVar settings loaded from the selected device profile: [Windows]
[2018.01.22-14.30.10:217][  0]LogInit: Computer: DESKTOP-M7J346A
[2018.01.22-14.30.10:217][  0]LogInit: User: Harry
[2018.01.22-14.30.10:217][  0]LogInit: CPU Page size=4096, Cores=4
[2018.01.22-14.30.10:217][  0]LogInit: High frequency timer resolution =3.914064 MHz
[2018.01.22-14.30.10:217][  0]LogMemory: Memory total: Physical=15.9GB (16GB approx)
[2018.01.22-14.30.10:217][  0]LogMemory: Platform Memory Stats for Windows
[2018.01.22-14.30.10:217][  0]LogMemory: Process Physical Memory: 272.64 MB used, 272.64 MB peak
[2018.01.22-14.30.10:217][  0]LogMemory: Process Virtual Memory: 260.82 MB used, 260.82 MB peak
[2018.01.22-14.30.10:217][  0]LogMemory: Physical Memory: 5793.67 MB used,  10508.46 MB free, 16302.13 MB total
[2018.01.22-14.30.10:217][  0]LogMemory: Virtual Memory: 671.81 MB used,  10508.46 MB free, 134217728.00 MB total
[2018.01.22-14.30.10:279][  0]LogInit: Using OS detected language (en-GB).
[2018.01.22-14.30.10:279][  0]LogInit: Using OS detected locale (en-GB).
[2018.01.22-14.30.10:281][  0]LogTextLocalizationManager: No specific localization for 'en-GB' exists, so the 'en' localization will be used.
[2018.01.22-14.30.10:978][  0]LogD3D11RHI: D3D11 adapters:
[2018.01.22-14.30.11:012][  0]LogD3D11RHI:    0. 'NVIDIA GeForce GTX 1070' (Feature Level 11_0)
[2018.01.22-14.30.11:012][  0]LogD3D11RHI:       8088/0/8151 MB DedicatedVideo/DedicatedSystem/SharedSystem, Outputs:1, VendorId:0x10de
[2018.01.22-14.30.11:013][  0]LogD3D11RHI:    1. 'Microsoft Basic Render Driver' (Feature Level 11_0)
[2018.01.22-14.30.11:013][  0]LogD3D11RHI:       0/0/8151 MB DedicatedVideo/DedicatedSystem/SharedSystem, Outputs:0, VendorId:0x1414
[2018.01.22-14.30.11:013][  0]LogD3D11RHI: Chosen D3D11 Adapter: 0
[2018.01.22-14.30.11:019][  0]LogD3D11RHI: Creating new Direct3DDevice
[2018.01.22-14.30.11:019][  0]LogD3D11RHI:     GPU DeviceId: 0x1b81 (for the marketing name, search the web for "GPU Device Id")
[2018.01.22-14.30.11:019][  0]LogWindows: EnumDisplayDevices:
[2018.01.22-14.30.11:019][  0]LogWindows:    0. 'NVIDIA GeForce GTX 1070' (P:1 D:1)
[2018.01.22-14.30.11:019][  0]LogWindows:    1. 'NVIDIA GeForce GTX 1070' (P:0 D:0)
[2018.01.22-14.30.11:019][  0]LogWindows:    2. 'NVIDIA GeForce GTX 1070' (P:0 D:0)
[2018.01.22-14.30.11:019][  0]LogWindows:    3. 'NVIDIA GeForce GTX 1070' (P:0 D:0)
[2018.01.22-14.30.11:020][  0]LogWindows: DebugString: GetVideoDriverDetailsInvalid PrimaryIsNotTheChoosenAdapter GetVideoDriverDetailsInvalid PrimaryIsNotTheChoosenAdapter GetVideoDriverDetailsInvalid PrimaryIsNotTheChoosenAdapter GetVideoDriverDetailsInvalid PrimaryIsNotTheChoosenAdapter FoundDriverCount:0 
[2018.01.22-14.30.11:020][  0]LogD3D11RHI:     Adapter Name: NVIDIA GeForce GTX 1070
[2018.01.22-14.30.11:020][  0]LogD3D11RHI:   Driver Version: Unknown (internal:Unknown, unified:Unknown)
[2018.01.22-14.30.11:020][  0]LogD3D11RHI:      Driver Date: Unknown
[2018.01.22-14.30.11:020][  0]LogRHI: Texture pool is 1361 MB (70% of 1945 MB)
[2018.01.22-14.30.11:039][  0]LogD3D11RHI: Async texture creation enabled
[2018.01.22-14.30.11:055][  0]LogD3D11RHI: GPU Timing Frequency: 1000.000000 (Debug: 2 2)
[2018.01.22-14.30.11:097][  0]LogShaderCompilers: Guid format shader working directory is 7 characters bigger than the processId version (F:/Uni Work/Journeyman/JMan_Team5/Team5/Intermediate/Shaders/WorkingDirectory/7720/).
[2018.01.22-14.30.11:097][  0]LogShaderCompilers: Cleaned the shader compiler working directory 'C:/Users/Harry/AppData/Local/Temp/UnrealShaderWorkingDir/8998EE934DD50D62D98B65A3B899936E/'.
[2018.01.22-14.30.11:097][  0]LogShaderCompilers:Display: Using Local Shader Compiler.
[2018.01.22-14.30.11:926][  0]LogTemp:Display: Loaded TP AllDesktopTargetPlatform
[2018.01.22-14.30.11:967][  0]LogTemp:Display: Loaded TP MacClientTargetPlatform
[2018.01.22-14.30.12:009][  0]LogTemp:Display: Loaded TP MacNoEditorTargetPlatform
[2018.01.22-14.30.12:053][  0]LogTemp:Display: Loaded TP MacServerTargetPlatform
[2018.01.22-14.30.12:095][  0]LogTemp:Display: Loaded TP MacTargetPlatform
[2018.01.22-14.30.12:142][  0]LogTemp:Display: Loaded TP WindowsClientTargetPlatform
[2018.01.22-14.30.12:184][  0]LogTemp:Display: Loaded TP WindowsNoEditorTargetPlatform
[2018.01.22-14.30.12:227][  0]LogTemp:Display: Loaded TP WindowsServerTargetPlatform
[2018.01.22-14.30.12:269][  0]LogTemp:Display: Loaded TP WindowsTargetPlatform
[2018.01.22-14.30.12:310][  0]LogTemp:Display: Loaded TP AndroidTargetPlatform
[2018.01.22-14.30.12:354][  0]LogTemp:Display: Loaded TP Android_ASTCTargetPlatform
[2018.01.22-14.30.12:394][  0]LogTemp:Display: Loaded TP Android_ATCTargetPlatform
[2018.01.22-14.30.12:436][  0]LogTemp:Display: Loaded TP Android_DXTTargetPlatform
[2018.01.22-14.30.12:479][  0]LogTemp:Display: Loaded TP Android_ETC1TargetPlatform
[2018.01.22-14.30.12:521][  0]LogTemp:Display: Loaded TP Android_ETC2TargetPlatform
[2018.01.22-14.30.12:603][  0]LogTemp:Display: Loaded TP Android_MultiTargetPlatform
[2018.01.22-14.30.12:603][  0]LogTemp:Display: Loaded TP Android_PVRTCTargetPlatform
[2018.01.22-14.30.12:637][  0]LogTemp:Display: Loaded TP HTML5TargetPlatform
[2018.01.22-14.30.12:730][  0]LogTemp:Display: Loaded TP IOSTargetPlatform
[2018.01.22-14.30.12:752][  0]LogTemp:Display: Loaded TP TVOSTargetPlatform
[2018.01.22-14.30.12:796][  0]LogTemp:Display: Loaded TP LinuxClientTargetPlatform
[2018.01.22-14.30.12:838][  0]LogTemp:Display: Loaded TP LinuxNoEditorTargetPlatform
[2018.01.22-14.30.12:883][  0]LogTemp:Display: Loaded TP LinuxServerTargetPlatform
[2018.01.22-14.30.12:923][  0]LogTemp:Display: Loaded TP LinuxTargetPlatform
[2018.01.22-14.30.12:923][  0]LogTargetPlatformManager:Display: Building Assets For Windows
[2018.01.22-14.30.13:344][  0]LogDerivedDataCache:Display: Max Cache Size: 512 MB
[2018.01.22-14.30.13:415][  0]LogDerivedDataCache: Loaded boot cache 0.07s 90MB C:/Users/Harry/AppData/Local/UnrealEngine/4.16/DerivedDataCache/Boot.ddc.
[2018.01.22-14.30.13:415][  0]LogDerivedDataCache:Display: Loaded Boot cache: C:/Users/Harry/AppData/Local/UnrealEngine/4.16/DerivedDataCache/Boot.ddc
[2018.01.22-14.30.13:416][  0]LogDerivedDataCache: FDerivedDataBackendGraph:  Pak pak cache file F:/Uni Work/Journeyman/JMan_Team5/Team5/DerivedDataCache/DDC.ddp not found, will not use a pak cache.
[2018.01.22-14.30.13:416][  0]LogDerivedDataCache: Unable to find inner node Pak for hierarchical cache Hierarchy.
[2018.01.22-14.30.13:416][  0]LogDerivedDataCache: FDerivedDataBackendGraph:  CompressedPak pak cache file F:/Uni Work/Journeyman/JMan_Team5/Team5/DerivedDataCache/Compressed.ddp not found, will not use a pak cache.
[2018.01.22-14.30.13:416][  0]LogDerivedDataCache: Unable to find inner node CompressedPak for hierarchical cache Hierarchy.
[2018.01.22-14.30.13:430][  0]LogDerivedDataCache:Display: Pak cache opened for reading ../../../Engine/DerivedDataCache/Compressed.ddp.
[2018.01.22-14.30.13:442][  0]LogDerivedDataCache: Using Local data cache path C:/Users/Harry/AppData/Local/UnrealEngine/Common/DerivedDataCache: Writable
[2018.01.22-14.30.13:451][  0]LogMaterial: Verifying Global Shaders for PCD3D_SM5
[2018.01.22-14.30.13:451][  0]LogSlate: Using Freetype 2.6.0
[2018.01.22-14.30.13:452][  0]LogSlate: SlateFontCache - WITH_FREETYPE: 1, WITH_HARFBUZZ: 1
[2018.01.22-14.30.13:452][  0]LogSlate: SlateFontCache - WITH_FREETYPE: 1, WITH_HARFBUZZ: 1
[2018.01.22-14.30.13:724][  0]LogInit: Selected Device Profile: [Windows]
[2018.01.22-14.30.13:774][  0]LogContentStreaming: Texture pool size is 0.00 MB
[2018.01.22-14.30.13:906][  0]LogMeshUtilities: Using QuadricMeshReduction for automatic static mesh reduction
[2018.01.22-14.30.13:949][  0]LogSimplygon: Simplygon DLL not present - disabling.
[2018.01.22-14.30.13:993][  0]LogMeshUtilities: Using SimplygonSwarm for distributed automatic mesh merging
[2018.01.22-14.30.13:993][  0]LogMeshUtilities: No automatic skeletal mesh reduction module available
[2018.01.22-14.30.13:993][  0]LogMeshUtilities: No automatic mesh merging module available
[2018.01.22-14.30.14:439][  0]LogNetVersion: Team5 , NetCL: 3452394, EngineNetVer: 2, GameNetVer: 0 (Checksum: 224845630)
[2018.01.22-14.30.14:498][  0]LogAssetRegistry: FAssetRegistry took 0.0263 seconds to start up
[2018.01.22-14.30.14:546][  0]LogPackageLocalizationCache: Processed 4 localized package path(s) for 2 prioritized culture(s) in 0.028581 seconds
[2018.01.22-14.30.14:551][  0]LogUObjectArray: 34194 objects as part of root set at end of initial load.
[2018.01.22-14.30.14:551][  0]LogUObjectAllocator: 7260424 out of 0 bytes used by permanent object pool.
[2018.01.22-14.30.14:551][  0]LogUObjectArray: CloseDisregardForGC: 0/0 objects in disregard for GC pool
[2018.01.22-14.30.14:604][  0]LogInit: WinSock: version 1.1 (2.2), MaxSocks=32767, MaxUdp=65467
[2018.01.22-14.30.16:577][  0]LogTcpMessaging: Initializing TcpMessaging bridge
[2018.01.22-14.30.16:615][  0]LogUdpMessaging: Initializing bridge on interface 0.0.0.0:0 to multicast group 230.0.0.1:6666.
[2018.01.22-14.30.17:088][  0]LogMaterial: Uniform references updated for custom material expression Custom.
[2018.01.22-14.30.17:431][  0]SourceControl: Info Source control is disabled
[2018.01.22-14.30.17:432][  0]SourceControl: Info Source control is disabled
[2018.01.22-14.30.17:471][  0]SourceControl: Info Source control is disabled
[2018.01.22-14.30.17:510][  0]SourceControl: Info Source control is disabled
[2018.01.22-14.30.18:086][  0]LogAndroidPermission: UAndroidPermissionCallbackProxy::GetInstance
[2018.01.22-14.30.18:607][  0]LogEngine: Initializing Engine...
[2018.01.22-14.30.18:608][  0]LogHMD: Failed to initialize OpenVR with code 110
[2018.01.22-14.30.18:751][  0]LogStats: UGameplayTagsManager::ConstructGameplayTagTree: Construct from data asset -  0.000 s
[2018.01.22-14.30.18:751][  0]LogStats: UGameplayTagsManager::ConstructGameplayTagTree: GameplayTagTreeChangedEvent.Broadcast -  0.000 s
[2018.01.22-14.30.18:868][  0]LogAIModule: Creating AISystem for world Untitled
[2018.01.22-14.30.18:892][  0]LogInit: XAudio2 using 'Speakers (CA DacMagic Plus)' : 2 channels at 48 kHz using 16 bits per sample (channel mask 0x3)
[2018.01.22-14.30.18:904][  0]LogInit: FAudioDevice initialized.
[2018.01.22-14.30.18:943][  0]LogDerivedDataCache: Saved boot cache 0.04s 90MB C:/Users/Harry/AppData/Local/UnrealEngine/4.16/DerivedDataCache/Boot.ddc.
[2018.01.22-14.30.18:950][  0]LogInit: Texture streaming: Enabled
[2018.01.22-14.30.19:033][  0]LogEngineSessionManager: EngineSessionManager initialized
[2018.01.22-14.30.19:220][  0]LogInit: Transaction tracking system initialized
[2018.01.22-14.30.19:492][  0]BlueprintLog: New page: Editor Load
[2018.01.22-14.30.20:319][  0]LocalizationService: Info Localization service is disabled
[2018.01.22-14.30.20:912][  0]LogConsoleResponse:Display: 
[2018.01.22-14.30.21:035][  0]LogCook:Display: Max memory allowance for cook 16384mb min free memory 0mb
[2018.01.22-14.30.21:035][  0]LogCook:Display: Mobile HDR setting 1
[2018.01.22-14.30.21:899][  0]LogFileCache: Scanning file cache for directory 'F:/Uni Work/Journeyman/JMan_Team5/Team5/Content/' took 0.01s
[2018.01.22-14.30.21:940][  0]SourceControl: Info Source control is disabled
[2018.01.22-14.30.21:940][  0]Cmd: MAP LOAD FILE="F:/Uni Work/Journeyman/JMan_Team5/Team5/Content/CORE_ASSETS/ThirdPersonBP/Maps/TestMap.umap" TEMPLATE=0 SHOWPROGRESS=1 FEATURELEVEL=3
[2018.01.22-14.30.21:940][  0]LightingResults: New page: Lighting Build
[2018.01.22-14.30.21:976][  0]MapCheck: New page: Map Check
[2018.01.22-14.30.21:976][  0]LightingResults: New page: Lighting Build
[2018.01.22-14.30.22:167][  0]LogAIModule: Creating AISystem for world TestMap
[2018.01.22-14.30.22:173][  0]LogEditorServer: Finished looking for orphan Actors (0.000 secs)
[2018.01.22-14.30.22:186][  0]Cmd: MAP CHECKDEP NOCLEARLOG
[2018.01.22-14.30.22:226][  0]MapCheck: Info Map check complete: 0 Error(s), 0 Warning(s), took 39.392ms to complete.
[2018.01.22-14.30.22:226][  0]LogFileHelpers: Loading map 'TestMap' took 0.286
[2018.01.22-14.30.22:355][  0]LogCollectionManager: Loaded 0 collections in 0.001175 seconds
[2018.01.22-14.30.22:432][  0]LogFileCache: Scanning file cache for directory 'F:/Uni Work/Journeyman/JMan_Team5/Team5/Saved/Collections/' took 0.01s
[2018.01.22-14.30.22:432][  0]LogFileCache: Scanning file cache for directory 'F:/Uni Work/Journeyman/JMan_Team5/Team5/Content/Developers/Harry/Collections/' took 0.01s
[2018.01.22-14.30.22:432][  0]LogFileCache: Scanning file cache for directory 'F:/Uni Work/Journeyman/JMan_Team5/Team5/Content/Collections/' took 0.01s
[2018.01.22-14.30.22:432][  0]LogCollectionManager: Rebuilt the GUID cache for 0 collections in 0.000002 seconds
[2018.01.22-14.30.22:439][  0]LogContentBrowser: Native class hierarchy populated in 0.0070 seconds. Added 2329 classes and 491 folders.
[2018.01.22-14.30.22:496][  0]LogContentBrowser: Native class hierarchy updated for 'WidgetCarousel' in 0.0004 seconds. Added 0 classes and 0 folders.
[2018.01.22-14.30.22:524][  0]LogContentBrowser: Native class hierarchy updated for 'AddContentDialog' in 0.0004 seconds. Added 0 classes and 0 folders.
[2018.01.22-14.30.22:563][  0]LogContentBrowser: Native class hierarchy updated for 'SceneOutliner' in 0.0006 seconds. Added 1 classes and 2 folders.
[2018.01.22-14.30.22:636][  0]LogCrashTracker: Crashtracker disabled due to settings.
[2018.01.22-14.30.23:319][  0]LogSlate: Only BGRA pngs, bmps or icos are supported in by External Image Picker
[2018.01.22-14.30.23:379][  0]LogTemp: Executing iPhonePackager certificates Engine -bundlename com.YourCompany.Team5
[2018.01.22-14.30.23:379][  0]LogTemp: CWD: C:\Program Files\Epic Games\UE_4.16\Engine\Binaries\DotNET\IOS
[2018.01.22-14.30.23:379][  0]LogTemp: Initial Dir: C:\Program Files\Epic Games\UE_4.16
[2018.01.22-14.30.23:379][  0]LogTemp: Env CWD: C:\Program Files\Epic Games\UE_4.16\Engine\Binaries\DotNET\IOS
[2018.01.22-14.30.23:379][  0]LogTemp: BranchPath = DESKTOP-M7J346A/C/Program Files/Epic Games/UE_4.16/Engine/Binaries --- GameBranchPath = DESKTOP-M7J346A/C/Program Files/Epic Games/UE_4.16/Engine/Binaries
[2018.01.22-14.30.23:379][  0]LogSlate: Took 0.000200 seconds to synchronously load lazily loaded font '../../../Engine/Content/Slate/Fonts/Roboto-Regular.ttf' (155K)
[2018.01.22-14.30.23:381][  0]LogSlate: Took 0.000161 seconds to synchronously load lazily loaded font '../../../Engine/Content/Slate/Fonts/Roboto-Bold.ttf' (160K)
[2018.01.22-14.30.23:385][  0]LogSlate: Took 0.000163 seconds to synchronously load lazily loaded font '../../../Engine/Content/Editor/Slate/Fonts/FontAwesome.ttf' (139K)
[2018.01.22-14.30.23:474][  0]LogTemp: IPP ERROR: Could not find provision directory 'C:\Users\Harry\AppData\Local/Apple Computer/MobileDevice/Provisioning Profiles/'.
[2018.01.22-14.30.23:474][  0]LogRenderer: Reallocating scene render targets to support 1616x840 NumSamples 1 (Frame:1).
[2018.01.22-14.30.23:546][  0]LogUObjectGlobals:Warning: Failed to find object 'Class None.'
[2018.01.22-14.30.23:609][  0]LogContentBrowser: Native class hierarchy updated for 'HierarchicalLODOutliner' in 0.0005 seconds. Added 1 classes and 2 folders.
[2018.01.22-14.30.23:609][  0]LogLoad: (Engine Initialization) Total time: 14.60 seconds
[2018.01.22-14.30.23:609][  0]LogLoad: (Engine Initialization) Total Blueprint compile time: 0.08 seconds
[2018.01.22-14.30.23:609][  0]LogExternalProfiler: Found external profiler: VSPerf
[2018.01.22-14.30.23:609][  0]LogExternalProfiler: Using external profiler: VSPerf
[2018.01.22-14.30.23:950][  0]LogOcInput: OculusInput pre-init called
[2018.01.22-14.30.23:950][  0]LogHMD: Starting GearVRController plugin
[2018.01.22-14.30.23:962][  0]LogAssetRegistry: Asset discovery search completed in 9.4867 seconds
[2018.01.22-14.30.23:964][  0]LogCollectionManager: Rebuilt the object cache for 0 collections in 0.000001 seconds (found 0 objects)
[2018.01.22-14.30.23:964][  0]LogCollectionManager: Fixed up redirectors for 0 collections in 0.000032 seconds (updated 0 objects)
[2018.01.22-14.30.23:966][  0]LogContentStreaming: Texture pool size now 1000 MB
[2018.01.22-14.30.51:241][491]LogTemp: Repeting last play command: Selected Viewport
[2018.01.22-14.30.51:265][491]LogBlueprintUserMessages: Early PlayInEditor Detection: Level '/Game/CORE_ASSETS/ThirdPersonBP/Maps/TestMap.TestMap:PersistentLevel' has LevelScriptBlueprint '/Game/CORE_ASSETS/ThirdPersonBP/Maps/TestMap.TestMap:PersistentLevel.TestMap' with GeneratedClass '/Game/CORE_ASSETS/ThirdPersonBP/Maps/TestMap.TestMap_C' with ClassGeneratedBy '/Game/CORE_ASSETS/ThirdPersonBP/Maps/TestMap.TestMap:PersistentLevel.TestMap'
[2018.01.22-14.30.51:265][491]LogPlayLevel: PlayLevel: No blueprints needed recompiling
[2018.01.22-14.30.51:265][491]PIE: New page: PIE session: TestMap (22 Jan 2018 14:30:51)
[2018.01.22-14.30.51:265][491]LogPlayLevel: Creating play world package: /Game/CORE_ASSETS/ThirdPersonBP/Maps/UEDPIE_0_TestMap
[2018.01.22-14.30.51:283][491]LogPlayLevel: PIE: StaticDuplicateObject took: (0.017913s)
[2018.01.22-14.30.51:284][491]LogAIModule: Creating AISystem for world TestMap
[2018.01.22-14.30.51:284][491]LogPlayLevel: PIE: World Init took: (0.000965s)
[2018.01.22-14.30.51:284][491]LogPlayLevel: PIE: Created PIE world by copying editor world from /Game/CORE_ASSETS/ThirdPersonBP/Maps/TestMap.TestMap to /Game/CORE_ASSETS/ThirdPersonBP/Maps/UEDPIE_0_TestMap.TestMap (0.019176s)
[2018.01.22-14.30.51:307][491]LogInit: XAudio2 using 'Speakers (CA DacMagic Plus)' : 2 channels at 48 kHz using 16 bits per sample (channel mask 0x3)
[2018.01.22-14.30.51:313][491]LogInit: FAudioDevice initialized.
[2018.01.22-14.30.51:491][491]LogLoad: Game class is 'ThirdPersonGameMode_C'
[2018.01.22-14.30.51:493][491]LogWorld: Bringing World /Game/CORE_ASSETS/ThirdPersonBP/Maps/UEDPIE_0_TestMap.TestMap up for play (max tick rate 0) at 2018.01.22-14.30.51
[2018.01.22-14.30.51:493][491]LogWorld: Bringing up level for play took: 0.001000
[2018.01.22-14.30.51:527][491]LogContentBrowser: Native class hierarchy updated for 'MovieSceneCapture' in 0.0004 seconds. Added 11 classes and 0 folders.
[2018.01.22-14.30.51:529][491]PIE: Info Play in editor start time for /Game/CORE_ASSETS/ThirdPersonBP/Maps/UEDPIE_0_TestMap 0.462
[2018.01.22-14.30.51:529][491]LogBlueprintUserMessages: Late PlayInEditor Detection: Level '/Game/CORE_ASSETS/ThirdPersonBP/Maps/TestMap.TestMap:PersistentLevel' has LevelScriptBlueprint '/Game/CORE_ASSETS/ThirdPersonBP/Maps/TestMap.TestMap:PersistentLevel.TestMap' with GeneratedClass '/Game/CORE_ASSETS/ThirdPersonBP/Maps/TestMap.TestMap_C' with ClassGeneratedBy '/Game/CORE_ASSETS/ThirdPersonBP/Maps/TestMap.TestMap:PersistentLevel.TestMap'
[2018.01.22-14.31.18:153][682]LogBlueprintUserMessages: Early EndPlayMap Detection: Level '/Game/CORE_ASSETS/ThirdPersonBP/Maps/TestMap.TestMap:PersistentLevel' has LevelScriptBlueprint '/Game/CORE_ASSETS/ThirdPersonBP/Maps/TestMap.TestMap:PersistentLevel.TestMap' with GeneratedClass '/Game/CORE_ASSETS/ThirdPersonBP/Maps/TestMap.TestMap_C' with ClassGeneratedBy '/Game/CORE_ASSETS/ThirdPersonBP/Maps/TestMap.TestMap:PersistentLevel.TestMap'
[2018.01.22-14.31.18:182][682]LogBlueprintUserMessages: Late EndPlayMap Detection: Level '/Game/CORE_ASSETS/ThirdPersonBP/Maps/TestMap.TestMap:PersistentLevel' has LevelScriptBlueprint '/Game/CORE_ASSETS/ThirdPersonBP/Maps/TestMap.TestMap:PersistentLevel.TestMap' with GeneratedClass '/Game/CORE_ASSETS/ThirdPersonBP/Maps/TestMap.TestMap_C' with ClassGeneratedBy '/Game/CORE_ASSETS/ThirdPersonBP/Maps/TestMap.TestMap:PersistentLevel.TestMap'
[2018.01.22-14.38.49:522][577]LogSlate: Took 0.000134 seconds to synchronously load lazily loaded font '../../../Engine/Content/Slate/Fonts/Roboto-Light.ttf' (159K)
[2018.01.22-14.38.49:539][577]Cmd: MAP LOAD FILE="F:/Uni Work/Journeyman/JMan_Team5/Team5/Content/CORE_ASSETS/ThirdPersonBP/Maps/TestMap.umap" TEMPLATE=0 SHOWPROGRESS=1 FEATURELEVEL=3
[2018.01.22-14.38.49:539][577]LightingResults: New page: Lighting Build
[2018.01.22-14.38.49:539][577]LoadErrors: New page: Loading map: TestMap.umap
[2018.01.22-14.38.49:540][577]MapCheck: New page: Map Check
[2018.01.22-14.38.49:540][577]LightingResults: New page: Lighting Build
[2018.01.22-14.38.49:569][577]LogAIModule: Creating AISystem for world TestMap
[2018.01.22-14.38.49:606][577]LogEditorServer: Finished looking for orphan Actors (0.000 secs)
[2018.01.22-14.38.49:632][577]Cmd: MAP CHECKDEP NOCLEARLOG
[2018.01.22-14.38.49:672][577]MapCheck: Info Map check complete: 0 Error(s), 0 Warning(s), took 39.859ms to complete.
[2018.01.22-14.38.49:672][577]LogFileHelpers: Loading map 'TestMap' took 0.134
[2018.01.22-14.38.52:242][879]LogAIModule: Creating AISystem for world ThirdPersonExampleMap
[2018.01.22-14.38.52:258][879]Cmd: MAP LOAD FILE="F:/Uni Work/Journeyman/JMan_Team5/Team5/Content/CORE_ASSETS/ThirdPersonExampleMap.umap" TEMPLATE=0 SHOWPROGRESS=1 FEATURELEVEL=3
[2018.01.22-14.38.52:258][879]LightingResults: New page: Lighting Build
[2018.01.22-14.38.52:259][879]LoadErrors: New page: Loading map: ThirdPersonExampleMap.umap
[2018.01.22-14.38.52:259][879]MapCheck: New page: Map Check
[2018.01.22-14.38.52:259][879]LightingResults: New page: Lighting Build
[2018.01.22-14.38.52:316][879]LogEditorServer: Finished looking for orphan Actors (0.000 secs)
[2018.01.22-14.38.52:340][879]Cmd: MAP CHECKDEP NOCLEARLOG
[2018.01.22-14.38.52:377][879]MapCheck: Info Map check complete: 0 Error(s), 0 Warning(s), took 37.133ms to complete.
[2018.01.22-14.38.52:378][879]LogFileHelpers: Loading map 'ThirdPersonExampleMap' took 0.120
[2018.01.22-14.38.58:573][552]LogSlate: Only BGRA pngs, bmps or icos are supported in by External Image Picker
[2018.01.22-14.38.58:614][555]LogTemp: Executing iPhonePackager certificates Engine -bundlename com.YourCompany.Team5
[2018.01.22-14.38.58:614][555]LogTemp: CWD: C:\Program Files\Epic Games\UE_4.16\Engine\Binaries\DotNET\IOS
[2018.01.22-14.38.58:614][555]LogTemp: Initial Dir: C:\Program Files\Epic Games\UE_4.16
[2018.01.22-14.38.58:614][555]LogTemp: Env CWD: C:\Program Files\Epic Games\UE_4.16\Engine\Binaries\DotNET\IOS
[2018.01.22-14.38.58:617][555]LogTemp: BranchPath = DESKTOP-M7J346A/C/Program Files/Epic Games/UE_4.16/Engine/Binaries --- GameBranchPath = DESKTOP-M7J346A/C/Program Files/Epic Games/UE_4.16/Engine/Binaries
[2018.01.22-14.38.58:629][557]LogTemp: IPP ERROR: Could not find provision directory 'C:\Users\Harry\AppData\Local/Apple Computer/MobileDevice/Provisioning Profiles/'.
[2018.01.22-14.39.10:889][625]LightingResults: New page: Lighting Build
[2018.01.22-14.39.10:889][625]MapCheck: New page: Map Check
[2018.01.22-14.39.10:889][625]LightingResults: New page: Lighting Build
[2018.01.22-14.39.10:897][625]LogAIModule: Creating AISystem for world Untitled
[2018.01.22-14.39.10:948][625]LoadErrors: New page: New Map
[2018.01.22-14.39.10:967][625]LogAIModule: Creating AISystem for world ThirdPersonExampleMap
[2018.01.22-14.39.16:066][187]LogAIModule: Creating AISystem for world TestMap
[2018.01.22-14.39.17:474][187]Cmd: OBJ SAVEPACKAGE PACKAGE="/Game/CORE_ASSETS/ThirdPersonExampleMap" FILE="F:/Uni Work/Journeyman/JMan_Team5/Team5/Content/CORE_ASSETS/ThirdPersonExampleMap.umap" SILENT=true
[2018.01.22-14.39.17:586][187]LogSavePackage: Save=101.12ms
[2018.01.22-14.39.17:586][187]LogSavePackage: Moving 'F:/Uni Work/Journeyman/JMan_Team5/Team5/Saved/ThirdPersonExampleMapD244A2094C83F21ED60EB9BD299DE1CF.tmp' to 'F:/Uni Work/Journeyman/JMan_Team5/Team5/Content/CORE_ASSETS/ThirdPersonExampleMap.umap'
[2018.01.22-14.39.17:589][187]LogSavePackage:Display: Finished SavePackage F:/Uni Work/Journeyman/JMan_Team5/Team5/Content/CORE_ASSETS/ThirdPersonExampleMap.umap
[2018.01.22-14.39.17:590][187]Cmd: MAP LOAD FILE="F:/Uni Work/Journeyman/JMan_Team5/Team5/Content/CORE_ASSETS/ThirdPersonBP/Maps/TestMap.umap" TEMPLATE=0 SHOWPROGRESS=1 FEATURELEVEL=3
[2018.01.22-14.39.17:590][187]LightingResults: New page: Lighting Build
[2018.01.22-14.39.17:590][187]LoadErrors: New page: Loading map: TestMap.umap
[2018.01.22-14.39.17:590][187]MapCheck: New page: Map Check
[2018.01.22-14.39.17:590][187]LightingResults: New page: Lighting Build
[2018.01.22-14.39.17:663][187]LogEditorServer: Finished looking for orphan Actors (0.000 secs)
[2018.01.22-14.39.17:687][187]Cmd: MAP CHECKDEP NOCLEARLOG
[2018.01.22-14.39.17:730][187]MapCheck: Info Map check complete: 0 Error(s), 0 Warning(s), took 43.109ms to complete.
[2018.01.22-14.39.17:730][187]LogFileHelpers: Loading map 'TestMap' took 0.141
[2018.01.22-14.39.17:730][187]LogSlate: Took 0.000103 seconds to synchronously load lazily loaded font '../../../Engine/Content/Slate/Fonts/Roboto-Regular.ttf' (155K)
[2018.01.22-14.39.42:373][137]LogMaterial: Missing cached shader map for material CubeMaterial, compiling. 
[2018.01.22-14.39.43:870][299]LogMaterial: Missing cached shader map for material CubeMaterial, compiling. 
[2018.01.22-14.39.48:221][801]LogMaterial: Missing cached shader map for material CubeMaterial, compiling. 
[2018.01.22-14.39.49:652][955]LogMaterial: Missing cached shader map for material CubeMaterial, compiling. 
[2018.01.22-14.39.53:293][373]LogMaterial: Missing cached shader map for material CubeMaterial, compiling. 
[2018.01.22-14.39.55:909][668]LogMaterial: Missing cached shader map for material CubeMaterial, compiling. 
[2018.01.22-14.39.57:049][789]LogMaterial: Missing cached shader map for material CubeMaterial, compiling. 
[2018.01.22-14.39.59:965][112]LogMaterial: Missing cached shader map for material CubeMaterial, compiling. 
[2018.01.22-14.40.01:096][230]LogMaterial: Missing cached shader map for material CubeMaterial, compiling. 
[2018.01.22-14.40.04:932][663]LogMaterial: Missing cached shader map for material CubeMaterial, compiling. 
[2018.01.22-14.40.06:258][809]LogMaterial: Missing cached shader map for material CubeMaterial, compiling. 
[2018.01.22-14.40.07:522][941]LogMaterial: Missing cached shader map for material CubeMaterial, compiling. 
[2018.01.22-14.40.08:644][ 54]LogMaterial: Missing cached shader map for material CubeMaterial, compiling. 
[2018.01.22-14.40.09:766][168]LogMaterial: Missing cached shader map for material CubeMaterial, compiling. 
[2018.01.22-14.40.10:911][280]LogMaterial: Missing cached shader map for material CubeMaterial, compiling. 
[2018.01.22-14.40.12:034][392]LogMaterial: Missing cached shader map for material CubeMaterial, compiling. 
[2018.01.22-14.40.14:708][676]LogMaterial: Missing cached shader map for material CubeMaterial, compiling. 
[2018.01.22-14.40.16:131][828]LogMaterial: Missing cached shader map for material CubeMaterial, compiling. 
[2018.01.22-14.40.17:442][964]LogMaterial: Missing cached shader map for material CubeMaterial, compiling. 
[2018.01.22-14.40.22:568][544]Cmd: OBJ SAVEPACKAGE PACKAGE="/Game/ANAIS_KERI_FLYNN/CubeMaterial" FILE="F:/Uni Work/Journeyman/JMan_Team5/Team5/Content/ANAIS_KERI_FLYNN/CubeMaterial.uasset" SILENT=true
[2018.01.22-14.40.22:582][544]LogSavePackage: Save=12.50ms
[2018.01.22-14.40.22:582][544]LogSavePackage: Moving 'F:/Uni Work/Journeyman/JMan_Team5/Team5/Saved/CubeMaterialD7B290904D6723C162C0BAB760EF3419.tmp' to 'F:/Uni Work/Journeyman/JMan_Team5/Team5/Content/ANAIS_KERI_FLYNN/CubeMaterial.uasset'
[2018.01.22-14.40.22:583][544]LogSavePackage:Display: Finished SavePackage F:/Uni Work/Journeyman/JMan_Team5/Team5/Content/ANAIS_KERI_FLYNN/CubeMaterial.uasset
[2018.01.22-14.40.22:595][544]Cmd: OBJ SAVEPACKAGE PACKAGE="/Game/AARON_DANIELS/CubeMaterial" FILE="F:/Uni Work/Journeyman/JMan_Team5/Team5/Content/AARON_DANIELS/CubeMaterial.uasset" SILENT=true
[2018.01.22-14.40.22:608][544]LogSavePackage: Save=11.68ms
[2018.01.22-14.40.22:608][544]LogSavePackage: Moving 'F:/Uni Work/Journeyman/JMan_Team5/Team5/Saved/CubeMaterialE10EA1684BD23BED3593C5A77DAA8A2B.tmp' to 'F:/Uni Work/Journeyman/JMan_Team5/Team5/Content/AARON_DANIELS/CubeMaterial.uasset'
[2018.01.22-14.40.22:609][544]LogSavePackage:Display: Finished SavePackage F:/Uni Work/Journeyman/JMan_Team5/Team5/Content/AARON_DANIELS/CubeMaterial.uasset
[2018.01.22-14.40.22:623][544]Cmd: OBJ SAVEPACKAGE PACKAGE="/Game/CALLUM_ALEXANDER_JOHNSTON/CubeMaterial" FILE="F:/Uni Work/Journeyman/JMan_Team5/Team5/Content/CALLUM_ALEXANDER_JOHNSTON/CubeMaterial.uasset" SILENT=true
[2018.01.22-14.40.22:636][544]LogSavePackage: Save=11.85ms
[2018.01.22-14.40.22:636][544]LogSavePackage: Moving 'F:/Uni Work/Journeyman/JMan_Team5/Team5/Saved/CubeMaterial789A4F744D2488DD8817E18AE8F9EF2F.tmp' to 'F:/Uni Work/Journeyman/JMan_Team5/Team5/Content/CALLUM_ALEXANDER_JOHNSTON/CubeMaterial.uasset'
[2018.01.22-14.40.22:637][544]LogSavePackage:Display: Finished SavePackage F:/Uni Work/Journeyman/JMan_Team5/Team5/Content/CALLUM_ALEXANDER_JOHNSTON/CubeMaterial.uasset
[2018.01.22-14.40.22:651][544]Cmd: OBJ SAVEPACKAGE PACKAGE="/Game/CAMERON_GAMBLE/CubeMaterial" FILE="F:/Uni Work/Journeyman/JMan_Team5/Team5/Content/CAMERON_GAMBLE/CubeMaterial.uasset" SILENT=true
[2018.01.22-14.40.22:664][544]LogSavePackage: Save=12.21ms
[2018.01.22-14.40.22:664][544]LogSavePackage: Moving 'F:/Uni Work/Journeyman/JMan_Team5/Team5/Saved/CubeMaterial7C4728C94010DD2383FC7BA5D0BE45F8.tmp' to 'F:/Uni Work/Journeyman/JMan_Team5/Team5/Content/CAMERON_GAMBLE/CubeMaterial.uasset'
[2018.01.22-14.40.22:665][544]LogSavePackage:Display: Finished SavePackage F:/Uni Work/Journeyman/JMan_Team5/Team5/Content/CAMERON_GAMBLE/CubeMaterial.uasset
[2018.01.22-14.40.22:677][544]Cmd: OBJ SAVEPACKAGE PACKAGE="/Game/CHENGLIN_HUO/CubeMaterial" FILE="F:/Uni Work/Journeyman/JMan_Team5/Team5/Content/CHENGLIN_HUO/CubeMaterial.uasset" SILENT=true
[2018.01.22-14.40.22:691][544]LogSavePackage: Save=12.24ms
[2018.01.22-14.40.22:691][544]LogSavePackage: Moving 'F:/Uni Work/Journeyman/JMan_Team5/Team5/Saved/CubeMaterialE3F42FA1444BA64CFDAE57BB7A726EB9.tmp' to 'F:/Uni Work/Journeyman/JMan_Team5/Team5/Content/CHENGLIN_HUO/CubeMaterial.uasset'
[2018.01.22-14.40.22:692][544]LogSavePackage:Display: Finished SavePackage F:/Uni Work/Journeyman/JMan_Team5/Team5/Content/CHENGLIN_HUO/CubeMaterial.uasset
[2018.01.22-14.40.22:704][544]Cmd: OBJ SAVEPACKAGE PACKAGE="/Game/DANIEL_JAMES_COLLINS/CubeMaterial" FILE="F:/Uni Work/Journeyman/JMan_Team5/Team5/Content/DANIEL_JAMES_COLLINS/CubeMaterial.uasset" SILENT=true
[2018.01.22-14.40.22:717][544]LogSavePackage: Save=11.57ms
[2018.01.22-14.40.22:717][544]LogSavePackage: Moving 'F:/Uni Work/Journeyman/JMan_Team5/Team5/Saved/CubeMaterialDFB1A59F4F6F9461AB75E79FE1F0090E.tmp' to 'F:/Uni Work/Journeyman/JMan_Team5/Team5/Content/DANIEL_JAMES_COLLINS/CubeMaterial.uasset'
[2018.01.22-14.40.22:718][544]LogSavePackage:Display: Finished SavePackage F:/Uni Work/Journeyman/JMan_Team5/Team5/Content/DANIEL_JAMES_COLLINS/CubeMaterial.uasset
[2018.01.22-14.40.22:731][544]Cmd: OBJ SAVEPACKAGE PACKAGE="/Game/DEMI-SOPHIA_WALTON_GRAHAM/CubeMaterial" FILE="F:/Uni Work/Journeyman/JMan_Team5/Team5/Content/DEMI-SOPHIA_WALTON_GRAHAM/CubeMaterial.uasset" SILENT=true
[2018.01.22-14.40.22:744][544]LogSavePackage: Save=12.04ms
[2018.01.22-14.40.22:744][544]LogSavePackage: Moving 'F:/Uni Work/Journeyman/JMan_Team5/Team5/Saved/CubeMaterial9C290B0744C20BD42EAA1C87FC35A1A2.tmp' to 'F:/Uni Work/Journeyman/JMan_Team5/Team5/Content/DEMI-SOPHIA_WALTON_GRAHAM/CubeMaterial.uasset'
[2018.01.22-14.40.22:745][544]LogSavePackage:Display: Finished SavePackage F:/Uni Work/Journeyman/JMan_Team5/Team5/Content/DEMI-SOPHIA_WALTON_GRAHAM/CubeMaterial.uasset
[2018.01.22-14.40.22:756][544]Cmd: OBJ SAVEPACKAGE PACKAGE="/Game/JAMES_HARRY_DIXON/CubeMaterial" FILE="F:/Uni Work/Journeyman/JMan_Team5/Team5/Content/JAMES_HARRY_DIXON/CubeMaterial.uasset" SILENT=true
[2018.01.22-14.40.22:769][544]LogSavePackage: Save=11.71ms
[2018.01.22-14.40.22:769][544]LogSavePackage: Moving 'F:/Uni Work/Journeyman/JMan_Team5/Team5/Saved/CubeMaterialA189F6D04C729D4B5E2578825E769B3E.tmp' to 'F:/Uni Work/Journeyman/JMan_Team5/Team5/Content/JAMES_HARRY_DIXON/CubeMaterial.uasset'
[2018.01.22-14.40.22:770][544]LogSavePackage:Display: Finished SavePackage F:/Uni Work/Journeyman/JMan_Team5/Team5/Content/JAMES_HARRY_DIXON/CubeMaterial.uasset
[2018.01.22-14.40.22:782][544]Cmd: OBJ SAVEPACKAGE PACKAGE="/Game/DEVAN_MORGAN-TAYLOR/CubeMaterial" FILE="F:/Uni Work/Journeyman/JMan_Team5/Team5/Content/DEVAN_MORGAN-TAYLOR/CubeMaterial.uasset" SILENT=true
[2018.01.22-14.40.22:795][544]LogSavePackage: Save=12.05ms
[2018.01.22-14.40.22:795][544]LogSavePackage: Moving 'F:/Uni Work/Journeyman/JMan_Team5/Team5/Saved/CubeMaterial4DEF79AE49405389592013A4615D93A7.tmp' to 'F:/Uni Work/Journeyman/JMan_Team5/Team5/Content/DEVAN_MORGAN-TAYLOR/CubeMaterial.uasset'
[2018.01.22-14.40.22:796][544]LogSavePackage:Display: Finished SavePackage F:/Uni Work/Journeyman/JMan_Team5/Team5/Content/DEVAN_MORGAN-TAYLOR/CubeMaterial.uasset
[2018.01.22-14.40.22:807][544]Cmd: OBJ SAVEPACKAGE PACKAGE="/Game/JOE_ALGIE/CubeMaterial" FILE="F:/Uni Work/Journeyman/JMan_Team5/Team5/Content/JOE_ALGIE/CubeMaterial.uasset" SILENT=true
[2018.01.22-14.40.22:820][544]LogSavePackage: Save=11.62ms
[2018.01.22-14.40.22:820][544]LogSavePackage: Moving 'F:/Uni Work/Journeyman/JMan_Team5/Team5/Saved/CubeMaterial843096CD4F3B6293EAFC31A5B6582883.tmp' to 'F:/Uni Work/Journeyman/JMan_Team5/Team5/Content/JOE_ALGIE/CubeMaterial.uasset'
[2018.01.22-14.40.22:821][544]LogSavePackage:Display: Finished SavePackage F:/Uni Work/Journeyman/JMan_Team5/Team5/Content/JOE_ALGIE/CubeMaterial.uasset
[2018.01.22-14.40.22:832][544]Cmd: OBJ SAVEPACKAGE PACKAGE="/Game/JOSHUA_VASILIOU/CubeMaterial" FILE="F:/Uni Work/Journeyman/JMan_Team5/Team5/Content/JOSHUA_VASILIOU/CubeMaterial.uasset" SILENT=true
[2018.01.22-14.40.22:845][544]LogSavePackage: Save=12.03ms
[2018.01.22-14.40.22:845][544]LogSavePackage: Moving 'F:/Uni Work/Journeyman/JMan_Team5/Team5/Saved/CubeMaterial2ED2895943F508F49DF394BC2F3E6026.tmp' to 'F:/Uni Work/Journeyman/JMan_Team5/Team5/Content/JOSHUA_VASILIOU/CubeMaterial.uasset'
[2018.01.22-14.40.22:846][544]LogSavePackage:Display: Finished SavePackage F:/Uni Work/Journeyman/JMan_Team5/Team5/Content/JOSHUA_VASILIOU/CubeMaterial.uasset
[2018.01.22-14.40.22:858][544]Cmd: OBJ SAVEPACKAGE PACKAGE="/Game/LUKE_MANSELL/CubeMaterial" FILE="F:/Uni Work/Journeyman/JMan_Team5/Team5/Content/LUKE_MANSELL/CubeMaterial.uasset" SILENT=true
[2018.01.22-14.40.22:871][544]LogSavePackage: Save=12.56ms
[2018.01.22-14.40.22:871][544]LogSavePackage: Moving 'F:/Uni Work/Journeyman/JMan_Team5/Team5/Saved/CubeMaterial3C6F09704A24A5157A8958B3010C283B.tmp' to 'F:/Uni Work/Journeyman/JMan_Team5/Team5/Content/LUKE_MANSELL/CubeMaterial.uasset'
[2018.01.22-14.40.22:873][544]LogSavePackage:Display: Finished SavePackage F:/Uni Work/Journeyman/JMan_Team5/Team5/Content/LUKE_MANSELL/CubeMaterial.uasset
[2018.01.22-14.40.22:883][544]Cmd: OBJ SAVEPACKAGE PACKAGE="/Game/PATRICK_YARNOLD/CubeMaterial" FILE="F:/Uni Work/Journeyman/JMan_Team5/Team5/Content/PATRICK_YARNOLD/CubeMaterial.uasset" SILENT=true
[2018.01.22-14.40.22:897][544]LogSavePackage: Save=12.07ms
[2018.01.22-14.40.22:897][544]LogSavePackage: Moving 'F:/Uni Work/Journeyman/JMan_Team5/Team5/Saved/CubeMaterial1FF5476047A3B5917CE19D82D87A0440.tmp' to 'F:/Uni Work/Journeyman/JMan_Team5/Team5/Content/PATRICK_YARNOLD/CubeMaterial.uasset'
[2018.01.22-14.40.22:898][544]LogSavePackage:Display: Finished SavePackage F:/Uni Work/Journeyman/JMan_Team5/Team5/Content/PATRICK_YARNOLD/CubeMaterial.uasset
[2018.01.22-14.40.22:908][544]Cmd: OBJ SAVEPACKAGE PACKAGE="/Game/PAULIUS_SIVECAS/CubeMaterial" FILE="F:/Uni Work/Journeyman/JMan_Team5/Team5/Content/PAULIUS_SIVECAS/CubeMaterial.uasset" SILENT=true
[2018.01.22-14.40.22:922][544]LogSavePackage: Save=12.14ms
[2018.01.22-14.40.22:922][544]LogSavePackage: Moving 'F:/Uni Work/Journeyman/JMan_Team5/Team5/Saved/CubeMaterialC101E1C34BBE972B7A5EC5AB623C77AB.tmp' to 'F:/Uni Work/Journeyman/JMan_Team5/Team5/Content/PAULIUS_SIVECAS/CubeMaterial.uasset'
[2018.01.22-14.40.22:923][544]LogSavePackage:Display: Finished SavePackage F:/Uni Work/Journeyman/JMan_Team5/Team5/Content/PAULIUS_SIVECAS/CubeMaterial.uasset
[2018.01.22-14.40.22:935][544]Cmd: OBJ SAVEPACKAGE PACKAGE="/Game/RICHARD_LANE/CubeMaterial" FILE="F:/Uni Work/Journeyman/JMan_Team5/Team5/Content/RICHARD_LANE/CubeMaterial.uasset" SILENT=true
[2018.01.22-14.40.22:947][544]LogSavePackage: Save=11.74ms
[2018.01.22-14.40.22:947][544]LogSavePackage: Moving 'F:/Uni Work/Journeyman/JMan_Team5/Team5/Saved/CubeMaterial49A697D54F2FCFB6801C43925AB80870.tmp' to 'F:/Uni Work/Journeyman/JMan_Team5/Team5/Content/RICHARD_LANE/CubeMaterial.uasset'
[2018.01.22-14.40.22:949][544]LogSavePackage:Display: Finished SavePackage F:/Uni Work/Journeyman/JMan_Team5/Team5/Content/RICHARD_LANE/CubeMaterial.uasset
[2018.01.22-14.40.22:959][544]Cmd: OBJ SAVEPACKAGE PACKAGE="/Game/RYAN_WILLIAM_SULLIVAN/CubeMaterial" FILE="F:/Uni Work/Journeyman/JMan_Team5/Team5/Content/RYAN_WILLIAM_SULLIVAN/CubeMaterial.uasset" SILENT=true
[2018.01.22-14.40.22:973][544]LogSavePackage: Save=11.96ms
[2018.01.22-14.40.22:973][544]LogSavePackage: Moving 'F:/Uni Work/Journeyman/JMan_Team5/Team5/Saved/CubeMaterial43F0BCEA4E02431450AD0FA25804BAEB.tmp' to 'F:/Uni Work/Journeyman/JMan_Team5/Team5/Content/RYAN_WILLIAM_SULLIVAN/CubeMaterial.uasset'
[2018.01.22-14.40.22:974][544]LogSavePackage:Display: Finished SavePackage F:/Uni Work/Journeyman/JMan_Team5/Team5/Content/RYAN_WILLIAM_SULLIVAN/CubeMaterial.uasset
[2018.01.22-14.40.22:985][544]Cmd: OBJ SAVEPACKAGE PACKAGE="/Game/THOMAS_PEACOCK/CubeMaterial" FILE="F:/Uni Work/Journeyman/JMan_Team5/Team5/Content/THOMAS_PEACOCK/CubeMaterial.uasset" SILENT=true
[2018.01.22-14.40.22:998][544]LogSavePackage: Save=11.72ms
[2018.01.22-14.40.22:998][544]LogSavePackage: Moving 'F:/Uni Work/Journeyman/JMan_Team5/Team5/Saved/CubeMaterialB974AE804B8082188B5663825AC9C749.tmp' to 'F:/Uni Work/Journeyman/JMan_Team5/Team5/Content/THOMAS_PEACOCK/CubeMaterial.uasset'
[2018.01.22-14.40.22:999][544]LogSavePackage:Display: Finished SavePackage F:/Uni Work/Journeyman/JMan_Team5/Team5/Content/THOMAS_PEACOCK/CubeMaterial.uasset
[2018.01.22-14.40.23:010][544]Cmd: OBJ SAVEPACKAGE PACKAGE="/Game/WILLIAM_UNWIN/CubeMaterial" FILE="F:/Uni Work/Journeyman/JMan_Team5/Team5/Content/WILLIAM_UNWIN/CubeMaterial.uasset" SILENT=true
[2018.01.22-14.40.23:024][544]LogSavePackage: Save=12.36ms
[2018.01.22-14.40.23:024][544]LogSavePackage: Moving 'F:/Uni Work/Journeyman/JMan_Team5/Team5/Saved/CubeMaterial6515325044870ABC5880779FF8BDC1D5.tmp' to 'F:/Uni Work/Journeyman/JMan_Team5/Team5/Content/WILLIAM_UNWIN/CubeMaterial.uasset'
[2018.01.22-14.40.23:025][544]LogSavePackage:Display: Finished SavePackage F:/Uni Work/Journeyman/JMan_Team5/Team5/Content/WILLIAM_UNWIN/CubeMaterial.uasset
[2018.01.22-14.40.23:038][544]Cmd: OBJ SAVEPACKAGE PACKAGE="/Game/ZHANGQIUSHI_WANG/CubeMaterial" FILE="F:/Uni Work/Journeyman/JMan_Team5/Team5/Content/ZHANGQIUSHI_WANG/CubeMaterial.uasset" SILENT=true
[2018.01.22-14.40.23:052][544]LogSavePackage: Save=13.26ms
[2018.01.22-14.40.23:052][544]LogSavePackage: Moving 'F:/Uni Work/Journeyman/JMan_Team5/Team5/Saved/CubeMaterial0D22277D4A3AEDFFE275EAAD8D446796.tmp' to 'F:/Uni Work/Journeyman/JMan_Team5/Team5/Content/ZHANGQIUSHI_WANG/CubeMaterial.uasset'
[2018.01.22-14.40.23:053][544]LogSavePackage:Display: Finished SavePackage F:/Uni Work/Journeyman/JMan_Team5/Team5/Content/ZHANGQIUSHI_WANG/CubeMaterial.uasset
[2018.01.22-14.40.43:240][799]LogSlate: Only BGRA pngs, bmps or icos are supported in by External Image Picker
[2018.01.22-14.40.43:281][801]LogTemp: Executing iPhonePackager certificates Engine -bundlename com.YourCompany.Team5
[2018.01.22-14.40.43:281][801]LogTemp: CWD: C:\Program Files\Epic Games\UE_4.16\Engine\Binaries\DotNET\IOS
[2018.01.22-14.40.43:281][801]LogTemp: Initial Dir: C:\Program Files\Epic Games\UE_4.16
[2018.01.22-14.40.43:281][801]LogTemp: Env CWD: C:\Program Files\Epic Games\UE_4.16\Engine\Binaries\DotNET\IOS
[2018.01.22-14.40.43:281][801]LogTemp: BranchPath = DESKTOP-M7J346A/C/Program Files/Epic Games/UE_4.16/Engine/Binaries --- GameBranchPath = DESKTOP-M7J346A/C/Program Files/Epic Games/UE_4.16/Engine/Binaries
[2018.01.22-14.40.43:294][803]LogTemp: IPP ERROR: Could not find provision directory 'C:\Users\Harry\AppData\Local/Apple Computer/MobileDevice/Provisioning Profiles/'.
[2018.01.22-14.40.50:838][679]Cmd: QUIT_EDITOR
[2018.01.22-14.40.51:056][679]LogWindowsTextInputMethodSystem:Display: IME system now deactivated.
[2018.01.22-14.40.51:059][679]LogExit: Preparing to exit.
[2018.01.22-14.40.51:928][679]LogExit: Editor shut down
[2018.01.22-14.40.51:929][679]LogExit: Transaction tracking system shut down
[2018.01.22-14.40.51:980][679]LogObj: Freed 0b from 0 cluster array pools.
[2018.01.22-14.40.51:980][679]LogExit: Object subsystem successfully closed.
[2018.01.22-14.40.51:994][679]LogD3D11RHI: Shutdown
[2018.01.22-14.40.51:994][679]LogD3D11RHI: CleanupD3DDevice
[2018.01.22-14.40.52:056][679]LogD3D11RHI: ~FD3D11DynamicRHI
[2018.01.22-14.40.52:067][679]LogModuleManager: Shutting down and abandoning module MovieSceneCapture (528)
[2018.01.22-14.40.52:067][679]LogModuleManager: Shutting down and abandoning module HierarchicalLODOutliner (526)
[2018.01.22-14.40.52:067][679]LogModuleManager: Shutting down and abandoning module ExternalImagePicker (524)
[2018.01.22-14.40.52:067][679]LogModuleManager: Shutting down and abandoning module CrashTracker (522)
[2018.01.22-14.40.52:067][679]LogModuleManager: Shutting down and abandoning module SceneOutliner (520)
[2018.01.22-14.40.52:067][679]LogModuleManager: Shutting down and abandoning module AddContentDialog (518)
[2018.01.22-14.40.52:067][679]LogDirectoryWatcher: A directory notification for 'C:/Program Files/Epic Games/UE_4.16/FeaturePacks/' was aborted.
[2018.01.22-14.40.52:068][679]LogModuleManager: Shutting down and abandoning module WidgetCarousel (517)
[2018.01.22-14.40.52:068][679]LogModuleManager: Shutting down and abandoning module EditorWidgets (514)
[2018.01.22-14.40.52:068][679]LogModuleManager: Shutting down and abandoning module CollectionManager (512)
[2018.01.22-14.40.52:068][679]LogDirectoryWatcher: A directory notification for 'F:/Uni Work/Journeyman/JMan_Team5/Team5/Content/Collections/' was aborted.
[2018.01.22-14.40.52:068][679]LogDirectoryWatcher: A directory notification for 'F:/Uni Work/Journeyman/JMan_Team5/Team5/Content/Developers/Harry/Collections/' was aborted.
[2018.01.22-14.40.52:068][679]LogDirectoryWatcher: A directory notification for 'F:/Uni Work/Journeyman/JMan_Team5/Team5/Saved/Collections/' was aborted.
[2018.01.22-14.40.52:068][679]LogModuleManager: Shutting down and abandoning module StatsViewer (510)
[2018.01.22-14.40.52:068][679]LogModuleManager: Shutting down and abandoning module FoliageEdit (508)
[2018.01.22-14.40.52:068][679]LogModuleManager: Shutting down and abandoning module LandscapeEditor (506)
[2018.01.22-14.40.52:068][679]LogModuleManager: Shutting down and abandoning module MeshPaintMode (504)
[2018.01.22-14.40.52:068][679]LogModuleManager: Shutting down and abandoning module SceneDepthPickerMode (502)
[2018.01.22-14.40.52:068][679]LogModuleManager: Shutting down and abandoning module ActorPickerMode (500)
[2018.01.22-14.40.52:068][679]LogModuleManager: Shutting down and abandoning module GeometryMode (498)
[2018.01.22-14.40.52:068][679]LogModuleManager: Shutting down and abandoning module TextureAlignMode (496)
[2018.01.22-14.40.52:068][679]LogModuleManager: Shutting down and abandoning module BspMode (494)
[2018.01.22-14.40.52:068][679]LogModuleManager: Shutting down and abandoning module HardwareSurvey (492)
[2018.01.22-14.40.52:068][679]LogModuleManager: Shutting down and abandoning module SequenceRecorderSections (490)
[2018.01.22-14.40.52:068][679]LogModuleManager: Shutting down and abandoning module AutomationWorker (488)
[2018.01.22-14.40.52:068][679]LogModuleManager: Shutting down and abandoning module MatineeToLevelSequence (486)
[2018.01.22-14.40.52:068][679]LogModuleManager: Shutting down and abandoning module LevelSequenceEditor (484)
[2018.01.22-14.40.52:069][679]LogModuleManager: Shutting down and abandoning module PlacementMode (483)
[2018.01.22-14.40.52:069][679]LogModuleManager: Shutting down and abandoning module WmfMediaFactory (480)
[2018.01.22-14.40.52:069][679]LogModuleManager: Shutting down and abandoning module WmfMediaEditor (478)
[2018.01.22-14.40.52:069][679]LogModuleManager: Shutting down and abandoning module AvfMediaFactory (476)
[2018.01.22-14.40.52:069][679]LogModuleManager: Shutting down and abandoning module AvfMediaEditor (474)
[2018.01.22-14.40.52:069][679]LogModuleManager: Shutting down and abandoning module AndroidMediaFactory (472)
[2018.01.22-14.40.52:069][679]LogModuleManager: Shutting down and abandoning module Media (471)
[2018.01.22-14.40.52:069][679]LogModuleManager: Shutting down and abandoning module AndroidMediaEditor (468)
[2018.01.22-14.40.52:069][679]LogModuleManager: Shutting down and abandoning module CharacterAI (466)
[2018.01.22-14.40.52:069][679]LogModuleManager: Shutting down and abandoning module AudioCapture (464)
[2018.01.22-14.40.52:069][679]LogModuleManager: Shutting down and abandoning module SequenceRecorder (463)
[2018.01.22-14.40.52:069][679]LogModuleManager: Shutting down and abandoning module SmartSnapping (460)
[2018.01.22-14.40.52:069][679]LogModuleManager: Shutting down and abandoning module SessionServices (458)
[2018.01.22-14.40.52:069][679]LogModuleManager: Shutting down and abandoning module ViewportSnapping (456)
[2018.01.22-14.40.52:069][679]LogModuleManager: Shutting down and abandoning module ViewportInteraction (454)
[2018.01.22-14.40.52:069][679]LogModuleManager: Shutting down and abandoning module ClothPainter (452)
[2018.01.22-14.40.52:069][679]LogModuleManager: Shutting down and abandoning module LogVisualizer (450)
[2018.01.22-14.40.52:069][679]LogModuleManager: Shutting down and abandoning module IntroTutorials (448)
[2018.01.22-14.40.52:069][679]LogModuleManager: Shutting down and abandoning module GameProjectGeneration (447)
[2018.01.22-14.40.52:069][679]LogModuleManager: Shutting down and abandoning module EditorLiveStreaming (444)
[2018.01.22-14.40.52:069][679]LogModuleManager: Shutting down and abandoning module IOSPlatformEditor (442)
[2018.01.22-14.40.52:069][679]LogModuleManager: Shutting down and abandoning module HTML5PlatformEditor (440)
[2018.01.22-14.40.52:069][679]LogModuleManager: Shutting down and abandoning module AndroidPlatformEditor (438)
[2018.01.22-14.40.52:069][679]LogModuleManager: Shutting down and abandoning module AndroidDeviceDetection (437)
[2018.01.22-14.40.52:867][679]LogModuleManager: Shutting down and abandoning module IOSRuntimeSettings (434)
[2018.01.22-14.40.52:867][679]LogModuleManager: Shutting down and abandoning module AndroidRuntimeSettings (432)
[2018.01.22-14.40.52:867][679]LogModuleManager: Shutting down and abandoning module InputBindingEditor (430)
[2018.01.22-14.40.52:867][679]LogModuleManager: Shutting down and abandoning module MergeActors (428)
[2018.01.22-14.40.52:867][679]LogModuleManager: Shutting down and abandoning module SizeMap (426)
[2018.01.22-14.40.52:867][679]LogModuleManager: Shutting down and abandoning module TreeMap (424)
[2018.01.22-14.40.52:867][679]LogModuleManager: Shutting down and abandoning module ReferenceViewer (422)
[2018.01.22-14.40.52:867][679]LogModuleManager: Shutting down and abandoning module LocalizationDashboard (420)
[2018.01.22-14.40.52:867][679]LogModuleManager: Shutting down and abandoning module LocalizationService (419)
[2018.01.22-14.40.52:867][679]LogModuleManager: Shutting down and abandoning module HardwareTargeting (416)
[2018.01.22-14.40.52:867][679]LogModuleManager: Shutting down and abandoning module DeviceProfileEditor (414)
[2018.01.22-14.40.52:867][679]LogModuleManager: Shutting down and abandoning module UndoHistory (412)
[2018.01.22-14.40.52:867][679]LogModuleManager: Shutting down and abandoning module UserFeedback (410)
[2018.01.22-14.40.52:867][679]LogModuleManager: Shutting down and abandoning module XmlParser (408)
[2018.01.22-14.40.52:867][679]LogModuleManager: Shutting down and abandoning module Blutility (406)
[2018.01.22-14.40.52:867][679]LogModuleManager: Shutting down and abandoning module ProjectSettingsViewer (404)
[2018.01.22-14.40.52:867][679]LogModuleManager: Shutting down and abandoning module ProjectTargetPlatformEditor (403)
[2018.01.22-14.40.52:867][679]LogModuleManager: Shutting down and abandoning module EditorSettingsViewer (400)
[2018.01.22-14.40.52:867][679]LogModuleManager: Shutting down and abandoning module SettingsEditor (398)
[2018.01.22-14.40.52:867][679]LogModuleManager: Shutting down and abandoning module ProjectLauncher (396)
[2018.01.22-14.40.52:868][679]LogModuleManager: Shutting down and abandoning module SessionFrontend (394)
[2018.01.22-14.40.52:868][679]LogModuleManager: Shutting down and abandoning module ProfilerClient (392)
[2018.01.22-14.40.52:868][679]LogModuleManager: Shutting down and abandoning module DeviceManager (390)
[2018.01.22-14.40.52:868][679]LogModuleManager: Shutting down and abandoning module TargetDeviceServices (389)
[2018.01.22-14.40.52:921][679]LogModuleManager: Shutting down and abandoning module AutomationController (386)
[2018.01.22-14.40.52:921][679]LogModuleManager: Shutting down and abandoning module AutomationWindow (384)
[2018.01.22-14.40.52:921][679]LogModuleManager: Shutting down and abandoning module Layers (382)
[2018.01.22-14.40.52:921][679]LogModuleManager: Shutting down and abandoning module ComponentVisualizers (380)
[2018.01.22-14.40.52:921][679]LogModuleManager: Shutting down and abandoning module DetailCustomizations (378)
[2018.01.22-14.40.52:921][679]LogModuleManager: Shutting down and abandoning module PackagesDialog (376)
[2018.01.22-14.40.52:921][679]LogModuleManager: Shutting down and abandoning module Persona (374)
[2018.01.22-14.40.52:921][679]LogModuleManager: Shutting down and abandoning module AdvancedPreviewScene (373)
[2018.01.22-14.40.52:921][679]LogModuleManager: Shutting down and abandoning module AnimGraph (371)
[2018.01.22-14.40.52:921][679]LogModuleManager: Shutting down and abandoning module Kismet (368)
[2018.01.22-14.40.52:921][679]LogModuleManager: Shutting down and abandoning module ClassViewer (366)
[2018.01.22-14.40.52:921][679]LogModuleManager: Shutting down and abandoning module Toolbox (364)
[2018.01.22-14.40.52:921][679]LogModuleManager: Shutting down and abandoning module ModuleUI (362)
[2018.01.22-14.40.52:921][679]LogModuleManager: Shutting down and abandoning module MovieSceneTools (360)
[2018.01.22-14.40.52:921][679]LogModuleManager: Shutting down and abandoning module OutputLog (358)
[2018.01.22-14.40.52:921][679]LogModuleManager: Shutting down and abandoning module GammaUI (356)
[2018.01.22-14.40.52:921][679]LogModuleManager: Shutting down and abandoning module Documentation (354)
[2018.01.22-14.40.52:922][679]LogModuleManager: Shutting down and abandoning module MovieSceneTracks (352)
[2018.01.22-14.40.52:922][679]LogModuleManager: Shutting down and abandoning module MovieScene (350)
[2018.01.22-14.40.52:922][679]LogModuleManager: Shutting down and abandoning module Niagara (348)
[2018.01.22-14.40.52:922][679]LogModuleManager: Shutting down and abandoning module NiagaraEditor (347)
[2018.01.22-14.40.52:922][679]LogModuleManager: Shutting down and abandoning module StreamingPauseRendering (344)
[2018.01.22-14.40.52:922][679]LogModuleManager: Shutting down and abandoning module AnalyticsET (342)
[2018.01.22-14.40.52:922][679]LogModuleManager: Shutting down and abandoning module PortalServices (340)
[2018.01.22-14.40.52:922][679]LogModuleManager: Shutting down and abandoning module PortalRpc (338)
[2018.01.22-14.40.52:923][679]LogModuleManager: Shutting down and abandoning module MessagingRpc (336)
[2018.01.22-14.40.52:923][679]LogModuleManager: Shutting down and abandoning module AIModule (334)
[2018.01.22-14.40.52:923][679]LogModuleManager: Shutting down and abandoning module GameplayDebugger (333)
[2018.01.22-14.40.52:923][679]LogModuleManager: Shutting down and abandoning module AITestSuite (331)
[2018.01.22-14.40.52:923][679]LogModuleManager: Shutting down and abandoning module ProfilerService (328)
[2018.01.22-14.40.53:125][679]LogModuleManager: Shutting down and abandoning module TaskGraph (326)
[2018.01.22-14.40.53:125][679]LogModuleManager: Shutting down and abandoning module SteamVRController (324)
[2018.01.22-14.40.53:125][679]LogModuleManager: Shutting down and abandoning module SteamVR (322)
[2018.01.22-14.40.53:125][679]LogModuleManager: Shutting down and abandoning module ProceduralMeshComponentEditor (320)
[2018.01.22-14.40.53:125][679]LogModuleManager: Shutting down and abandoning module ProceduralMeshComponent (318)
[2018.01.22-14.40.53:125][679]LogModuleManager: Shutting down and abandoning module OculusLibrary (316)
[2018.01.22-14.40.53:125][679]LogModuleManager: Shutting down and abandoning module OculusInput (314)
[2018.01.22-14.40.53:125][679]LogModuleManager: Shutting down and abandoning module MobilePatchingUtils (312)
[2018.01.22-14.40.53:125][679]LogModuleManager: Shutting down and abandoning module CustomMeshComponent (310)
[2018.01.22-14.40.53:125][679]LogModuleManager: Shutting down and abandoning module CableComponent (308)
[2018.01.22-14.40.53:125][679]LogModuleManager: Shutting down and abandoning module ArchVisCharacter (306)
[2018.01.22-14.40.53:125][679]LogModuleManager: Shutting down and abandoning module AndroidPermission (304)
[2018.01.22-14.40.53:125][679]LogModuleManager: Shutting down and abandoning module MediaPlayerEditor (300)
[2018.01.22-14.40.53:125][679]LogModuleManager: Shutting down and abandoning module HTML5Networking (298)
[2018.01.22-14.40.53:125][679]LogModuleManager: Shutting down and abandoning module AlembicImporter (296)
[2018.01.22-14.40.53:125][679]LogModuleManager: Shutting down and abandoning module AlembicLibrary (295)
[2018.01.22-14.40.53:125][679]LogModuleManager: Shutting down and abandoning module GeometryCache (294)
[2018.01.22-14.40.53:125][679]LogModuleManager: Shutting down and abandoning module GeometryCacheEd (293)
[2018.01.22-14.40.53:125][679]LogModuleManager: Shutting down and abandoning module SuperSearchEditor (288)
[2018.01.22-14.40.53:125][679]LogModuleManager: Shutting down and abandoning module SuperSearch (287)
[2018.01.22-14.40.53:125][679]LogModuleManager: Shutting down and abandoning module SpeedTreeImporter (284)
[2018.01.22-14.40.53:125][679]LogModuleManager: Shutting down and abandoning module PluginBrowser (282)
[2018.01.22-14.40.53:125][679]LogModuleManager: Shutting down and abandoning module MobileLauncherProfileWizard (280)
[2018.01.22-14.40.53:125][679]LogModuleManager: Shutting down and abandoning module VisualStudioSourceCodeAccess (278)
[2018.01.22-14.40.53:125][679]LogModuleManager: Shutting down and abandoning module DesktopPlatform (277)
[2018.01.22-14.40.53:125][679]LogModuleManager: Shutting down and abandoning module UObjectPlugin (274)
[2018.01.22-14.40.53:125][679]LogModuleManager: Shutting down and abandoning module SubversionSourceControl (272)
[2018.01.22-14.40.53:125][679]LogModuleManager: Shutting down and abandoning module PerforceSourceControl (270)
[2018.01.22-14.40.53:125][679]LogModuleManager: Shutting down and abandoning module GitSourceControl (268)
[2018.01.22-14.40.53:125][679]LogModuleManager: Shutting down and abandoning module SourceControl (267)
[2018.01.22-14.40.53:125][679]LogModuleManager: Shutting down and abandoning module LightPropagationVolumeEditor (264)
[2018.01.22-14.40.53:125][679]LogModuleManager: Shutting down and abandoning module PaperTiledImporter (262)
[2018.01.22-14.40.53:125][679]LogModuleManager: Shutting down and abandoning module PaperSpriteSheetImporter (260)
[2018.01.22-14.40.53:125][679]LogModuleManager: Shutting down and abandoning module Paper2DEditor (258)
[2018.01.22-14.40.53:125][679]LogModuleManager: Shutting down and abandoning module MeshPaint (257)
[2018.01.22-14.40.53:125][679]LogModuleManager: Shutting down and abandoning module LevelEditor (255)
[2018.01.22-14.40.53:125][679]LogModuleManager: Shutting down and abandoning module PixelInspectorModule (254)
[2018.01.22-14.40.53:125][679]LogModuleManager: Shutting down and abandoning module MainFrame (252)
[2018.01.22-14.40.53:126][679]LogModuleManager: Shutting down and abandoning module HotReload (251)
[2018.01.22-14.40.53:126][679]LogModuleManager: Shutting down and abandoning module PhysXVehiclesEditor (246)
[2018.01.22-14.40.53:126][679]LogModuleManager: Shutting down and abandoning module PhysXVehicles (244)
[2018.01.22-14.40.53:126][679]LogModuleManager: Shutting down and abandoning module LocationServicesBPLibrary (242)
[2018.01.22-14.40.53:126][679]LogModuleManager: Shutting down and abandoning module ImmediatePhysicsEditor (240)
[2018.01.22-14.40.53:126][679]LogModuleManager: Shutting down and abandoning module ImmediatePhysics (238)
[2018.01.22-14.40.53:126][679]LogModuleManager: Shutting down and abandoning module UdpMessaging (236)
[2018.01.22-14.40.53:226][679]LogModuleManager: Shutting down and abandoning module TcpMessaging (234)
[2018.01.22-14.40.53:327][679]LogModuleManager: Shutting down and abandoning module GameplayTagsEditor (232)
[2018.01.22-14.40.53:327][679]LogModuleManager: Shutting down and abandoning module FacialAnimationEditor (230)
[2018.01.22-14.40.53:327][679]LogModuleManager: Shutting down and abandoning module FacialAnimation (228)
[2018.01.22-14.40.53:327][679]LogModuleManager: Shutting down and abandoning module AssetManagerEditor (226)
[2018.01.22-14.40.53:327][679]LogModuleManager: Shutting down and abandoning module GraphEditor (225)
[2018.01.22-14.40.53:327][679]LogModuleManager: Shutting down and abandoning module ContentBrowser (223)
[2018.01.22-14.40.53:327][679]LogModuleManager: Shutting down and abandoning module LightPropagationVolumeRuntime (220)
[2018.01.22-14.40.53:327][679]LogModuleManager: Shutting down and abandoning module Paper2D (218)
[2018.01.22-14.40.53:327][679]LogModuleManager: Shutting down and abandoning module WindowsMoviePlayer (216)
[2018.01.22-14.40.53:327][679]LogModuleManager: Shutting down and abandoning module WmfMedia (214)
[2018.01.22-14.40.53:329][679]LogModuleManager: Shutting down and abandoning module ClothingSystemEditor (212)
[2018.01.22-14.40.53:329][679]LogModuleManager: Shutting down and abandoning module ClothingSystemRuntime (210)
[2018.01.22-14.40.53:329][679]LogModuleManager: Shutting down and abandoning module MediaAssets (208)
[2018.01.22-14.40.53:329][679]LogModuleManager: Shutting down and abandoning module GameLiveStreaming (206)
[2018.01.22-14.40.53:329][679]LogModuleManager: Shutting down and abandoning module VREditor (204)
[2018.01.22-14.40.53:329][679]LogModuleManager: Shutting down and abandoning module StringTableEditor (202)
[2018.01.22-14.40.53:329][679]LogModuleManager: Shutting down and abandoning module GameplayTasksEditor (200)
[2018.01.22-14.40.53:329][679]LogModuleManager: Shutting down and abandoning module BehaviorTreeEditor (198)
[2018.01.22-14.40.53:329][679]LogModuleManager: Shutting down and abandoning module FunctionalTesting (196)
[2018.01.22-14.40.53:329][679]LogModuleManager: Shutting down and abandoning module CollisionAnalyzer (194)
[2018.01.22-14.40.53:329][679]LogModuleManager: Shutting down and abandoning module UMG (192)
[2018.01.22-14.40.53:329][679]LogModuleManager: Shutting down and abandoning module UMGEditor (191)
[2018.01.22-14.40.53:329][679]LogModuleManager: Shutting down and abandoning module Sequencer (190)
[2018.01.22-14.40.53:329][679]LogModuleManager: Shutting down and abandoning module AssetTools (188)
[2018.01.22-14.40.53:329][679]LogModuleManager: Shutting down and abandoning module MessageLog (187)
[2018.01.22-14.40.53:329][679]LogModuleManager: Shutting down and abandoning module WorkspaceMenuStructure (186)
[2018.01.22-14.40.53:329][679]LogModuleManager: Shutting down and abandoning module SlateReflector (180)
[2018.01.22-14.40.53:329][679]LogModuleManager: Shutting down and abandoning module Slate (178)
[2018.01.22-14.40.53:329][679]LogModuleManager: Shutting down and abandoning module EditorStyle (176)
[2018.01.22-14.40.53:331][679]LogModuleManager: Shutting down and abandoning module SourceCodeAccess (174)
[2018.01.22-14.40.53:331][679]LogModuleManager: Shutting down and abandoning module HeadMountedDisplay (172)
[2018.01.22-14.40.53:331][679]LogModuleManager: Shutting down and abandoning module XAudio2 (170)
[2018.01.22-14.40.53:331][679]LogModuleManager: Shutting down and abandoning module Networking (168)
[2018.01.22-14.40.53:331][679]LogModuleManager: Shutting down and abandoning module Core (164)
[2018.01.22-14.40.53:331][679]LogModuleManager: Shutting down and abandoning module AssetRegistry (162)
[2018.01.22-14.40.53:376][679]LogDirectoryWatcher: A directory notification for '../../../Engine/Content/' was aborted.
[2018.01.22-14.40.53:376][679]LogDirectoryWatcher: A directory notification for 'F:/Uni Work/Journeyman/JMan_Team5/Team5/Content/' was aborted.
[2018.01.22-14.40.53:376][679]LogDirectoryWatcher: A directory notification for '../../../Engine/Plugins/2D/Paper2D/Content/' was aborted.
[2018.01.22-14.40.53:376][679]LogDirectoryWatcher: A directory notification for '../../../Engine/Plugins/Runtime/GearVR/Content/' was aborted.
[2018.01.22-14.40.53:377][679]LogModuleManager: Shutting down and abandoning module DirectoryWatcher (161)
[2018.01.22-14.40.53:378][679]LogModuleManager: Shutting down and abandoning module KismetCompiler (158)
[2018.01.22-14.40.53:378][679]LogModuleManager: Shutting down and abandoning module LevelSequence (156)
[2018.01.22-14.40.53:378][679]LogModuleManager: Shutting down and abandoning module PhysXFormats (154)
[2018.01.22-14.40.53:378][679]LogModuleManager: Shutting down and abandoning module MeshUtilities (152)
[2018.01.22-14.40.53:378][679]LogModuleManager: Shutting down and abandoning module SimplygonSwarm (151)
[2018.01.22-14.40.53:378][679]LogModuleManager: Shutting down and abandoning module SimplygonMeshReduction (149)
[2018.01.22-14.40.53:378][679]LogModuleManager: Shutting down and abandoning module QuadricMeshReduction (147)
[2018.01.22-14.40.53:378][679]LogModuleManager: Shutting down and abandoning module DerivedDataCache (144)
[2018.01.22-14.40.53:396][679]LogDerivedDataCache: Shutdown
[2018.01.22-14.40.53:396][679]LogModuleManager: Shutting down and abandoning module TargetPlatform (142)
[2018.01.22-14.40.53:396][679]LogModuleManager: Shutting down and abandoning module VulkanShaderFormat (141)
[2018.01.22-14.40.53:396][679]LogModuleManager: Shutting down and abandoning module ShaderFormatVectorVM (139)
[2018.01.22-14.40.53:396][679]LogModuleManager: Shutting down and abandoning module ShaderFormatOpenGL (137)
[2018.01.22-14.40.53:396][679]LogModuleManager: Shutting down and abandoning module ShaderFormatD3D (135)
[2018.01.22-14.40.53:396][679]LogModuleManager: Shutting down and abandoning module MetalShaderFormat (133)
[2018.01.22-14.40.53:396][679]LogModuleManager: Shutting down and abandoning module TextureFormatUncompressed (131)
[2018.01.22-14.40.53:396][679]LogModuleManager: Shutting down and abandoning module TextureFormatPVR (129)
[2018.01.22-14.40.53:396][679]LogModuleManager: Shutting down and abandoning module TextureFormatDXT (127)
[2018.01.22-14.40.53:396][679]LogModuleManager: Shutting down and abandoning module TextureFormatIntelISPCTexComp (125)
[2018.01.22-14.40.53:396][679]LogModuleManager: Shutting down and abandoning module TextureFormatASTC (123)
[2018.01.22-14.40.53:396][679]LogModuleManager: Shutting down and abandoning module ImageWrapper (122)
[2018.01.22-14.40.53:396][679]LogModuleManager: Shutting down and abandoning module TextureFormatAndroid (119)
[2018.01.22-14.40.53:396][679]LogModuleManager: Shutting down and abandoning module AudioFormatOpus (117)
[2018.01.22-14.40.53:396][679]LogModuleManager: Shutting down and abandoning module AudioFormatOgg (115)
[2018.01.22-14.40.53:396][679]LogModuleManager: Shutting down and abandoning module AudioFormatADPCM (113)
[2018.01.22-14.40.53:396][679]LogModuleManager: Shutting down and abandoning module LinuxTargetPlatform (111)
[2018.01.22-14.40.53:396][679]LogModuleManager: Shutting down and abandoning module LinuxServerTargetPlatform (109)
[2018.01.22-14.40.53:396][679]LogModuleManager: Shutting down and abandoning module LinuxNoEditorTargetPlatform (107)
[2018.01.22-14.40.53:396][679]LogModuleManager: Shutting down and abandoning module LinuxClientTargetPlatform (105)
[2018.01.22-14.40.53:396][679]LogModuleManager: Shutting down and abandoning module TVOSTargetPlatform (103)
[2018.01.22-14.40.53:396][679]LogModuleManager: Shutting down and abandoning module Messaging (101)
[2018.01.22-14.40.53:396][679]LogModuleManager: Shutting down and abandoning module IOSTargetPlatform (99)
[2018.01.22-14.40.53:396][679]LogModuleManager: Shutting down and abandoning module HTML5TargetPlatform (97)
[2018.01.22-14.40.53:396][679]LogModuleManager: Shutting down and abandoning module Android_PVRTCTargetPlatform (95)
[2018.01.22-14.40.53:396][679]LogModuleManager: Shutting down and abandoning module Android_MultiTargetPlatform (93)
[2018.01.22-14.40.53:396][679]LogModuleManager: Shutting down and abandoning module Android_ETC2TargetPlatform (91)
[2018.01.22-14.40.53:396][679]LogModuleManager: Shutting down and abandoning module Android_ETC1TargetPlatform (89)
[2018.01.22-14.40.53:396][679]LogModuleManager: Shutting down and abandoning module Android_DXTTargetPlatform (87)
[2018.01.22-14.40.53:396][679]LogModuleManager: Shutting down and abandoning module Android_ATCTargetPlatform (85)
[2018.01.22-14.40.53:396][679]LogModuleManager: Shutting down and abandoning module Android_ASTCTargetPlatform (83)
[2018.01.22-14.40.53:396][679]LogModuleManager: Shutting down and abandoning module AndroidTargetPlatform (81)
[2018.01.22-14.40.53:396][679]LogModuleManager: Shutting down and abandoning module WindowsTargetPlatform (79)
[2018.01.22-14.40.53:396][679]LogModuleManager: Shutting down and abandoning module WindowsServerTargetPlatform (77)
[2018.01.22-14.40.53:396][679]LogModuleManager: Shutting down and abandoning module WindowsNoEditorTargetPlatform (75)
[2018.01.22-14.40.53:396][679]LogModuleManager: Shutting down and abandoning module WindowsClientTargetPlatform (73)
[2018.01.22-14.40.53:396][679]LogModuleManager: Shutting down and abandoning module MacTargetPlatform (71)
[2018.01.22-14.40.53:396][679]LogModuleManager: Shutting down and abandoning module MacServerTargetPlatform (69)
[2018.01.22-14.40.53:396][679]LogModuleManager: Shutting down and abandoning module MacNoEditorTargetPlatform (67)
[2018.01.22-14.40.53:396][679]LogModuleManager: Shutting down and abandoning module MacClientTargetPlatform (65)
[2018.01.22-14.40.53:396][679]LogModuleManager: Shutting down and abandoning module AllDesktopTargetPlatform (63)
[2018.01.22-14.40.53:396][679]LogModuleManager: Shutting down and abandoning module InputCore (60)
[2018.01.22-14.40.53:396][679]LogModuleManager: Shutting down and abandoning module Settings (58)
[2018.01.22-14.40.53:396][679]LogModuleManager: Shutting down and abandoning module OculusRift (56)
[2018.01.22-14.40.53:396][679]LogModuleManager: Shutting down and abandoning module GearVRController (54)
[2018.01.22-14.40.53:396][679]LogModuleManager: Shutting down and abandoning module GearVR (52)
[2018.01.22-14.40.53:396][679]LogModuleManager: Shutting down and abandoning module ExampleDeviceProfileSelector (50)
[2018.01.22-14.40.53:396][679]LogModuleManager: Shutting down and abandoning module OnlineBlueprintSupport (48)
[2018.01.22-14.40.53:396][679]LogModuleManager: Shutting down and abandoning module OnlineSubsystem (44)
[2018.01.22-14.40.53:396][679]LogOnline:Display: Unloading online subsystem: NULL
[2018.01.22-14.40.53:397][679]LogModuleManager: Shutting down and abandoning module XMPP (43)
[2018.01.22-14.40.53:397][679]LogModuleManager: Shutting down and abandoning module HTTP (41)
[2018.01.22-14.40.53:397][679]LogHttp:Display: Http module shutting down, but needs to wait on 1 outstanding Http requests:
[2018.01.22-14.40.53:397][679]LogHttp:Display: 	verb=[POST] url=[https://datarouter.ol.epicgames.com/datarouter/api/v1/public/data?SessionID=%7BEB247D3E-4212-D632-87F4-9C8C8EE4D90E%7D&AppID=UEEditor.Rocket.Release&AppVersion=4.16.3-3561208%2B%2B%2BUE4%2BRelease-4.16&UserID=200afe924d0ae09043bae88cf407267c%7C7ac44ea565504d8d9cbfbcc309b4793b%7Cc7171cf2-60b9-443c-8f19-ff7ee10cea88&AppEnvironment=datacollector-binary&UploadType=eteventstream] status=Processing
[2018.01.22-14.40.53:425][679]LogModuleManager: Shutting down and abandoning module SSL (40)
[2018.01.22-14.40.53:426][679]LogModuleManager: Shutting down and abandoning module HTTPChunkInstaller (36)
[2018.01.22-14.40.53:426][679]LogModuleManager: Shutting down and abandoning module AnimationModifiers (34)
[2018.01.22-14.40.53:426][679]LogModuleManager: Shutting down and abandoning module PropertyEditor (33)
[2018.01.22-14.40.53:426][679]LogModuleManager: Shutting down and abandoning module AudioEditor (30)
[2018.01.22-14.40.53:426][679]LogModuleManager: Shutting down and abandoning module TextureCompressor (28)
[2018.01.22-14.40.53:426][679]LogModuleManager: Shutting down and abandoning module ShaderCore (26)
[2018.01.22-14.40.53:426][679]LogModuleManager: Shutting down and abandoning module Landscape (24)
[2018.01.22-14.40.53:426][679]LogModuleManager: Shutting down and abandoning module SlateRHIRenderer (22)
[2018.01.22-14.40.53:427][679]LogModuleManager: Shutting down and abandoning module OpenGLDrv (20)
[2018.01.22-14.40.53:427][679]LogModuleManager: Shutting down and abandoning module D3D11RHI (18)
[2018.01.22-14.40.53:427][679]LogModuleManager: Shutting down and abandoning module AnimGraphRuntime (16)
[2018.01.22-14.40.53:427][679]LogModuleManager: Shutting down and abandoning module Renderer (14)
[2018.01.22-14.40.53:427][679]LogModuleManager: Shutting down and abandoning module Engine (12)
[2018.01.22-14.40.53:427][679]LogModuleManager: Shutting down and abandoning module CoreUObject (10)
[2018.01.22-14.40.53:427][679]LogModuleManager: Shutting down and abandoning module NetworkFile (8)
[2018.01.22-14.40.53:427][679]LogModuleManager: Shutting down and abandoning module StreamingFile (6)
[2018.01.22-14.40.53:427][679]LogModuleManager: Shutting down and abandoning module SandboxFile (4)
[2018.01.22-14.40.53:427][679]LogModuleManager: Shutting down and abandoning module PakFile (2)
[2018.01.22-14.40.53:428][679]LogExit: Exiting.
[2018.01.22-14.40.53:437][679]Log file closed, 01/22/18 14:40:53
