Log file open, 02/01/18 19:59:49
LogInit:Display: Running engine for game: Team5
LogPlatformFile: Not using cached read wrapper
LogInit:Display: RandInit(60672884) SRandInit(60672884).
LogTaskGraph: Started task graph with 5 named threads and 8 total threads with 1 sets of task threads.
LogStats: Stats thread started at 0.140455
LogInit: Using libcurl 7.47.1
LogInit:  - built for x86_64-pc-win32
LogInit:  - supports SSL with OpenSSL/1.0.2g
LogInit:  - supports HTTP deflate (compression) using libz 1.2.8
LogInit:  - other features:
LogInit:      CURL_VERSION_SSL
LogInit:      CURL_VERSION_LIBZ
LogInit:      CURL_VERSION_IPV6
LogInit:      CURL_VERSION_ASYNCHDNS
LogInit:      CURL_VERSION_LARGEFILE
LogInit:      CURL_VERSION_IDN
LogInit:  CurlRequestOptions (configurable via config and command line):
LogInit:  - bVerifyPeer = false  - Libcurl will NOT verify peer certificate
LogInit:  - bUseHttpProxy = false  - Libcurl will NOT use HTTP proxy
LogInit:  - bDontReuseConnections = false  - Libcurl will reuse connections
LogInit:  - CertBundlePath = nullptr  - Libcurl will use whatever was configured at build time.
LogInit: Build: ++UE4+Release-4.16-CL-3561208
LogInit: Engine Version: 4.16.3-3561208+++UE4+Release-4.16
LogInit: Compatible Engine Version: 4.16.0-3452394+++UE4+Release-4.16
LogInit: Net CL: 3452394
LogDevObjectVersion: Number of dev versions registered: 16
LogDevObjectVersion:   Dev-Blueprints (B0D832E4-1F89-4F0D-ACCF-7EB736FD4AA2): 9
LogDevObjectVersion:   Dev-Build (E1C64328-A22C-4D53-A36C-8E866417BD8C): 0
LogDevObjectVersion:   Dev-Core (375EC13C-06E4-48FB-B500-84F0262A717E): 2
LogDevObjectVersion:   Dev-Editor (E4B068ED-F494-42E9-A231-DA0B2E46BB41): 17
LogDevObjectVersion:   Dev-Framework (CFFC743F-43B0-4480-9391-14DF171D2073): 23
LogDevObjectVersion:   Dev-Mobile (B02B49B5-BB20-44E9-A304-32B752E40360): 0
LogDevObjectVersion:   Dev-Networking (A4E4105C-59A1-49B5-A7C5-40C4547EDFEE): 0
LogDevObjectVersion:   Dev-Online (39C831C9-5AE6-47DC-9A44-9C173E1C8E7C): 0
LogDevObjectVersion:   Dev-Physics (78F01B33-EBEA-4F98-B9B4-84EACCB95AA2): 0
LogDevObjectVersion:   Dev-Platform (6631380F-2D4D-43E0-8009-CF276956A95A): 0
LogDevObjectVersion:   Dev-Rendering (12F88B9F-8875-4AFC-A67C-D90C383ABD29): 15
LogDevObjectVersion:   Dev-Sequencer (7B5AE74C-D270-4C10-A958-57980B212A5A): 4
LogDevObjectVersion:   Dev-VR (D7296918-1DD6-4BDD-9DE2-64A83CC13884): 0
LogDevObjectVersion:   Dev-LoadTimes (C2A15278-BFE7-4AFE-6C17-90FF531DF755): 1
LogDevObjectVersion:   Private-Geometry (6EACA3D4-40EC-4CC1-B786-8BED09428FC5): 1
LogDevObjectVersion:   Dev-AnimPhys (29E575DD-E0A3-4627-9D10-D276232CDCEA): 3
LogInit: Compiled (64-bit): Jul 28 2017 11:49:47
LogInit: Compiled with Visual C++: 19.00.24215.01
LogInit: Build Configuration: Development
LogInit: Branch Name: ++UE4+Release-4.16
LogInit: Command line:  
LogInit: Base directory: D:/Epic Games/UE_4.16/Engine/Binaries/Win64/
LogInit: Installed Engine Build: 1
LogInit: Presizing for max 8388607 objects, including 0 objects not considered by GC, pre-allocating 0 bytes for permanent pool.
LogInit: Object subsystem initialized
[2018.02.01-19.59.50:587][  0]LogInit: Selected Device Profile: [Windows]
[2018.02.01-19.59.50:587][  0]LogInit: Applying CVar settings loaded from the selected device profile: [Windows]
[2018.02.01-19.59.50:716][  0]LogInit: Computer: WILL-PC
[2018.02.01-19.59.50:716][  0]LogInit: User: Will
[2018.02.01-19.59.50:716][  0]LogInit: CPU Page size=4096, Cores=4
[2018.02.01-19.59.50:716][  0]LogInit: High frequency timer resolution =2.648435 MHz
[2018.02.01-19.59.50:732][  0]LogMemory: Memory total: Physical=15.9GB (16GB approx)
[2018.02.01-19.59.50:732][  0]LogMemory: Platform Memory Stats for Windows
[2018.02.01-19.59.50:732][  0]LogMemory: Process Physical Memory: 272.47 MB used, 272.47 MB peak
[2018.02.01-19.59.50:732][  0]LogMemory: Process Virtual Memory: 258.66 MB used, 258.66 MB peak
[2018.02.01-19.59.50:732][  0]LogMemory: Physical Memory: 3584.93 MB used,  12735.66 MB free, 16320.60 MB total
[2018.02.01-19.59.50:732][  0]LogMemory: Virtual Memory: 654.42 MB used,  12735.66 MB free, 134217728.00 MB total
[2018.02.01-19.59.51:425][  0]LogInit: Using OS detected language (en-US).
[2018.02.01-19.59.51:425][  0]LogInit: Using OS detected locale (en-GB).
[2018.02.01-19.59.51:536][  0]LogTextLocalizationManager: No specific localization for 'en-US' exists, so the 'en' localization will be used.
[2018.02.01-19.59.53:420][  0]LogD3D11RHI: D3D11 adapters:
[2018.02.01-19.59.53:531][  0]LogD3D11RHI:    0. 'NVIDIA GeForce GTX 1060 6GB' (Feature Level 11_0)
[2018.02.01-19.59.53:531][  0]LogD3D11RHI:       6052/0/8160 MB DedicatedVideo/DedicatedSystem/SharedSystem, Outputs:1, VendorId:0x10de
[2018.02.01-19.59.53:534][  0]LogD3D11RHI:    1. 'Microsoft Basic Render Driver' (Feature Level 11_0)
[2018.02.01-19.59.53:534][  0]LogD3D11RHI:       0/0/8160 MB DedicatedVideo/DedicatedSystem/SharedSystem, Outputs:0, VendorId:0x1414
[2018.02.01-19.59.53:534][  0]LogD3D11RHI: Chosen D3D11 Adapter: 0
[2018.02.01-19.59.53:554][  0]LogD3D11RHI: Creating new Direct3DDevice
[2018.02.01-19.59.53:555][  0]LogD3D11RHI:     GPU DeviceId: 0x1c03 (for the marketing name, search the web for "GPU Device Id")
[2018.02.01-19.59.53:555][  0]LogWindows: EnumDisplayDevices:
[2018.02.01-19.59.53:555][  0]LogWindows:    0. 'NVIDIA GeForce GTX 1060 6GB' (P:1 D:1)
[2018.02.01-19.59.53:556][  0]LogWindows:    1. 'NVIDIA GeForce GTX 1060 6GB' (P:0 D:0)
[2018.02.01-19.59.53:556][  0]LogWindows:    2. 'NVIDIA GeForce GTX 1060 6GB' (P:0 D:0)
[2018.02.01-19.59.53:556][  0]LogWindows:    3. 'NVIDIA GeForce GTX 1060 6GB' (P:0 D:0)
[2018.02.01-19.59.53:556][  0]LogWindows: DebugString: GetVideoDriverDetailsInvalid PrimaryIsNotTheChoosenAdapter GetVideoDriverDetailsInvalid PrimaryIsNotTheChoosenAdapter GetVideoDriverDetailsInvalid PrimaryIsNotTheChoosenAdapter GetVideoDriverDetailsInvalid PrimaryIsNotTheChoosenAdapter FoundDriverCount:0 
[2018.02.01-19.59.53:556][  0]LogD3D11RHI:     Adapter Name: NVIDIA GeForce GTX 1060 6GB
[2018.02.01-19.59.53:556][  0]LogD3D11RHI:   Driver Version: Unknown (internal:Unknown, unified:Unknown)
[2018.02.01-19.59.53:556][  0]LogD3D11RHI:      Driver Date: Unknown
[2018.02.01-19.59.53:557][  0]LogRHI: Texture pool is 1361 MB (70% of 1945 MB)
[2018.02.01-19.59.53:616][  0]LogD3D11RHI: Async texture creation enabled
[2018.02.01-19.59.53:875][  0]LogD3D11RHI: GPU Timing Frequency: 1000.000000 (Debug: 2 2)
[2018.02.01-19.59.53:972][  0]LogShaderCompilers: Guid format shader working directory is -2 characters bigger than the processId version (C:/Users/Will/Documents/GitHub/JMan_Team5/Team5/Intermediate/Shaders/WorkingDirectory/6628/).
[2018.02.01-19.59.53:972][  0]LogShaderCompilers: Cleaned the shader compiler working directory 'C:/Users/Will/AppData/Local/Temp/UnrealShaderWorkingDir/0E17688742A74D396E380ABFC835A6E7/'.
[2018.02.01-19.59.53:977][  0]LogShaderCompilers:Display: Using Local Shader Compiler.
[2018.02.01-19.59.56:645][  0]LogTemp:Display: Loaded TP AllDesktopTargetPlatform
[2018.02.01-19.59.56:701][  0]LogTemp:Display: Loaded TP MacClientTargetPlatform
[2018.02.01-19.59.56:742][  0]LogTemp:Display: Loaded TP MacNoEditorTargetPlatform
[2018.02.01-19.59.56:782][  0]LogTemp:Display: Loaded TP MacServerTargetPlatform
[2018.02.01-19.59.56:830][  0]LogTemp:Display: Loaded TP MacTargetPlatform
[2018.02.01-19.59.56:870][  0]LogTemp:Display: Loaded TP WindowsClientTargetPlatform
[2018.02.01-19.59.56:913][  0]LogTemp:Display: Loaded TP WindowsNoEditorTargetPlatform
[2018.02.01-19.59.56:953][  0]LogTemp:Display: Loaded TP WindowsServerTargetPlatform
[2018.02.01-19.59.56:988][  0]LogTemp:Display: Loaded TP WindowsTargetPlatform
[2018.02.01-19.59.57:033][  0]LogTemp:Display: Loaded TP AndroidTargetPlatform
[2018.02.01-19.59.57:073][  0]LogTemp:Display: Loaded TP Android_ASTCTargetPlatform
[2018.02.01-19.59.57:113][  0]LogTemp:Display: Loaded TP Android_ATCTargetPlatform
[2018.02.01-19.59.57:153][  0]LogTemp:Display: Loaded TP Android_DXTTargetPlatform
[2018.02.01-19.59.57:194][  0]LogTemp:Display: Loaded TP Android_ETC1TargetPlatform
[2018.02.01-19.59.57:234][  0]LogTemp:Display: Loaded TP Android_ETC2TargetPlatform
[2018.02.01-19.59.57:316][  0]LogTemp:Display: Loaded TP Android_MultiTargetPlatform
[2018.02.01-19.59.57:316][  0]LogTemp:Display: Loaded TP Android_PVRTCTargetPlatform
[2018.02.01-19.59.57:350][  0]LogTemp:Display: Loaded TP HTML5TargetPlatform
[2018.02.01-19.59.57:458][  0]LogTemp:Display: Loaded TP IOSTargetPlatform
[2018.02.01-19.59.57:481][  0]LogTemp:Display: Loaded TP TVOSTargetPlatform
[2018.02.01-19.59.57:533][  0]LogTemp:Display: Loaded TP LinuxClientTargetPlatform
[2018.02.01-19.59.57:574][  0]LogTemp:Display: Loaded TP LinuxNoEditorTargetPlatform
[2018.02.01-19.59.57:615][  0]LogTemp:Display: Loaded TP LinuxServerTargetPlatform
[2018.02.01-19.59.57:655][  0]LogTemp:Display: Loaded TP LinuxTargetPlatform
[2018.02.01-19.59.57:655][  0]LogTargetPlatformManager:Display: Building Assets For Windows
[2018.02.01-19.59.58:816][  0]LogDerivedDataCache:Display: Max Cache Size: 512 MB
[2018.02.01-19.59.59:527][  0]LogDerivedDataCache: Loaded boot cache 0.71s 90MB C:/Users/Will/AppData/Local/UnrealEngine/4.16/DerivedDataCache/Boot.ddc.
[2018.02.01-19.59.59:527][  0]LogDerivedDataCache:Display: Loaded Boot cache: C:/Users/Will/AppData/Local/UnrealEngine/4.16/DerivedDataCache/Boot.ddc
[2018.02.01-19.59.59:527][  0]LogDerivedDataCache: FDerivedDataBackendGraph:  Pak pak cache file C:/Users/Will/Documents/GitHub/JMan_Team5/Team5/DerivedDataCache/DDC.ddp not found, will not use a pak cache.
[2018.02.01-19.59.59:527][  0]LogDerivedDataCache: Unable to find inner node Pak for hierarchical cache Hierarchy.
[2018.02.01-19.59.59:527][  0]LogDerivedDataCache: FDerivedDataBackendGraph:  CompressedPak pak cache file C:/Users/Will/Documents/GitHub/JMan_Team5/Team5/DerivedDataCache/Compressed.ddp not found, will not use a pak cache.
[2018.02.01-19.59.59:527][  0]LogDerivedDataCache: Unable to find inner node CompressedPak for hierarchical cache Hierarchy.
[2018.02.01-19.59.59:596][  0]LogDerivedDataCache:Display: Pak cache opened for reading ../../../Engine/DerivedDataCache/Compressed.ddp.
[2018.02.01-19.59.59:609][  0]LogDerivedDataCache: Using Local data cache path C:/Users/Will/AppData/Local/UnrealEngine/Common/DerivedDataCache: Writable
[2018.02.01-19.59.59:668][  0]LogMaterial: Verifying Global Shaders for PCD3D_SM5
[2018.02.01-19.59.59:730][  0]LogSlate: Using Freetype 2.6.0
[2018.02.01-19.59.59:769][  0]LogSlate: SlateFontCache - WITH_FREETYPE: 1, WITH_HARFBUZZ: 1
[2018.02.01-19.59.59:769][  0]LogSlate: SlateFontCache - WITH_FREETYPE: 1, WITH_HARFBUZZ: 1
[2018.02.01-20.00.05:386][  0]LogInit: Selected Device Profile: [Windows]
[2018.02.01-20.00.06:027][  0]LogContentStreaming: Texture pool size is 0.00 MB
[2018.02.01-20.00.06:737][  0]LogMeshUtilities: Using QuadricMeshReduction for automatic static mesh reduction
[2018.02.01-20.00.06:861][  0]LogSimplygon: Simplygon DLL not present - disabling.
[2018.02.01-20.00.06:969][  0]LogMeshUtilities: Using SimplygonSwarm for distributed automatic mesh merging
[2018.02.01-20.00.06:969][  0]LogMeshUtilities: No automatic skeletal mesh reduction module available
[2018.02.01-20.00.06:969][  0]LogMeshUtilities: No automatic mesh merging module available
[2018.02.01-20.00.10:604][  0]LogNetVersion: Team5 , NetCL: 3452394, EngineNetVer: 2, GameNetVer: 0 (Checksum: 224845630)
[2018.02.01-20.00.10:871][  0]LogAssetRegistry: FAssetRegistry took 0.0314 seconds to start up
[2018.02.01-20.00.10:992][  0]LogPackageLocalizationCache: Processed 4 localized package path(s) for 2 prioritized culture(s) in 0.063891 seconds
[2018.02.01-20.00.11:020][  0]LogUObjectArray: 34194 objects as part of root set at end of initial load.
[2018.02.01-20.00.11:020][  0]LogUObjectAllocator: 7260416 out of 0 bytes used by permanent object pool.
[2018.02.01-20.00.11:020][  0]LogUObjectArray: CloseDisregardForGC: 0/0 objects in disregard for GC pool
[2018.02.01-20.00.11:080][  0]LogInit: WinSock: version 1.1 (2.2), MaxSocks=32767, MaxUdp=65467
[2018.02.01-20.00.22:875][  0]LogTcpMessaging: Initializing TcpMessaging bridge
[2018.02.01-20.00.22:919][  0]LogUdpMessaging: Initializing bridge on interface 0.0.0.0:0 to multicast group 230.0.0.1:6666.
[2018.02.01-20.00.24:271][  0]LogMaterial: Uniform references updated for custom material expression Custom.
[2018.02.01-20.00.24:873][  0]SourceControl: Info Source control is disabled
[2018.02.01-20.00.25:996][  0]LogAndroidPermission: UAndroidPermissionCallbackProxy::GetInstance
[2018.02.01-20.00.27:212][  0]LogEngine: Initializing Engine...
[2018.02.01-20.00.27:230][  0]LogHMD: Failed to initialize OpenVR with code 110
[2018.02.01-20.00.27:908][  0]LogStats: UGameplayTagsManager::ConstructGameplayTagTree: Construct from data asset -  0.000 s
[2018.02.01-20.00.27:908][  0]LogStats: UGameplayTagsManager::ConstructGameplayTagTree: GameplayTagTreeChangedEvent.Broadcast -  0.000 s
[2018.02.01-20.00.28:400][  0]LogAIModule: Creating AISystem for world Untitled
[2018.02.01-20.00.28:514][  0]LogInit: XAudio2 using 'Speakers (2- Core 1)' : 2 channels at 48 kHz using 24 bits per sample (channel mask 0x3)
[2018.02.01-20.00.28:570][  0]LogInit: FAudioDevice initialized.
[2018.02.01-20.00.28:625][  0]LogDerivedDataCache: Saved boot cache 0.06s 90MB C:/Users/Will/AppData/Local/UnrealEngine/4.16/DerivedDataCache/Boot.ddc.
[2018.02.01-20.00.28:632][  0]LogInit: Texture streaming: Enabled
[2018.02.01-20.00.28:809][  0]LogEngineSessionManager: EngineSessionManager initialized
[2018.02.01-20.00.29:388][  0]LogInit: Transaction tracking system initialized
[2018.02.01-20.00.30:881][  0]BlueprintLog: New page: Editor Load
[2018.02.01-20.00.34:155][  0]LocalizationService: Info Localization service is disabled
[2018.02.01-20.00.35:916][  0]LogConsoleResponse:Display: 
[2018.02.01-20.00.38:363][  0]LogFileCache: Scanning file cache for directory 'C:/Users/Will/Documents/GitHub/JMan_Team5/Team5/Content/' took 0.03s
[2018.02.01-20.00.38:363][  0]LogCook:Display: Max memory allowance for cook 16384mb min free memory 0mb
[2018.02.01-20.00.38:364][  0]LogCook:Display: Mobile HDR setting 1
[2018.02.01-20.00.43:854][  0]Cmd: MAP LOAD FILE="C:/Users/Will/Documents/GitHub/JMan_Team5/Team5/Content/CORE_ASSETS/ThirdPersonBP/Maps/TestMap.umap" TEMPLATE=0 SHOWPROGRESS=1 FEATURELEVEL=3
[2018.02.01-20.00.43:874][  0]LightingResults: New page: Lighting Build
[2018.02.01-20.00.44:143][  0]MapCheck: New page: Map Check
[2018.02.01-20.00.44:143][  0]LightingResults: New page: Lighting Build
[2018.02.01-20.00.46:056][  0]LogAIModule: Creating AISystem for world TestMap
[2018.02.01-20.00.46:754][  0]LogEditorServer: Finished looking for orphan Actors (0.000 secs)
[2018.02.01-20.00.46:801][  0]Cmd: MAP CHECKDEP NOCLEARLOG
[2018.02.01-20.00.46:874][  0]MapCheck: Info Map check complete: 0 Error(s), 0 Warning(s), took 66.801ms to complete.
[2018.02.01-20.00.46:874][  0]LogFileHelpers: Loading map 'TestMap' took 3.053
[2018.02.01-20.00.48:405][  0]LogCollectionManager: Loaded 0 collections in 0.001552 seconds
[2018.02.01-20.00.48:566][  0]LogFileCache: Scanning file cache for directory 'C:/Users/Will/Documents/GitHub/JMan_Team5/Team5/Saved/Collections/' took 0.01s
[2018.02.01-20.00.48:566][  0]LogFileCache: Scanning file cache for directory 'C:/Users/Will/Documents/GitHub/JMan_Team5/Team5/Content/Developers/Will/Collections/' took 0.01s
[2018.02.01-20.00.48:566][  0]LogFileCache: Scanning file cache for directory 'C:/Users/Will/Documents/GitHub/JMan_Team5/Team5/Content/Collections/' took 0.01s
[2018.02.01-20.00.48:567][  0]LogCollectionManager: Rebuilt the GUID cache for 0 collections in 0.000041 seconds
[2018.02.01-20.00.48:603][  0]LogContentBrowser: Native class hierarchy populated in 0.0344 seconds. Added 2329 classes and 491 folders.
[2018.02.01-20.00.48:759][  0]LogContentBrowser: Native class hierarchy updated for 'WidgetCarousel' in 0.0005 seconds. Added 0 classes and 0 folders.
[2018.02.01-20.00.49:787][  0]LogContentBrowser: Native class hierarchy updated for 'AddContentDialog' in 0.0020 seconds. Added 0 classes and 0 folders.
[2018.02.01-20.00.50:017][  0]LogContentBrowser: Native class hierarchy updated for 'SceneOutliner' in 0.0007 seconds. Added 1 classes and 2 folders.
[2018.02.01-20.00.50:441][  0]LogCrashTracker: Crashtracker disabled due to settings.
[2018.02.01-20.00.50:542][  0]LogSlate: Took 0.007778 seconds to synchronously load lazily loaded font '../../../Engine/Content/Slate/Fonts/Roboto-Regular.ttf' (155K)
[2018.02.01-20.00.50:561][  0]LogSlate: Took 0.014418 seconds to synchronously load lazily loaded font '../../../Engine/Content/Slate/Fonts/Roboto-Bold.ttf' (160K)
[2018.02.01-20.00.50:599][  0]LogSlate: Took 0.007292 seconds to synchronously load lazily loaded font '../../../Engine/Content/Editor/Slate/Fonts/FontAwesome.ttf' (139K)
[2018.02.01-20.00.50:966][  0]LogRenderer: Reallocating scene render targets to support 1208x600 NumSamples 1 (Frame:1).
[2018.02.01-20.00.51:543][  0]LogUObjectGlobals:Warning: Failed to find object 'Class None.'
[2018.02.01-20.00.51:710][  0]LogContentBrowser: Native class hierarchy updated for 'HierarchicalLODOutliner' in 0.0007 seconds. Added 1 classes and 2 folders.
[2018.02.01-20.00.51:710][  0]LogLoad: (Engine Initialization) Total time: 65.54 seconds
[2018.02.01-20.00.51:710][  0]LogLoad: (Engine Initialization) Total Blueprint compile time: 0.56 seconds
[2018.02.01-20.00.51:710][  0]LogExternalProfiler: No external profilers were discovered.  External profiling features will not be available.
[2018.02.01-20.00.52:069][  0]LogOcInput: OculusInput pre-init called
[2018.02.01-20.00.52:069][  0]LogHMD: Starting GearVRController plugin
[2018.02.01-20.00.52:177][  0]LogContentStreaming: Texture pool size now 1000 MB
[2018.02.01-20.00.52:743][  2]LogAssetRegistry: Asset discovery search completed in 41.8941 seconds
[2018.02.01-20.00.52:745][  2]LogCollectionManager: Rebuilt the object cache for 0 collections in 0.000000 seconds (found 0 objects)
[2018.02.01-20.00.52:745][  2]LogCollectionManager: Fixed up redirectors for 0 collections in 0.000036 seconds (updated 0 objects)
[2018.02.01-20.00.53:097][  3]LogSlate: Took 0.010895 seconds to synchronously load lazily loaded font '../../../Engine/Content/Slate/Fonts/Roboto-Light.ttf' (159K)
[2018.02.01-20.00.55:426][ 11]LogTemp: Repeting last play command: Selected Viewport
[2018.02.01-20.00.55:478][ 11]LogBlueprintUserMessages: Early PlayInEditor Detection: Level '/Game/CORE_ASSETS/ThirdPersonBP/Maps/TestMap.TestMap:PersistentLevel' has LevelScriptBlueprint '/Game/CORE_ASSETS/ThirdPersonBP/Maps/TestMap.TestMap:PersistentLevel.TestMap' with GeneratedClass '/Game/CORE_ASSETS/ThirdPersonBP/Maps/TestMap.TestMap_C' with ClassGeneratedBy '/Game/CORE_ASSETS/ThirdPersonBP/Maps/TestMap.TestMap:PersistentLevel.TestMap'
[2018.02.01-20.00.55:478][ 11]LogPlayLevel: PlayLevel: No blueprints needed recompiling
[2018.02.01-20.00.55:511][ 11]PIE: New page: PIE session: TestMap (1 Feb 2018 20:00:55)
[2018.02.01-20.00.55:511][ 11]LogPlayLevel: Creating play world package: /Game/CORE_ASSETS/ThirdPersonBP/Maps/UEDPIE_0_TestMap
[2018.02.01-20.00.55:603][ 11]LogPlayLevel: PIE: StaticDuplicateObject took: (0.092136s)
[2018.02.01-20.00.55:604][ 11]LogAIModule: Creating AISystem for world TestMap
[2018.02.01-20.00.55:604][ 11]LogPlayLevel: PIE: World Init took: (0.001190s)
[2018.02.01-20.00.55:604][ 11]LogPlayLevel: PIE: Created PIE world by copying editor world from /Game/CORE_ASSETS/ThirdPersonBP/Maps/TestMap.TestMap to /Game/CORE_ASSETS/ThirdPersonBP/Maps/UEDPIE_0_TestMap.TestMap (0.093662s)
[2018.02.01-20.00.55:624][ 11]LogInit: XAudio2 using 'Speakers (2- Core 1)' : 2 channels at 48 kHz using 24 bits per sample (channel mask 0x3)
[2018.02.01-20.00.55:632][ 11]LogInit: FAudioDevice initialized.
[2018.02.01-20.00.56:676][ 11]LogLoad: Game class is 'ThirdPersonGameMode_C'
[2018.02.01-20.00.56:696][ 11]LogWorld: Bringing World /Game/CORE_ASSETS/ThirdPersonBP/Maps/UEDPIE_0_TestMap.TestMap up for play (max tick rate 0) at 2018.02.01-20.00.56
[2018.02.01-20.00.56:696][ 11]LogWorld: Bringing up level for play took: 0.002939
[2018.02.01-20.00.56:874][ 11]LogContentBrowser: Native class hierarchy updated for 'MovieSceneCapture' in 0.0013 seconds. Added 11 classes and 0 folders.
[2018.02.01-20.00.56:972][ 11]PIE: Info Play in editor start time for /Game/CORE_ASSETS/ThirdPersonBP/Maps/UEDPIE_0_TestMap 0.734
[2018.02.01-20.00.56:972][ 11]LogBlueprintUserMessages: Late PlayInEditor Detection: Level '/Game/CORE_ASSETS/ThirdPersonBP/Maps/TestMap.TestMap:PersistentLevel' has LevelScriptBlueprint '/Game/CORE_ASSETS/ThirdPersonBP/Maps/TestMap.TestMap:PersistentLevel.TestMap' with GeneratedClass '/Game/CORE_ASSETS/ThirdPersonBP/Maps/TestMap.TestMap_C' with ClassGeneratedBy '/Game/CORE_ASSETS/ThirdPersonBP/Maps/TestMap.TestMap:PersistentLevel.TestMap'
[2018.02.01-20.00.57:093][ 11]LogSlate: Took 0.000218 seconds to synchronously load lazily loaded font '../../../Engine/Content/Slate/Fonts/Roboto-Light.ttf' (159K)
[2018.02.01-20.01.12:474][844]LogBlueprintUserMessages: Early EndPlayMap Detection: Level '/Game/CORE_ASSETS/ThirdPersonBP/Maps/TestMap.TestMap:PersistentLevel' has LevelScriptBlueprint '/Game/CORE_ASSETS/ThirdPersonBP/Maps/TestMap.TestMap:PersistentLevel.TestMap' with GeneratedClass '/Game/CORE_ASSETS/ThirdPersonBP/Maps/TestMap.TestMap_C' with ClassGeneratedBy '/Game/CORE_ASSETS/ThirdPersonBP/Maps/TestMap.TestMap:PersistentLevel.TestMap'
[2018.02.01-20.01.12:522][844]LogBlueprintUserMessages: Late EndPlayMap Detection: Level '/Game/CORE_ASSETS/ThirdPersonBP/Maps/TestMap.TestMap:PersistentLevel' has LevelScriptBlueprint '/Game/CORE_ASSETS/ThirdPersonBP/Maps/TestMap.TestMap:PersistentLevel.TestMap' with GeneratedClass '/Game/CORE_ASSETS/ThirdPersonBP/Maps/TestMap.TestMap_C' with ClassGeneratedBy '/Game/CORE_ASSETS/ThirdPersonBP/Maps/TestMap.TestMap:PersistentLevel.TestMap'
[2018.02.01-20.02.24:839][509]LogTemp: Repeting last play command: Selected Viewport
[2018.02.01-20.02.24:853][509]LogBlueprintUserMessages: Early PlayInEditor Detection: Level '/Game/CORE_ASSETS/ThirdPersonBP/Maps/TestMap.TestMap:PersistentLevel' has LevelScriptBlueprint '/Game/CORE_ASSETS/ThirdPersonBP/Maps/TestMap.TestMap:PersistentLevel.TestMap' with GeneratedClass '/Game/CORE_ASSETS/ThirdPersonBP/Maps/TestMap.TestMap_C' with ClassGeneratedBy '/Game/CORE_ASSETS/ThirdPersonBP/Maps/TestMap.TestMap:PersistentLevel.TestMap'
[2018.02.01-20.02.24:853][509]LogPlayLevel: PlayLevel: No blueprints needed recompiling
[2018.02.01-20.02.24:853][509]PIE: New page: PIE session: TestMap (1 Feb 2018 20:02:24)
[2018.02.01-20.02.24:853][509]LogPlayLevel: Creating play world package: /Game/CORE_ASSETS/ThirdPersonBP/Maps/UEDPIE_0_TestMap
[2018.02.01-20.02.24:885][509]LogPlayLevel: PIE: StaticDuplicateObject took: (0.032378s)
[2018.02.01-20.02.24:887][509]LogAIModule: Creating AISystem for world TestMap
[2018.02.01-20.02.24:887][509]LogPlayLevel: PIE: World Init took: (0.001622s)
[2018.02.01-20.02.24:887][509]LogPlayLevel: PIE: Created PIE world by copying editor world from /Game/CORE_ASSETS/ThirdPersonBP/Maps/TestMap.TestMap to /Game/CORE_ASSETS/ThirdPersonBP/Maps/UEDPIE_0_TestMap.TestMap (0.034433s)
[2018.02.01-20.02.24:904][509]LogInit: XAudio2 using 'Speakers (2- Core 1)' : 2 channels at 48 kHz using 24 bits per sample (channel mask 0x3)
[2018.02.01-20.02.24:914][509]LogInit: FAudioDevice initialized.
[2018.02.01-20.02.24:947][509]LogLoad: Game class is 'ThirdPersonGameMode_C'
[2018.02.01-20.02.24:952][509]LogWorld: Bringing World /Game/CORE_ASSETS/ThirdPersonBP/Maps/UEDPIE_0_TestMap.TestMap up for play (max tick rate 0) at 2018.02.01-20.02.24
[2018.02.01-20.02.24:952][509]LogWorld: Bringing up level for play took: 0.003357
[2018.02.01-20.02.24:956][509]PIE: Info Play in editor start time for /Game/CORE_ASSETS/ThirdPersonBP/Maps/UEDPIE_0_TestMap 0.719
[2018.02.01-20.02.24:956][509]LogBlueprintUserMessages: Late PlayInEditor Detection: Level '/Game/CORE_ASSETS/ThirdPersonBP/Maps/TestMap.TestMap:PersistentLevel' has LevelScriptBlueprint '/Game/CORE_ASSETS/ThirdPersonBP/Maps/TestMap.TestMap:PersistentLevel.TestMap' with GeneratedClass '/Game/CORE_ASSETS/ThirdPersonBP/Maps/TestMap.TestMap_C' with ClassGeneratedBy '/Game/CORE_ASSETS/ThirdPersonBP/Maps/TestMap.TestMap:PersistentLevel.TestMap'
[2018.02.01-20.04.10:506][167]Cmd: LevelEditor.ToggleImmersive
[2018.02.01-20.04.10:730][168]LogRenderer: Reallocating scene render targets to support 1788x992 NumSamples 1 (Frame:12660).
[2018.02.01-20.04.10:796][169]LogRenderer: Reallocating scene render targets to support 1920x1080 NumSamples 1 (Frame:12662).
[2018.02.01-20.04.54:416][400]LogBlueprintUserMessages: Early EndPlayMap Detection: Level '/Game/CORE_ASSETS/ThirdPersonBP/Maps/TestMap.TestMap:PersistentLevel' has LevelScriptBlueprint '/Game/CORE_ASSETS/ThirdPersonBP/Maps/TestMap.TestMap:PersistentLevel.TestMap' with GeneratedClass '/Game/CORE_ASSETS/ThirdPersonBP/Maps/TestMap.TestMap_C' with ClassGeneratedBy '/Game/CORE_ASSETS/ThirdPersonBP/Maps/TestMap.TestMap:PersistentLevel.TestMap'
[2018.02.01-20.04.54:481][400]LogBlueprintUserMessages: Late EndPlayMap Detection: Level '/Game/CORE_ASSETS/ThirdPersonBP/Maps/TestMap.TestMap:PersistentLevel' has LevelScriptBlueprint '/Game/CORE_ASSETS/ThirdPersonBP/Maps/TestMap.TestMap:PersistentLevel.TestMap' with GeneratedClass '/Game/CORE_ASSETS/ThirdPersonBP/Maps/TestMap.TestMap_C' with ClassGeneratedBy '/Game/CORE_ASSETS/ThirdPersonBP/Maps/TestMap.TestMap:PersistentLevel.TestMap'
[2018.02.01-20.04.56:656][615]LogWindowsTextInputMethodSystem:Display: IME system now deactivated.
[2018.02.01-20.04.56:909][616]Cmd: QUIT_EDITOR
[2018.02.01-20.04.57:862][616]LogExit: Preparing to exit.
[2018.02.01-20.04.58:244][616]LogExit: Editor shut down
[2018.02.01-20.04.58:250][616]LogExit: Transaction tracking system shut down
[2018.02.01-20.04.58:571][616]LogObj: Freed 0b from 0 cluster array pools.
[2018.02.01-20.04.58:571][616]LogExit: Object subsystem successfully closed.
[2018.02.01-20.04.58:610][616]LogD3D11RHI: Shutdown
[2018.02.01-20.04.58:610][616]LogD3D11RHI: CleanupD3DDevice
[2018.02.01-20.04.58:692][616]LogD3D11RHI: ~FD3D11DynamicRHI
[2018.02.01-20.04.58:882][616]LogModuleManager: Shutting down and abandoning module MovieSceneCapture (526)
[2018.02.01-20.04.58:882][616]LogModuleManager: Shutting down and abandoning module HierarchicalLODOutliner (524)
[2018.02.01-20.04.58:882][616]LogModuleManager: Shutting down and abandoning module CrashTracker (522)
[2018.02.01-20.04.58:882][616]LogModuleManager: Shutting down and abandoning module SceneOutliner (520)
[2018.02.01-20.04.58:882][616]LogModuleManager: Shutting down and abandoning module AddContentDialog (518)
[2018.02.01-20.04.58:882][616]LogDirectoryWatcher: A directory notification for 'D:/Epic Games/UE_4.16/FeaturePacks/' was aborted.
[2018.02.01-20.04.58:886][616]LogModuleManager: Shutting down and abandoning module WidgetCarousel (517)
[2018.02.01-20.04.58:886][616]LogModuleManager: Shutting down and abandoning module EditorWidgets (514)
[2018.02.01-20.04.58:886][616]LogModuleManager: Shutting down and abandoning module CollectionManager (512)
[2018.02.01-20.04.58:886][616]LogDirectoryWatcher: A directory notification for 'C:/Users/Will/Documents/GitHub/JMan_Team5/Team5/Content/Collections/' was aborted.
[2018.02.01-20.04.58:886][616]LogDirectoryWatcher: A directory notification for 'C:/Users/Will/Documents/GitHub/JMan_Team5/Team5/Content/Developers/Will/Collections/' was aborted.
[2018.02.01-20.04.58:886][616]LogDirectoryWatcher: A directory notification for 'C:/Users/Will/Documents/GitHub/JMan_Team5/Team5/Saved/Collections/' was aborted.
[2018.02.01-20.04.58:886][616]LogModuleManager: Shutting down and abandoning module StatsViewer (510)
[2018.02.01-20.04.58:886][616]LogModuleManager: Shutting down and abandoning module FoliageEdit (508)
[2018.02.01-20.04.58:886][616]LogModuleManager: Shutting down and abandoning module LandscapeEditor (506)
[2018.02.01-20.04.58:899][616]LogModuleManager: Shutting down and abandoning module MeshPaintMode (504)
[2018.02.01-20.04.58:899][616]LogModuleManager: Shutting down and abandoning module SceneDepthPickerMode (502)
[2018.02.01-20.04.58:899][616]LogModuleManager: Shutting down and abandoning module ActorPickerMode (500)
[2018.02.01-20.04.58:899][616]LogModuleManager: Shutting down and abandoning module GeometryMode (498)
[2018.02.01-20.04.58:899][616]LogModuleManager: Shutting down and abandoning module TextureAlignMode (496)
[2018.02.01-20.04.58:899][616]LogModuleManager: Shutting down and abandoning module BspMode (494)
[2018.02.01-20.04.58:899][616]LogModuleManager: Shutting down and abandoning module HardwareSurvey (492)
[2018.02.01-20.04.58:899][616]LogModuleManager: Shutting down and abandoning module SequenceRecorderSections (490)
[2018.02.01-20.04.58:899][616]LogModuleManager: Shutting down and abandoning module AutomationWorker (488)
[2018.02.01-20.04.58:899][616]LogModuleManager: Shutting down and abandoning module MatineeToLevelSequence (486)
[2018.02.01-20.04.58:899][616]LogModuleManager: Shutting down and abandoning module LevelSequenceEditor (484)
[2018.02.01-20.04.58:909][616]LogModuleManager: Shutting down and abandoning module PlacementMode (483)
[2018.02.01-20.04.58:909][616]LogModuleManager: Shutting down and abandoning module WmfMediaFactory (480)
[2018.02.01-20.04.58:909][616]LogModuleManager: Shutting down and abandoning module WmfMediaEditor (478)
[2018.02.01-20.04.58:909][616]LogModuleManager: Shutting down and abandoning module AvfMediaFactory (476)
[2018.02.01-20.04.58:909][616]LogModuleManager: Shutting down and abandoning module AvfMediaEditor (474)
[2018.02.01-20.04.58:909][616]LogModuleManager: Shutting down and abandoning module AndroidMediaFactory (472)
[2018.02.01-20.04.58:909][616]LogModuleManager: Shutting down and abandoning module Media (471)
[2018.02.01-20.04.58:909][616]LogModuleManager: Shutting down and abandoning module AndroidMediaEditor (468)
[2018.02.01-20.04.58:909][616]LogModuleManager: Shutting down and abandoning module CharacterAI (466)
[2018.02.01-20.04.58:909][616]LogModuleManager: Shutting down and abandoning module AudioCapture (464)
[2018.02.01-20.04.58:909][616]LogModuleManager: Shutting down and abandoning module SequenceRecorder (463)
[2018.02.01-20.04.58:909][616]LogModuleManager: Shutting down and abandoning module SmartSnapping (460)
[2018.02.01-20.04.58:909][616]LogModuleManager: Shutting down and abandoning module SessionServices (458)
[2018.02.01-20.04.58:909][616]LogModuleManager: Shutting down and abandoning module ViewportSnapping (456)
[2018.02.01-20.04.58:909][616]LogModuleManager: Shutting down and abandoning module ViewportInteraction (454)
[2018.02.01-20.04.58:909][616]LogModuleManager: Shutting down and abandoning module ClothPainter (452)
[2018.02.01-20.04.58:916][616]LogModuleManager: Shutting down and abandoning module LogVisualizer (450)
[2018.02.01-20.04.58:917][616]LogModuleManager: Shutting down and abandoning module IntroTutorials (448)
[2018.02.01-20.04.58:917][616]LogModuleManager: Shutting down and abandoning module GameProjectGeneration (447)
[2018.02.01-20.04.58:932][616]LogModuleManager: Shutting down and abandoning module EditorLiveStreaming (444)
[2018.02.01-20.04.58:932][616]LogModuleManager: Shutting down and abandoning module IOSPlatformEditor (442)
[2018.02.01-20.04.58:939][616]LogModuleManager: Shutting down and abandoning module HTML5PlatformEditor (440)
[2018.02.01-20.04.58:939][616]LogModuleManager: Shutting down and abandoning module AndroidPlatformEditor (438)
[2018.02.01-20.04.58:939][616]LogModuleManager: Shutting down and abandoning module AndroidDeviceDetection (437)
[2018.02.01-20.04.59:177][616]LogModuleManager: Shutting down and abandoning module IOSRuntimeSettings (434)
[2018.02.01-20.04.59:177][616]LogModuleManager: Shutting down and abandoning module AndroidRuntimeSettings (432)
[2018.02.01-20.04.59:177][616]LogModuleManager: Shutting down and abandoning module InputBindingEditor (430)
[2018.02.01-20.04.59:183][616]LogModuleManager: Shutting down and abandoning module MergeActors (428)
[2018.02.01-20.04.59:188][616]LogModuleManager: Shutting down and abandoning module SizeMap (426)
[2018.02.01-20.04.59:188][616]LogModuleManager: Shutting down and abandoning module TreeMap (424)
[2018.02.01-20.04.59:195][616]LogModuleManager: Shutting down and abandoning module ReferenceViewer (422)
[2018.02.01-20.04.59:196][616]LogModuleManager: Shutting down and abandoning module LocalizationDashboard (420)
[2018.02.01-20.04.59:204][616]LogModuleManager: Shutting down and abandoning module LocalizationService (419)
[2018.02.01-20.04.59:204][616]LogModuleManager: Shutting down and abandoning module HardwareTargeting (416)
[2018.02.01-20.04.59:204][616]LogModuleManager: Shutting down and abandoning module DeviceProfileEditor (414)
[2018.02.01-20.04.59:209][616]LogModuleManager: Shutting down and abandoning module UndoHistory (412)
[2018.02.01-20.04.59:209][616]LogModuleManager: Shutting down and abandoning module UserFeedback (410)
[2018.02.01-20.04.59:209][616]LogModuleManager: Shutting down and abandoning module XmlParser (408)
[2018.02.01-20.04.59:209][616]LogModuleManager: Shutting down and abandoning module Blutility (406)
[2018.02.01-20.04.59:209][616]LogModuleManager: Shutting down and abandoning module ProjectSettingsViewer (404)
[2018.02.01-20.04.59:209][616]LogModuleManager: Shutting down and abandoning module ProjectTargetPlatformEditor (403)
[2018.02.01-20.04.59:210][616]LogModuleManager: Shutting down and abandoning module EditorSettingsViewer (400)
[2018.02.01-20.04.59:210][616]LogModuleManager: Shutting down and abandoning module SettingsEditor (398)
[2018.02.01-20.04.59:210][616]LogModuleManager: Shutting down and abandoning module ProjectLauncher (396)
[2018.02.01-20.04.59:216][616]LogModuleManager: Shutting down and abandoning module SessionFrontend (394)
[2018.02.01-20.04.59:221][616]LogModuleManager: Shutting down and abandoning module ProfilerClient (392)
[2018.02.01-20.04.59:230][616]LogModuleManager: Shutting down and abandoning module DeviceManager (390)
[2018.02.01-20.04.59:243][616]LogModuleManager: Shutting down and abandoning module TargetDeviceServices (389)
[2018.02.01-20.04.59:297][616]LogModuleManager: Shutting down and abandoning module AutomationController (386)
[2018.02.01-20.04.59:297][616]LogModuleManager: Shutting down and abandoning module AutomationWindow (384)
[2018.02.01-20.04.59:303][616]LogModuleManager: Shutting down and abandoning module Layers (382)
[2018.02.01-20.04.59:304][616]LogModuleManager: Shutting down and abandoning module ComponentVisualizers (380)
[2018.02.01-20.04.59:304][616]LogModuleManager: Shutting down and abandoning module DetailCustomizations (378)
[2018.02.01-20.04.59:316][616]LogModuleManager: Shutting down and abandoning module PackagesDialog (376)
[2018.02.01-20.04.59:324][616]LogModuleManager: Shutting down and abandoning module Persona (374)
[2018.02.01-20.04.59:337][616]LogModuleManager: Shutting down and abandoning module AdvancedPreviewScene (373)
[2018.02.01-20.04.59:337][616]LogModuleManager: Shutting down and abandoning module AnimGraph (371)
[2018.02.01-20.04.59:337][616]LogModuleManager: Shutting down and abandoning module Kismet (368)
[2018.02.01-20.04.59:339][616]LogModuleManager: Shutting down and abandoning module ClassViewer (366)
[2018.02.01-20.04.59:339][616]LogModuleManager: Shutting down and abandoning module Toolbox (364)
[2018.02.01-20.04.59:339][616]LogModuleManager: Shutting down and abandoning module ModuleUI (362)
[2018.02.01-20.04.59:348][616]LogModuleManager: Shutting down and abandoning module MovieSceneTools (360)
[2018.02.01-20.04.59:348][616]LogModuleManager: Shutting down and abandoning module OutputLog (358)
[2018.02.01-20.04.59:348][616]LogModuleManager: Shutting down and abandoning module GammaUI (356)
[2018.02.01-20.04.59:362][616]LogModuleManager: Shutting down and abandoning module Documentation (354)
[2018.02.01-20.04.59:362][616]LogModuleManager: Shutting down and abandoning module MovieSceneTracks (352)
[2018.02.01-20.04.59:362][616]LogModuleManager: Shutting down and abandoning module MovieScene (350)
[2018.02.01-20.04.59:362][616]LogModuleManager: Shutting down and abandoning module Niagara (348)
[2018.02.01-20.04.59:362][616]LogModuleManager: Shutting down and abandoning module NiagaraEditor (347)
[2018.02.01-20.04.59:373][616]LogModuleManager: Shutting down and abandoning module StreamingPauseRendering (344)
[2018.02.01-20.04.59:373][616]LogModuleManager: Shutting down and abandoning module AnalyticsET (342)
[2018.02.01-20.04.59:373][616]LogModuleManager: Shutting down and abandoning module PortalServices (340)
[2018.02.01-20.04.59:373][616]LogModuleManager: Shutting down and abandoning module PortalRpc (338)
[2018.02.01-20.04.59:373][616]LogModuleManager: Shutting down and abandoning module MessagingRpc (336)
[2018.02.01-20.04.59:373][616]LogModuleManager: Shutting down and abandoning module AIModule (334)
[2018.02.01-20.04.59:373][616]LogModuleManager: Shutting down and abandoning module GameplayDebugger (333)
[2018.02.01-20.04.59:373][616]LogModuleManager: Shutting down and abandoning module AITestSuite (331)
[2018.02.01-20.04.59:373][616]LogModuleManager: Shutting down and abandoning module ProfilerService (328)
[2018.02.01-20.04.59:438][616]LogModuleManager: Shutting down and abandoning module TaskGraph (326)
[2018.02.01-20.04.59:438][616]LogModuleManager: Shutting down and abandoning module SteamVRController (324)
[2018.02.01-20.04.59:438][616]LogModuleManager: Shutting down and abandoning module SteamVR (322)
[2018.02.01-20.04.59:438][616]LogModuleManager: Shutting down and abandoning module ProceduralMeshComponentEditor (320)
[2018.02.01-20.04.59:439][616]LogModuleManager: Shutting down and abandoning module ProceduralMeshComponent (318)
[2018.02.01-20.04.59:439][616]LogModuleManager: Shutting down and abandoning module OculusLibrary (316)
[2018.02.01-20.04.59:439][616]LogModuleManager: Shutting down and abandoning module OculusInput (314)
[2018.02.01-20.04.59:439][616]LogModuleManager: Shutting down and abandoning module MobilePatchingUtils (312)
[2018.02.01-20.04.59:439][616]LogModuleManager: Shutting down and abandoning module CustomMeshComponent (310)
[2018.02.01-20.04.59:439][616]LogModuleManager: Shutting down and abandoning module CableComponent (308)
[2018.02.01-20.04.59:439][616]LogModuleManager: Shutting down and abandoning module ArchVisCharacter (306)
[2018.02.01-20.04.59:439][616]LogModuleManager: Shutting down and abandoning module AndroidPermission (304)
[2018.02.01-20.04.59:439][616]LogModuleManager: Shutting down and abandoning module MediaPlayerEditor (300)
[2018.02.01-20.04.59:450][616]LogModuleManager: Shutting down and abandoning module HTML5Networking (298)
[2018.02.01-20.04.59:450][616]LogModuleManager: Shutting down and abandoning module AlembicImporter (296)
[2018.02.01-20.04.59:450][616]LogModuleManager: Shutting down and abandoning module AlembicLibrary (295)
[2018.02.01-20.04.59:451][616]LogModuleManager: Shutting down and abandoning module GeometryCache (294)
[2018.02.01-20.04.59:451][616]LogModuleManager: Shutting down and abandoning module GeometryCacheEd (293)
[2018.02.01-20.04.59:451][616]LogModuleManager: Shutting down and abandoning module SuperSearchEditor (288)
[2018.02.01-20.04.59:451][616]LogModuleManager: Shutting down and abandoning module SuperSearch (287)
[2018.02.01-20.04.59:451][616]LogModuleManager: Shutting down and abandoning module SpeedTreeImporter (284)
[2018.02.01-20.04.59:451][616]LogModuleManager: Shutting down and abandoning module PluginBrowser (282)
[2018.02.01-20.04.59:451][616]LogModuleManager: Shutting down and abandoning module MobileLauncherProfileWizard (280)
[2018.02.01-20.04.59:452][616]LogModuleManager: Shutting down and abandoning module VisualStudioSourceCodeAccess (278)
[2018.02.01-20.04.59:452][616]LogModuleManager: Shutting down and abandoning module DesktopPlatform (277)
[2018.02.01-20.04.59:452][616]LogModuleManager: Shutting down and abandoning module UObjectPlugin (274)
[2018.02.01-20.04.59:452][616]LogModuleManager: Shutting down and abandoning module SubversionSourceControl (272)
[2018.02.01-20.04.59:452][616]LogModuleManager: Shutting down and abandoning module PerforceSourceControl (270)
[2018.02.01-20.04.59:452][616]LogModuleManager: Shutting down and abandoning module GitSourceControl (268)
[2018.02.01-20.04.59:452][616]LogModuleManager: Shutting down and abandoning module SourceControl (267)
[2018.02.01-20.04.59:452][616]LogModuleManager: Shutting down and abandoning module LightPropagationVolumeEditor (264)
[2018.02.01-20.04.59:452][616]LogModuleManager: Shutting down and abandoning module PaperTiledImporter (262)
[2018.02.01-20.04.59:452][616]LogModuleManager: Shutting down and abandoning module PaperSpriteSheetImporter (260)
[2018.02.01-20.04.59:452][616]LogModuleManager: Shutting down and abandoning module Paper2DEditor (258)
[2018.02.01-20.04.59:452][616]LogModuleManager: Shutting down and abandoning module MeshPaint (257)
[2018.02.01-20.04.59:452][616]LogModuleManager: Shutting down and abandoning module LevelEditor (255)
[2018.02.01-20.04.59:454][616]LogModuleManager: Shutting down and abandoning module PixelInspectorModule (254)
[2018.02.01-20.04.59:454][616]LogModuleManager: Shutting down and abandoning module MainFrame (252)
[2018.02.01-20.04.59:454][616]LogModuleManager: Shutting down and abandoning module HotReload (251)
[2018.02.01-20.04.59:455][616]LogModuleManager: Shutting down and abandoning module PhysXVehiclesEditor (246)
[2018.02.01-20.04.59:455][616]LogModuleManager: Shutting down and abandoning module PhysXVehicles (244)
[2018.02.01-20.04.59:455][616]LogModuleManager: Shutting down and abandoning module LocationServicesBPLibrary (242)
[2018.02.01-20.04.59:455][616]LogModuleManager: Shutting down and abandoning module ImmediatePhysicsEditor (240)
[2018.02.01-20.04.59:455][616]LogModuleManager: Shutting down and abandoning module ImmediatePhysics (238)
[2018.02.01-20.04.59:455][616]LogModuleManager: Shutting down and abandoning module UdpMessaging (236)
[2018.02.01-20.04.59:556][616]LogModuleManager: Shutting down and abandoning module TcpMessaging (234)
[2018.02.01-20.04.59:657][616]LogModuleManager: Shutting down and abandoning module GameplayTagsEditor (232)
[2018.02.01-20.04.59:657][616]LogModuleManager: Shutting down and abandoning module FacialAnimationEditor (230)
[2018.02.01-20.04.59:657][616]LogModuleManager: Shutting down and abandoning module FacialAnimation (228)
[2018.02.01-20.04.59:657][616]LogModuleManager: Shutting down and abandoning module AssetManagerEditor (226)
[2018.02.01-20.04.59:662][616]LogModuleManager: Shutting down and abandoning module GraphEditor (225)
[2018.02.01-20.04.59:691][616]LogModuleManager: Shutting down and abandoning module ContentBrowser (223)
[2018.02.01-20.04.59:692][616]LogModuleManager: Shutting down and abandoning module LightPropagationVolumeRuntime (220)
[2018.02.01-20.04.59:692][616]LogModuleManager: Shutting down and abandoning module Paper2D (218)
[2018.02.01-20.04.59:699][616]LogModuleManager: Shutting down and abandoning module WindowsMoviePlayer (216)
[2018.02.01-20.04.59:699][616]LogModuleManager: Shutting down and abandoning module WmfMedia (214)
[2018.02.01-20.04.59:703][616]LogModuleManager: Shutting down and abandoning module ClothingSystemEditor (212)
[2018.02.01-20.04.59:703][616]LogModuleManager: Shutting down and abandoning module ClothingSystemRuntime (210)
[2018.02.01-20.04.59:713][616]LogModuleManager: Shutting down and abandoning module MediaAssets (208)
[2018.02.01-20.04.59:713][616]LogModuleManager: Shutting down and abandoning module GameLiveStreaming (206)
[2018.02.01-20.04.59:713][616]LogModuleManager: Shutting down and abandoning module VREditor (204)
[2018.02.01-20.04.59:713][616]LogModuleManager: Shutting down and abandoning module StringTableEditor (202)
[2018.02.01-20.04.59:714][616]LogModuleManager: Shutting down and abandoning module GameplayTasksEditor (200)
[2018.02.01-20.04.59:714][616]LogModuleManager: Shutting down and abandoning module BehaviorTreeEditor (198)
[2018.02.01-20.04.59:726][616]LogModuleManager: Shutting down and abandoning module FunctionalTesting (196)
[2018.02.01-20.04.59:726][616]LogModuleManager: Shutting down and abandoning module CollisionAnalyzer (194)
[2018.02.01-20.04.59:733][616]LogModuleManager: Shutting down and abandoning module UMG (192)
[2018.02.01-20.04.59:733][616]LogModuleManager: Shutting down and abandoning module UMGEditor (191)
[2018.02.01-20.04.59:744][616]LogModuleManager: Shutting down and abandoning module Sequencer (190)
[2018.02.01-20.04.59:744][616]LogModuleManager: Shutting down and abandoning module AssetTools (188)
[2018.02.01-20.04.59:762][616]LogModuleManager: Shutting down and abandoning module MessageLog (187)
[2018.02.01-20.04.59:762][616]LogModuleManager: Shutting down and abandoning module WorkspaceMenuStructure (186)
[2018.02.01-20.04.59:762][616]LogModuleManager: Shutting down and abandoning module SlateReflector (180)
[2018.02.01-20.04.59:774][616]LogModuleManager: Shutting down and abandoning module Slate (178)
[2018.02.01-20.04.59:774][616]LogModuleManager: Shutting down and abandoning module EditorStyle (176)
[2018.02.01-20.04.59:780][616]LogModuleManager: Shutting down and abandoning module SourceCodeAccess (174)
[2018.02.01-20.04.59:781][616]LogModuleManager: Shutting down and abandoning module HeadMountedDisplay (172)
[2018.02.01-20.04.59:781][616]LogModuleManager: Shutting down and abandoning module XAudio2 (170)
[2018.02.01-20.04.59:781][616]LogModuleManager: Shutting down and abandoning module Networking (168)
[2018.02.01-20.04.59:781][616]LogModuleManager: Shutting down and abandoning module Core (164)
[2018.02.01-20.04.59:781][616]LogModuleManager: Shutting down and abandoning module AssetRegistry (162)
[2018.02.01-20.04.59:923][616]LogDirectoryWatcher: A directory notification for '../../../Engine/Content/' was aborted.
[2018.02.01-20.04.59:924][616]LogDirectoryWatcher: A directory notification for 'C:/Users/Will/Documents/GitHub/JMan_Team5/Team5/Content/' was aborted.
[2018.02.01-20.04.59:924][616]LogDirectoryWatcher: A directory notification for '../../../Engine/Plugins/2D/Paper2D/Content/' was aborted.
[2018.02.01-20.04.59:924][616]LogDirectoryWatcher: A directory notification for '../../../Engine/Plugins/Runtime/GearVR/Content/' was aborted.
[2018.02.01-20.04.59:935][616]LogModuleManager: Shutting down and abandoning module DirectoryWatcher (161)
[2018.02.01-20.04.59:936][616]LogModuleManager: Shutting down and abandoning module KismetCompiler (158)
[2018.02.01-20.04.59:936][616]LogModuleManager: Shutting down and abandoning module LevelSequence (156)
[2018.02.01-20.04.59:936][616]LogModuleManager: Shutting down and abandoning module PhysXFormats (154)
[2018.02.01-20.04.59:936][616]LogModuleManager: Shutting down and abandoning module MeshUtilities (152)
[2018.02.01-20.04.59:937][616]LogModuleManager: Shutting down and abandoning module SimplygonSwarm (151)
[2018.02.01-20.04.59:937][616]LogModuleManager: Shutting down and abandoning module SimplygonMeshReduction (149)
[2018.02.01-20.04.59:937][616]LogModuleManager: Shutting down and abandoning module QuadricMeshReduction (147)
[2018.02.01-20.04.59:937][616]LogModuleManager: Shutting down and abandoning module DerivedDataCache (144)
[2018.02.01-20.04.59:980][616]LogDerivedDataCache: Shutdown
[2018.02.01-20.04.59:980][616]LogModuleManager: Shutting down and abandoning module TargetPlatform (142)
[2018.02.01-20.04.59:980][616]LogModuleManager: Shutting down and abandoning module VulkanShaderFormat (141)
[2018.02.01-20.04.59:980][616]LogModuleManager: Shutting down and abandoning module ShaderFormatVectorVM (139)
[2018.02.01-20.04.59:987][616]LogModuleManager: Shutting down and abandoning module ShaderFormatOpenGL (137)
[2018.02.01-20.04.59:992][616]LogModuleManager: Shutting down and abandoning module ShaderFormatD3D (135)
[2018.02.01-20.04.59:992][616]LogModuleManager: Shutting down and abandoning module MetalShaderFormat (133)
[2018.02.01-20.05.00:005][616]LogModuleManager: Shutting down and abandoning module TextureFormatUncompressed (131)
[2018.02.01-20.05.00:005][616]LogModuleManager: Shutting down and abandoning module TextureFormatPVR (129)
[2018.02.01-20.05.00:005][616]LogModuleManager: Shutting down and abandoning module TextureFormatDXT (127)
[2018.02.01-20.05.00:005][616]LogModuleManager: Shutting down and abandoning module TextureFormatIntelISPCTexComp (125)
[2018.02.01-20.05.00:005][616]LogModuleManager: Shutting down and abandoning module TextureFormatASTC (123)
[2018.02.01-20.05.00:005][616]LogModuleManager: Shutting down and abandoning module ImageWrapper (122)
[2018.02.01-20.05.00:005][616]LogModuleManager: Shutting down and abandoning module TextureFormatAndroid (119)
[2018.02.01-20.05.00:005][616]LogModuleManager: Shutting down and abandoning module AudioFormatOpus (117)
[2018.02.01-20.05.00:005][616]LogModuleManager: Shutting down and abandoning module AudioFormatOgg (115)
[2018.02.01-20.05.00:005][616]LogModuleManager: Shutting down and abandoning module AudioFormatADPCM (113)
[2018.02.01-20.05.00:005][616]LogModuleManager: Shutting down and abandoning module LinuxTargetPlatform (111)
[2018.02.01-20.05.00:005][616]LogModuleManager: Shutting down and abandoning module LinuxServerTargetPlatform (109)
[2018.02.01-20.05.00:005][616]LogModuleManager: Shutting down and abandoning module LinuxNoEditorTargetPlatform (107)
[2018.02.01-20.05.00:005][616]LogModuleManager: Shutting down and abandoning module LinuxClientTargetPlatform (105)
[2018.02.01-20.05.00:005][616]LogModuleManager: Shutting down and abandoning module TVOSTargetPlatform (103)
[2018.02.01-20.05.00:005][616]LogModuleManager: Shutting down and abandoning module Messaging (101)
[2018.02.01-20.05.00:005][616]LogModuleManager: Shutting down and abandoning module IOSTargetPlatform (99)
[2018.02.01-20.05.00:005][616]LogModuleManager: Shutting down and abandoning module HTML5TargetPlatform (97)
[2018.02.01-20.05.00:005][616]LogModuleManager: Shutting down and abandoning module Android_PVRTCTargetPlatform (95)
[2018.02.01-20.05.00:005][616]LogModuleManager: Shutting down and abandoning module Android_MultiTargetPlatform (93)
[2018.02.01-20.05.00:005][616]LogModuleManager: Shutting down and abandoning module Android_ETC2TargetPlatform (91)
[2018.02.01-20.05.00:005][616]LogModuleManager: Shutting down and abandoning module Android_ETC1TargetPlatform (89)
[2018.02.01-20.05.00:005][616]LogModuleManager: Shutting down and abandoning module Android_DXTTargetPlatform (87)
[2018.02.01-20.05.00:005][616]LogModuleManager: Shutting down and abandoning module Android_ATCTargetPlatform (85)
[2018.02.01-20.05.00:005][616]LogModuleManager: Shutting down and abandoning module Android_ASTCTargetPlatform (83)
[2018.02.01-20.05.00:005][616]LogModuleManager: Shutting down and abandoning module AndroidTargetPlatform (81)
[2018.02.01-20.05.00:005][616]LogModuleManager: Shutting down and abandoning module WindowsTargetPlatform (79)
[2018.02.01-20.05.00:005][616]LogModuleManager: Shutting down and abandoning module WindowsServerTargetPlatform (77)
[2018.02.01-20.05.00:005][616]LogModuleManager: Shutting down and abandoning module WindowsNoEditorTargetPlatform (75)
[2018.02.01-20.05.00:005][616]LogModuleManager: Shutting down and abandoning module WindowsClientTargetPlatform (73)
[2018.02.01-20.05.00:005][616]LogModuleManager: Shutting down and abandoning module MacTargetPlatform (71)
[2018.02.01-20.05.00:005][616]LogModuleManager: Shutting down and abandoning module MacServerTargetPlatform (69)
[2018.02.01-20.05.00:005][616]LogModuleManager: Shutting down and abandoning module MacNoEditorTargetPlatform (67)
[2018.02.01-20.05.00:005][616]LogModuleManager: Shutting down and abandoning module MacClientTargetPlatform (65)
[2018.02.01-20.05.00:005][616]LogModuleManager: Shutting down and abandoning module AllDesktopTargetPlatform (63)
[2018.02.01-20.05.00:005][616]LogModuleManager: Shutting down and abandoning module InputCore (60)
[2018.02.01-20.05.00:005][616]LogModuleManager: Shutting down and abandoning module Settings (58)
[2018.02.01-20.05.00:005][616]LogModuleManager: Shutting down and abandoning module OculusRift (56)
[2018.02.01-20.05.00:005][616]LogModuleManager: Shutting down and abandoning module GearVRController (54)
[2018.02.01-20.05.00:005][616]LogModuleManager: Shutting down and abandoning module GearVR (52)
[2018.02.01-20.05.00:005][616]LogModuleManager: Shutting down and abandoning module ExampleDeviceProfileSelector (50)
[2018.02.01-20.05.00:005][616]LogModuleManager: Shutting down and abandoning module OnlineBlueprintSupport (48)
[2018.02.01-20.05.00:005][616]LogModuleManager: Shutting down and abandoning module OnlineSubsystem (44)
[2018.02.01-20.05.00:005][616]LogOnline:Display: Unloading online subsystem: NULL
[2018.02.01-20.05.00:017][616]LogModuleManager: Shutting down and abandoning module XMPP (43)
[2018.02.01-20.05.00:017][616]LogModuleManager: Shutting down and abandoning module HTTP (41)
[2018.02.01-20.05.00:017][616]LogHttp:Display: Http module shutting down, but needs to wait on 1 outstanding Http requests:
[2018.02.01-20.05.00:017][616]LogHttp:Display: 	verb=[POST] url=[https://datarouter.ol.epicgames.com/datarouter/api/v1/public/data?SessionID=%7BFA669E7A-4424-6C08-221D-C285EDB90C7F%7D&AppID=UEEditor.Rocket.Release&AppVersion=4.16.3-3561208%2B%2B%2BUE4%2BRelease-4.16&UserID=56502864460e878d1a13f881e2b22d60%7C2af7b17eb54a4677979ccdb31c60c5da%7Cf1749676-6eb3-415c-801e-2ab03effc9dc&AppEnvironment=datacollector-binary&UploadType=eteventstream] status=Processing
[2018.02.01-20.05.00:041][616]LogModuleManager: Shutting down and abandoning module SSL (40)
[2018.02.01-20.05.00:043][616]LogModuleManager: Shutting down and abandoning module HTTPChunkInstaller (36)
[2018.02.01-20.05.00:053][616]LogModuleManager: Shutting down and abandoning module AnimationModifiers (34)
[2018.02.01-20.05.00:063][616]LogModuleManager: Shutting down and abandoning module PropertyEditor (33)
[2018.02.01-20.05.00:063][616]LogModuleManager: Shutting down and abandoning module AudioEditor (30)
[2018.02.01-20.05.00:069][616]LogModuleManager: Shutting down and abandoning module TextureCompressor (28)
[2018.02.01-20.05.00:069][616]LogModuleManager: Shutting down and abandoning module ShaderCore (26)
[2018.02.01-20.05.00:069][616]LogModuleManager: Shutting down and abandoning module Landscape (24)
[2018.02.01-20.05.00:069][616]LogModuleManager: Shutting down and abandoning module SlateRHIRenderer (22)
[2018.02.01-20.05.00:077][616]LogModuleManager: Shutting down and abandoning module OpenGLDrv (20)
[2018.02.01-20.05.00:083][616]LogModuleManager: Shutting down and abandoning module D3D11RHI (18)
[2018.02.01-20.05.00:083][616]LogModuleManager: Shutting down and abandoning module AnimGraphRuntime (16)
[2018.02.01-20.05.00:083][616]LogModuleManager: Shutting down and abandoning module Renderer (14)
[2018.02.01-20.05.00:083][616]LogModuleManager: Shutting down and abandoning module Engine (12)
[2018.02.01-20.05.00:083][616]LogModuleManager: Shutting down and abandoning module CoreUObject (10)
[2018.02.01-20.05.00:083][616]LogModuleManager: Shutting down and abandoning module NetworkFile (8)
[2018.02.01-20.05.00:083][616]LogModuleManager: Shutting down and abandoning module StreamingFile (6)
[2018.02.01-20.05.00:083][616]LogModuleManager: Shutting down and abandoning module SandboxFile (4)
[2018.02.01-20.05.00:084][616]LogModuleManager: Shutting down and abandoning module PakFile (2)
[2018.02.01-20.05.00:097][616]LogExit: Exiting.
[2018.02.01-20.05.00:108][616]Log file closed, 02/01/18 20:05:00
