Log file open, 01/22/18 19:33:29
LogInit:Display: Running engine for game: Team5
LogPlatformFile: Not using cached read wrapper
LogInit:Display: RandInit(1391483333) SRandInit(1391483333).
LogTaskGraph: Started task graph with 5 named threads and 10 total threads with 1 sets of task threads.
LogStats: Stats thread started at 0.850144
LogInit: Using libcurl 7.47.1
LogInit:  - built for x86_64-pc-win32
LogInit:  - supports SSL with OpenSSL/1.0.2g
LogInit:  - supports HTTP deflate (compression) using libz 1.2.8
LogInit:  - other features:
LogInit:      CURL_VERSION_SSL
LogInit:      CURL_VERSION_LIBZ
LogInit:      CURL_VERSION_IPV6
LogInit:      CURL_VERSION_ASYNCHDNS
LogInit:      CURL_VERSION_LARGEFILE
LogInit:      CURL_VERSION_IDN
LogInit:  CurlRequestOptions (configurable via config and command line):
LogInit:  - bVerifyPeer = false  - Libcurl will NOT verify peer certificate
LogInit:  - bUseHttpProxy = false  - Libcurl will NOT use HTTP proxy
LogInit:  - bDontReuseConnections = false  - Libcurl will reuse connections
LogInit:  - CertBundlePath = nullptr  - Libcurl will use whatever was configured at build time.
LogInit: Build: ++UE4+Release-4.16-CL-3561208
LogInit: Engine Version: 4.16.3-3561208+++UE4+Release-4.16
LogInit: Compatible Engine Version: 4.16.0-3452394+++UE4+Release-4.16
LogInit: Net CL: 3452394
LogDevObjectVersion: Number of dev versions registered: 16
LogDevObjectVersion:   Dev-Blueprints (B0D832E4-1F89-4F0D-ACCF-7EB736FD4AA2): 9
LogDevObjectVersion:   Dev-Build (E1C64328-A22C-4D53-A36C-8E866417BD8C): 0
LogDevObjectVersion:   Dev-Core (375EC13C-06E4-48FB-B500-84F0262A717E): 2
LogDevObjectVersion:   Dev-Editor (E4B068ED-F494-42E9-A231-DA0B2E46BB41): 17
LogDevObjectVersion:   Dev-Framework (CFFC743F-43B0-4480-9391-14DF171D2073): 23
LogDevObjectVersion:   Dev-Mobile (B02B49B5-BB20-44E9-A304-32B752E40360): 0
LogDevObjectVersion:   Dev-Networking (A4E4105C-59A1-49B5-A7C5-40C4547EDFEE): 0
LogDevObjectVersion:   Dev-Online (39C831C9-5AE6-47DC-9A44-9C173E1C8E7C): 0
LogDevObjectVersion:   Dev-Physics (78F01B33-EBEA-4F98-B9B4-84EACCB95AA2): 0
LogDevObjectVersion:   Dev-Platform (6631380F-2D4D-43E0-8009-CF276956A95A): 0
LogDevObjectVersion:   Dev-Rendering (12F88B9F-8875-4AFC-A67C-D90C383ABD29): 15
LogDevObjectVersion:   Dev-Sequencer (7B5AE74C-D270-4C10-A958-57980B212A5A): 4
LogDevObjectVersion:   Dev-VR (D7296918-1DD6-4BDD-9DE2-64A83CC13884): 0
LogDevObjectVersion:   Dev-LoadTimes (C2A15278-BFE7-4AFE-6C17-90FF531DF755): 1
LogDevObjectVersion:   Private-Geometry (6EACA3D4-40EC-4CC1-B786-8BED09428FC5): 1
LogDevObjectVersion:   Dev-AnimPhys (29E575DD-E0A3-4627-9D10-D276232CDCEA): 3
LogInit: Compiled (64-bit): Jul 28 2017 11:49:47
LogInit: Compiled with Visual C++: 19.00.24215.01
LogInit: Build Configuration: Development
LogInit: Branch Name: ++UE4+Release-4.16
LogInit: Command line:  
LogInit: Base directory: C:/Program Files/Epic Games/UE_4.16/Engine/Binaries/Win64/
LogInit: Installed Engine Build: 1
LogInit: Presizing for max 8388607 objects, including 0 objects not considered by GC, pre-allocating 0 bytes for permanent pool.
LogInit: Object subsystem initialized
[2018.01.22-19.33.30:355][  0]LogInit: Selected Device Profile: [Windows]
[2018.01.22-19.33.30:355][  0]LogInit: Applying CVar settings loaded from the selected device profile: [Windows]
[2018.01.22-19.33.30:418][  0]LogInit: Computer: TU45340
[2018.01.22-19.33.30:418][  0]LogInit: User: s6094358
[2018.01.22-19.33.30:418][  0]LogInit: CPU Page size=4096, Cores=6
[2018.01.22-19.33.30:418][  0]LogInit: High frequency timer resolution =3.410075 MHz
[2018.01.22-19.33.30:419][  0]LogMemory: Memory total: Physical=31.9GB (32GB approx)
[2018.01.22-19.33.30:419][  0]LogMemory: Platform Memory Stats for Windows
[2018.01.22-19.33.30:419][  0]LogMemory: Process Physical Memory: 273.56 MB used, 273.56 MB peak
[2018.01.22-19.33.30:419][  0]LogMemory: Process Virtual Memory: 267.61 MB used, 267.61 MB peak
[2018.01.22-19.33.30:419][  0]LogMemory: Physical Memory: 5663.56 MB used,  27020.60 MB free, 32684.16 MB total
[2018.01.22-19.33.30:419][  0]LogMemory: Virtual Memory: 634.49 MB used,  27020.60 MB free, 134217728.00 MB total
[2018.01.22-19.33.30:897][  0]LogInit: Using OS detected language (en-US).
[2018.01.22-19.33.30:897][  0]LogInit: Using OS detected locale (en-GB).
[2018.01.22-19.33.30:966][  0]LogTextLocalizationManager: No specific localization for 'en-US' exists, so the 'en' localization will be used.
[2018.01.22-19.33.34:052][  0]LogD3D11RHI: D3D11 adapters:
[2018.01.22-19.33.34:081][  0]LogD3D11RHI:    0. 'NVIDIA GeForce GTX 980 Ti' (Feature Level 11_0)
[2018.01.22-19.33.34:081][  0]LogD3D11RHI:       6102/0/16342 MB DedicatedVideo/DedicatedSystem/SharedSystem, Outputs:2, VendorId:0x10de
[2018.01.22-19.33.34:091][  0]LogD3D11RHI:    1. 'Microsoft Basic Render Driver' (Feature Level 11_0)
[2018.01.22-19.33.34:091][  0]LogD3D11RHI:       0/0/16342 MB DedicatedVideo/DedicatedSystem/SharedSystem, Outputs:0, VendorId:0x1414
[2018.01.22-19.33.34:091][  0]LogD3D11RHI: Chosen D3D11 Adapter: 0
[2018.01.22-19.33.34:096][  0]LogD3D11RHI: Creating new Direct3DDevice
[2018.01.22-19.33.34:096][  0]LogD3D11RHI:     GPU DeviceId: 0x17c8 (for the marketing name, search the web for "GPU Device Id")
[2018.01.22-19.33.34:096][  0]LogWindows: EnumDisplayDevices:
[2018.01.22-19.33.34:097][  0]LogWindows:    0. 'NVIDIA GeForce GTX 980 Ti' (P:1 D:1)
[2018.01.22-19.33.34:097][  0]LogWindows:    1. 'NVIDIA GeForce GTX 980 Ti' (P:0 D:1)
[2018.01.22-19.33.34:097][  0]LogWindows:    2. 'NVIDIA GeForce GTX 980 Ti' (P:0 D:0)
[2018.01.22-19.33.34:097][  0]LogWindows:    3. 'NVIDIA GeForce GTX 980 Ti' (P:0 D:0)
[2018.01.22-19.33.34:097][  0]LogWindows: DebugString: FoundDriverCount:4 
[2018.01.22-19.33.34:097][  0]LogD3D11RHI:     Adapter Name: NVIDIA GeForce GTX 980 Ti
[2018.01.22-19.33.34:097][  0]LogD3D11RHI:   Driver Version: 376.53 (internal:21.21.13.7653, unified:376.53)
[2018.01.22-19.33.34:097][  0]LogD3D11RHI:      Driver Date: 12-29-2016
[2018.01.22-19.33.34:097][  0]LogRHI: Texture pool is 1361 MB (70% of 1945 MB)
[2018.01.22-19.33.34:119][  0]LogD3D11RHI: Async texture creation enabled
[2018.01.22-19.33.34:143][  0]LogD3D11RHI: GPU Timing Frequency: 1000.000000 (Debug: 2 1)
[2018.01.22-19.33.34:236][  0]LogShaderCompilers: Guid format shader working directory is 18 characters bigger than the processId version (U:/Journeyman/JMan_Team5/Team5/Intermediate/Shaders/WorkingDirectory/10708/).
[2018.01.22-19.33.34:236][  0]LogShaderCompilers: Cleaned the shader compiler working directory 'C:/Users/s6094358/AppData/Local/Temp/UnrealShaderWorkingDir/A97781964217B0AB39C59AA6B1CC53BB/'.
[2018.01.22-19.33.34:237][  0]LogShaderCompilers:Display: Using Local Shader Compiler.
[2018.01.22-19.33.37:201][  0]LogTemp:Display: Loaded TP AllDesktopTargetPlatform
[2018.01.22-19.33.37:326][  0]LogTemp:Display: Loaded TP MacClientTargetPlatform
[2018.01.22-19.33.37:441][  0]LogTemp:Display: Loaded TP MacNoEditorTargetPlatform
[2018.01.22-19.33.37:557][  0]LogTemp:Display: Loaded TP MacServerTargetPlatform
[2018.01.22-19.33.37:678][  0]LogTemp:Display: Loaded TP MacTargetPlatform
[2018.01.22-19.33.37:793][  0]LogTemp:Display: Loaded TP WindowsClientTargetPlatform
[2018.01.22-19.33.37:907][  0]LogTemp:Display: Loaded TP WindowsNoEditorTargetPlatform
[2018.01.22-19.33.38:021][  0]LogTemp:Display: Loaded TP WindowsServerTargetPlatform
[2018.01.22-19.33.38:130][  0]LogTemp:Display: Loaded TP WindowsTargetPlatform
[2018.01.22-19.33.38:249][  0]LogTemp:Display: Loaded TP AndroidTargetPlatform
[2018.01.22-19.33.38:366][  0]LogTemp:Display: Loaded TP Android_ASTCTargetPlatform
[2018.01.22-19.33.38:484][  0]LogTemp:Display: Loaded TP Android_ATCTargetPlatform
[2018.01.22-19.33.38:603][  0]LogTemp:Display: Loaded TP Android_DXTTargetPlatform
[2018.01.22-19.33.38:722][  0]LogTemp:Display: Loaded TP Android_ETC1TargetPlatform
[2018.01.22-19.33.38:839][  0]LogTemp:Display: Loaded TP Android_ETC2TargetPlatform
[2018.01.22-19.33.39:077][  0]LogTemp:Display: Loaded TP Android_MultiTargetPlatform
[2018.01.22-19.33.39:077][  0]LogTemp:Display: Loaded TP Android_PVRTCTargetPlatform
[2018.01.22-19.33.39:183][  0]LogTemp:Display: Loaded TP HTML5TargetPlatform
[2018.01.22-19.33.39:398][  0]LogTemp:Display: Loaded TP IOSTargetPlatform
[2018.01.22-19.33.39:474][  0]LogTemp:Display: Loaded TP TVOSTargetPlatform
[2018.01.22-19.33.39:594][  0]LogTemp:Display: Loaded TP LinuxClientTargetPlatform
[2018.01.22-19.33.39:712][  0]LogTemp:Display: Loaded TP LinuxNoEditorTargetPlatform
[2018.01.22-19.33.39:835][  0]LogTemp:Display: Loaded TP LinuxServerTargetPlatform
[2018.01.22-19.33.39:961][  0]LogTemp:Display: Loaded TP LinuxTargetPlatform
[2018.01.22-19.33.39:961][  0]LogTargetPlatformManager:Display: Building Assets For Windows
[2018.01.22-19.33.41:420][  0]LogDerivedDataCache:Display: Max Cache Size: 512 MB
[2018.01.22-19.33.41:420][  0]LogDerivedDataCache:Display: Starting with empty Boot cache
[2018.01.22-19.33.41:420][  0]LogDerivedDataCache: FDerivedDataBackendGraph:  Pak pak cache file U:/Journeyman/JMan_Team5/Team5/DerivedDataCache/DDC.ddp not found, will not use a pak cache.
[2018.01.22-19.33.41:420][  0]LogDerivedDataCache: Unable to find inner node Pak for hierarchical cache Hierarchy.
[2018.01.22-19.33.41:421][  0]LogDerivedDataCache: FDerivedDataBackendGraph:  CompressedPak pak cache file U:/Journeyman/JMan_Team5/Team5/DerivedDataCache/Compressed.ddp not found, will not use a pak cache.
[2018.01.22-19.33.41:421][  0]LogDerivedDataCache: Unable to find inner node CompressedPak for hierarchical cache Hierarchy.
[2018.01.22-19.33.41:446][  0]LogDerivedDataCache:Display: Pak cache opened for reading ../../../Engine/DerivedDataCache/Compressed.ddp.
[2018.01.22-19.33.41:459][  0]LogDerivedDataCache: Using Local data cache path C:/Users/s6094358/AppData/Local/UnrealEngine/Common/DerivedDataCache: Writable
[2018.01.22-19.33.41:485][  0]LogMaterial: Verifying Global Shaders for PCD3D_SM5
[2018.01.22-19.33.41:490][  0]LogSlate: Using Freetype 2.6.0
[2018.01.22-19.33.41:509][  0]LogSlate: SlateFontCache - WITH_FREETYPE: 1, WITH_HARFBUZZ: 1
[2018.01.22-19.33.41:509][  0]LogSlate: SlateFontCache - WITH_FREETYPE: 1, WITH_HARFBUZZ: 1
[2018.01.22-19.33.42:520][  0]LogInit: Selected Device Profile: [Windows]
[2018.01.22-19.33.42:830][  0]LogContentStreaming: Texture pool size is 0.00 MB
[2018.01.22-19.33.43:191][  0]LogMeshUtilities: Using QuadricMeshReduction for automatic static mesh reduction
[2018.01.22-19.33.43:314][  0]LogSimplygon: Simplygon DLL not present - disabling.
[2018.01.22-19.33.43:428][  0]LogMeshUtilities: Using SimplygonSwarm for distributed automatic mesh merging
[2018.01.22-19.33.43:428][  0]LogMeshUtilities: No automatic skeletal mesh reduction module available
[2018.01.22-19.33.43:428][  0]LogMeshUtilities: No automatic mesh merging module available
[2018.01.22-19.33.45:359][  0]LogNetVersion: Team5 , NetCL: 3452394, EngineNetVer: 2, GameNetVer: 0 (Checksum: 224845630)
[2018.01.22-19.33.45:596][  0]LogAssetRegistry: FAssetRegistry took 0.0309 seconds to start up
[2018.01.22-19.33.46:342][  0]LogPackageLocalizationCache: Processed 4 localized package path(s) for 2 prioritized culture(s) in 0.678891 seconds
[2018.01.22-19.33.46:351][  0]LogUObjectArray: 34194 objects as part of root set at end of initial load.
[2018.01.22-19.33.46:351][  0]LogUObjectAllocator: 7260416 out of 0 bytes used by permanent object pool.
[2018.01.22-19.33.46:351][  0]LogUObjectArray: CloseDisregardForGC: 0/0 objects in disregard for GC pool
[2018.01.22-19.33.46:612][  0]LogInit: WinSock: version 1.1 (2.2), MaxSocks=32767, MaxUdp=65467
[2018.01.22-19.33.53:883][  0]LogTcpMessaging: Initializing TcpMessaging bridge
[2018.01.22-19.33.53:970][  0]LogUdpMessaging: Initializing bridge on interface 0.0.0.0:0 to multicast group 230.0.0.1:6666.
[2018.01.22-19.33.53:971][  0]LogDirectoryWatcher: A directory notification failed for 'U:/Journeyman/JMan_Team5/Team5/Content/' because it was empty or there was a buffer overflow. Attemping another request...
[2018.01.22-19.33.57:735][  0]LogMaterial: Uniform references updated for custom material expression Custom.
[2018.01.22-19.33.58:779][  0]SourceControl: Info Source control is disabled
[2018.01.22-19.33.58:879][  0]SourceControl: Info Source control is disabled
[2018.01.22-19.33.59:002][  0]SourceControl: Info Source control is disabled
[2018.01.22-19.33.59:120][  0]SourceControl: Info Source control is disabled
[2018.01.22-19.34.00:816][  0]LogAndroidPermission: UAndroidPermissionCallbackProxy::GetInstance
[2018.01.22-19.34.02:273][  0]LogEngine: Initializing Engine...
[2018.01.22-19.34.02:277][  0]LogHMD: Failed to initialize OpenVR with code 110
[2018.01.22-19.34.02:771][  0]LogStats: UGameplayTagsManager::ConstructGameplayTagTree: Construct from data asset -  0.000 s
[2018.01.22-19.34.02:771][  0]LogStats: UGameplayTagsManager::ConstructGameplayTagTree: GameplayTagTreeChangedEvent.Broadcast -  0.000 s
[2018.01.22-19.34.03:169][  0]LogAIModule: Creating AISystem for world Untitled
[2018.01.22-19.34.03:189][  0]LogInit: XAudio2 using 'Speakers (Realtek High Definition Audio)' : 2 channels at 48 kHz using 32 bits per sample (channel mask 0x3)
[2018.01.22-19.34.03:273][  0]LogInit: FAudioDevice initialized.
[2018.01.22-19.34.03:319][  0]LogDerivedDataCache: Saved boot cache 0.05s 90MB C:/Users/s6094358/AppData/Local/UnrealEngine/4.16/DerivedDataCache/Boot.ddc.
[2018.01.22-19.34.03:334][  0]LogInit: Texture streaming: Enabled
[2018.01.22-19.34.03:636][  0]LogEngineSessionManager: EngineSessionManager initialized
[2018.01.22-19.34.04:443][  0]LogInit: Transaction tracking system initialized
[2018.01.22-19.34.05:556][  0]BlueprintLog: New page: Editor Load
[2018.01.22-19.34.08:369][  0]LocalizationService: Info Localization service is disabled
[2018.01.22-19.34.10:662][  0]LogConsoleResponse:Display: 
[2018.01.22-19.34.10:935][  0]LogCook:Display: Max memory allowance for cook 16384mb min free memory 0mb
[2018.01.22-19.34.10:935][  0]LogCook:Display: Mobile HDR setting 1
[2018.01.22-19.34.13:171][  0]LogFileCache: Scanning file cache for directory 'U:/Journeyman/JMan_Team5/Team5/Content/' took 2.24s
[2018.01.22-19.34.15:520][  0]SourceControl: Info Source control is disabled
[2018.01.22-19.34.15:522][  0]Cmd: MAP LOAD FILE="U:/Journeyman/JMan_Team5/Team5/Content/CORE_ASSETS/ThirdPersonBP/Maps/TestMap.umap" TEMPLATE=0 SHOWPROGRESS=1 FEATURELEVEL=3
[2018.01.22-19.34.15:546][  0]LightingResults: New page: Lighting Build
[2018.01.22-19.34.15:673][  0]MapCheck: New page: Map Check
[2018.01.22-19.34.15:673][  0]LightingResults: New page: Lighting Build
[2018.01.22-19.34.17:099][  0]LogMaterial: Missing cached shader map for material M_PostProcess_Base, compiling. 
[2018.01.22-19.34.17:209][  0]LogAIModule: Creating AISystem for world TestMap
[2018.01.22-19.34.17:229][  0]LogEditorServer: Finished looking for orphan Actors (0.000 secs)
[2018.01.22-19.34.17:245][  0]Cmd: MAP CHECKDEP NOCLEARLOG
[2018.01.22-19.34.17:316][  0]MapCheck: Info Map check complete: 0 Error(s), 0 Warning(s), took 71.227ms to complete.
[2018.01.22-19.34.17:316][  0]LogFileHelpers: Loading map 'TestMap' took 1.795
[2018.01.22-19.34.17:603][  0]LogCollectionManager: Loaded 0 collections in 0.002448 seconds
[2018.01.22-19.34.17:825][  0]LogFileCache: Scanning file cache for directory 'U:/Journeyman/JMan_Team5/Team5/Saved/Collections/' took 0.01s
[2018.01.22-19.34.17:825][  0]LogFileCache: Scanning file cache for directory 'U:/Journeyman/JMan_Team5/Team5/Content/Developers/s6094358/Collections/' took 0.01s
[2018.01.22-19.34.17:825][  0]LogFileCache: Scanning file cache for directory 'U:/Journeyman/JMan_Team5/Team5/Content/Collections/' took 0.01s
[2018.01.22-19.34.17:825][  0]LogCollectionManager: Rebuilt the GUID cache for 0 collections in 0.000002 seconds
[2018.01.22-19.34.17:836][  0]LogContentBrowser: Native class hierarchy populated in 0.0095 seconds. Added 2329 classes and 491 folders.
[2018.01.22-19.34.18:039][  0]LogContentBrowser: Native class hierarchy updated for 'WidgetCarousel' in 0.0007 seconds. Added 0 classes and 0 folders.
[2018.01.22-19.34.18:431][  0]LogContentBrowser: Native class hierarchy updated for 'AddContentDialog' in 0.0006 seconds. Added 0 classes and 0 folders.
[2018.01.22-19.34.18:557][  0]LogContentBrowser: Native class hierarchy updated for 'SceneOutliner' in 0.0007 seconds. Added 1 classes and 2 folders.
[2018.01.22-19.34.18:687][  0]LogCrashTracker: Crashtracker disabled due to settings.
[2018.01.22-19.34.18:701][  0]LogSlate: Took 0.004835 seconds to synchronously load lazily loaded font '../../../Engine/Content/Slate/Fonts/Roboto-Regular.ttf' (155K)
[2018.01.22-19.34.18:707][  0]LogSlate: Took 0.004233 seconds to synchronously load lazily loaded font '../../../Engine/Content/Slate/Fonts/Roboto-Bold.ttf' (160K)
[2018.01.22-19.34.18:718][  0]LogSlate: Took 0.004963 seconds to synchronously load lazily loaded font '../../../Engine/Content/Editor/Slate/Fonts/FontAwesome.ttf' (139K)
[2018.01.22-19.34.18:839][  0]LogRenderer: Reallocating scene render targets to support 1208x652 NumSamples 1 (Frame:1).
[2018.01.22-19.34.19:221][  0]LogContentBrowser: Native class hierarchy updated for 'HierarchicalLODOutliner' in 0.0012 seconds. Added 1 classes and 2 folders.
[2018.01.22-19.34.19:221][  0]LogLoad: (Engine Initialization) Total time: 54.55 seconds
[2018.01.22-19.34.19:221][  0]LogLoad: (Engine Initialization) Total Blueprint compile time: 0.22 seconds
[2018.01.22-19.34.19:221][  0]LogExternalProfiler: No external profilers were discovered.  External profiling features will not be available.
[2018.01.22-19.34.19:560][  0]LogOcInput: OculusInput pre-init called
[2018.01.22-19.34.19:560][  0]LogHMD: Starting GearVRController plugin
[2018.01.22-19.34.19:578][  0]LogAssetRegistry: Asset discovery search completed in 34.0044 seconds
[2018.01.22-19.34.19:579][  0]LogCollectionManager: Rebuilt the object cache for 0 collections in 0.000001 seconds (found 0 objects)
[2018.01.22-19.34.19:579][  0]LogCollectionManager: Fixed up redirectors for 0 collections in 0.000028 seconds (updated 0 objects)
[2018.01.22-19.34.19:579][  0]LogDirectoryWatcher: A directory notification failed for 'U:/Journeyman/JMan_Team5/Team5/Content/' because it was empty or there was a buffer overflow. Attemping another request...
[2018.01.22-19.34.19:580][  0]LogDirectoryWatcher: A directory notification failed for 'U:/Journeyman/JMan_Team5/Team5/Content/', and we were unable to create a new request.
[2018.01.22-19.34.19:580][  0]LogDirectoryWatcher: A directory notification failed for 'U:/Journeyman/JMan_Team5/Team5/Saved/Collections/' because it was empty or there was a buffer overflow. Attemping another request...
[2018.01.22-19.34.19:580][  0]LogDirectoryWatcher: A directory notification failed for 'U:/Journeyman/JMan_Team5/Team5/Content/Developers/s6094358/Collections/' because it was empty or there was a buffer overflow. Attemping another request...
[2018.01.22-19.34.19:580][  0]LogDirectoryWatcher: A directory notification failed for 'U:/Journeyman/JMan_Team5/Team5/Content/Collections/' because it was empty or there was a buffer overflow. Attemping another request...
[2018.01.22-19.34.19:585][  0]LogContentStreaming: Texture pool size now 1000 MB
[2018.01.22-19.34.19:644][  0]LogSlate: Took 0.004510 seconds to synchronously load lazily loaded font '../../../Engine/Content/Slate/Fonts/Roboto-Light.ttf' (159K)
[2018.01.22-19.34.19:916][  1]LogDirectoryWatcher: A directory notification failed for 'U:/Journeyman/JMan_Team5/Team5/Saved/Collections/' because it was empty or there was a buffer overflow. Attemping another request...
[2018.01.22-19.34.19:916][  1]LogDirectoryWatcher: A directory notification failed for 'U:/Journeyman/JMan_Team5/Team5/Saved/Collections/', and we were unable to create a new request.
[2018.01.22-19.34.19:916][  1]LogDirectoryWatcher: A directory notification failed for 'U:/Journeyman/JMan_Team5/Team5/Content/Developers/s6094358/Collections/' because it was empty or there was a buffer overflow. Attemping another request...
[2018.01.22-19.34.19:917][  1]LogDirectoryWatcher: A directory notification failed for 'U:/Journeyman/JMan_Team5/Team5/Content/Developers/s6094358/Collections/', and we were unable to create a new request.
[2018.01.22-19.34.19:917][  1]LogDirectoryWatcher: A directory notification failed for 'U:/Journeyman/JMan_Team5/Team5/Content/Collections/' because it was empty or there was a buffer overflow. Attemping another request...
[2018.01.22-19.34.19:918][  1]LogDirectoryWatcher: A directory notification failed for 'U:/Journeyman/JMan_Team5/Team5/Content/Collections/', and we were unable to create a new request.
[2018.01.22-19.34.24:930][245]LogTemp: Repeting last play command: Selected Viewport
[2018.01.22-19.34.26:241][245]LogBlueprintUserMessages: Early PlayInEditor Detection: Level '/Game/CORE_ASSETS/ThirdPersonBP/Maps/TestMap.TestMap:PersistentLevel' has LevelScriptBlueprint '/Game/CORE_ASSETS/ThirdPersonBP/Maps/TestMap.TestMap:PersistentLevel.TestMap' with GeneratedClass '/Game/CORE_ASSETS/ThirdPersonBP/Maps/TestMap.TestMap_C' with ClassGeneratedBy '/Game/CORE_ASSETS/ThirdPersonBP/Maps/TestMap.TestMap:PersistentLevel.TestMap'
[2018.01.22-19.34.26:241][245]LogPlayLevel: PlayLevel: No blueprints needed recompiling
[2018.01.22-19.34.26:242][245]PIE: New page: PIE session: TestMap (22 Jan 2018 19:34:26)
[2018.01.22-19.34.26:243][245]LogPlayLevel: Creating play world package: /Game/CORE_ASSETS/ThirdPersonBP/Maps/UEDPIE_0_TestMap
[2018.01.22-19.34.26:264][245]LogPlayLevel: PIE: StaticDuplicateObject took: (0.021684s)
[2018.01.22-19.34.26:265][245]LogAIModule: Creating AISystem for world TestMap
[2018.01.22-19.34.26:265][245]LogPlayLevel: PIE: World Init took: (0.000997s)
[2018.01.22-19.34.26:265][245]LogPlayLevel: PIE: Created PIE world by copying editor world from /Game/CORE_ASSETS/ThirdPersonBP/Maps/TestMap.TestMap to /Game/CORE_ASSETS/ThirdPersonBP/Maps/UEDPIE_0_TestMap.TestMap (0.022968s)
[2018.01.22-19.34.26:279][245]LogInit: XAudio2 using 'Speakers (Realtek High Definition Audio)' : 2 channels at 48 kHz using 32 bits per sample (channel mask 0x3)
[2018.01.22-19.34.26:288][245]LogInit: FAudioDevice initialized.
[2018.01.22-19.34.27:099][245]LogLoad: Game class is 'ThirdPersonGameMode_C'
[2018.01.22-19.34.27:106][245]LogWorld: Bringing World /Game/CORE_ASSETS/ThirdPersonBP/Maps/UEDPIE_0_TestMap.TestMap up for play (max tick rate 0) at 2018.01.22-19.34.27
[2018.01.22-19.34.27:107][245]LogWorld: Bringing up level for play took: 0.002958
[2018.01.22-19.34.27:262][245]LogContentBrowser: Native class hierarchy updated for 'MovieSceneCapture' in 0.0007 seconds. Added 11 classes and 0 folders.
[2018.01.22-19.34.27:269][245]PIE: Info Play in editor start time for /Game/CORE_ASSETS/ThirdPersonBP/Maps/UEDPIE_0_TestMap 0.683
[2018.01.22-19.34.27:270][245]LogBlueprintUserMessages: Late PlayInEditor Detection: Level '/Game/CORE_ASSETS/ThirdPersonBP/Maps/TestMap.TestMap:PersistentLevel' has LevelScriptBlueprint '/Game/CORE_ASSETS/ThirdPersonBP/Maps/TestMap.TestMap:PersistentLevel.TestMap' with GeneratedClass '/Game/CORE_ASSETS/ThirdPersonBP/Maps/TestMap.TestMap_C' with ClassGeneratedBy '/Game/CORE_ASSETS/ThirdPersonBP/Maps/TestMap.TestMap:PersistentLevel.TestMap'
[2018.01.22-19.34.27:394][246]LogSynthBenchmark:Display: FSynthBenchmark (V0.95):  requested WorkScale=5.00
[2018.01.22-19.34.27:394][246]LogSynthBenchmark:Display: ===============
[2018.01.22-19.34.27:394][246]LogSynthBenchmark:Display: Main Processor:
[2018.01.22-19.34.27:586][246]LogSynthBenchmark:Display:          ... 0.019486 s/Run 'RayIntersect'
[2018.01.22-19.34.27:586][246]LogSynthBenchmark:Display:          ... 0.018884 s/Run 'Fractal'
[2018.01.22-19.34.27:586][246]LogSynthBenchmark:Display: 
[2018.01.22-19.34.27:586][246]LogSynthBenchmark:Display:   CompiledTarget_x_Bits: 64
[2018.01.22-19.34.27:586][246]LogSynthBenchmark:Display:   UE_BUILD_SHIPPING: 0
[2018.01.22-19.34.27:586][246]LogSynthBenchmark:Display:   UE_BUILD_TEST: 0
[2018.01.22-19.34.27:586][246]LogSynthBenchmark:Display:   UE_BUILD_DEBUG: 0
[2018.01.22-19.34.27:586][246]LogSynthBenchmark:Display:   TotalPhysicalGBRam: 32
[2018.01.22-19.34.27:586][246]LogSynthBenchmark:Display:   NumberOfCores (physical): 6
[2018.01.22-19.34.27:586][246]LogSynthBenchmark:Display:   NumberOfCores (logical): 12
[2018.01.22-19.34.27:586][246]LogSynthBenchmark:Display:   CPU Perf Index 0: 131.4 (weight 1.00)
[2018.01.22-19.34.27:586][246]LogSynthBenchmark:Display:   CPU Perf Index 1: 151.5 (weight 1.50)
[2018.01.22-19.34.27:586][246]LogSynthBenchmark:Display:  
[2018.01.22-19.34.27:586][246]LogSynthBenchmark:Display: Graphics:
[2018.01.22-19.34.27:586][246]LogSynthBenchmark:Display:   Adapter Name: 'NVIDIA GeForce GTX 980 Ti'
[2018.01.22-19.34.27:586][246]LogSynthBenchmark:Display:   (On Optimus the name might be wrong, memory should be ok)
[2018.01.22-19.34.27:586][246]LogSynthBenchmark:Display:   Vendor Id: 0x10DE
[2018.01.22-19.34.27:586][246]LogSynthBenchmark:Display:   Device Id: 0x17C8
[2018.01.22-19.34.27:586][246]LogSynthBenchmark:Display:   Device Revision: 0xA1
[2018.01.22-19.34.27:586][246]LogSynthBenchmark:Display:   GPU Memory: 6103/0/16343 MB
[2018.01.22-19.34.27:692][246]LogSynthBenchmark:Display:   GPU first test: 0.05s
[2018.01.22-19.34.27:692][246]LogSynthBenchmark:Display:          ... 1.276 s/GigaPix, Confidence=100% 'ALUHeavyNoise' (likely to be very inaccurate)
[2018.01.22-19.34.27:692][246]LogSynthBenchmark:Display:          ... 1.065 s/GigaPix, Confidence=100% 'TexHeavy' (likely to be very inaccurate)
[2018.01.22-19.34.27:692][246]LogSynthBenchmark:Display:          ... 0.873 s/GigaPix, Confidence=89% 'DepTexHeavy' (likely to be very inaccurate)
[2018.01.22-19.34.27:693][246]LogSynthBenchmark:Display:          ... 3.666 s/GigaPix, Confidence=100% 'FillOnly' (likely to be very inaccurate)
[2018.01.22-19.34.27:693][246]LogSynthBenchmark:Display:          ... 0.173 s/GigaPix, Confidence=100% 'Bandwidth' (likely to be very inaccurate)
[2018.01.22-19.34.27:693][246]LogSynthBenchmark:Display:          ... 2.070 s/GigaVert, Confidence=51% 'VertThroughPut1' (likely to be very inaccurate)
[2018.01.22-19.34.27:693][246]LogSynthBenchmark:Display:          ... 1.113 s/GigaVert, Confidence=81% 'VertThroughPut2' (likely to be very inaccurate)
[2018.01.22-19.34.27:980][246]LogSynthBenchmark:Display:   GPU second test: 0.24s
[2018.01.22-19.34.27:980][246]LogSynthBenchmark:Display:          ... 7.985 s/GigaPix, Confidence=100% 'ALUHeavyNoise' (likely to be inaccurate)
[2018.01.22-19.34.27:980][246]LogSynthBenchmark:Display:          ... 6.465 s/GigaPix, Confidence=100% 'TexHeavy' (likely to be inaccurate)
[2018.01.22-19.34.27:980][246]LogSynthBenchmark:Display:          ... 5.671 s/GigaPix, Confidence=100% 'DepTexHeavy' (likely to be inaccurate)
[2018.01.22-19.34.27:980][246]LogSynthBenchmark:Display:          ... 32.742 s/GigaPix, Confidence=100% 'FillOnly' (likely to be inaccurate)
[2018.01.22-19.34.27:980][246]LogSynthBenchmark:Display:          ... 0.768 s/GigaPix, Confidence=100% 'Bandwidth' (likely to be inaccurate)
[2018.01.22-19.34.27:980][246]LogSynthBenchmark:Display:          ... 1.204 s/GigaVert, Confidence=100% 'VertThroughPut1' (likely to be inaccurate)
[2018.01.22-19.34.27:980][246]LogSynthBenchmark:Display:          ... 2.386 s/GigaVert, Confidence=100% 'VertThroughPut2' (likely to be inaccurate)
[2018.01.22-19.34.27:980][246]LogSynthBenchmark:Display:   GPU Final Results:
[2018.01.22-19.34.27:980][246]LogSynthBenchmark:Display:          ... 7.985 s/GigaPix, Confidence=100% 'ALUHeavyNoise'
[2018.01.22-19.34.27:980][246]LogSynthBenchmark:Display:          ... 6.465 s/GigaPix, Confidence=100% 'TexHeavy'
[2018.01.22-19.34.27:980][246]LogSynthBenchmark:Display:          ... 5.671 s/GigaPix, Confidence=100% 'DepTexHeavy'
[2018.01.22-19.34.27:980][246]LogSynthBenchmark:Display:          ... 32.742 s/GigaPix, Confidence=100% 'FillOnly'
[2018.01.22-19.34.27:980][246]LogSynthBenchmark:Display:          ... 0.768 s/GigaPix, Confidence=100% 'Bandwidth'
[2018.01.22-19.34.27:980][246]LogSynthBenchmark:Display:          ... 1.204 s/GigaVert, Confidence=100% 'VertThroughPut1'
[2018.01.22-19.34.27:980][246]LogSynthBenchmark:Display:          ... 2.386 s/GigaVert, Confidence=100% 'VertThroughPut2'
[2018.01.22-19.34.27:980][246]LogSynthBenchmark:Display: 
[2018.01.22-19.34.27:980][246]LogSynthBenchmark:Display:   GPU Perf Index 0: 173.6 (weight 1.00)
[2018.01.22-19.34.27:980][246]LogSynthBenchmark:Display:   GPU Perf Index 1: 86.8 (weight 0.10)
[2018.01.22-19.34.27:980][246]LogSynthBenchmark:Display:   GPU Perf Index 2: 147.4 (weight 0.10)
[2018.01.22-19.34.27:980][246]LogSynthBenchmark:Display:   GPU Perf Index 3: 128.6 (weight 3.00)
[2018.01.22-19.34.27:980][246]LogSynthBenchmark:Display:   GPU Perf Index 4: 71.7 (weight 1.00)
[2018.01.22-19.34.27:980][246]LogSynthBenchmark:Display:   GPU Perf Index 5: 78.3 (weight 0.00)
[2018.01.22-19.34.27:980][246]LogSynthBenchmark:Display:   GPU Perf Index 6: 135.1 (weight 0.00)
[2018.01.22-19.34.27:980][246]LogSynthBenchmark:Display:   CPUIndex: 143.4
[2018.01.22-19.34.27:980][246]LogSynthBenchmark:Display:   GPUIndex: 125.8
[2018.01.22-19.34.27:980][246]LogSynthBenchmark:Display: 
[2018.01.22-19.34.27:980][246]LogSynthBenchmark:Display:          ... Total Time: 0.586076 sec
[2018.01.22-19.34.27:985][246]LogWindows: FWindowsPlatformSurvey::TickSurveyHardware() WinSAT assessment unavailable. Unable to examine some hardware metrics. Run the Windows Experience Index Assessment.
[2018.01.22-19.34.33:273][878]LogBlueprintUserMessages: Early EndPlayMap Detection: Level '/Game/CORE_ASSETS/ThirdPersonBP/Maps/TestMap.TestMap:PersistentLevel' has LevelScriptBlueprint '/Game/CORE_ASSETS/ThirdPersonBP/Maps/TestMap.TestMap:PersistentLevel.TestMap' with GeneratedClass '/Game/CORE_ASSETS/ThirdPersonBP/Maps/TestMap.TestMap_C' with ClassGeneratedBy '/Game/CORE_ASSETS/ThirdPersonBP/Maps/TestMap.TestMap:PersistentLevel.TestMap'
[2018.01.22-19.34.33:307][878]LogBlueprintUserMessages: Late EndPlayMap Detection: Level '/Game/CORE_ASSETS/ThirdPersonBP/Maps/TestMap.TestMap:PersistentLevel' has LevelScriptBlueprint '/Game/CORE_ASSETS/ThirdPersonBP/Maps/TestMap.TestMap:PersistentLevel.TestMap' with GeneratedClass '/Game/CORE_ASSETS/ThirdPersonBP/Maps/TestMap.TestMap_C' with ClassGeneratedBy '/Game/CORE_ASSETS/ThirdPersonBP/Maps/TestMap.TestMap:PersistentLevel.TestMap'
[2018.01.22-19.35.46:125][599]LogMaterial: Missing cached shader map for material M_PostProcess2_base, compiling. 
[2018.01.22-19.35.47:733][784]LogSlate: Took 0.000155 seconds to synchronously load lazily loaded font '../../../Engine/Content/Slate/Fonts/Roboto-Light.ttf' (159K)
[2018.01.22-19.35.47:874][784]Cmd: OBJ SAVEPACKAGE PACKAGE="/Game/CORE_ASSETS/M_PostProcess2_base" FILE="U:/Journeyman/JMan_Team5/Team5/Content/CORE_ASSETS/M_PostProcess2_base.uasset" SILENT=true
[2018.01.22-19.35.48:256][784]LogSavePackage: Save=363.36ms
[2018.01.22-19.35.48:256][784]LogSavePackage: Moving 'U:/Journeyman/JMan_Team5/Team5/Saved/M_PostProcess2_base321ABFB349D72FBA4739FDA1BA9775C2.tmp' to 'U:/Journeyman/JMan_Team5/Team5/Content/CORE_ASSETS/M_PostProcess2_base.uasset'
[2018.01.22-19.35.48:284][784]LogSavePackage:Display: Finished SavePackage U:/Journeyman/JMan_Team5/Team5/Content/CORE_ASSETS/M_PostProcess2_base.uasset
[2018.01.22-19.36.15:542][975]Cmd: OBJ SAVEPACKAGE PACKAGE="/Game/RICHARD_LANE/M_PostProcess2_base" FILE="U:/Journeyman/JMan_Team5/Team5/Content/RICHARD_LANE/M_PostProcess2_base.uasset" SILENT=true
[2018.01.22-19.36.15:879][975]LogSavePackage: Save=310.85ms
[2018.01.22-19.36.15:879][975]LogSavePackage: Moving 'U:/Journeyman/JMan_Team5/Team5/Saved/M_PostProcess2_base491B40634D8DAD632E37E2BDED29B492.tmp' to 'U:/Journeyman/JMan_Team5/Team5/Content/RICHARD_LANE/M_PostProcess2_base.uasset'
[2018.01.22-19.36.15:903][975]LogSavePackage:Display: Finished SavePackage U:/Journeyman/JMan_Team5/Team5/Content/RICHARD_LANE/M_PostProcess2_base.uasset
[2018.01.22-19.36.42:274][ 85]LogLinker:Warning: Can't find file '/Game/Mannequin/Character/Materials/MaterialLayers/ML_GlossyBlack_Latex_UE4'
[2018.01.22-19.36.42:274][ 85]LogLinker:Warning: Can't find file for asset '/Game/Mannequin/Character/Materials/MaterialLayers/ML_GlossyBlack_Latex_UE4' while loading U:/Journeyman/JMan_Team5/Team5/Content/Mannequin/Character/Materials/M_UE4Man_Body.uasset.
[2018.01.22-19.36.42:274][ 85]LoadErrors:Error: Error /Game/Mannequin/Character/Materials/M_UE4Man_Body : Can't find file for asset. /Game/Mannequin/Character/Materials/MaterialLayers/ML_GlossyBlack_Latex_UE4
[2018.01.22-19.36.42:275][ 85]LogLinker:Warning: Can't find file '/Game/Mannequin/Character/Materials/MaterialLayers/ML_Plastic_Shiny_Beige'
[2018.01.22-19.36.42:275][ 85]LogLinker:Warning: Can't find file for asset '/Game/Mannequin/Character/Materials/MaterialLayers/ML_Plastic_Shiny_Beige' while loading U:/Journeyman/JMan_Team5/Team5/Content/Mannequin/Character/Materials/M_UE4Man_Body.uasset.
[2018.01.22-19.36.42:275][ 85]LoadErrors:Error: Error /Game/Mannequin/Character/Materials/M_UE4Man_Body : Can't find file for asset. /Game/Mannequin/Character/Materials/MaterialLayers/ML_Plastic_Shiny_Beige
[2018.01.22-19.36.42:276][ 85]LogLinker:Warning: Can't find file '/Game/Mannequin/Character/Materials/MaterialLayers/ML_Plastic_Shiny_Beige_LOGO'
[2018.01.22-19.36.42:276][ 85]LogLinker:Warning: Can't find file for asset '/Game/Mannequin/Character/Materials/MaterialLayers/ML_Plastic_Shiny_Beige_LOGO' while loading U:/Journeyman/JMan_Team5/Team5/Content/Mannequin/Character/Materials/M_UE4Man_Body.uasset.
[2018.01.22-19.36.42:276][ 85]LoadErrors:Error: Error /Game/Mannequin/Character/Materials/M_UE4Man_Body : Can't find file for asset. /Game/Mannequin/Character/Materials/MaterialLayers/ML_Plastic_Shiny_Beige_LOGO
[2018.01.22-19.36.42:277][ 85]LogLinker:Warning: Can't find file '/Game/Mannequin/Character/Materials/MaterialLayers/ML_SoftMetal_UE4'
[2018.01.22-19.36.42:277][ 85]LogLinker:Warning: Can't find file for asset '/Game/Mannequin/Character/Materials/MaterialLayers/ML_SoftMetal_UE4' while loading U:/Journeyman/JMan_Team5/Team5/Content/Mannequin/Character/Materials/M_UE4Man_Body.uasset.
[2018.01.22-19.36.42:277][ 85]LoadErrors:Error: Error /Game/Mannequin/Character/Materials/M_UE4Man_Body : Can't find file for asset. /Game/Mannequin/Character/Materials/MaterialLayers/ML_SoftMetal_UE4
[2018.01.22-19.36.42:278][ 85]LogLinker:Warning: Can't find file '/Game/Mannequin/Character/Materials/MaterialLayers/ML_GlossyBlack_Latex_UE4'
[2018.01.22-19.36.42:278][ 85]LogLinker:Warning: Can't find file for asset '/Game/Mannequin/Character/Materials/MaterialLayers/ML_GlossyBlack_Latex_UE4' while loading U:/Journeyman/JMan_Team5/Team5/Content/Mannequin/Character/Materials/M_UE4Man_Body.uasset.
[2018.01.22-19.36.42:278][ 85]LogLinker:Warning: Can't find file '/Game/Mannequin/Character/Materials/MaterialLayers/ML_Plastic_Shiny_Beige'
[2018.01.22-19.36.42:278][ 85]LogLinker:Warning: Can't find file for asset '/Game/Mannequin/Character/Materials/MaterialLayers/ML_Plastic_Shiny_Beige' while loading U:/Journeyman/JMan_Team5/Team5/Content/Mannequin/Character/Materials/M_UE4Man_Body.uasset.
[2018.01.22-19.36.42:278][ 85]LogLinker:Warning: Can't find file '/Game/Mannequin/Character/Materials/MaterialLayers/ML_Plastic_Shiny_Beige_LOGO'
[2018.01.22-19.36.42:278][ 85]LogLinker:Warning: Can't find file for asset '/Game/Mannequin/Character/Materials/MaterialLayers/ML_Plastic_Shiny_Beige_LOGO' while loading U:/Journeyman/JMan_Team5/Team5/Content/Mannequin/Character/Materials/M_UE4Man_Body.uasset.
[2018.01.22-19.36.42:278][ 85]LogLinker:Warning: Can't find file '/Game/Mannequin/Character/Materials/MaterialLayers/ML_SoftMetal_UE4'
[2018.01.22-19.36.42:279][ 85]LogLinker:Warning: Can't find file for asset '/Game/Mannequin/Character/Materials/MaterialLayers/ML_SoftMetal_UE4' while loading U:/Journeyman/JMan_Team5/Team5/Content/Mannequin/Character/Materials/M_UE4Man_Body.uasset.
[2018.01.22-19.36.42:280][ 85]LogLinker:Warning: Can't find file '/Game/Mannequin/Character/Textures/UE4_Mannequin__normals'
[2018.01.22-19.36.42:280][ 85]LogLinker:Warning: Can't find file for asset '/Game/Mannequin/Character/Textures/UE4_Mannequin__normals' while loading U:/Journeyman/JMan_Team5/Team5/Content/Mannequin/Character/Materials/M_UE4Man_Body.uasset.
[2018.01.22-19.36.42:280][ 85]LoadErrors:Error: Error /Game/Mannequin/Character/Materials/M_UE4Man_Body : Can't find file for asset. /Game/Mannequin/Character/Textures/UE4_Mannequin__normals
[2018.01.22-19.36.42:281][ 85]LogLinker:Warning: Can't find file '/Game/Mannequin/Character/Textures/UE4_Mannequin_MAT_MASKA'
[2018.01.22-19.36.42:281][ 85]LogLinker:Warning: Can't find file for asset '/Game/Mannequin/Character/Textures/UE4_Mannequin_MAT_MASKA' while loading U:/Journeyman/JMan_Team5/Team5/Content/Mannequin/Character/Materials/M_UE4Man_Body.uasset.
[2018.01.22-19.36.42:281][ 85]LoadErrors:Error: Error /Game/Mannequin/Character/Materials/M_UE4Man_Body : Can't find file for asset. /Game/Mannequin/Character/Textures/UE4_Mannequin_MAT_MASKA
[2018.01.22-19.36.42:281][ 85]LogLinker:Warning: Can't find file '/Game/Mannequin/Character/Textures/UE4_Mannequin__normals'
[2018.01.22-19.36.42:281][ 85]LogLinker:Warning: Can't find file for asset '/Game/Mannequin/Character/Textures/UE4_Mannequin__normals' while loading U:/Journeyman/JMan_Team5/Team5/Content/Mannequin/Character/Materials/M_UE4Man_Body.uasset.
[2018.01.22-19.36.42:281][ 85]LogLinker:Warning: Can't find file '/Game/Mannequin/Character/Textures/UE4_Mannequin_MAT_MASKA'
[2018.01.22-19.36.42:282][ 85]LogLinker:Warning: Can't find file for asset '/Game/Mannequin/Character/Textures/UE4_Mannequin_MAT_MASKA' while loading U:/Journeyman/JMan_Team5/Team5/Content/Mannequin/Character/Materials/M_UE4Man_Body.uasset.
[2018.01.22-19.36.42:282][ 85]LogLinker:Warning: Can't find file '/Game/Mannequin/Character/Materials/MaterialLayers/ML_GlossyBlack_Latex_UE4'
[2018.01.22-19.36.42:282][ 85]LoadErrors: Info Failed to load /Game/Mannequin/Character/Materials/MaterialLayers/ML_GlossyBlack_Latex_UE4.ML_GlossyBlack_Latex_UE4 Referenced by M_UE4Man_Body
[2018.01.22-19.36.42:283][ 85]LogLinker:Warning: Can't find file for asset '/Game/Mannequin/Character/Materials/MaterialLayers/ML_GlossyBlack_Latex_UE4' while loading NULL.
[2018.01.22-19.36.42:283][ 85]LogLinker:Warning: Can't find file '/Game/Mannequin/Character/Materials/MaterialLayers/ML_SoftMetal_UE4'
[2018.01.22-19.36.42:283][ 85]LoadErrors: Info Failed to load /Game/Mannequin/Character/Materials/MaterialLayers/ML_SoftMetal_UE4.ML_SoftMetal_UE4 Referenced by M_UE4Man_Body
[2018.01.22-19.36.42:283][ 85]LogLinker:Warning: Can't find file for asset '/Game/Mannequin/Character/Materials/MaterialLayers/ML_SoftMetal_UE4' while loading NULL.
[2018.01.22-19.36.42:283][ 85]LogLinker:Warning: Can't find file '/Game/Mannequin/Character/Materials/MaterialLayers/ML_Plastic_Shiny_Beige'
[2018.01.22-19.36.42:283][ 85]LoadErrors: Info Failed to load /Game/Mannequin/Character/Materials/MaterialLayers/ML_Plastic_Shiny_Beige.ML_Plastic_Shiny_Beige Referenced by M_UE4Man_Body
[2018.01.22-19.36.42:283][ 85]LogLinker:Warning: Can't find file for asset '/Game/Mannequin/Character/Materials/MaterialLayers/ML_Plastic_Shiny_Beige' while loading NULL.
[2018.01.22-19.36.42:283][ 85]LogLinker:Warning: Can't find file '/Game/Mannequin/Character/Materials/MaterialLayers/ML_Plastic_Shiny_Beige_LOGO'
[2018.01.22-19.36.42:283][ 85]LoadErrors: Info Failed to load /Game/Mannequin/Character/Materials/MaterialLayers/ML_Plastic_Shiny_Beige_LOGO.ML_Plastic_Shiny_Beige_LOGO Referenced by M_UE4Man_Body
[2018.01.22-19.36.42:283][ 85]LogLinker:Warning: Can't find file for asset '/Game/Mannequin/Character/Materials/MaterialLayers/ML_Plastic_Shiny_Beige_LOGO' while loading NULL.
[2018.01.22-19.36.42:284][ 85]LogLinker:Warning: Can't find file '/Game/Mannequin/Character/Materials/MaterialLayers/ML_Plastic_Shiny_Beige'
[2018.01.22-19.36.42:284][ 85]LoadErrors: Info Failed to load /Game/Mannequin/Character/Materials/MaterialLayers/ML_Plastic_Shiny_Beige.ML_Plastic_Shiny_Beige Referenced by MaterialExpressionMaterialFunctionCall_13
[2018.01.22-19.36.42:284][ 85]LogLinker:Warning: Can't find file for asset '/Game/Mannequin/Character/Materials/MaterialLayers/ML_Plastic_Shiny_Beige' while loading NULL.
[2018.01.22-19.36.42:284][ 85]LogLinker:Warning: Can't find file '/Game/Mannequin/Character/Materials/MaterialLayers/ML_Plastic_Shiny_Beige_LOGO'
[2018.01.22-19.36.42:284][ 85]LoadErrors: Info Failed to load /Game/Mannequin/Character/Materials/MaterialLayers/ML_Plastic_Shiny_Beige_LOGO.ML_Plastic_Shiny_Beige_LOGO Referenced by MaterialExpressionMaterialFunctionCall_3
[2018.01.22-19.36.42:284][ 85]LogLinker:Warning: Can't find file for asset '/Game/Mannequin/Character/Materials/MaterialLayers/ML_Plastic_Shiny_Beige_LOGO' while loading NULL.
[2018.01.22-19.36.42:284][ 85]LogLinker:Warning: Can't find file '/Game/Mannequin/Character/Materials/MaterialLayers/ML_GlossyBlack_Latex_UE4'
[2018.01.22-19.36.42:284][ 85]LoadErrors: Info Failed to load /Game/Mannequin/Character/Materials/MaterialLayers/ML_GlossyBlack_Latex_UE4.ML_GlossyBlack_Latex_UE4 Referenced by MaterialExpressionMaterialFunctionCall_8
[2018.01.22-19.36.42:285][ 85]LogLinker:Warning: Can't find file for asset '/Game/Mannequin/Character/Materials/MaterialLayers/ML_GlossyBlack_Latex_UE4' while loading NULL.
[2018.01.22-19.36.42:285][ 85]LogLinker:Warning: Can't find file '/Game/Mannequin/Character/Materials/MaterialLayers/ML_SoftMetal_UE4'
[2018.01.22-19.36.42:285][ 85]LoadErrors: Info Failed to load /Game/Mannequin/Character/Materials/MaterialLayers/ML_SoftMetal_UE4.ML_SoftMetal_UE4 Referenced by MaterialExpressionMaterialFunctionCall_9
[2018.01.22-19.36.42:285][ 85]LogLinker:Warning: Can't find file for asset '/Game/Mannequin/Character/Materials/MaterialLayers/ML_SoftMetal_UE4' while loading NULL.
[2018.01.22-19.36.42:285][ 85]LogLinker:Warning: Can't find file '/Game/Mannequin/Character/Textures/UE4_Mannequin_MAT_MASKA'
[2018.01.22-19.36.42:285][ 85]LoadErrors: Info Failed to load /Game/Mannequin/Character/Textures/UE4_Mannequin_MAT_MASKA.UE4_Mannequin_MAT_MASKA Referenced by MaterialExpressionTextureSample_4
[2018.01.22-19.36.42:285][ 85]LogLinker:Warning: Can't find file for asset '/Game/Mannequin/Character/Textures/UE4_Mannequin_MAT_MASKA' while loading NULL.
[2018.01.22-19.36.42:285][ 85]LogLinker:Warning: Can't find file '/Game/Mannequin/Character/Textures/UE4_Mannequin__normals'
[2018.01.22-19.36.42:285][ 85]LoadErrors: Info Failed to load /Game/Mannequin/Character/Textures/UE4_Mannequin__normals.UE4_Mannequin__normals Referenced by MaterialExpressionTextureSampleParameter2D_0
[2018.01.22-19.36.42:286][ 85]LogLinker:Warning: Can't find file for asset '/Game/Mannequin/Character/Textures/UE4_Mannequin__normals' while loading NULL.
[2018.01.22-19.36.42:288][ 85]LogMaterial: Missing cached shader map for material M_UE4Man_Body, compiling. 
[2018.01.22-19.36.42:290][ 85]LogMaterial:Warning: Failed to compile Material /Game/Mannequin/Character/Materials/M_UE4Man_Body.M_UE4Man_Body for platform PCD3D_SM5, Default Material will be used in game.
[2018.01.22-19.36.42:290][ 85]LogMaterial:Warning: 	Missing Material Function
[2018.01.22-19.36.42:290][ 85]LogMaterial:Warning: 	(Node TextureSampleParameter2D) Param2D> Requires Texture2D
[2018.01.22-19.36.42:290][ 85]LogMaterial:Warning: 	Function MatLayerBlend_NormalBlend: (Node MakeMaterialAttributes) Error on property Normal
[2018.01.22-19.36.42:290][ 85]LogMaterial:Warning: 	(Node TextureSample) Texture Sample> Missing input texture
[2018.01.22-19.36.42:290][ 85]LogMaterial:Warning: 	Function MatLayerBlend_Simple: (Node MakeMaterialAttributes) Error on property EmissiveColor
[2018.01.22-19.36.42:290][ 85]LogMaterial:Warning: 	Function MatLayerBlend_Simple: (Node MakeMaterialAttributes) Error on property BaseColor
[2018.01.22-19.36.42:290][ 85]LogMaterial:Warning: 	Function MatLayerBlend_Simple: (Node MakeMaterialAttributes) Error on property Metallic
[2018.01.22-19.36.42:290][ 85]LogMaterial:Warning: 	Function MatLayerBlend_Simple: (Node MakeMaterialAttributes) Error on property Roughness
[2018.01.22-19.36.42:310][ 85]LogLinker:Warning: Can't find file '/Game/Mannequin/Character/Textures/UE4Man_Logo_N'
[2018.01.22-19.36.42:310][ 85]LogLinker:Warning: Can't find file for asset '/Game/Mannequin/Character/Textures/UE4Man_Logo_N' while loading U:/Journeyman/JMan_Team5/Team5/Content/Mannequin/Character/Materials/M_UE4Man_ChestLogo.uasset.
[2018.01.22-19.36.42:310][ 85]LoadErrors:Error: Error /Game/Mannequin/Character/Materials/M_UE4Man_ChestLogo : Can't find file for asset. /Game/Mannequin/Character/Textures/UE4Man_Logo_N
[2018.01.22-19.36.42:310][ 85]LogLinker:Warning: Can't find file '/Game/Mannequin/Character/Textures/UE4Man_Logo_N'
[2018.01.22-19.36.42:310][ 85]LogLinker:Warning: Can't find file for asset '/Game/Mannequin/Character/Textures/UE4Man_Logo_N' while loading U:/Journeyman/JMan_Team5/Team5/Content/Mannequin/Character/Materials/M_UE4Man_ChestLogo.uasset.
[2018.01.22-19.36.42:311][ 85]LogLinker:Warning: Can't find file '/Game/Mannequin/Character/Textures/UE4Man_Logo_N'
[2018.01.22-19.36.42:311][ 85]LoadErrors: Info Failed to load /Game/Mannequin/Character/Textures/UE4Man_Logo_N.UE4Man_Logo_N Referenced by M_UE4Man_ChestLogo
[2018.01.22-19.36.42:311][ 85]LogLinker:Warning: Can't find file for asset '/Game/Mannequin/Character/Textures/UE4Man_Logo_N' while loading NULL.
[2018.01.22-19.36.42:313][ 85]LogMaterial: Missing cached shader map for material M_UE4Man_Body, compiling. 
[2018.01.22-19.36.42:315][ 85]LogMaterial:Warning: Failed to compile Material Instance /Game/Mannequin/Character/Materials/M_UE4Man_ChestLogo.M_UE4Man_ChestLogo with Base M_UE4Man_Body for platform PCD3D_SM5, Default Material will be used in game.
[2018.01.22-19.36.42:315][ 85]LogMaterial:Warning: 	Missing Material Function
[2018.01.22-19.36.42:315][ 85]LogMaterial:Warning: 	(Node TextureSampleParameter2D) Param2D> Requires Texture2D
[2018.01.22-19.36.42:315][ 85]LogMaterial:Warning: 	Function MatLayerBlend_NormalBlend: (Node MakeMaterialAttributes) Error on property Normal
[2018.01.22-19.36.55:335][631]LogMaterial: Missing cached shader map for material Material_0, compiling. 
[2018.01.22-19.36.55:400][632]LogMaterial: Missing cached shader map for material Material_1, compiling. 
[2018.01.22-19.36.55:480][633]LogMaterial: Missing cached shader map for material Material_2, compiling. 
[2018.01.22-19.36.55:564][634]LogMaterial: Missing cached shader map for material Material_3, compiling. 
[2018.01.22-19.47.17:343][769]Cmd: QUIT_EDITOR
[2018.01.22-19.47.17:436][769]LogWindowsTextInputMethodSystem:Display: IME system now deactivated.
[2018.01.22-19.47.17:455][769]LogExit: Preparing to exit.
[2018.01.22-19.47.18:448][769]LogExit: Editor shut down
[2018.01.22-19.47.18:454][769]LogExit: Transaction tracking system shut down
[2018.01.22-19.47.18:559][769]LogObj: Freed 0b from 0 cluster array pools.
[2018.01.22-19.47.18:559][769]LogExit: Object subsystem successfully closed.
[2018.01.22-19.47.18:591][769]LogD3D11RHI: Shutdown
[2018.01.22-19.47.18:591][769]LogD3D11RHI: CleanupD3DDevice
[2018.01.22-19.47.18:794][769]LogD3D11RHI: ~FD3D11DynamicRHI
[2018.01.22-19.47.18:823][769]LogModuleManager: Shutting down and abandoning module SynthBenchmark (528)
[2018.01.22-19.47.18:823][769]LogModuleManager: Shutting down and abandoning module MovieSceneCapture (526)
[2018.01.22-19.47.18:824][769]LogModuleManager: Shutting down and abandoning module HierarchicalLODOutliner (524)
[2018.01.22-19.47.18:824][769]LogModuleManager: Shutting down and abandoning module CrashTracker (522)
[2018.01.22-19.47.18:824][769]LogModuleManager: Shutting down and abandoning module SceneOutliner (520)
[2018.01.22-19.47.18:824][769]LogModuleManager: Shutting down and abandoning module AddContentDialog (518)
[2018.01.22-19.47.18:824][769]LogDirectoryWatcher: A directory notification for 'C:/Program Files/Epic Games/UE_4.16/FeaturePacks/' was aborted.
[2018.01.22-19.47.18:825][769]LogModuleManager: Shutting down and abandoning module WidgetCarousel (517)
[2018.01.22-19.47.18:825][769]LogModuleManager: Shutting down and abandoning module EditorWidgets (514)
[2018.01.22-19.47.18:825][769]LogModuleManager: Shutting down and abandoning module CollectionManager (512)
[2018.01.22-19.47.18:825][769]LogModuleManager: Shutting down and abandoning module StatsViewer (510)
[2018.01.22-19.47.18:825][769]LogModuleManager: Shutting down and abandoning module FoliageEdit (508)
[2018.01.22-19.47.18:825][769]LogModuleManager: Shutting down and abandoning module LandscapeEditor (506)
[2018.01.22-19.47.18:826][769]LogModuleManager: Shutting down and abandoning module MeshPaintMode (504)
[2018.01.22-19.47.18:826][769]LogModuleManager: Shutting down and abandoning module SceneDepthPickerMode (502)
[2018.01.22-19.47.18:826][769]LogModuleManager: Shutting down and abandoning module ActorPickerMode (500)
[2018.01.22-19.47.18:826][769]LogModuleManager: Shutting down and abandoning module GeometryMode (498)
[2018.01.22-19.47.18:826][769]LogModuleManager: Shutting down and abandoning module TextureAlignMode (496)
[2018.01.22-19.47.18:826][769]LogModuleManager: Shutting down and abandoning module BspMode (494)
[2018.01.22-19.47.18:826][769]LogModuleManager: Shutting down and abandoning module HardwareSurvey (492)
[2018.01.22-19.47.18:826][769]LogModuleManager: Shutting down and abandoning module SequenceRecorderSections (490)
[2018.01.22-19.47.18:826][769]LogModuleManager: Shutting down and abandoning module AutomationWorker (488)
[2018.01.22-19.47.18:826][769]LogModuleManager: Shutting down and abandoning module MatineeToLevelSequence (486)
[2018.01.22-19.47.18:826][769]LogModuleManager: Shutting down and abandoning module LevelSequenceEditor (484)
[2018.01.22-19.47.18:827][769]LogModuleManager: Shutting down and abandoning module PlacementMode (483)
[2018.01.22-19.47.18:827][769]LogModuleManager: Shutting down and abandoning module WmfMediaFactory (480)
[2018.01.22-19.47.18:827][769]LogModuleManager: Shutting down and abandoning module WmfMediaEditor (478)
[2018.01.22-19.47.18:827][769]LogModuleManager: Shutting down and abandoning module AvfMediaFactory (476)
[2018.01.22-19.47.18:827][769]LogModuleManager: Shutting down and abandoning module AvfMediaEditor (474)
[2018.01.22-19.47.18:827][769]LogModuleManager: Shutting down and abandoning module AndroidMediaFactory (472)
[2018.01.22-19.47.18:827][769]LogModuleManager: Shutting down and abandoning module Media (471)
[2018.01.22-19.47.18:827][769]LogModuleManager: Shutting down and abandoning module AndroidMediaEditor (468)
[2018.01.22-19.47.18:827][769]LogModuleManager: Shutting down and abandoning module CharacterAI (466)
[2018.01.22-19.47.18:827][769]LogModuleManager: Shutting down and abandoning module AudioCapture (464)
[2018.01.22-19.47.18:827][769]LogModuleManager: Shutting down and abandoning module SequenceRecorder (463)
[2018.01.22-19.47.18:827][769]LogModuleManager: Shutting down and abandoning module SmartSnapping (460)
[2018.01.22-19.47.18:827][769]LogModuleManager: Shutting down and abandoning module SessionServices (458)
[2018.01.22-19.47.18:827][769]LogModuleManager: Shutting down and abandoning module ViewportSnapping (456)
[2018.01.22-19.47.18:827][769]LogModuleManager: Shutting down and abandoning module ViewportInteraction (454)
[2018.01.22-19.47.18:827][769]LogModuleManager: Shutting down and abandoning module ClothPainter (452)
[2018.01.22-19.47.18:828][769]LogModuleManager: Shutting down and abandoning module LogVisualizer (450)
[2018.01.22-19.47.18:828][769]LogModuleManager: Shutting down and abandoning module IntroTutorials (448)
[2018.01.22-19.47.18:828][769]LogModuleManager: Shutting down and abandoning module GameProjectGeneration (447)
[2018.01.22-19.47.18:829][769]LogModuleManager: Shutting down and abandoning module EditorLiveStreaming (444)
[2018.01.22-19.47.18:829][769]LogModuleManager: Shutting down and abandoning module IOSPlatformEditor (442)
[2018.01.22-19.47.18:829][769]LogModuleManager: Shutting down and abandoning module HTML5PlatformEditor (440)
[2018.01.22-19.47.18:829][769]LogModuleManager: Shutting down and abandoning module AndroidPlatformEditor (438)
[2018.01.22-19.47.18:829][769]LogModuleManager: Shutting down and abandoning module AndroidDeviceDetection (437)
[2018.01.22-19.47.18:890][769]LogModuleManager: Shutting down and abandoning module IOSRuntimeSettings (434)
[2018.01.22-19.47.18:890][769]LogModuleManager: Shutting down and abandoning module AndroidRuntimeSettings (432)
[2018.01.22-19.47.18:890][769]LogModuleManager: Shutting down and abandoning module InputBindingEditor (430)
[2018.01.22-19.47.18:890][769]LogModuleManager: Shutting down and abandoning module MergeActors (428)
[2018.01.22-19.47.18:890][769]LogModuleManager: Shutting down and abandoning module SizeMap (426)
[2018.01.22-19.47.18:890][769]LogModuleManager: Shutting down and abandoning module TreeMap (424)
[2018.01.22-19.47.18:891][769]LogModuleManager: Shutting down and abandoning module ReferenceViewer (422)
[2018.01.22-19.47.18:891][769]LogModuleManager: Shutting down and abandoning module LocalizationDashboard (420)
[2018.01.22-19.47.18:891][769]LogModuleManager: Shutting down and abandoning module LocalizationService (419)
[2018.01.22-19.47.18:891][769]LogModuleManager: Shutting down and abandoning module HardwareTargeting (416)
[2018.01.22-19.47.18:891][769]LogModuleManager: Shutting down and abandoning module DeviceProfileEditor (414)
[2018.01.22-19.47.18:892][769]LogModuleManager: Shutting down and abandoning module UndoHistory (412)
[2018.01.22-19.47.18:892][769]LogModuleManager: Shutting down and abandoning module UserFeedback (410)
[2018.01.22-19.47.18:892][769]LogModuleManager: Shutting down and abandoning module XmlParser (408)
[2018.01.22-19.47.18:892][769]LogModuleManager: Shutting down and abandoning module Blutility (406)
[2018.01.22-19.47.18:892][769]LogModuleManager: Shutting down and abandoning module ProjectSettingsViewer (404)
[2018.01.22-19.47.18:892][769]LogModuleManager: Shutting down and abandoning module ProjectTargetPlatformEditor (403)
[2018.01.22-19.47.18:892][769]LogModuleManager: Shutting down and abandoning module EditorSettingsViewer (400)
[2018.01.22-19.47.18:892][769]LogModuleManager: Shutting down and abandoning module SettingsEditor (398)
[2018.01.22-19.47.18:892][769]LogModuleManager: Shutting down and abandoning module ProjectLauncher (396)
[2018.01.22-19.47.18:893][769]LogModuleManager: Shutting down and abandoning module SessionFrontend (394)
[2018.01.22-19.47.18:893][769]LogModuleManager: Shutting down and abandoning module ProfilerClient (392)
[2018.01.22-19.47.18:894][769]LogModuleManager: Shutting down and abandoning module DeviceManager (390)
[2018.01.22-19.47.18:895][769]LogModuleManager: Shutting down and abandoning module TargetDeviceServices (389)
[2018.01.22-19.47.18:972][769]LogModuleManager: Shutting down and abandoning module AutomationController (386)
[2018.01.22-19.47.18:972][769]LogModuleManager: Shutting down and abandoning module AutomationWindow (384)
[2018.01.22-19.47.18:972][769]LogModuleManager: Shutting down and abandoning module Layers (382)
[2018.01.22-19.47.18:973][769]LogModuleManager: Shutting down and abandoning module ComponentVisualizers (380)
[2018.01.22-19.47.18:973][769]LogModuleManager: Shutting down and abandoning module DetailCustomizations (378)
[2018.01.22-19.47.18:974][769]LogModuleManager: Shutting down and abandoning module PackagesDialog (376)
[2018.01.22-19.47.18:974][769]LogModuleManager: Shutting down and abandoning module Persona (374)
[2018.01.22-19.47.18:974][769]LogModuleManager: Shutting down and abandoning module AdvancedPreviewScene (373)
[2018.01.22-19.47.18:974][769]LogModuleManager: Shutting down and abandoning module AnimGraph (371)
[2018.01.22-19.47.18:974][769]LogModuleManager: Shutting down and abandoning module Kismet (368)
[2018.01.22-19.47.18:975][769]LogModuleManager: Shutting down and abandoning module ClassViewer (366)
[2018.01.22-19.47.18:975][769]LogModuleManager: Shutting down and abandoning module Toolbox (364)
[2018.01.22-19.47.18:975][769]LogModuleManager: Shutting down and abandoning module ModuleUI (362)
[2018.01.22-19.47.18:976][769]LogModuleManager: Shutting down and abandoning module MovieSceneTools (360)
[2018.01.22-19.47.18:976][769]LogModuleManager: Shutting down and abandoning module OutputLog (358)
[2018.01.22-19.47.18:976][769]LogModuleManager: Shutting down and abandoning module GammaUI (356)
[2018.01.22-19.47.18:976][769]LogModuleManager: Shutting down and abandoning module Documentation (354)
[2018.01.22-19.47.18:976][769]LogModuleManager: Shutting down and abandoning module MovieSceneTracks (352)
[2018.01.22-19.47.18:976][769]LogModuleManager: Shutting down and abandoning module MovieScene (350)
[2018.01.22-19.47.18:976][769]LogModuleManager: Shutting down and abandoning module Niagara (348)
[2018.01.22-19.47.18:976][769]LogModuleManager: Shutting down and abandoning module NiagaraEditor (347)
[2018.01.22-19.47.18:977][769]LogModuleManager: Shutting down and abandoning module StreamingPauseRendering (344)
[2018.01.22-19.47.18:977][769]LogModuleManager: Shutting down and abandoning module AnalyticsET (342)
[2018.01.22-19.47.18:977][769]LogModuleManager: Shutting down and abandoning module PortalServices (340)
[2018.01.22-19.47.18:977][769]LogModuleManager: Shutting down and abandoning module PortalRpc (338)
[2018.01.22-19.47.18:977][769]LogModuleManager: Shutting down and abandoning module MessagingRpc (336)
[2018.01.22-19.47.18:977][769]LogModuleManager: Shutting down and abandoning module AIModule (334)
[2018.01.22-19.47.18:977][769]LogModuleManager: Shutting down and abandoning module GameplayDebugger (333)
[2018.01.22-19.47.18:977][769]LogModuleManager: Shutting down and abandoning module AITestSuite (331)
[2018.01.22-19.47.18:977][769]LogModuleManager: Shutting down and abandoning module ProfilerService (328)
[2018.01.22-19.47.19:071][769]LogModuleManager: Shutting down and abandoning module TaskGraph (326)
[2018.01.22-19.47.19:071][769]LogModuleManager: Shutting down and abandoning module SteamVRController (324)
[2018.01.22-19.47.19:071][769]LogModuleManager: Shutting down and abandoning module SteamVR (322)
[2018.01.22-19.47.19:071][769]LogModuleManager: Shutting down and abandoning module ProceduralMeshComponentEditor (320)
[2018.01.22-19.47.19:071][769]LogModuleManager: Shutting down and abandoning module ProceduralMeshComponent (318)
[2018.01.22-19.47.19:071][769]LogModuleManager: Shutting down and abandoning module OculusLibrary (316)
[2018.01.22-19.47.19:071][769]LogModuleManager: Shutting down and abandoning module OculusInput (314)
[2018.01.22-19.47.19:071][769]LogModuleManager: Shutting down and abandoning module MobilePatchingUtils (312)
[2018.01.22-19.47.19:071][769]LogModuleManager: Shutting down and abandoning module CustomMeshComponent (310)
[2018.01.22-19.47.19:071][769]LogModuleManager: Shutting down and abandoning module CableComponent (308)
[2018.01.22-19.47.19:071][769]LogModuleManager: Shutting down and abandoning module ArchVisCharacter (306)
[2018.01.22-19.47.19:071][769]LogModuleManager: Shutting down and abandoning module AndroidPermission (304)
[2018.01.22-19.47.19:071][769]LogModuleManager: Shutting down and abandoning module MediaPlayerEditor (300)
[2018.01.22-19.47.19:072][769]LogModuleManager: Shutting down and abandoning module HTML5Networking (298)
[2018.01.22-19.47.19:072][769]LogModuleManager: Shutting down and abandoning module AlembicImporter (296)
[2018.01.22-19.47.19:073][769]LogModuleManager: Shutting down and abandoning module AlembicLibrary (295)
[2018.01.22-19.47.19:073][769]LogModuleManager: Shutting down and abandoning module GeometryCache (294)
[2018.01.22-19.47.19:073][769]LogModuleManager: Shutting down and abandoning module GeometryCacheEd (293)
[2018.01.22-19.47.19:073][769]LogModuleManager: Shutting down and abandoning module SuperSearchEditor (288)
[2018.01.22-19.47.19:073][769]LogModuleManager: Shutting down and abandoning module SuperSearch (287)
[2018.01.22-19.47.19:073][769]LogModuleManager: Shutting down and abandoning module SpeedTreeImporter (284)
[2018.01.22-19.47.19:073][769]LogModuleManager: Shutting down and abandoning module PluginBrowser (282)
[2018.01.22-19.47.19:073][769]LogModuleManager: Shutting down and abandoning module MobileLauncherProfileWizard (280)
[2018.01.22-19.47.19:073][769]LogModuleManager: Shutting down and abandoning module VisualStudioSourceCodeAccess (278)
[2018.01.22-19.47.19:073][769]LogModuleManager: Shutting down and abandoning module DesktopPlatform (277)
[2018.01.22-19.47.19:073][769]LogModuleManager: Shutting down and abandoning module UObjectPlugin (274)
[2018.01.22-19.47.19:073][769]LogModuleManager: Shutting down and abandoning module SubversionSourceControl (272)
[2018.01.22-19.47.19:073][769]LogModuleManager: Shutting down and abandoning module PerforceSourceControl (270)
[2018.01.22-19.47.19:073][769]LogModuleManager: Shutting down and abandoning module GitSourceControl (268)
[2018.01.22-19.47.19:073][769]LogModuleManager: Shutting down and abandoning module SourceControl (267)
[2018.01.22-19.47.19:073][769]LogModuleManager: Shutting down and abandoning module LightPropagationVolumeEditor (264)
[2018.01.22-19.47.19:073][769]LogModuleManager: Shutting down and abandoning module PaperTiledImporter (262)
[2018.01.22-19.47.19:073][769]LogModuleManager: Shutting down and abandoning module PaperSpriteSheetImporter (260)
[2018.01.22-19.47.19:073][769]LogModuleManager: Shutting down and abandoning module Paper2DEditor (258)
[2018.01.22-19.47.19:073][769]LogModuleManager: Shutting down and abandoning module MeshPaint (257)
[2018.01.22-19.47.19:073][769]LogModuleManager: Shutting down and abandoning module LevelEditor (255)
[2018.01.22-19.47.19:075][769]LogModuleManager: Shutting down and abandoning module PixelInspectorModule (254)
[2018.01.22-19.47.19:075][769]LogModuleManager: Shutting down and abandoning module MainFrame (252)
[2018.01.22-19.47.19:075][769]LogModuleManager: Shutting down and abandoning module HotReload (251)
[2018.01.22-19.47.19:076][769]LogModuleManager: Shutting down and abandoning module PhysXVehiclesEditor (246)
[2018.01.22-19.47.19:076][769]LogModuleManager: Shutting down and abandoning module PhysXVehicles (244)
[2018.01.22-19.47.19:076][769]LogModuleManager: Shutting down and abandoning module LocationServicesBPLibrary (242)
[2018.01.22-19.47.19:076][769]LogModuleManager: Shutting down and abandoning module ImmediatePhysicsEditor (240)
[2018.01.22-19.47.19:076][769]LogModuleManager: Shutting down and abandoning module ImmediatePhysics (238)
[2018.01.22-19.47.19:076][769]LogModuleManager: Shutting down and abandoning module UdpMessaging (236)
[2018.01.22-19.47.19:177][769]LogModuleManager: Shutting down and abandoning module TcpMessaging (234)
[2018.01.22-19.47.19:278][769]LogModuleManager: Shutting down and abandoning module GameplayTagsEditor (232)
[2018.01.22-19.47.19:278][769]LogModuleManager: Shutting down and abandoning module FacialAnimationEditor (230)
[2018.01.22-19.47.19:278][769]LogModuleManager: Shutting down and abandoning module FacialAnimation (228)
[2018.01.22-19.47.19:278][769]LogModuleManager: Shutting down and abandoning module AssetManagerEditor (226)
[2018.01.22-19.47.19:282][769]LogModuleManager: Shutting down and abandoning module GraphEditor (225)
[2018.01.22-19.47.19:301][769]LogModuleManager: Shutting down and abandoning module ContentBrowser (223)
[2018.01.22-19.47.19:303][769]LogModuleManager: Shutting down and abandoning module LightPropagationVolumeRuntime (220)
[2018.01.22-19.47.19:303][769]LogModuleManager: Shutting down and abandoning module Paper2D (218)
[2018.01.22-19.47.19:303][769]LogModuleManager: Shutting down and abandoning module WindowsMoviePlayer (216)
[2018.01.22-19.47.19:303][769]LogModuleManager: Shutting down and abandoning module WmfMedia (214)
[2018.01.22-19.47.19:304][769]LogModuleManager: Shutting down and abandoning module ClothingSystemEditor (212)
[2018.01.22-19.47.19:304][769]LogModuleManager: Shutting down and abandoning module ClothingSystemRuntime (210)
[2018.01.22-19.47.19:305][769]LogModuleManager: Shutting down and abandoning module MediaAssets (208)
[2018.01.22-19.47.19:305][769]LogModuleManager: Shutting down and abandoning module GameLiveStreaming (206)
[2018.01.22-19.47.19:305][769]LogModuleManager: Shutting down and abandoning module VREditor (204)
[2018.01.22-19.47.19:305][769]LogModuleManager: Shutting down and abandoning module StringTableEditor (202)
[2018.01.22-19.47.19:305][769]LogModuleManager: Shutting down and abandoning module GameplayTasksEditor (200)
[2018.01.22-19.47.19:305][769]LogModuleManager: Shutting down and abandoning module BehaviorTreeEditor (198)
[2018.01.22-19.47.19:306][769]LogModuleManager: Shutting down and abandoning module FunctionalTesting (196)
[2018.01.22-19.47.19:306][769]LogModuleManager: Shutting down and abandoning module CollisionAnalyzer (194)
[2018.01.22-19.47.19:306][769]LogModuleManager: Shutting down and abandoning module UMG (192)
[2018.01.22-19.47.19:307][769]LogModuleManager: Shutting down and abandoning module UMGEditor (191)
[2018.01.22-19.47.19:307][769]LogModuleManager: Shutting down and abandoning module Sequencer (190)
[2018.01.22-19.47.19:308][769]LogModuleManager: Shutting down and abandoning module AssetTools (188)
[2018.01.22-19.47.19:308][769]LogModuleManager: Shutting down and abandoning module MessageLog (187)
[2018.01.22-19.47.19:308][769]LogModuleManager: Shutting down and abandoning module WorkspaceMenuStructure (186)
[2018.01.22-19.47.19:308][769]LogModuleManager: Shutting down and abandoning module SlateReflector (180)
[2018.01.22-19.47.19:309][769]LogModuleManager: Shutting down and abandoning module Slate (178)
[2018.01.22-19.47.19:309][769]LogModuleManager: Shutting down and abandoning module EditorStyle (176)
[2018.01.22-19.47.19:315][769]LogModuleManager: Shutting down and abandoning module SourceCodeAccess (174)
[2018.01.22-19.47.19:315][769]LogModuleManager: Shutting down and abandoning module HeadMountedDisplay (172)
[2018.01.22-19.47.19:315][769]LogModuleManager: Shutting down and abandoning module XAudio2 (170)
[2018.01.22-19.47.19:315][769]LogModuleManager: Shutting down and abandoning module Networking (168)
[2018.01.22-19.47.19:315][769]LogModuleManager: Shutting down and abandoning module Core (164)
[2018.01.22-19.47.19:315][769]LogModuleManager: Shutting down and abandoning module AssetRegistry (162)
[2018.01.22-19.47.22:377][769]LogDirectoryWatcher: A directory notification for '../../../Engine/Content/' was aborted.
[2018.01.22-19.47.22:377][769]LogDirectoryWatcher: A directory notification for '../../../Engine/Plugins/2D/Paper2D/Content/' was aborted.
[2018.01.22-19.47.22:377][769]LogDirectoryWatcher: A directory notification for '../../../Engine/Plugins/Runtime/GearVR/Content/' was aborted.
[2018.01.22-19.47.22:382][769]LogModuleManager: Shutting down and abandoning module DirectoryWatcher (161)
[2018.01.22-19.47.22:383][769]LogModuleManager: Shutting down and abandoning module KismetCompiler (158)
[2018.01.22-19.47.22:383][769]LogModuleManager: Shutting down and abandoning module LevelSequence (156)
[2018.01.22-19.47.22:383][769]LogModuleManager: Shutting down and abandoning module PhysXFormats (154)
[2018.01.22-19.47.22:383][769]LogModuleManager: Shutting down and abandoning module MeshUtilities (152)
[2018.01.22-19.47.22:383][769]LogModuleManager: Shutting down and abandoning module SimplygonSwarm (151)
[2018.01.22-19.47.22:383][769]LogModuleManager: Shutting down and abandoning module SimplygonMeshReduction (149)
[2018.01.22-19.47.22:383][769]LogModuleManager: Shutting down and abandoning module QuadricMeshReduction (147)
[2018.01.22-19.47.22:383][769]LogModuleManager: Shutting down and abandoning module DerivedDataCache (144)
[2018.01.22-19.47.22:450][769]LogDerivedDataCache: Shutdown
[2018.01.22-19.47.22:450][769]LogModuleManager: Shutting down and abandoning module TargetPlatform (142)
[2018.01.22-19.47.22:450][769]LogModuleManager: Shutting down and abandoning module VulkanShaderFormat (141)
[2018.01.22-19.47.22:450][769]LogModuleManager: Shutting down and abandoning module ShaderFormatVectorVM (139)
[2018.01.22-19.47.22:451][769]LogModuleManager: Shutting down and abandoning module ShaderFormatOpenGL (137)
[2018.01.22-19.47.22:451][769]LogModuleManager: Shutting down and abandoning module ShaderFormatD3D (135)
[2018.01.22-19.47.22:451][769]LogModuleManager: Shutting down and abandoning module MetalShaderFormat (133)
[2018.01.22-19.47.22:452][769]LogModuleManager: Shutting down and abandoning module TextureFormatUncompressed (131)
[2018.01.22-19.47.22:452][769]LogModuleManager: Shutting down and abandoning module TextureFormatPVR (129)
[2018.01.22-19.47.22:452][769]LogModuleManager: Shutting down and abandoning module TextureFormatDXT (127)
[2018.01.22-19.47.22:452][769]LogModuleManager: Shutting down and abandoning module TextureFormatIntelISPCTexComp (125)
[2018.01.22-19.47.22:452][769]LogModuleManager: Shutting down and abandoning module TextureFormatASTC (123)
[2018.01.22-19.47.22:452][769]LogModuleManager: Shutting down and abandoning module ImageWrapper (122)
[2018.01.22-19.47.22:452][769]LogModuleManager: Shutting down and abandoning module TextureFormatAndroid (119)
[2018.01.22-19.47.22:452][769]LogModuleManager: Shutting down and abandoning module AudioFormatOpus (117)
[2018.01.22-19.47.22:452][769]LogModuleManager: Shutting down and abandoning module AudioFormatOgg (115)
[2018.01.22-19.47.22:452][769]LogModuleManager: Shutting down and abandoning module AudioFormatADPCM (113)
[2018.01.22-19.47.22:452][769]LogModuleManager: Shutting down and abandoning module LinuxTargetPlatform (111)
[2018.01.22-19.47.22:452][769]LogModuleManager: Shutting down and abandoning module LinuxServerTargetPlatform (109)
[2018.01.22-19.47.22:452][769]LogModuleManager: Shutting down and abandoning module LinuxNoEditorTargetPlatform (107)
[2018.01.22-19.47.22:452][769]LogModuleManager: Shutting down and abandoning module LinuxClientTargetPlatform (105)
[2018.01.22-19.47.22:452][769]LogModuleManager: Shutting down and abandoning module TVOSTargetPlatform (103)
[2018.01.22-19.47.22:452][769]LogModuleManager: Shutting down and abandoning module Messaging (101)
[2018.01.22-19.47.22:452][769]LogModuleManager: Shutting down and abandoning module IOSTargetPlatform (99)
[2018.01.22-19.47.22:452][769]LogModuleManager: Shutting down and abandoning module HTML5TargetPlatform (97)
[2018.01.22-19.47.22:453][769]LogModuleManager: Shutting down and abandoning module Android_PVRTCTargetPlatform (95)
[2018.01.22-19.47.22:453][769]LogModuleManager: Shutting down and abandoning module Android_MultiTargetPlatform (93)
[2018.01.22-19.47.22:453][769]LogModuleManager: Shutting down and abandoning module Android_ETC2TargetPlatform (91)
[2018.01.22-19.47.22:453][769]LogModuleManager: Shutting down and abandoning module Android_ETC1TargetPlatform (89)
[2018.01.22-19.47.22:453][769]LogModuleManager: Shutting down and abandoning module Android_DXTTargetPlatform (87)
[2018.01.22-19.47.22:453][769]LogModuleManager: Shutting down and abandoning module Android_ATCTargetPlatform (85)
[2018.01.22-19.47.22:453][769]LogModuleManager: Shutting down and abandoning module Android_ASTCTargetPlatform (83)
[2018.01.22-19.47.22:453][769]LogModuleManager: Shutting down and abandoning module AndroidTargetPlatform (81)
[2018.01.22-19.47.22:453][769]LogModuleManager: Shutting down and abandoning module WindowsTargetPlatform (79)
[2018.01.22-19.47.22:453][769]LogModuleManager: Shutting down and abandoning module WindowsServerTargetPlatform (77)
[2018.01.22-19.47.22:453][769]LogModuleManager: Shutting down and abandoning module WindowsNoEditorTargetPlatform (75)
[2018.01.22-19.47.22:453][769]LogModuleManager: Shutting down and abandoning module WindowsClientTargetPlatform (73)
[2018.01.22-19.47.22:453][769]LogModuleManager: Shutting down and abandoning module MacTargetPlatform (71)
[2018.01.22-19.47.22:453][769]LogModuleManager: Shutting down and abandoning module MacServerTargetPlatform (69)
[2018.01.22-19.47.22:453][769]LogModuleManager: Shutting down and abandoning module MacNoEditorTargetPlatform (67)
[2018.01.22-19.47.22:453][769]LogModuleManager: Shutting down and abandoning module MacClientTargetPlatform (65)
[2018.01.22-19.47.22:453][769]LogModuleManager: Shutting down and abandoning module AllDesktopTargetPlatform (63)
[2018.01.22-19.47.22:453][769]LogModuleManager: Shutting down and abandoning module InputCore (60)
[2018.01.22-19.47.22:453][769]LogModuleManager: Shutting down and abandoning module Settings (58)
[2018.01.22-19.47.22:453][769]LogModuleManager: Shutting down and abandoning module OculusRift (56)
[2018.01.22-19.47.22:453][769]LogModuleManager: Shutting down and abandoning module GearVRController (54)
[2018.01.22-19.47.22:453][769]LogModuleManager: Shutting down and abandoning module GearVR (52)
[2018.01.22-19.47.22:453][769]LogModuleManager: Shutting down and abandoning module ExampleDeviceProfileSelector (50)
[2018.01.22-19.47.22:453][769]LogModuleManager: Shutting down and abandoning module OnlineBlueprintSupport (48)
[2018.01.22-19.47.22:453][769]LogModuleManager: Shutting down and abandoning module OnlineSubsystem (44)
[2018.01.22-19.47.22:453][769]LogOnline:Display: Unloading online subsystem: NULL
[2018.01.22-19.47.22:454][769]LogModuleManager: Shutting down and abandoning module XMPP (43)
[2018.01.22-19.47.22:454][769]LogModuleManager: Shutting down and abandoning module HTTP (41)
[2018.01.22-19.47.22:454][769]LogHttp:Display: Http module shutting down, but needs to wait on 1 outstanding Http requests:
[2018.01.22-19.47.22:454][769]LogHttp:Display: 	verb=[POST] url=[https://datarouter.ol.epicgames.com/datarouter/api/v1/public/data?SessionID=%7BC6C41548-43EF-7276-3F51-58A7B4CC42EA%7D&AppID=UEEditor.Rocket.Release&AppVersion=4.16.3-3561208%2B%2B%2BUE4%2BRelease-4.16&UserID=352898594fa06d5a8052e7aadc7240c9%7C%7Cbaa1910f-24fd-4280-8859-1a2f680a2ba5&AppEnvironment=datacollector-binary&UploadType=eteventstream] status=Processing
[2018.01.22-19.47.22:468][769]LogModuleManager: Shutting down and abandoning module SSL (40)
[2018.01.22-19.47.22:470][769]LogModuleManager: Shutting down and abandoning module HTTPChunkInstaller (36)
[2018.01.22-19.47.22:470][769]LogModuleManager: Shutting down and abandoning module AnimationModifiers (34)
[2018.01.22-19.47.22:470][769]LogModuleManager: Shutting down and abandoning module PropertyEditor (33)
[2018.01.22-19.47.22:471][769]LogModuleManager: Shutting down and abandoning module AudioEditor (30)
[2018.01.22-19.47.22:471][769]LogModuleManager: Shutting down and abandoning module TextureCompressor (28)
[2018.01.22-19.47.22:471][769]LogModuleManager: Shutting down and abandoning module ShaderCore (26)
[2018.01.22-19.47.22:471][769]LogModuleManager: Shutting down and abandoning module Landscape (24)
[2018.01.22-19.47.22:471][769]LogModuleManager: Shutting down and abandoning module SlateRHIRenderer (22)
[2018.01.22-19.47.22:472][769]LogModuleManager: Shutting down and abandoning module OpenGLDrv (20)
[2018.01.22-19.47.22:473][769]LogModuleManager: Shutting down and abandoning module D3D11RHI (18)
[2018.01.22-19.47.22:473][769]LogModuleManager: Shutting down and abandoning module AnimGraphRuntime (16)
[2018.01.22-19.47.22:473][769]LogModuleManager: Shutting down and abandoning module Renderer (14)
[2018.01.22-19.47.22:473][769]LogModuleManager: Shutting down and abandoning module Engine (12)
[2018.01.22-19.47.22:473][769]LogModuleManager: Shutting down and abandoning module CoreUObject (10)
[2018.01.22-19.47.22:473][769]LogModuleManager: Shutting down and abandoning module NetworkFile (8)
[2018.01.22-19.47.22:473][769]LogModuleManager: Shutting down and abandoning module StreamingFile (6)
[2018.01.22-19.47.22:473][769]LogModuleManager: Shutting down and abandoning module SandboxFile (4)
[2018.01.22-19.47.22:473][769]LogModuleManager: Shutting down and abandoning module PakFile (2)
[2018.01.22-19.47.22:475][769]LogExit: Exiting.
[2018.01.22-19.47.22:498][769]Log file closed, 01/22/18 19:47:22
