Log file open, 02/06/18 16:23:22
LogInit:Display: Running engine for game: Team5
LogPlatformFile: Not using cached read wrapper
LogInit:Display: RandInit(553447002) SRandInit(553447002).
LogTaskGraph: Started task graph with 5 named threads and 20 total threads with 1 sets of task threads.
LogStats: Stats thread started at 0.415009
LogInit: Using libcurl 7.47.1
LogInit:  - built for x86_64-pc-win32
LogInit:  - supports SSL with OpenSSL/1.0.2g
LogInit:  - supports HTTP deflate (compression) using libz 1.2.8
LogInit:  - other features:
LogInit:      CURL_VERSION_SSL
LogInit:      CURL_VERSION_LIBZ
LogInit:      CURL_VERSION_IPV6
LogInit:      CURL_VERSION_ASYNCHDNS
LogInit:      CURL_VERSION_LARGEFILE
LogInit:      CURL_VERSION_IDN
LogInit:  CurlRequestOptions (configurable via config and command line):
LogInit:  - bVerifyPeer = false  - Libcurl will NOT verify peer certificate
LogInit:  - bUseHttpProxy = false  - Libcurl will NOT use HTTP proxy
LogInit:  - bDontReuseConnections = false  - Libcurl will reuse connections
LogInit:  - CertBundlePath = nullptr  - Libcurl will use whatever was configured at build time.
LogInit: Build: ++UE4+Release-4.16-CL-3561208
LogInit: Engine Version: 4.16.3-3561208+++UE4+Release-4.16
LogInit: Compatible Engine Version: 4.16.0-3452394+++UE4+Release-4.16
LogInit: Net CL: 3452394
LogDevObjectVersion: Number of dev versions registered: 16
LogDevObjectVersion:   Dev-Blueprints (B0D832E4-1F89-4F0D-ACCF-7EB736FD4AA2): 9
LogDevObjectVersion:   Dev-Build (E1C64328-A22C-4D53-A36C-8E866417BD8C): 0
LogDevObjectVersion:   Dev-Core (375EC13C-06E4-48FB-B500-84F0262A717E): 2
LogDevObjectVersion:   Dev-Editor (E4B068ED-F494-42E9-A231-DA0B2E46BB41): 17
LogDevObjectVersion:   Dev-Framework (CFFC743F-43B0-4480-9391-14DF171D2073): 23
LogDevObjectVersion:   Dev-Mobile (B02B49B5-BB20-44E9-A304-32B752E40360): 0
LogDevObjectVersion:   Dev-Networking (A4E4105C-59A1-49B5-A7C5-40C4547EDFEE): 0
LogDevObjectVersion:   Dev-Online (39C831C9-5AE6-47DC-9A44-9C173E1C8E7C): 0
LogDevObjectVersion:   Dev-Physics (78F01B33-EBEA-4F98-B9B4-84EACCB95AA2): 0
LogDevObjectVersion:   Dev-Platform (6631380F-2D4D-43E0-8009-CF276956A95A): 0
LogDevObjectVersion:   Dev-Rendering (12F88B9F-8875-4AFC-A67C-D90C383ABD29): 15
LogDevObjectVersion:   Dev-Sequencer (7B5AE74C-D270-4C10-A958-57980B212A5A): 4
LogDevObjectVersion:   Dev-VR (D7296918-1DD6-4BDD-9DE2-64A83CC13884): 0
LogDevObjectVersion:   Dev-LoadTimes (C2A15278-BFE7-4AFE-6C17-90FF531DF755): 1
LogDevObjectVersion:   Private-Geometry (6EACA3D4-40EC-4CC1-B786-8BED09428FC5): 1
LogDevObjectVersion:   Dev-AnimPhys (29E575DD-E0A3-4627-9D10-D276232CDCEA): 3
LogInit: Compiled (64-bit): Jul 28 2017 11:49:47
LogInit: Compiled with Visual C++: 19.00.24215.01
LogInit: Build Configuration: Development
LogInit: Branch Name: ++UE4+Release-4.16
LogInit: Command line: 
LogInit: Base directory: C:/Program Files/Epic Games/UE_4.16/Engine/Binaries/Win64/
LogInit: Installed Engine Build: 1
LogInit: Presizing for max 8388607 objects, including 0 objects not considered by GC, pre-allocating 0 bytes for permanent pool.
LogInit: Object subsystem initialized
[2018.02.06-16.23.25:027][  0]LogInit: Selected Device Profile: [Windows]
[2018.02.06-16.23.25:027][  0]LogInit: Applying CVar settings loaded from the selected device profile: [Windows]
[2018.02.06-16.23.25:104][  0]LogInit: Computer: TU69423
[2018.02.06-16.23.25:104][  0]LogInit: User: s6094358
[2018.02.06-16.23.25:104][  0]LogInit: CPU Page size=4096, Cores=16
[2018.02.06-16.23.25:104][  0]LogInit: High frequency timer resolution =1.948425 MHz
[2018.02.06-16.23.25:105][  0]LogMemory: Memory total: Physical=64.0GB (64GB approx)
[2018.02.06-16.23.25:105][  0]LogMemory: Platform Memory Stats for Windows
[2018.02.06-16.23.25:105][  0]LogMemory: Process Physical Memory: 277.75 MB used, 277.75 MB peak
[2018.02.06-16.23.25:105][  0]LogMemory: Process Virtual Memory: 266.37 MB used, 266.37 MB peak
[2018.02.06-16.23.25:105][  0]LogMemory: Physical Memory: 6868.27 MB used,  58625.41 MB free, 65493.68 MB total
[2018.02.06-16.23.25:105][  0]LogMemory: Virtual Memory: 642.89 MB used,  58625.41 MB free, 134217728.00 MB total
[2018.02.06-16.23.25:617][  0]LogInit: Using OS detected language (en-US).
[2018.02.06-16.23.25:617][  0]LogInit: Using OS detected locale (en-GB).
[2018.02.06-16.23.25:625][  0]LogTextLocalizationManager: No specific localization for 'en-US' exists, so the 'en' localization will be used.
[2018.02.06-16.23.27:447][  0]LogD3D11RHI: D3D11 adapters:
[2018.02.06-16.23.27:515][  0]LogD3D11RHI:    0. 'NVIDIA Quadro 4000' (Feature Level 11_0)
[2018.02.06-16.23.27:515][  0]LogD3D11RHI:       1999/0/32746 MB DedicatedVideo/DedicatedSystem/SharedSystem, Outputs:2, VendorId:0x10de
[2018.02.06-16.23.27:522][  0]LogD3D11RHI:    1. 'Microsoft Basic Render Driver' (Feature Level 11_0)
[2018.02.06-16.23.27:522][  0]LogD3D11RHI:       0/0/32746 MB DedicatedVideo/DedicatedSystem/SharedSystem, Outputs:0, VendorId:0x1414
[2018.02.06-16.23.27:522][  0]LogD3D11RHI: Chosen D3D11 Adapter: 0
[2018.02.06-16.23.27:531][  0]LogD3D11RHI: Creating new Direct3DDevice
[2018.02.06-16.23.27:532][  0]LogD3D11RHI:     GPU DeviceId: 0x6dd (for the marketing name, search the web for "GPU Device Id")
[2018.02.06-16.23.27:532][  0]LogWindows: EnumDisplayDevices:
[2018.02.06-16.23.27:532][  0]LogWindows:    0. 'NVIDIA Quadro 4000' (P:1 D:1)
[2018.02.06-16.23.27:533][  0]LogWindows:    1. 'NVIDIA Quadro 4000' (P:0 D:1)
[2018.02.06-16.23.27:533][  0]LogWindows: DebugString: FoundDriverCount:2 
[2018.02.06-16.23.27:533][  0]LogD3D11RHI:     Adapter Name: NVIDIA Quadro 4000
[2018.02.06-16.23.27:533][  0]LogD3D11RHI:   Driver Version: 369.26 (internal:21.21.13.6926, unified:369.26)
[2018.02.06-16.23.27:533][  0]LogD3D11RHI:      Driver Date: 8-30-2016
[2018.02.06-16.23.27:533][  0]LogRHI: Texture pool is 1361 MB (70% of 1945 MB)
[2018.02.06-16.23.27:568][  0]LogD3D11RHI:Display: Timestamp queries are currently disabled on this hardware due to instability. Realtime GPU stats will not be available. You can override this behaviour by setting r.NVIDIATimestampWorkaround to 0
[2018.02.06-16.23.27:568][  0]LogD3D11RHI: Async texture creation enabled
[2018.02.06-16.23.27:584][  0]LogD3D11RHI: GPU Timing Frequency: 1000.000000 (Debug: 2 1)
[2018.02.06-16.23.27:684][  0]LogShaderCompilers: Guid format shader working directory is 18 characters bigger than the processId version (U:/Journeyman/JMan_Team5/Team5/Intermediate/Shaders/WorkingDirectory/18344/).
[2018.02.06-16.23.27:684][  0]LogShaderCompilers: Cleaned the shader compiler working directory 'C:/Users/s6094358/AppData/Local/Temp/UnrealShaderWorkingDir/70A807BE4257305C5052FE9E0D3F9C08/'.
[2018.02.06-16.23.27:685][  0]LogShaderCompilers:Display: Using Local Shader Compiler.
[2018.02.06-16.23.30:819][  0]LogTemp:Display: Loaded TP AllDesktopTargetPlatform
[2018.02.06-16.23.31:083][  0]LogTemp:Display: Loaded TP MacClientTargetPlatform
[2018.02.06-16.23.31:346][  0]LogTemp:Display: Loaded TP MacNoEditorTargetPlatform
[2018.02.06-16.23.31:607][  0]LogTemp:Display: Loaded TP MacServerTargetPlatform
[2018.02.06-16.23.31:875][  0]LogTemp:Display: Loaded TP MacTargetPlatform
[2018.02.06-16.23.32:137][  0]LogTemp:Display: Loaded TP WindowsClientTargetPlatform
[2018.02.06-16.23.32:399][  0]LogTemp:Display: Loaded TP WindowsNoEditorTargetPlatform
[2018.02.06-16.23.32:664][  0]LogTemp:Display: Loaded TP WindowsServerTargetPlatform
[2018.02.06-16.23.32:909][  0]LogTemp:Display: Loaded TP WindowsTargetPlatform
[2018.02.06-16.23.33:168][  0]LogTemp:Display: Loaded TP AndroidTargetPlatform
[2018.02.06-16.23.33:431][  0]LogTemp:Display: Loaded TP Android_ASTCTargetPlatform
[2018.02.06-16.23.33:700][  0]LogTemp:Display: Loaded TP Android_ATCTargetPlatform
[2018.02.06-16.23.33:966][  0]LogTemp:Display: Loaded TP Android_DXTTargetPlatform
[2018.02.06-16.23.34:224][  0]LogTemp:Display: Loaded TP Android_ETC1TargetPlatform
[2018.02.06-16.23.34:488][  0]LogTemp:Display: Loaded TP Android_ETC2TargetPlatform
[2018.02.06-16.23.35:012][  0]LogTemp:Display: Loaded TP Android_MultiTargetPlatform
[2018.02.06-16.23.35:012][  0]LogTemp:Display: Loaded TP Android_PVRTCTargetPlatform
[2018.02.06-16.23.35:260][  0]LogTemp:Display: Loaded TP HTML5TargetPlatform
[2018.02.06-16.23.35:703][  0]LogTemp:Display: Loaded TP IOSTargetPlatform
[2018.02.06-16.23.35:879][  0]LogTemp:Display: Loaded TP TVOSTargetPlatform
[2018.02.06-16.23.36:146][  0]LogTemp:Display: Loaded TP LinuxClientTargetPlatform
[2018.02.06-16.23.36:411][  0]LogTemp:Display: Loaded TP LinuxNoEditorTargetPlatform
[2018.02.06-16.23.36:674][  0]LogTemp:Display: Loaded TP LinuxServerTargetPlatform
[2018.02.06-16.23.36:938][  0]LogTemp:Display: Loaded TP LinuxTargetPlatform
[2018.02.06-16.23.36:938][  0]LogTargetPlatformManager:Display: Building Assets For Windows
[2018.02.06-16.23.40:183][  0]LogDerivedDataCache:Display: Max Cache Size: 512 MB
[2018.02.06-16.23.40:184][  0]LogDerivedDataCache:Display: Starting with empty Boot cache
[2018.02.06-16.23.40:184][  0]LogDerivedDataCache: FDerivedDataBackendGraph:  Pak pak cache file U:/Journeyman/JMan_Team5/Team5/DerivedDataCache/DDC.ddp not found, will not use a pak cache.
[2018.02.06-16.23.40:184][  0]LogDerivedDataCache: Unable to find inner node Pak for hierarchical cache Hierarchy.
[2018.02.06-16.23.40:185][  0]LogDerivedDataCache: FDerivedDataBackendGraph:  CompressedPak pak cache file U:/Journeyman/JMan_Team5/Team5/DerivedDataCache/Compressed.ddp not found, will not use a pak cache.
[2018.02.06-16.23.40:185][  0]LogDerivedDataCache: Unable to find inner node CompressedPak for hierarchical cache Hierarchy.
[2018.02.06-16.23.40:210][  0]LogDerivedDataCache:Display: Pak cache opened for reading ../../../Engine/DerivedDataCache/Compressed.ddp.
[2018.02.06-16.23.40:224][  0]LogDerivedDataCache: Using Local data cache path C:/Users/s6094358/AppData/Local/UnrealEngine/Common/DerivedDataCache: Writable
[2018.02.06-16.23.40:251][  0]LogMaterial: Verifying Global Shaders for PCD3D_SM5
[2018.02.06-16.23.40:252][  0]LogSlate: Using Freetype 2.6.0
[2018.02.06-16.23.40:253][  0]LogSlate: SlateFontCache - WITH_FREETYPE: 1, WITH_HARFBUZZ: 1
[2018.02.06-16.23.40:253][  0]LogSlate: SlateFontCache - WITH_FREETYPE: 1, WITH_HARFBUZZ: 1
[2018.02.06-16.23.41:046][  0]LogInit: Selected Device Profile: [Windows]
[2018.02.06-16.23.41:298][  0]LogContentStreaming: Texture pool size is 0.00 MB
[2018.02.06-16.23.41:954][  0]LogMeshUtilities: Using QuadricMeshReduction for automatic static mesh reduction
[2018.02.06-16.23.42:231][  0]LogSimplygon: Simplygon DLL not present - disabling.
[2018.02.06-16.23.42:531][  0]LogMeshUtilities: Using SimplygonSwarm for distributed automatic mesh merging
[2018.02.06-16.23.42:531][  0]LogMeshUtilities: No automatic skeletal mesh reduction module available
[2018.02.06-16.23.42:531][  0]LogMeshUtilities: No automatic mesh merging module available
[2018.02.06-16.23.44:671][  0]LogNetVersion: Team5 , NetCL: 3452394, EngineNetVer: 2, GameNetVer: 0 (Checksum: 224845630)
[2018.02.06-16.23.44:935][  0]LogAssetRegistry: FAssetRegistry took 0.0386 seconds to start up
[2018.02.06-16.23.47:199][  0]LogPackageLocalizationCache: Processed 4 localized package path(s) for 2 prioritized culture(s) in 2.072154 seconds
[2018.02.06-16.23.47:205][  0]LogUObjectArray: 34194 objects as part of root set at end of initial load.
[2018.02.06-16.23.47:205][  0]LogUObjectAllocator: 7260424 out of 0 bytes used by permanent object pool.
[2018.02.06-16.23.47:205][  0]LogUObjectArray: CloseDisregardForGC: 0/0 objects in disregard for GC pool
[2018.02.06-16.23.47:769][  0]LogInit: WinSock: version 1.1 (2.2), MaxSocks=32767, MaxUdp=65467
[2018.02.06-16.24.00:148][  0]LogTcpMessaging: Initializing TcpMessaging bridge
[2018.02.06-16.24.00:343][  0]LogUdpMessaging: Initializing bridge on interface 0.0.0.0:0 to multicast group 230.0.0.1:6666.
[2018.02.06-16.24.00:344][  0]LogDirectoryWatcher: A directory notification failed for 'U:/Journeyman/JMan_Team5/Team5/Content/' because it was empty or there was a buffer overflow. Attemping another request...
[2018.02.06-16.24.03:167][  0]LogMaterial: Uniform references updated for custom material expression Custom.
[2018.02.06-16.24.05:376][  0]SourceControl: Info Source control is disabled
[2018.02.06-16.24.15:317][  0]LogAndroidPermission: UAndroidPermissionCallbackProxy::GetInstance
[2018.02.06-16.24.18:896][  0]LogEngine: Initializing Engine...
[2018.02.06-16.24.18:901][  0]LogHMD: Failed to initialize OpenVR with code 110
[2018.02.06-16.24.19:420][  0]LogStats: UGameplayTagsManager::ConstructGameplayTagTree: Construct from data asset -  0.000 s
[2018.02.06-16.24.19:420][  0]LogStats: UGameplayTagsManager::ConstructGameplayTagTree: GameplayTagTreeChangedEvent.Broadcast -  0.000 s
[2018.02.06-16.24.20:289][  0]LogAIModule: Creating AISystem for world Untitled
[2018.02.06-16.24.20:309][  0]LogInit: XAudio2 using 'Speakers (High Definition Audio Device)' : 2 channels at 48 kHz using 32 bits per sample (channel mask 0x3)
[2018.02.06-16.24.20:491][  0]LogInit: FAudioDevice initialized.
[2018.02.06-16.24.20:557][  0]LogDerivedDataCache: Saved boot cache 0.07s 90MB C:/Users/s6094358/AppData/Local/UnrealEngine/4.16/DerivedDataCache/Boot.ddc.
[2018.02.06-16.24.20:581][  0]LogInit: Texture streaming: Enabled
[2018.02.06-16.24.21:327][  0]LogEngineSessionManager: EngineSessionManager initialized
[2018.02.06-16.24.22:831][  0]LogWindowsTextInputMethodSystem:Display: IME system now deactivated.
[2018.02.06-16.24.22:831][  0]LogWindowsTextInputMethodSystem:Display: IME system now deactivated.
[2018.02.06-16.24.23:151][  0]LogInit: Transaction tracking system initialized
[2018.02.06-16.24.25:430][  0]BlueprintLog: New page: Editor Load
[2018.02.06-16.24.32:261][  0]LocalizationService: Info Localization service is disabled
[2018.02.06-16.24.36:906][  0]LogConsoleResponse:Display: 
[2018.02.06-16.24.37:355][  0]LogCook:Display: Max memory allowance for cook 16384mb min free memory 0mb
[2018.02.06-16.24.37:355][  0]LogCook:Display: Mobile HDR setting 1
[2018.02.06-16.24.38:404][  0]LogFileCache: Scanning file cache for directory 'U:/Journeyman/JMan_Team5/Team5/Content/' took 0.21s
[2018.02.06-16.24.45:758][  0]Cmd: MAP LOAD FILE="U:/Journeyman/JMan_Team5/Team5/Content/CORE_ASSETS/ThirdPersonBP/Maps/TestMap.umap" TEMPLATE=0 SHOWPROGRESS=1 FEATURELEVEL=3
[2018.02.06-16.24.45:785][  0]LightingResults: New page: Lighting Build
[2018.02.06-16.24.46:088][  0]MapCheck: New page: Map Check
[2018.02.06-16.24.46:088][  0]LightingResults: New page: Lighting Build
[2018.02.06-16.24.48:795][  0]LogTexture:Display: Building textures: ContainerLP_Material__25_OcclusionRoughnessMetallic1 (AutoDXT, 2048X2048)
[2018.02.06-16.24.49:704][  0]LogTexture:Display: Building textures: ContainerLP_Material__25_Normal__1_ (BC5, 2048X2048)
[2018.02.06-16.24.50:777][  0]LogTexture:Display: Building textures: ContainerLP_Material__25_BaseColor1 (AutoDXT, 2048X2048)
[2018.02.06-16.24.51:804][  0]LogMaterial: Missing cached shader map for material M_Container, compiling. 
[2018.02.06-16.24.52:229][  0]LogTexture:Display: Building textures: Ground10_1 (AutoDXT, 1024X1024)
[2018.02.06-16.24.52:675][  0]LogTexture:Display: Building textures: GroundRoughness (AutoDXT, 736X736)
[2018.02.06-16.24.53:878][  0]LogTexture:Display: Building textures: crosshatch2 (AutoDXT, 1280X992)
[2018.02.06-16.24.55:824][  0]LogMaterial: Missing cached shader map for material Groundtest, compiling. 
[2018.02.06-16.24.55:859][  0]LogMaterial: Missing cached shader map for material M_PostProcess2_base, compiling. 
[2018.02.06-16.24.55:875][  0]LogMaterial: Missing cached shader map for material Material__25, compiling. 
[2018.02.06-16.24.55:933][  0]LogStaticMesh: Building static mesh ContainerLP...
[2018.02.06-16.24.55:954][  0]LogStaticMesh: Built static mesh [0.02s] /Game/RICHARD_LANE/Container/ContainerLP.ContainerLP
[2018.02.06-16.24.56:042][  0]LogTexture:Display: Building textures: AOMaterialMask0_1 (BC4, 1024X512)
[2018.02.06-16.24.56:073][  0]LogTexture:Display: Building textures: AOMaterialMask0_10 (BC4, 256X128)
[2018.02.06-16.24.56:076][  0]LogTexture:Display: Building textures: AOMaterialMask0_11 (BC4, 256X128)
[2018.02.06-16.24.56:079][  0]LogTexture:Display: Building textures: AOMaterialMask0_12 (BC4, 256X128)
[2018.02.06-16.24.56:083][  0]LogTexture:Display: Building textures: AOMaterialMask0_13 (BC4, 256X128)
[2018.02.06-16.24.56:086][  0]LogTexture:Display: Building textures: AOMaterialMask0_14 (BC4, 256X128)
[2018.02.06-16.24.56:090][  0]LogTexture:Display: Building textures: AOMaterialMask0_15 (BC4, 256X128)
[2018.02.06-16.24.56:094][  0]LogTexture:Display: Building textures: AOMaterialMask0_16 (BC4, 128X64)
[2018.02.06-16.24.56:095][  0]LogTexture:Display: Building textures: AOMaterialMask0_17 (BC4, 256X128)
[2018.02.06-16.24.56:099][  0]LogTexture:Display: Building textures: AOMaterialMask0_18 (BC4, 256X128)
[2018.02.06-16.24.56:104][  0]LogTexture:Display: Building textures: AOMaterialMask0_19 (BC4, 128X64)
[2018.02.06-16.24.56:105][  0]LogTexture:Display: Building textures: AOMaterialMask0_2 (BC4, 256X128)
[2018.02.06-16.24.56:108][  0]LogTexture:Display: Building textures: AOMaterialMask0_20 (BC4, 128X64)
[2018.02.06-16.24.56:109][  0]LogTexture:Display: Building textures: AOMaterialMask0_21 (BC4, 64X32)
[2018.02.06-16.24.56:110][  0]LogTexture:Display: Building textures: AOMaterialMask0_3 (BC4, 256X128)
[2018.02.06-16.24.56:115][  0]LogTexture:Display: Building textures: AOMaterialMask0_4 (BC4, 256X128)
[2018.02.06-16.24.56:118][  0]LogTexture:Display: Building textures: AOMaterialMask0_5 (BC4, 256X128)
[2018.02.06-16.24.56:122][  0]LogTexture:Display: Building textures: AOMaterialMask0_6 (BC4, 128X64)
[2018.02.06-16.24.56:123][  0]LogTexture:Display: Building textures: AOMaterialMask0_7 (BC4, 256X128)
[2018.02.06-16.24.56:127][  0]LogTexture:Display: Building textures: AOMaterialMask0_8 (BC4, 256X128)
[2018.02.06-16.24.56:131][  0]LogTexture:Display: Building textures: AOMaterialMask0_9 (BC4, 256X128)
[2018.02.06-16.24.56:155][  0]LogTexture:Display: Building textures: HQ_Lightmap1_1 (AutoDXT, 1024X1024)
[2018.02.06-16.24.56:268][  0]LogTexture:Display: Building textures: HQ_Lightmap1_10 (AutoDXT, 256X256)
[2018.02.06-16.24.56:273][  0]LogTexture:Display: Building textures: HQ_Lightmap1_11 (AutoDXT, 256X256)
[2018.02.06-16.24.56:392][  0]LogTexture:Display: Building textures: HQ_Lightmap1_12 (AutoDXT, 256X256)
[2018.02.06-16.24.56:406][  0]LogTexture:Display: Building textures: HQ_Lightmap1_13 (AutoDXT, 256X256)
[2018.02.06-16.24.56:411][  0]LogTexture:Display: Building textures: HQ_Lightmap1_14 (AutoDXT, 256X256)
[2018.02.06-16.24.56:417][  0]LogTexture:Display: Building textures: HQ_Lightmap1_15 (AutoDXT, 256X256)
[2018.02.06-16.24.56:422][  0]LogTexture:Display: Building textures: HQ_Lightmap1_16 (AutoDXT, 128X128)
[2018.02.06-16.24.56:425][  0]LogTexture:Display: Building textures: HQ_Lightmap1_17 (AutoDXT, 256X256)
[2018.02.06-16.24.56:431][  0]LogTexture:Display: Building textures: HQ_Lightmap1_18 (AutoDXT, 256X256)
[2018.02.06-16.24.56:437][  0]LogTexture:Display: Building textures: HQ_Lightmap1_19 (AutoDXT, 128X128)
[2018.02.06-16.24.56:440][  0]LogTexture:Display: Building textures: HQ_Lightmap1_2 (AutoDXT, 256X256)
[2018.02.06-16.24.56:445][  0]LogTexture:Display: Building textures: HQ_Lightmap1_20 (AutoDXT, 128X128)
[2018.02.06-16.24.56:447][  0]LogTexture:Display: Building textures: HQ_Lightmap1_21 (AutoDXT, 64X64)
[2018.02.06-16.24.56:449][  0]LogTexture:Display: Building textures: HQ_Lightmap1_3 (AutoDXT, 256X256)
[2018.02.06-16.24.56:476][  0]LogTexture:Display: Building textures: HQ_Lightmap1_4 (AutoDXT, 256X256)
[2018.02.06-16.24.56:482][  0]LogTexture:Display: Building textures: HQ_Lightmap1_5 (AutoDXT, 256X256)
[2018.02.06-16.24.56:495][  0]LogTexture:Display: Building textures: HQ_Lightmap1_6 (AutoDXT, 128X128)
[2018.02.06-16.24.56:532][  0]LogTexture:Display: Building textures: HQ_Lightmap1_7 (AutoDXT, 256X256)
[2018.02.06-16.24.56:561][  0]LogTexture:Display: Building textures: HQ_Lightmap1_8 (AutoDXT, 256X256)
[2018.02.06-16.24.56:567][  0]LogTexture:Display: Building textures: HQ_Lightmap1_9 (AutoDXT, 256X256)
[2018.02.06-16.24.56:588][  0]LogTexture:Display: Building textures: LQ_Lightmap_1_1 (DXT1, 1024X1024)
[2018.02.06-16.24.56:666][  0]LogTexture:Display: Building textures: LQ_Lightmap_1_10 (DXT1, 256X256)
[2018.02.06-16.24.56:692][  0]LogTexture:Display: Building textures: LQ_Lightmap_1_11 (DXT1, 256X256)
[2018.02.06-16.24.56:718][  0]LogTexture:Display: Building textures: LQ_Lightmap_1_12 (DXT1, 256X256)
[2018.02.06-16.24.56:736][  0]LogTexture:Display: Building textures: LQ_Lightmap_1_13 (DXT1, 256X256)
[2018.02.06-16.24.56:756][  0]LogTexture:Display: Building textures: LQ_Lightmap_1_14 (DXT1, 256X256)
[2018.02.06-16.24.56:783][  0]LogTexture:Display: Building textures: LQ_Lightmap_1_15 (DXT1, 256X256)
[2018.02.06-16.24.56:814][  0]LogTexture:Display: Building textures: LQ_Lightmap_1_16 (DXT1, 128X128)
[2018.02.06-16.24.56:914][  0]LogTexture:Display: Building textures: LQ_Lightmap_1_17 (DXT1, 256X256)
[2018.02.06-16.24.56:942][  0]LogTexture:Display: Building textures: LQ_Lightmap_1_18 (DXT1, 256X256)
[2018.02.06-16.24.56:963][  0]LogTexture:Display: Building textures: LQ_Lightmap_1_19 (DXT1, 128X128)
[2018.02.06-16.24.56:975][  0]LogTexture:Display: Building textures: LQ_Lightmap_1_2 (DXT1, 256X256)
[2018.02.06-16.24.56:995][  0]LogTexture:Display: Building textures: LQ_Lightmap_1_20 (DXT1, 128X128)
[2018.02.06-16.24.57:018][  0]LogTexture:Display: Building textures: LQ_Lightmap_1_21 (DXT1, 64X64)
[2018.02.06-16.24.57:026][  0]LogTexture:Display: Building textures: LQ_Lightmap_1_3 (DXT1, 256X256)
[2018.02.06-16.24.57:052][  0]LogTexture:Display: Building textures: LQ_Lightmap_1_4 (DXT1, 256X256)
[2018.02.06-16.24.57:074][  0]LogTexture:Display: Building textures: LQ_Lightmap_1_5 (DXT1, 256X256)
[2018.02.06-16.24.57:099][  0]LogTexture:Display: Building textures: LQ_Lightmap_1_6 (DXT1, 128X128)
[2018.02.06-16.24.57:145][  0]LogTexture:Display: Building textures: LQ_Lightmap_1_7 (DXT1, 256X256)
[2018.02.06-16.24.57:175][  0]LogTexture:Display: Building textures: LQ_Lightmap_1_8 (DXT1, 256X256)
[2018.02.06-16.24.57:202][  0]LogTexture:Display: Building textures: LQ_Lightmap_1_9 (DXT1, 256X256)
[2018.02.06-16.24.57:232][  0]LogTexture:Display: Building textures: SkyOcclusion1_1 (AutoDXT, 1024X512)
[2018.02.06-16.24.57:297][  0]LogTexture:Display: Building textures: SkyOcclusion1_10 (AutoDXT, 256X128)
[2018.02.06-16.24.57:301][  0]LogTexture:Display: Building textures: SkyOcclusion1_11 (AutoDXT, 256X128)
[2018.02.06-16.24.57:304][  0]LogTexture:Display: Building textures: SkyOcclusion1_12 (AutoDXT, 256X128)
[2018.02.06-16.24.57:319][  0]LogTexture:Display: Building textures: SkyOcclusion1_13 (AutoDXT, 256X128)
[2018.02.06-16.24.57:321][  0]LogTexture:Display: Building textures: SkyOcclusion1_14 (AutoDXT, 256X128)
[2018.02.06-16.24.57:324][  0]LogTexture:Display: Building textures: SkyOcclusion1_15 (AutoDXT, 256X128)
[2018.02.06-16.24.57:326][  0]LogTexture:Display: Building textures: SkyOcclusion1_16 (AutoDXT, 128X64)
[2018.02.06-16.24.57:328][  0]LogTexture:Display: Building textures: SkyOcclusion1_17 (AutoDXT, 256X128)
[2018.02.06-16.24.57:332][  0]LogTexture:Display: Building textures: SkyOcclusion1_18 (AutoDXT, 256X128)
[2018.02.06-16.24.57:335][  0]LogTexture:Display: Building textures: SkyOcclusion1_19 (AutoDXT, 128X64)
[2018.02.06-16.24.57:336][  0]LogTexture:Display: Building textures: SkyOcclusion1_2 (AutoDXT, 256X128)
[2018.02.06-16.24.57:339][  0]LogTexture:Display: Building textures: SkyOcclusion1_20 (AutoDXT, 128X64)
[2018.02.06-16.24.57:341][  0]LogTexture:Display: Building textures: SkyOcclusion1_21 (AutoDXT, 64X32)
[2018.02.06-16.24.57:348][  0]LogTexture:Display: Building textures: SkyOcclusion1_3 (AutoDXT, 256X128)
[2018.02.06-16.24.57:374][  0]LogTexture:Display: Building textures: SkyOcclusion1_4 (AutoDXT, 256X128)
[2018.02.06-16.24.57:378][  0]LogTexture:Display: Building textures: SkyOcclusion1_5 (AutoDXT, 256X128)
[2018.02.06-16.24.57:392][  0]LogTexture:Display: Building textures: SkyOcclusion1_6 (AutoDXT, 128X64)
[2018.02.06-16.24.57:417][  0]LogTexture:Display: Building textures: SkyOcclusion1_7 (AutoDXT, 256X128)
[2018.02.06-16.24.57:447][  0]LogTexture:Display: Building textures: SkyOcclusion1_8 (AutoDXT, 256X128)
[2018.02.06-16.24.57:450][  0]LogTexture:Display: Building textures: SkyOcclusion1_9 (AutoDXT, 256X128)
[2018.02.06-16.24.58:475][  0]LogMaterial: Missing cached shader map for material Groundtest, compiling. 
[2018.02.06-16.24.58:556][  0]LogTexture:Display: Building textures: Texture2D_0 (BGRA8, 512X512)
[2018.02.06-16.24.58:600][  0]LogAIModule: Creating AISystem for world TestMap
[2018.02.06-16.24.58:860][  0]LogEditorServer: Finished looking for orphan Actors (0.000 secs)
[2018.02.06-16.24.58:898][  0]Cmd: MAP CHECKDEP NOCLEARLOG
[2018.02.06-16.24.59:118][  0]MapCheck: Info Map check complete: 0 Error(s), 0 Warning(s), took 219.981ms to complete.
[2018.02.06-16.24.59:118][  0]LogFileHelpers: Loading map 'TestMap' took 13.360
[2018.02.06-16.24.59:740][  0]LogCollectionManager: Loaded 0 collections in 0.013199 seconds
[2018.02.06-16.25.00:210][  0]LogFileCache: Scanning file cache for directory 'U:/Journeyman/JMan_Team5/Team5/Saved/Collections/' took 0.01s
[2018.02.06-16.25.00:210][  0]LogFileCache: Scanning file cache for directory 'U:/Journeyman/JMan_Team5/Team5/Content/Developers/s6094358/Collections/' took 0.01s
[2018.02.06-16.25.00:210][  0]LogFileCache: Scanning file cache for directory 'U:/Journeyman/JMan_Team5/Team5/Content/Collections/' took 0.01s
[2018.02.06-16.25.00:210][  0]LogCollectionManager: Rebuilt the GUID cache for 0 collections in 0.000011 seconds
[2018.02.06-16.25.00:228][  0]LogContentBrowser: Native class hierarchy populated in 0.0175 seconds. Added 2329 classes and 491 folders.
[2018.02.06-16.25.00:808][  0]LogContentBrowser: Native class hierarchy updated for 'WidgetCarousel' in 0.0011 seconds. Added 0 classes and 0 folders.
[2018.02.06-16.25.01:115][  0]LogContentBrowser: Native class hierarchy updated for 'AddContentDialog' in 0.0010 seconds. Added 0 classes and 0 folders.
[2018.02.06-16.25.01:449][  0]LogContentBrowser: Native class hierarchy updated for 'SceneOutliner' in 0.0012 seconds. Added 1 classes and 2 folders.
[2018.02.06-16.25.01:705][  0]LogCrashTracker: Crashtracker disabled due to settings.
[2018.02.06-16.25.01:716][  0]LogSlate: Took 0.000378 seconds to synchronously load lazily loaded font '../../../Engine/Content/Slate/Fonts/Roboto-Regular.ttf' (155K)
[2018.02.06-16.25.01:720][  0]LogSlate: Took 0.000374 seconds to synchronously load lazily loaded font '../../../Engine/Content/Slate/Fonts/Roboto-Bold.ttf' (160K)
[2018.02.06-16.25.01:729][  0]LogSlate: Took 0.000337 seconds to synchronously load lazily loaded font '../../../Engine/Content/Editor/Slate/Fonts/FontAwesome.ttf' (139K)
[2018.02.06-16.25.01:906][  0]LogRenderer: Reallocating scene render targets to support 1208x576 NumSamples 1 (Frame:1).
[2018.02.06-16.25.02:769][  0]LogContentBrowser: Native class hierarchy updated for 'HierarchicalLODOutliner' in 0.0018 seconds. Added 1 classes and 2 folders.
[2018.02.06-16.25.02:769][  0]LogLoad: (Engine Initialization) Total time: 105.25 seconds
[2018.02.06-16.25.02:770][  0]LogLoad: (Engine Initialization) Total Blueprint compile time: 0.37 seconds
[2018.02.06-16.25.02:770][  0]LogExternalProfiler: No external profilers were discovered.  External profiling features will not be available.
[2018.02.06-16.25.02:780][  0]LogOcInput: OculusInput pre-init called
[2018.02.06-16.25.02:780][  0]LogHMD: Starting GearVRController plugin
[2018.02.06-16.25.02:797][  0]LogDirectoryWatcher: A directory notification failed for 'U:/Journeyman/JMan_Team5/Team5/Content/' because it was empty or there was a buffer overflow. Attemping another request...
[2018.02.06-16.25.02:798][  0]LogDirectoryWatcher: A directory notification failed for 'U:/Journeyman/JMan_Team5/Team5/Content/', and we were unable to create a new request.
[2018.02.06-16.25.02:798][  0]LogDirectoryWatcher: A directory notification failed for 'U:/Journeyman/JMan_Team5/Team5/Saved/Collections/' because it was empty or there was a buffer overflow. Attemping another request...
[2018.02.06-16.25.02:798][  0]LogDirectoryWatcher: A directory notification failed for 'U:/Journeyman/JMan_Team5/Team5/Content/Developers/s6094358/Collections/' because it was empty or there was a buffer overflow. Attemping another request...
[2018.02.06-16.25.02:798][  0]LogDirectoryWatcher: A directory notification failed for 'U:/Journeyman/JMan_Team5/Team5/Content/Collections/' because it was empty or there was a buffer overflow. Attemping another request...
[2018.02.06-16.25.02:808][  0]SourceControl: Info On branch HarryG-Branch
[2018.02.06-16.25.02:808][  0]SourceControl: Info Your branch is ahead of 'origin/HarryG-Branch' by 2 commits.
[2018.02.06-16.25.02:808][  0]SourceControl: Info   (use "git push" to publish your local commits)
[2018.02.06-16.25.02:808][  0]SourceControl: Info Changes not staged for commit:
[2018.02.06-16.25.02:808][  0]SourceControl: Info   (use "git add/rm <file>..." to update what will be committed)
[2018.02.06-16.25.02:808][  0]SourceControl: Info   (use "git checkout -- <file>..." to discard changes in working directory)
[2018.02.06-16.25.02:808][  0]SourceControl: Info 	modified:   Team5/Saved/Config/Windows/Editor.ini
[2018.02.06-16.25.02:808][  0]SourceControl: Info 	modified:   Team5/Saved/Config/Windows/Engine.ini
[2018.02.06-16.25.02:808][  0]SourceControl: Info 	deleted:    Team5/Saved/Logs/Team5-backup-2018.02.01-17.51.15.log
[2018.02.06-16.25.02:808][  0]SourceControl: Info 	modified:   Team5/Saved/Logs/Team5.log
[2018.02.06-16.25.02:808][  0]SourceControl: Info Untracked files:
[2018.02.06-16.25.02:808][  0]SourceControl: Info   (use "git add <file>..." to include in what will be committed)
[2018.02.06-16.25.02:808][  0]SourceControl: Info 	Team5/Saved/Config/CrashReportClient/UE4CC-Windows-6657E150457F3E1DCAF8478592AD4A0D/
[2018.02.06-16.25.02:808][  0]SourceControl: Info 	Team5/Saved/Logs/Team5-backup-2018.02.06-16.23.22.log
[2018.02.06-16.25.02:808][  0]SourceControl: Info no changes added to commit (use "git add" and/or "git commit -a")
[2018.02.06-16.25.02:809][  0]LogContentStreaming: Texture pool size now 1000 MB
[2018.02.06-16.25.02:906][  0]LogSlate: Took 0.000408 seconds to synchronously load lazily loaded font '../../../Engine/Content/Slate/Fonts/Roboto-Light.ttf' (159K)
[2018.02.06-16.25.03:541][  1]LogDirectoryWatcher: A directory notification failed for 'U:/Journeyman/JMan_Team5/Team5/Saved/Collections/' because it was empty or there was a buffer overflow. Attemping another request...
[2018.02.06-16.25.03:542][  1]LogDirectoryWatcher: A directory notification failed for 'U:/Journeyman/JMan_Team5/Team5/Saved/Collections/', and we were unable to create a new request.
[2018.02.06-16.25.03:542][  1]LogDirectoryWatcher: A directory notification failed for 'U:/Journeyman/JMan_Team5/Team5/Content/Developers/s6094358/Collections/' because it was empty or there was a buffer overflow. Attemping another request...
[2018.02.06-16.25.03:542][  1]LogDirectoryWatcher: A directory notification failed for 'U:/Journeyman/JMan_Team5/Team5/Content/Developers/s6094358/Collections/', and we were unable to create a new request.
[2018.02.06-16.25.03:542][  1]LogDirectoryWatcher: A directory notification failed for 'U:/Journeyman/JMan_Team5/Team5/Content/Collections/' because it was empty or there was a buffer overflow. Attemping another request...
[2018.02.06-16.25.03:543][  1]LogDirectoryWatcher: A directory notification failed for 'U:/Journeyman/JMan_Team5/Team5/Content/Collections/', and we were unable to create a new request.
[2018.02.06-16.25.03:588][  2]LogAssetRegistry: Asset discovery search completed in 78.6732 seconds
[2018.02.06-16.25.03:594][  2]LogCollectionManager: Rebuilt the object cache for 0 collections in 0.000002 seconds (found 0 objects)
[2018.02.06-16.25.03:594][  2]LogCollectionManager: Fixed up redirectors for 0 collections in 0.000437 seconds (updated 0 objects)
[2018.02.06-16.25.22:724][ 16]LogStreaming:Warning: Failed to open ANSI TEXT file U:/Journeyman/JMan_Team5/Team5/Saved/HardwareSurvey/dxdiag.txt
[2018.02.06-16.25.22:962][ 17]LogSynthBenchmark:Display: FSynthBenchmark (V0.95):  requested WorkScale=5.00
[2018.02.06-16.25.22:962][ 17]LogSynthBenchmark:Display: ===============
[2018.02.06-16.25.22:962][ 17]LogSynthBenchmark:Display: Main Processor:
[2018.02.06-16.25.23:288][ 17]LogSynthBenchmark:Display:          ... 0.030807 s/Run 'RayIntersect'
[2018.02.06-16.25.23:288][ 17]LogSynthBenchmark:Display:          ... 0.034317 s/Run 'Fractal'
[2018.02.06-16.25.23:288][ 17]LogSynthBenchmark:Display: 
[2018.02.06-16.25.23:288][ 17]LogSynthBenchmark:Display:   CompiledTarget_x_Bits: 64
[2018.02.06-16.25.23:288][ 17]LogSynthBenchmark:Display:   UE_BUILD_SHIPPING: 0
[2018.02.06-16.25.23:288][ 17]LogSynthBenchmark:Display:   UE_BUILD_TEST: 0
[2018.02.06-16.25.23:288][ 17]LogSynthBenchmark:Display:   UE_BUILD_DEBUG: 0
[2018.02.06-16.25.23:288][ 17]LogSynthBenchmark:Display:   TotalPhysicalGBRam: 64
[2018.02.06-16.25.23:288][ 17]LogSynthBenchmark:Display:   NumberOfCores (physical): 16
[2018.02.06-16.25.23:288][ 17]LogSynthBenchmark:Display:   NumberOfCores (logical): 32
[2018.02.06-16.25.23:288][ 17]LogSynthBenchmark:Display:   CPU Perf Index 0: 83.1 (weight 1.00)
[2018.02.06-16.25.23:288][ 17]LogSynthBenchmark:Display:   CPU Perf Index 1: 83.3 (weight 1.50)
[2018.02.06-16.25.23:288][ 17]LogSynthBenchmark:Display:  
[2018.02.06-16.25.23:288][ 17]LogSynthBenchmark:Display: Graphics:
[2018.02.06-16.25.23:288][ 17]LogSynthBenchmark:Display:   Adapter Name: 'NVIDIA Quadro 4000'
[2018.02.06-16.25.23:288][ 17]LogSynthBenchmark:Display:   (On Optimus the name might be wrong, memory should be ok)
[2018.02.06-16.25.23:288][ 17]LogSynthBenchmark:Display:   Vendor Id: 0x10DE
[2018.02.06-16.25.23:288][ 17]LogSynthBenchmark:Display:   Device Id: 0x6DD
[2018.02.06-16.25.23:288][ 17]LogSynthBenchmark:Display:   Device Revision: 0xA1
[2018.02.06-16.25.23:288][ 17]LogSynthBenchmark:Display:   GPU Memory: 2000/0/32747 MB
[2018.02.06-16.25.23:469][ 17]LogSynthBenchmark:Display:   GPU first test: 0.08s
[2018.02.06-16.25.23:469][ 17]LogSynthBenchmark:Display:          ... 1.015 s/GigaPix, Confidence=100% 'ALUHeavyNoise' (likely to be very inaccurate)
[2018.02.06-16.25.23:469][ 17]LogSynthBenchmark:Display:          ... 0.814 s/GigaPix, Confidence=100% 'TexHeavy' (likely to be very inaccurate)
[2018.02.06-16.25.23:469][ 17]LogSynthBenchmark:Display:          ... 0.813 s/GigaPix, Confidence=100% 'DepTexHeavy' (likely to be very inaccurate)
[2018.02.06-16.25.23:469][ 17]LogSynthBenchmark:Display:          ... 5.258 s/GigaPix, Confidence=100% 'FillOnly' (likely to be very inaccurate)
[2018.02.06-16.25.23:469][ 17]LogSynthBenchmark:Display:          ... 0.153 s/GigaPix, Confidence=100% 'Bandwidth' (likely to be very inaccurate)
[2018.02.06-16.25.23:469][ 17]LogSynthBenchmark:Display:          ... 0.467 s/GigaVert, Confidence=100% 'VertThroughPut1' (likely to be very inaccurate)
[2018.02.06-16.25.23:469][ 17]LogSynthBenchmark:Display:          ... 1.390 s/GigaVert, Confidence=100% 'VertThroughPut2' (likely to be very inaccurate)
[2018.02.06-16.25.24:216][ 17]LogSynthBenchmark:Display:   GPU second test: 0.67s
[2018.02.06-16.25.24:216][ 17]LogSynthBenchmark:Display:          ... 1.134 s/GigaPix, Confidence=100% 'ALUHeavyNoise' (likely to be inaccurate)
[2018.02.06-16.25.24:216][ 17]LogSynthBenchmark:Display:          ... 0.911 s/GigaPix, Confidence=100% 'TexHeavy' (likely to be inaccurate)
[2018.02.06-16.25.24:216][ 17]LogSynthBenchmark:Display:          ... 0.921 s/GigaPix, Confidence=100% 'DepTexHeavy' (likely to be inaccurate)
[2018.02.06-16.25.24:216][ 17]LogSynthBenchmark:Display:          ... 9.151 s/GigaPix, Confidence=100% 'FillOnly' (likely to be inaccurate)
[2018.02.06-16.25.24:216][ 17]LogSynthBenchmark:Display:          ... 0.162 s/GigaPix, Confidence=100% 'Bandwidth' (likely to be inaccurate)
[2018.02.06-16.25.24:216][ 17]LogSynthBenchmark:Display:          ... 0.433 s/GigaVert, Confidence=100% 'VertThroughPut1' (likely to be inaccurate)
[2018.02.06-16.25.24:217][ 17]LogSynthBenchmark:Display:          ... 1.343 s/GigaVert, Confidence=100% 'VertThroughPut2' (likely to be inaccurate)
[2018.02.06-16.25.24:217][ 17]LogSynthBenchmark:Display:   GPU Final Results:
[2018.02.06-16.25.24:217][ 17]LogSynthBenchmark:Display:          ... 1.134 s/GigaPix, Confidence=100% 'ALUHeavyNoise'
[2018.02.06-16.25.24:217][ 17]LogSynthBenchmark:Display:          ... 0.911 s/GigaPix, Confidence=100% 'TexHeavy'
[2018.02.06-16.25.24:217][ 17]LogSynthBenchmark:Display:          ... 0.921 s/GigaPix, Confidence=100% 'DepTexHeavy'
[2018.02.06-16.25.24:217][ 17]LogSynthBenchmark:Display:          ... 9.151 s/GigaPix, Confidence=100% 'FillOnly'
[2018.02.06-16.25.24:217][ 17]LogSynthBenchmark:Display:          ... 0.162 s/GigaPix, Confidence=100% 'Bandwidth'
[2018.02.06-16.25.24:217][ 17]LogSynthBenchmark:Display:          ... 0.433 s/GigaVert, Confidence=100% 'VertThroughPut1'
[2018.02.06-16.25.24:217][ 17]LogSynthBenchmark:Display:          ... 1.343 s/GigaVert, Confidence=100% 'VertThroughPut2'
[2018.02.06-16.25.24:217][ 17]LogSynthBenchmark:Display: 
[2018.02.06-16.25.24:217][ 17]LogSynthBenchmark:Display:   GPU Perf Index 0: 24.6 (weight 1.00)
[2018.02.06-16.25.24:217][ 17]LogSynthBenchmark:Display:   GPU Perf Index 1: 12.2 (weight 0.10)
[2018.02.06-16.25.24:217][ 17]LogSynthBenchmark:Display:   GPU Perf Index 2: 23.9 (weight 0.10)
[2018.02.06-16.25.24:217][ 17]LogSynthBenchmark:Display:   GPU Perf Index 3: 35.9 (weight 3.00)
[2018.02.06-16.25.24:217][ 17]LogSynthBenchmark:Display:   GPU Perf Index 4: 15.1 (weight 1.00)
[2018.02.06-16.25.24:217][ 17]LogSynthBenchmark:Display:   GPU Perf Index 5: 28.2 (weight 0.00)
[2018.02.06-16.25.24:217][ 17]LogSynthBenchmark:Display:   GPU Perf Index 6: 76.0 (weight 0.00)
[2018.02.06-16.25.24:217][ 17]LogSynthBenchmark:Display:   CPUIndex: 83.3
[2018.02.06-16.25.24:217][ 17]LogSynthBenchmark:Display:   GPUIndex: 29.1
[2018.02.06-16.25.24:217][ 17]LogSynthBenchmark:Display: 
[2018.02.06-16.25.24:217][ 17]LogSynthBenchmark:Display:          ... Total Time: 1.254928 sec
[2018.02.06-16.25.24:226][ 17]LogWindows: FWindowsPlatformSurvey::TickSurveyHardware() WinSAT assessment unavailable. Unable to examine some hardware metrics. Run the Windows Experience Index Assessment.
[2018.02.06-16.27.16:073][997]LogTemp: Repeting last play command: Selected Viewport
[2018.02.06-16.27.17:043][997]LogBlueprintUserMessages: Early PlayInEditor Detection: Level '/Game/CORE_ASSETS/ThirdPersonBP/Maps/TestMap.TestMap:PersistentLevel' has LevelScriptBlueprint '/Game/CORE_ASSETS/ThirdPersonBP/Maps/TestMap.TestMap:PersistentLevel.TestMap' with GeneratedClass '/Game/CORE_ASSETS/ThirdPersonBP/Maps/TestMap.TestMap_C' with ClassGeneratedBy '/Game/CORE_ASSETS/ThirdPersonBP/Maps/TestMap.TestMap:PersistentLevel.TestMap'
[2018.02.06-16.27.17:043][997]LogPlayLevel: PlayLevel: No blueprints needed recompiling
[2018.02.06-16.27.17:044][997]PIE: New page: PIE session: TestMap (6 Feb 2018 16:27:17)
[2018.02.06-16.27.17:044][997]LogPlayLevel: Creating play world package: /Game/CORE_ASSETS/ThirdPersonBP/Maps/UEDPIE_0_TestMap
[2018.02.06-16.27.17:096][997]LogPlayLevel: PIE: StaticDuplicateObject took: (0.051977s)
[2018.02.06-16.27.17:098][997]LogAIModule: Creating AISystem for world TestMap
[2018.02.06-16.27.17:098][997]LogPlayLevel: PIE: World Init took: (0.001781s)
[2018.02.06-16.27.17:098][997]LogPlayLevel: PIE: Created PIE world by copying editor world from /Game/CORE_ASSETS/ThirdPersonBP/Maps/TestMap.TestMap to /Game/CORE_ASSETS/ThirdPersonBP/Maps/UEDPIE_0_TestMap.TestMap (0.054239s)
[2018.02.06-16.27.17:145][997]LogInit: XAudio2 using 'Speakers (High Definition Audio Device)' : 2 channels at 48 kHz using 32 bits per sample (channel mask 0x3)
[2018.02.06-16.27.17:161][997]LogInit: FAudioDevice initialized.
[2018.02.06-16.27.19:163][997]LogLinker:Warning: Can't find file '/Game/Materials/M_Basic_Wall'
[2018.02.06-16.27.19:163][997]LogLinker:Warning: Can't find file for asset '/Game/Materials/M_Basic_Wall' while loading U:/Journeyman/JMan_Team5/Team5/Content/LevelGeometry/PropShapes/Shape_Sphere.uasset.
[2018.02.06-16.27.19:163][997]LoadErrors:Error: Error /Game/LevelGeometry/PropShapes/Shape_Sphere : Can't find file for asset. /Game/Materials/M_Basic_Wall
[2018.02.06-16.27.19:163][997]LogLinker:Warning: Can't find file '/Game/Materials/M_Basic_Wall'
[2018.02.06-16.27.19:163][997]LogLinker:Warning: Can't find file for asset '/Game/Materials/M_Basic_Wall' while loading U:/Journeyman/JMan_Team5/Team5/Content/LevelGeometry/PropShapes/Shape_Sphere.uasset.
[2018.02.06-16.27.19:444][997]LogLinker:Warning: Can't find file '/Game/Materials/M_Basic_Wall'
[2018.02.06-16.27.19:444][997]LoadErrors: Info Failed to load /Game/Materials/M_Basic_Wall.M_Basic_Wall Referenced by Shape_Sphere
[2018.02.06-16.27.19:445][997]LogLinker:Warning: Can't find file for asset '/Game/Materials/M_Basic_Wall' while loading NULL.
[2018.02.06-16.27.19:796][997]LogTexture:Display: Building textures: T_ML_Rubber_Blue_01_D (DXT1, 512X512)
[2018.02.06-16.27.19:919][997]LogAnimationCompression: Building Anim DDC data for AnimSequence /Game/CORE_ASSETS/AnimStarterPack/Jog_Rt_Rifle.Jog_Rt_Rifle
[2018.02.06-16.27.19:944][997]LogAnimationCompression: Building Anim DDC data for AnimSequence /Game/CORE_ASSETS/AnimStarterPack/Jog_Lt_Rifle.Jog_Lt_Rifle
[2018.02.06-16.27.20:035][997]LogAnimationCompression: Building Anim DDC data for AnimSequence /Game/CORE_ASSETS/AnimStarterPack/Jump_From_Stand.Jump_From_Stand
[2018.02.06-16.27.20:038][997]LogAnimationCompression: Building Anim DDC data for AnimSequence /Game/CORE_ASSETS/AnimStarterPack/Crouch_Walk_Bwd_Rifle_Hip.Crouch_Walk_Bwd_Rifle_Hip
[2018.02.06-16.27.20:042][997]LogAnimationCompression: Building Anim DDC data for AnimSequence /Game/CORE_ASSETS/AnimStarterPack/Crouch_Walk_Fwd_Rifle_Hip.Crouch_Walk_Fwd_Rifle_Hip
[2018.02.06-16.27.20:046][997]LogAnimationCompression: Building Anim DDC data for AnimSequence /Game/CORE_ASSETS/AnimStarterPack/Crouch_Walk_Lt_Rifle_Hip.Crouch_Walk_Lt_Rifle_Hip
[2018.02.06-16.27.20:050][997]LogAnimationCompression: Building Anim DDC data for AnimSequence /Game/CORE_ASSETS/AnimStarterPack/Crouch_Walk_Rt_Rifle_Hip.Crouch_Walk_Rt_Rifle_Hip
[2018.02.06-16.27.20:068][997]LogTexture:Display: Building textures: T_ML_Rubber_Blue_01_N (BC5, 512X512)
[2018.02.06-16.27.20:109][997]LogAnimationCompression: Building Anim DDC data for AnimSequence /Game/CORE_ASSETS/AnimStarterPack/Jog_Fwd_Rifle.Jog_Fwd_Rifle
[2018.02.06-16.27.20:112][997]LogAnimationCompression: Building Anim DDC data for AnimSequence /Game/CORE_ASSETS/AnimStarterPack/Jog_Bwd_Rifle.Jog_Bwd_Rifle
[2018.02.06-16.27.20:130][997]LogTexture:Display: Building textures: T_ML_Aluminum01 (DXT1, 512X512)
[2018.02.06-16.27.20:248][997]LogTexture:Display: Building textures: T_ML_Aluminum01_N (BC5, 512X512)
[2018.02.06-16.27.20:303][997]LogTexture:Display: Building textures: UE4_Mannequin_MAT_MASKA (AutoDXT, 1024X1024)
[2018.02.06-16.27.21:372][997]LogTexture:Display: Building textures: UE4_Mannequin__normals (BC5, 2048X2048)
[2018.02.06-16.27.21:771][997]LogTexture:Display: Building textures: UE4_Mannequin_occlusion_Mobile (DXT1, 512X512)
[2018.02.06-16.27.21:868][997]LogMaterial: Missing cached shader map for material M_UE4Man_Body, compiling. 
[2018.02.06-16.27.22:012][997]LogAnimationCompression: Building Anim DDC data for AnimSequence /Game/CORE_ASSETS/AnimStarterPack/Idle_Rifle_Hip.Idle_Rifle_Hip
[2018.02.06-16.27.22:024][997]LogAnimationCompression: Building Anim DDC data for AnimSequence /Game/CORE_ASSETS/AnimStarterPack/Jump_From_Jog.Jump_From_Jog
[2018.02.06-16.27.22:028][997]LogAnimationCompression: Building Anim DDC data for AnimSequence /Game/CORE_ASSETS/AnimStarterPack/Crouch_Idle_Rifle_Hip.Crouch_Idle_Rifle_Hip
[2018.02.06-16.27.22:085][997]LogTexture:Display: Building textures: UE4Man_Logo_N (BC5, 512X512)
[2018.02.06-16.27.22:127][997]LogMaterial: Missing cached shader map for material M_UE4Man_Body, compiling. 
[2018.02.06-16.27.22:265][997]LogMaterial: Missing cached shader map for material M_Baselaser, compiling. 
[2018.02.06-16.27.22:304][997]LogLoad: Game class is 'ThirdPersonGameMode_C'
[2018.02.06-16.27.22:316][997]LogWorld: Bringing World /Game/CORE_ASSETS/ThirdPersonBP/Maps/UEDPIE_0_TestMap.TestMap up for play (max tick rate 0) at 2018.02.06-16.27.22
[2018.02.06-16.27.22:317][997]LogWorld: Bringing up level for play took: 0.007476
[2018.02.06-16.27.22:652][997]LogContentBrowser: Native class hierarchy updated for 'MovieSceneCapture' in 0.0017 seconds. Added 11 classes and 0 folders.
[2018.02.06-16.27.22:658][997]PIE: Info Play in editor start time for /Game/CORE_ASSETS/ThirdPersonBP/Maps/UEDPIE_0_TestMap 5.376
[2018.02.06-16.27.22:659][997]LogBlueprintUserMessages: Late PlayInEditor Detection: Level '/Game/CORE_ASSETS/ThirdPersonBP/Maps/TestMap.TestMap:PersistentLevel' has LevelScriptBlueprint '/Game/CORE_ASSETS/ThirdPersonBP/Maps/TestMap.TestMap:PersistentLevel.TestMap' with GeneratedClass '/Game/CORE_ASSETS/ThirdPersonBP/Maps/TestMap.TestMap_C' with ClassGeneratedBy '/Game/CORE_ASSETS/ThirdPersonBP/Maps/TestMap.TestMap:PersistentLevel.TestMap'
[2018.02.06-16.27.24:594][ 80]LogBlueprintUserMessages: [BaseEnemy_94] 240.0
[2018.02.06-16.27.25:574][119]LogBlueprintUserMessages: Early EndPlayMap Detection: Level '/Game/CORE_ASSETS/ThirdPersonBP/Maps/TestMap.TestMap:PersistentLevel' has LevelScriptBlueprint '/Game/CORE_ASSETS/ThirdPersonBP/Maps/TestMap.TestMap:PersistentLevel.TestMap' with GeneratedClass '/Game/CORE_ASSETS/ThirdPersonBP/Maps/TestMap.TestMap_C' with ClassGeneratedBy '/Game/CORE_ASSETS/ThirdPersonBP/Maps/TestMap.TestMap:PersistentLevel.TestMap'
[2018.02.06-16.27.25:623][119]LogBlueprintUserMessages: Late EndPlayMap Detection: Level '/Game/CORE_ASSETS/ThirdPersonBP/Maps/TestMap.TestMap:PersistentLevel' has LevelScriptBlueprint '/Game/CORE_ASSETS/ThirdPersonBP/Maps/TestMap.TestMap:PersistentLevel.TestMap' with GeneratedClass '/Game/CORE_ASSETS/ThirdPersonBP/Maps/TestMap.TestMap_C' with ClassGeneratedBy '/Game/CORE_ASSETS/ThirdPersonBP/Maps/TestMap.TestMap:PersistentLevel.TestMap'
[2018.02.06-17.00.10:115][479]LogWindowsTextInputMethodSystem:Display: IME system now deactivated.
[2018.02.06-17.00.10:115][479]LogWindowsTextInputMethodSystem:Display: IME system now deactivated.
[2018.02.06-17.00.10:355][480]Cmd: QUIT_EDITOR
[2018.02.06-17.00.11:028][480]LogExit: Preparing to exit.
[2018.02.06-17.00.11:408][480]LogExit: Editor shut down
[2018.02.06-17.00.11:415][480]LogExit: Transaction tracking system shut down
[2018.02.06-17.00.11:507][480]LogObj: Freed 0b from 0 cluster array pools.
[2018.02.06-17.00.11:507][480]LogExit: Object subsystem successfully closed.
[2018.02.06-17.00.11:545][480]LogD3D11RHI: Shutdown
[2018.02.06-17.00.11:545][480]LogD3D11RHI: CleanupD3DDevice
[2018.02.06-17.00.11:703][480]LogD3D11RHI: ~FD3D11DynamicRHI
[2018.02.06-17.00.11:742][480]LogModuleManager: Shutting down and abandoning module MovieSceneCapture (528)
[2018.02.06-17.00.11:742][480]LogModuleManager: Shutting down and abandoning module SynthBenchmark (526)
[2018.02.06-17.00.11:742][480]LogModuleManager: Shutting down and abandoning module HierarchicalLODOutliner (524)
[2018.02.06-17.00.11:742][480]LogModuleManager: Shutting down and abandoning module CrashTracker (522)
[2018.02.06-17.00.11:742][480]LogModuleManager: Shutting down and abandoning module SceneOutliner (520)
[2018.02.06-17.00.11:742][480]LogModuleManager: Shutting down and abandoning module AddContentDialog (518)
[2018.02.06-17.00.11:742][480]LogDirectoryWatcher: A directory notification for 'C:/Program Files/Epic Games/UE_4.16/FeaturePacks/' was aborted.
[2018.02.06-17.00.11:744][480]LogModuleManager: Shutting down and abandoning module WidgetCarousel (517)
[2018.02.06-17.00.11:744][480]LogModuleManager: Shutting down and abandoning module EditorWidgets (514)
[2018.02.06-17.00.11:744][480]LogModuleManager: Shutting down and abandoning module CollectionManager (512)
[2018.02.06-17.00.11:744][480]LogModuleManager: Shutting down and abandoning module StatsViewer (510)
[2018.02.06-17.00.11:744][480]LogModuleManager: Shutting down and abandoning module FoliageEdit (508)
[2018.02.06-17.00.11:744][480]LogModuleManager: Shutting down and abandoning module LandscapeEditor (506)
[2018.02.06-17.00.11:744][480]LogModuleManager: Shutting down and abandoning module MeshPaintMode (504)
[2018.02.06-17.00.11:744][480]LogModuleManager: Shutting down and abandoning module SceneDepthPickerMode (502)
[2018.02.06-17.00.11:744][480]LogModuleManager: Shutting down and abandoning module ActorPickerMode (500)
[2018.02.06-17.00.11:744][480]LogModuleManager: Shutting down and abandoning module GeometryMode (498)
[2018.02.06-17.00.11:744][480]LogModuleManager: Shutting down and abandoning module TextureAlignMode (496)
[2018.02.06-17.00.11:744][480]LogModuleManager: Shutting down and abandoning module BspMode (494)
[2018.02.06-17.00.11:745][480]LogModuleManager: Shutting down and abandoning module HardwareSurvey (492)
[2018.02.06-17.00.11:745][480]LogModuleManager: Shutting down and abandoning module SequenceRecorderSections (490)
[2018.02.06-17.00.11:745][480]LogModuleManager: Shutting down and abandoning module AutomationWorker (488)
[2018.02.06-17.00.11:745][480]LogModuleManager: Shutting down and abandoning module MatineeToLevelSequence (486)
[2018.02.06-17.00.11:745][480]LogModuleManager: Shutting down and abandoning module LevelSequenceEditor (484)
[2018.02.06-17.00.11:745][480]LogModuleManager: Shutting down and abandoning module PlacementMode (483)
[2018.02.06-17.00.11:745][480]LogModuleManager: Shutting down and abandoning module WmfMediaFactory (480)
[2018.02.06-17.00.11:745][480]LogModuleManager: Shutting down and abandoning module WmfMediaEditor (478)
[2018.02.06-17.00.11:745][480]LogModuleManager: Shutting down and abandoning module AvfMediaFactory (476)
[2018.02.06-17.00.11:745][480]LogModuleManager: Shutting down and abandoning module AvfMediaEditor (474)
[2018.02.06-17.00.11:745][480]LogModuleManager: Shutting down and abandoning module AndroidMediaFactory (472)
[2018.02.06-17.00.11:745][480]LogModuleManager: Shutting down and abandoning module Media (471)
[2018.02.06-17.00.11:745][480]LogModuleManager: Shutting down and abandoning module AndroidMediaEditor (468)
[2018.02.06-17.00.11:745][480]LogModuleManager: Shutting down and abandoning module CharacterAI (466)
[2018.02.06-17.00.11:745][480]LogModuleManager: Shutting down and abandoning module AudioCapture (464)
[2018.02.06-17.00.11:745][480]LogModuleManager: Shutting down and abandoning module SequenceRecorder (463)
[2018.02.06-17.00.11:745][480]LogModuleManager: Shutting down and abandoning module SmartSnapping (460)
[2018.02.06-17.00.11:745][480]LogModuleManager: Shutting down and abandoning module SessionServices (458)
[2018.02.06-17.00.11:745][480]LogModuleManager: Shutting down and abandoning module ViewportSnapping (456)
[2018.02.06-17.00.11:745][480]LogModuleManager: Shutting down and abandoning module ViewportInteraction (454)
[2018.02.06-17.00.11:745][480]LogModuleManager: Shutting down and abandoning module ClothPainter (452)
[2018.02.06-17.00.11:745][480]LogModuleManager: Shutting down and abandoning module LogVisualizer (450)
[2018.02.06-17.00.11:745][480]LogModuleManager: Shutting down and abandoning module IntroTutorials (448)
[2018.02.06-17.00.11:745][480]LogModuleManager: Shutting down and abandoning module GameProjectGeneration (447)
[2018.02.06-17.00.11:745][480]LogModuleManager: Shutting down and abandoning module EditorLiveStreaming (444)
[2018.02.06-17.00.11:745][480]LogModuleManager: Shutting down and abandoning module IOSPlatformEditor (442)
[2018.02.06-17.00.11:746][480]LogModuleManager: Shutting down and abandoning module HTML5PlatformEditor (440)
[2018.02.06-17.00.11:746][480]LogModuleManager: Shutting down and abandoning module AndroidPlatformEditor (438)
[2018.02.06-17.00.11:746][480]LogModuleManager: Shutting down and abandoning module AndroidDeviceDetection (437)
[2018.02.06-17.00.11:892][480]LogModuleManager: Shutting down and abandoning module IOSRuntimeSettings (434)
[2018.02.06-17.00.11:892][480]LogModuleManager: Shutting down and abandoning module AndroidRuntimeSettings (432)
[2018.02.06-17.00.11:892][480]LogModuleManager: Shutting down and abandoning module InputBindingEditor (430)
[2018.02.06-17.00.11:892][480]LogModuleManager: Shutting down and abandoning module MergeActors (428)
[2018.02.06-17.00.11:892][480]LogModuleManager: Shutting down and abandoning module SizeMap (426)
[2018.02.06-17.00.11:892][480]LogModuleManager: Shutting down and abandoning module TreeMap (424)
[2018.02.06-17.00.11:892][480]LogModuleManager: Shutting down and abandoning module ReferenceViewer (422)
[2018.02.06-17.00.11:892][480]LogModuleManager: Shutting down and abandoning module LocalizationDashboard (420)
[2018.02.06-17.00.11:892][480]LogModuleManager: Shutting down and abandoning module LocalizationService (419)
[2018.02.06-17.00.11:892][480]LogModuleManager: Shutting down and abandoning module HardwareTargeting (416)
[2018.02.06-17.00.11:892][480]LogModuleManager: Shutting down and abandoning module DeviceProfileEditor (414)
[2018.02.06-17.00.11:892][480]LogModuleManager: Shutting down and abandoning module UndoHistory (412)
[2018.02.06-17.00.11:892][480]LogModuleManager: Shutting down and abandoning module UserFeedback (410)
[2018.02.06-17.00.11:892][480]LogModuleManager: Shutting down and abandoning module XmlParser (408)
[2018.02.06-17.00.11:892][480]LogModuleManager: Shutting down and abandoning module Blutility (406)
[2018.02.06-17.00.11:892][480]LogModuleManager: Shutting down and abandoning module ProjectSettingsViewer (404)
[2018.02.06-17.00.11:892][480]LogModuleManager: Shutting down and abandoning module ProjectTargetPlatformEditor (403)
[2018.02.06-17.00.11:892][480]LogModuleManager: Shutting down and abandoning module EditorSettingsViewer (400)
[2018.02.06-17.00.11:892][480]LogModuleManager: Shutting down and abandoning module SettingsEditor (398)
[2018.02.06-17.00.11:893][480]LogModuleManager: Shutting down and abandoning module ProjectLauncher (396)
[2018.02.06-17.00.11:893][480]LogModuleManager: Shutting down and abandoning module SessionFrontend (394)
[2018.02.06-17.00.11:893][480]LogModuleManager: Shutting down and abandoning module ProfilerClient (392)
[2018.02.06-17.00.11:893][480]LogModuleManager: Shutting down and abandoning module DeviceManager (390)
[2018.02.06-17.00.11:893][480]LogModuleManager: Shutting down and abandoning module TargetDeviceServices (389)
[2018.02.06-17.00.11:971][480]LogModuleManager: Shutting down and abandoning module AutomationController (386)
[2018.02.06-17.00.11:971][480]LogModuleManager: Shutting down and abandoning module AutomationWindow (384)
[2018.02.06-17.00.11:971][480]LogModuleManager: Shutting down and abandoning module Layers (382)
[2018.02.06-17.00.11:971][480]LogModuleManager: Shutting down and abandoning module ComponentVisualizers (380)
[2018.02.06-17.00.11:971][480]LogModuleManager: Shutting down and abandoning module DetailCustomizations (378)
[2018.02.06-17.00.11:971][480]LogModuleManager: Shutting down and abandoning module PackagesDialog (376)
[2018.02.06-17.00.11:971][480]LogModuleManager: Shutting down and abandoning module Persona (374)
[2018.02.06-17.00.11:971][480]LogModuleManager: Shutting down and abandoning module AdvancedPreviewScene (373)
[2018.02.06-17.00.11:971][480]LogModuleManager: Shutting down and abandoning module AnimGraph (371)
[2018.02.06-17.00.11:971][480]LogModuleManager: Shutting down and abandoning module Kismet (368)
[2018.02.06-17.00.11:973][480]LogModuleManager: Shutting down and abandoning module ClassViewer (366)
[2018.02.06-17.00.11:973][480]LogModuleManager: Shutting down and abandoning module Toolbox (364)
[2018.02.06-17.00.11:973][480]LogModuleManager: Shutting down and abandoning module ModuleUI (362)
[2018.02.06-17.00.11:973][480]LogModuleManager: Shutting down and abandoning module MovieSceneTools (360)
[2018.02.06-17.00.11:973][480]LogModuleManager: Shutting down and abandoning module OutputLog (358)
[2018.02.06-17.00.11:973][480]LogModuleManager: Shutting down and abandoning module GammaUI (356)
[2018.02.06-17.00.11:973][480]LogModuleManager: Shutting down and abandoning module Documentation (354)
[2018.02.06-17.00.11:973][480]LogModuleManager: Shutting down and abandoning module MovieSceneTracks (352)
[2018.02.06-17.00.11:973][480]LogModuleManager: Shutting down and abandoning module MovieScene (350)
[2018.02.06-17.00.11:973][480]LogModuleManager: Shutting down and abandoning module Niagara (348)
[2018.02.06-17.00.11:973][480]LogModuleManager: Shutting down and abandoning module NiagaraEditor (347)
[2018.02.06-17.00.11:973][480]LogModuleManager: Shutting down and abandoning module StreamingPauseRendering (344)
[2018.02.06-17.00.11:973][480]LogModuleManager: Shutting down and abandoning module AnalyticsET (342)
[2018.02.06-17.00.11:973][480]LogModuleManager: Shutting down and abandoning module PortalServices (340)
[2018.02.06-17.00.11:973][480]LogModuleManager: Shutting down and abandoning module PortalRpc (338)
[2018.02.06-17.00.11:973][480]LogModuleManager: Shutting down and abandoning module MessagingRpc (336)
[2018.02.06-17.00.11:973][480]LogModuleManager: Shutting down and abandoning module AIModule (334)
[2018.02.06-17.00.11:973][480]LogModuleManager: Shutting down and abandoning module GameplayDebugger (333)
[2018.02.06-17.00.11:973][480]LogModuleManager: Shutting down and abandoning module AITestSuite (331)
[2018.02.06-17.00.11:973][480]LogModuleManager: Shutting down and abandoning module ProfilerService (328)
[2018.02.06-17.00.12:109][480]LogModuleManager: Shutting down and abandoning module TaskGraph (326)
[2018.02.06-17.00.12:110][480]LogModuleManager: Shutting down and abandoning module SteamVRController (324)
[2018.02.06-17.00.12:110][480]LogModuleManager: Shutting down and abandoning module SteamVR (322)
[2018.02.06-17.00.12:110][480]LogModuleManager: Shutting down and abandoning module ProceduralMeshComponentEditor (320)
[2018.02.06-17.00.12:110][480]LogModuleManager: Shutting down and abandoning module ProceduralMeshComponent (318)
[2018.02.06-17.00.12:110][480]LogModuleManager: Shutting down and abandoning module OculusLibrary (316)
[2018.02.06-17.00.12:110][480]LogModuleManager: Shutting down and abandoning module OculusInput (314)
[2018.02.06-17.00.12:110][480]LogModuleManager: Shutting down and abandoning module MobilePatchingUtils (312)
[2018.02.06-17.00.12:110][480]LogModuleManager: Shutting down and abandoning module CustomMeshComponent (310)
[2018.02.06-17.00.12:110][480]LogModuleManager: Shutting down and abandoning module CableComponent (308)
[2018.02.06-17.00.12:110][480]LogModuleManager: Shutting down and abandoning module ArchVisCharacter (306)
[2018.02.06-17.00.12:110][480]LogModuleManager: Shutting down and abandoning module AndroidPermission (304)
[2018.02.06-17.00.12:110][480]LogModuleManager: Shutting down and abandoning module MediaPlayerEditor (300)
[2018.02.06-17.00.12:110][480]LogModuleManager: Shutting down and abandoning module HTML5Networking (298)
[2018.02.06-17.00.12:110][480]LogModuleManager: Shutting down and abandoning module AlembicImporter (296)
[2018.02.06-17.00.12:110][480]LogModuleManager: Shutting down and abandoning module AlembicLibrary (295)
[2018.02.06-17.00.12:110][480]LogModuleManager: Shutting down and abandoning module GeometryCache (294)
[2018.02.06-17.00.12:110][480]LogModuleManager: Shutting down and abandoning module GeometryCacheEd (293)
[2018.02.06-17.00.12:110][480]LogModuleManager: Shutting down and abandoning module SuperSearchEditor (288)
[2018.02.06-17.00.12:110][480]LogModuleManager: Shutting down and abandoning module SuperSearch (287)
[2018.02.06-17.00.12:110][480]LogModuleManager: Shutting down and abandoning module SpeedTreeImporter (284)
[2018.02.06-17.00.12:110][480]LogModuleManager: Shutting down and abandoning module PluginBrowser (282)
[2018.02.06-17.00.12:110][480]LogModuleManager: Shutting down and abandoning module MobileLauncherProfileWizard (280)
[2018.02.06-17.00.12:110][480]LogModuleManager: Shutting down and abandoning module VisualStudioSourceCodeAccess (278)
[2018.02.06-17.00.12:110][480]LogModuleManager: Shutting down and abandoning module DesktopPlatform (277)
[2018.02.06-17.00.12:110][480]LogModuleManager: Shutting down and abandoning module UObjectPlugin (274)
[2018.02.06-17.00.12:110][480]LogModuleManager: Shutting down and abandoning module SubversionSourceControl (272)
[2018.02.06-17.00.12:110][480]LogModuleManager: Shutting down and abandoning module PerforceSourceControl (270)
[2018.02.06-17.00.12:111][480]LogModuleManager: Shutting down and abandoning module GitSourceControl (268)
[2018.02.06-17.00.12:147][480]LogModuleManager: Shutting down and abandoning module SourceControl (267)
[2018.02.06-17.00.12:147][480]LogModuleManager: Shutting down and abandoning module LightPropagationVolumeEditor (264)
[2018.02.06-17.00.12:147][480]LogModuleManager: Shutting down and abandoning module PaperTiledImporter (262)
[2018.02.06-17.00.12:147][480]LogModuleManager: Shutting down and abandoning module PaperSpriteSheetImporter (260)
[2018.02.06-17.00.12:147][480]LogModuleManager: Shutting down and abandoning module Paper2DEditor (258)
[2018.02.06-17.00.12:147][480]LogModuleManager: Shutting down and abandoning module MeshPaint (257)
[2018.02.06-17.00.12:147][480]LogModuleManager: Shutting down and abandoning module LevelEditor (255)
[2018.02.06-17.00.12:149][480]LogModuleManager: Shutting down and abandoning module PixelInspectorModule (254)
[2018.02.06-17.00.12:149][480]LogModuleManager: Shutting down and abandoning module MainFrame (252)
[2018.02.06-17.00.12:149][480]LogModuleManager: Shutting down and abandoning module HotReload (251)
[2018.02.06-17.00.12:150][480]LogModuleManager: Shutting down and abandoning module PhysXVehiclesEditor (246)
[2018.02.06-17.00.12:150][480]LogModuleManager: Shutting down and abandoning module PhysXVehicles (244)
[2018.02.06-17.00.12:150][480]LogModuleManager: Shutting down and abandoning module LocationServicesBPLibrary (242)
[2018.02.06-17.00.12:150][480]LogModuleManager: Shutting down and abandoning module ImmediatePhysicsEditor (240)
[2018.02.06-17.00.12:150][480]LogModuleManager: Shutting down and abandoning module ImmediatePhysics (238)
[2018.02.06-17.00.12:150][480]LogModuleManager: Shutting down and abandoning module UdpMessaging (236)
[2018.02.06-17.00.12:251][480]LogModuleManager: Shutting down and abandoning module TcpMessaging (234)
[2018.02.06-17.00.12:352][480]LogModuleManager: Shutting down and abandoning module GameplayTagsEditor (232)
[2018.02.06-17.00.12:352][480]LogModuleManager: Shutting down and abandoning module FacialAnimationEditor (230)
[2018.02.06-17.00.12:352][480]LogModuleManager: Shutting down and abandoning module FacialAnimation (228)
[2018.02.06-17.00.12:352][480]LogModuleManager: Shutting down and abandoning module AssetManagerEditor (226)
[2018.02.06-17.00.12:352][480]LogModuleManager: Shutting down and abandoning module GraphEditor (225)
[2018.02.06-17.00.12:352][480]LogModuleManager: Shutting down and abandoning module ContentBrowser (223)
[2018.02.06-17.00.12:354][480]LogModuleManager: Shutting down and abandoning module LightPropagationVolumeRuntime (220)
[2018.02.06-17.00.12:354][480]LogModuleManager: Shutting down and abandoning module Paper2D (218)
[2018.02.06-17.00.12:354][480]LogModuleManager: Shutting down and abandoning module WindowsMoviePlayer (216)
[2018.02.06-17.00.12:354][480]LogModuleManager: Shutting down and abandoning module WmfMedia (214)
[2018.02.06-17.00.12:354][480]LogModuleManager: Shutting down and abandoning module ClothingSystemEditor (212)
[2018.02.06-17.00.12:354][480]LogModuleManager: Shutting down and abandoning module ClothingSystemRuntime (210)
[2018.02.06-17.00.12:354][480]LogModuleManager: Shutting down and abandoning module MediaAssets (208)
[2018.02.06-17.00.12:354][480]LogModuleManager: Shutting down and abandoning module GameLiveStreaming (206)
[2018.02.06-17.00.12:355][480]LogModuleManager: Shutting down and abandoning module VREditor (204)
[2018.02.06-17.00.12:355][480]LogModuleManager: Shutting down and abandoning module StringTableEditor (202)
[2018.02.06-17.00.12:355][480]LogModuleManager: Shutting down and abandoning module GameplayTasksEditor (200)
[2018.02.06-17.00.12:355][480]LogModuleManager: Shutting down and abandoning module BehaviorTreeEditor (198)
[2018.02.06-17.00.12:355][480]LogModuleManager: Shutting down and abandoning module FunctionalTesting (196)
[2018.02.06-17.00.12:355][480]LogModuleManager: Shutting down and abandoning module CollisionAnalyzer (194)
[2018.02.06-17.00.12:355][480]LogModuleManager: Shutting down and abandoning module UMG (192)
[2018.02.06-17.00.12:355][480]LogModuleManager: Shutting down and abandoning module UMGEditor (191)
[2018.02.06-17.00.12:355][480]LogModuleManager: Shutting down and abandoning module Sequencer (190)
[2018.02.06-17.00.12:355][480]LogModuleManager: Shutting down and abandoning module AssetTools (188)
[2018.02.06-17.00.12:355][480]LogModuleManager: Shutting down and abandoning module MessageLog (187)
[2018.02.06-17.00.12:355][480]LogModuleManager: Shutting down and abandoning module WorkspaceMenuStructure (186)
[2018.02.06-17.00.12:355][480]LogModuleManager: Shutting down and abandoning module SlateReflector (180)
[2018.02.06-17.00.12:356][480]LogModuleManager: Shutting down and abandoning module Slate (178)
[2018.02.06-17.00.12:356][480]LogModuleManager: Shutting down and abandoning module EditorStyle (176)
[2018.02.06-17.00.12:361][480]LogModuleManager: Shutting down and abandoning module SourceCodeAccess (174)
[2018.02.06-17.00.12:361][480]LogModuleManager: Shutting down and abandoning module HeadMountedDisplay (172)
[2018.02.06-17.00.12:361][480]LogModuleManager: Shutting down and abandoning module XAudio2 (170)
[2018.02.06-17.00.12:361][480]LogModuleManager: Shutting down and abandoning module Networking (168)
[2018.02.06-17.00.12:361][480]LogModuleManager: Shutting down and abandoning module Core (164)
[2018.02.06-17.00.12:361][480]LogModuleManager: Shutting down and abandoning module AssetRegistry (162)
[2018.02.06-17.00.15:502][480]LogDirectoryWatcher: A directory notification for '../../../Engine/Content/' was aborted.
[2018.02.06-17.00.15:502][480]LogDirectoryWatcher: A directory notification for '../../../Engine/Plugins/2D/Paper2D/Content/' was aborted.
[2018.02.06-17.00.15:502][480]LogDirectoryWatcher: A directory notification for '../../../Engine/Plugins/Runtime/GearVR/Content/' was aborted.
[2018.02.06-17.00.15:510][480]LogModuleManager: Shutting down and abandoning module DirectoryWatcher (161)
[2018.02.06-17.00.15:510][480]LogModuleManager: Shutting down and abandoning module KismetCompiler (158)
[2018.02.06-17.00.15:510][480]LogModuleManager: Shutting down and abandoning module LevelSequence (156)
[2018.02.06-17.00.15:510][480]LogModuleManager: Shutting down and abandoning module PhysXFormats (154)
[2018.02.06-17.00.15:511][480]LogModuleManager: Shutting down and abandoning module MeshUtilities (152)
[2018.02.06-17.00.15:511][480]LogModuleManager: Shutting down and abandoning module SimplygonSwarm (151)
[2018.02.06-17.00.15:511][480]LogModuleManager: Shutting down and abandoning module SimplygonMeshReduction (149)
[2018.02.06-17.00.15:511][480]LogModuleManager: Shutting down and abandoning module QuadricMeshReduction (147)
[2018.02.06-17.00.15:511][480]LogModuleManager: Shutting down and abandoning module DerivedDataCache (144)
[2018.02.06-17.00.15:539][480]LogDerivedDataCache: Shutdown
[2018.02.06-17.00.15:539][480]LogModuleManager: Shutting down and abandoning module TargetPlatform (142)
[2018.02.06-17.00.15:539][480]LogModuleManager: Shutting down and abandoning module VulkanShaderFormat (141)
[2018.02.06-17.00.15:539][480]LogModuleManager: Shutting down and abandoning module ShaderFormatVectorVM (139)
[2018.02.06-17.00.15:539][480]LogModuleManager: Shutting down and abandoning module ShaderFormatOpenGL (137)
[2018.02.06-17.00.15:540][480]LogModuleManager: Shutting down and abandoning module ShaderFormatD3D (135)
[2018.02.06-17.00.15:540][480]LogModuleManager: Shutting down and abandoning module MetalShaderFormat (133)
[2018.02.06-17.00.15:540][480]LogModuleManager: Shutting down and abandoning module TextureFormatUncompressed (131)
[2018.02.06-17.00.15:540][480]LogModuleManager: Shutting down and abandoning module TextureFormatPVR (129)
[2018.02.06-17.00.15:540][480]LogModuleManager: Shutting down and abandoning module TextureFormatDXT (127)
[2018.02.06-17.00.15:540][480]LogModuleManager: Shutting down and abandoning module TextureFormatIntelISPCTexComp (125)
[2018.02.06-17.00.15:540][480]LogModuleManager: Shutting down and abandoning module TextureFormatASTC (123)
[2018.02.06-17.00.15:540][480]LogModuleManager: Shutting down and abandoning module ImageWrapper (122)
[2018.02.06-17.00.15:540][480]LogModuleManager: Shutting down and abandoning module TextureFormatAndroid (119)
[2018.02.06-17.00.15:540][480]LogModuleManager: Shutting down and abandoning module AudioFormatOpus (117)
[2018.02.06-17.00.15:540][480]LogModuleManager: Shutting down and abandoning module AudioFormatOgg (115)
[2018.02.06-17.00.15:540][480]LogModuleManager: Shutting down and abandoning module AudioFormatADPCM (113)
[2018.02.06-17.00.15:540][480]LogModuleManager: Shutting down and abandoning module LinuxTargetPlatform (111)
[2018.02.06-17.00.15:540][480]LogModuleManager: Shutting down and abandoning module LinuxServerTargetPlatform (109)
[2018.02.06-17.00.15:540][480]LogModuleManager: Shutting down and abandoning module LinuxNoEditorTargetPlatform (107)
[2018.02.06-17.00.15:540][480]LogModuleManager: Shutting down and abandoning module LinuxClientTargetPlatform (105)
[2018.02.06-17.00.15:540][480]LogModuleManager: Shutting down and abandoning module TVOSTargetPlatform (103)
[2018.02.06-17.00.15:540][480]LogModuleManager: Shutting down and abandoning module Messaging (101)
[2018.02.06-17.00.15:540][480]LogModuleManager: Shutting down and abandoning module IOSTargetPlatform (99)
[2018.02.06-17.00.15:540][480]LogModuleManager: Shutting down and abandoning module HTML5TargetPlatform (97)
[2018.02.06-17.00.15:540][480]LogModuleManager: Shutting down and abandoning module Android_PVRTCTargetPlatform (95)
[2018.02.06-17.00.15:540][480]LogModuleManager: Shutting down and abandoning module Android_MultiTargetPlatform (93)
[2018.02.06-17.00.15:541][480]LogModuleManager: Shutting down and abandoning module Android_ETC2TargetPlatform (91)
[2018.02.06-17.00.15:541][480]LogModuleManager: Shutting down and abandoning module Android_ETC1TargetPlatform (89)
[2018.02.06-17.00.15:541][480]LogModuleManager: Shutting down and abandoning module Android_DXTTargetPlatform (87)
[2018.02.06-17.00.15:541][480]LogModuleManager: Shutting down and abandoning module Android_ATCTargetPlatform (85)
[2018.02.06-17.00.15:541][480]LogModuleManager: Shutting down and abandoning module Android_ASTCTargetPlatform (83)
[2018.02.06-17.00.15:541][480]LogModuleManager: Shutting down and abandoning module AndroidTargetPlatform (81)
[2018.02.06-17.00.15:541][480]LogModuleManager: Shutting down and abandoning module WindowsTargetPlatform (79)
[2018.02.06-17.00.15:541][480]LogModuleManager: Shutting down and abandoning module WindowsServerTargetPlatform (77)
[2018.02.06-17.00.15:541][480]LogModuleManager: Shutting down and abandoning module WindowsNoEditorTargetPlatform (75)
[2018.02.06-17.00.15:541][480]LogModuleManager: Shutting down and abandoning module WindowsClientTargetPlatform (73)
[2018.02.06-17.00.15:541][480]LogModuleManager: Shutting down and abandoning module MacTargetPlatform (71)
[2018.02.06-17.00.15:541][480]LogModuleManager: Shutting down and abandoning module MacServerTargetPlatform (69)
[2018.02.06-17.00.15:541][480]LogModuleManager: Shutting down and abandoning module MacNoEditorTargetPlatform (67)
[2018.02.06-17.00.15:541][480]LogModuleManager: Shutting down and abandoning module MacClientTargetPlatform (65)
[2018.02.06-17.00.15:541][480]LogModuleManager: Shutting down and abandoning module AllDesktopTargetPlatform (63)
[2018.02.06-17.00.15:541][480]LogModuleManager: Shutting down and abandoning module InputCore (60)
[2018.02.06-17.00.15:541][480]LogModuleManager: Shutting down and abandoning module Settings (58)
[2018.02.06-17.00.15:541][480]LogModuleManager: Shutting down and abandoning module OculusRift (56)
[2018.02.06-17.00.15:541][480]LogModuleManager: Shutting down and abandoning module GearVRController (54)
[2018.02.06-17.00.15:541][480]LogModuleManager: Shutting down and abandoning module GearVR (52)
[2018.02.06-17.00.15:541][480]LogModuleManager: Shutting down and abandoning module ExampleDeviceProfileSelector (50)
[2018.02.06-17.00.15:541][480]LogModuleManager: Shutting down and abandoning module OnlineBlueprintSupport (48)
[2018.02.06-17.00.15:541][480]LogModuleManager: Shutting down and abandoning module OnlineSubsystem (44)
[2018.02.06-17.00.15:541][480]LogOnline:Display: Unloading online subsystem: NULL
[2018.02.06-17.00.15:541][480]LogModuleManager: Shutting down and abandoning module XMPP (43)
[2018.02.06-17.00.15:542][480]LogModuleManager: Shutting down and abandoning module HTTP (41)
[2018.02.06-17.00.15:542][480]LogHttp:Display: Http module shutting down, but needs to wait on 1 outstanding Http requests:
[2018.02.06-17.00.15:542][480]LogHttp:Display: 	verb=[POST] url=[https://datarouter.ol.epicgames.com/datarouter/api/v1/public/data?SessionID=%7B2E3EF7D4-4D34-94B6-F9D7-7F86479834B9%7D&AppID=UEEditor.Rocket.Release&AppVersion=4.16.3-3561208%2B%2B%2BUE4%2BRelease-4.16&UserID=72f05cf64b80577cc908428de4f9cd6d%7C%7C54c50696-aaa6-4126-8d51-20e393a7c082&AppEnvironment=datacollector-binary&UploadType=eteventstream] status=Processing
[2018.02.06-17.00.15:548][480]LogModuleManager: Shutting down and abandoning module SSL (40)
[2018.02.06-17.00.15:552][480]LogModuleManager: Shutting down and abandoning module HTTPChunkInstaller (36)
[2018.02.06-17.00.15:552][480]LogModuleManager: Shutting down and abandoning module AnimationModifiers (34)
[2018.02.06-17.00.15:552][480]LogModuleManager: Shutting down and abandoning module PropertyEditor (33)
[2018.02.06-17.00.15:552][480]LogModuleManager: Shutting down and abandoning module AudioEditor (30)
[2018.02.06-17.00.15:552][480]LogModuleManager: Shutting down and abandoning module TextureCompressor (28)
[2018.02.06-17.00.15:552][480]LogModuleManager: Shutting down and abandoning module ShaderCore (26)
[2018.02.06-17.00.15:552][480]LogModuleManager: Shutting down and abandoning module Landscape (24)
[2018.02.06-17.00.15:552][480]LogModuleManager: Shutting down and abandoning module SlateRHIRenderer (22)
[2018.02.06-17.00.15:555][480]LogModuleManager: Shutting down and abandoning module OpenGLDrv (20)
[2018.02.06-17.00.15:555][480]LogModuleManager: Shutting down and abandoning module D3D11RHI (18)
[2018.02.06-17.00.15:555][480]LogModuleManager: Shutting down and abandoning module AnimGraphRuntime (16)
[2018.02.06-17.00.15:555][480]LogModuleManager: Shutting down and abandoning module Renderer (14)
[2018.02.06-17.00.15:555][480]LogModuleManager: Shutting down and abandoning module Engine (12)
[2018.02.06-17.00.15:555][480]LogModuleManager: Shutting down and abandoning module CoreUObject (10)
[2018.02.06-17.00.15:555][480]LogModuleManager: Shutting down and abandoning module NetworkFile (8)
[2018.02.06-17.00.15:555][480]LogModuleManager: Shutting down and abandoning module StreamingFile (6)
[2018.02.06-17.00.15:555][480]LogModuleManager: Shutting down and abandoning module SandboxFile (4)
[2018.02.06-17.00.15:555][480]LogModuleManager: Shutting down and abandoning module PakFile (2)
[2018.02.06-17.00.15:569][480]LogExit: Exiting.
[2018.02.06-17.00.15:623][480]Log file closed, 02/06/18 17:00:15
